# JRE version: OpenJDK Runtime Environment (11.0.8+10) (build 11.0.8+10-b944.6842174)
# Java VM: OpenJDK 64-Bit Server VM (11.0.8+10-b944.6842174, mixed mode, tiered, compressed oops, g1 gc, windows-amd64)
Heap:
 garbage-first heap   total 345088K, used 171520K [0x0000000080000000, 0x0000000100000000)
  region size 1024K, 3 young (3072K), 3 survivors (3072K)
 Metaspace       used 116299K, capacity 118893K, committed 119164K, reserved 1153024K
  class space    used 14137K, capacity 15072K, committed 15104K, reserved 1048576K
GC Heap History (20 events):
Event: 4514.742 GC heap after
{Heap after GC invocations=109 (full 0):
 garbage-first heap   total 264192K, used 170496K [0x0000000080000000, 0x0000000100000000)
  region size 1024K, 1 young (1024K), 1 survivors (1024K)
 Metaspace       used 104775K, capacity 107179K, committed 107388K, reserved 1142784K
  class space    used 12706K, capacity 13529K, committed 13568K, reserved 1048576K
}
Event: 4527.429 GC heap before
{Heap before GC invocations=110 (full 0):
 garbage-first heap   total 264192K, used 164352K [0x0000000080000000, 0x0000000100000000)
  region size 1024K, 34 young (34816K), 1 survivors (1024K)
 Metaspace       used 107421K, capacity 109715K, committed 110076K, reserved 1144832K
  class space    used 13041K, capacity 13814K, committed 13952K, reserved 1048576K
}
Event: 4527.462 GC heap after
{Heap after GC invocations=111 (full 0):
 garbage-first heap   total 264192K, used 136192K [0x0000000080000000, 0x0000000100000000)
  region size 1024K, 5 young (5120K), 5 survivors (5120K)
 Metaspace       used 107421K, capacity 109715K, committed 110076K, reserved 1144832K
  class space    used 13041K, capacity 13814K, committed 13952K, reserved 1048576K
}
Event: 4527.719 GC heap before
{Heap before GC invocations=111 (full 0):
 garbage-first heap   total 264192K, used 143360K [0x0000000080000000, 0x0000000100000000)
  region size 1024K, 12 young (12288K), 5 survivors (5120K)
 Metaspace       used 107432K, capacity 109715K, committed 110076K, reserved 1144832K
  class space    used 13041K, capacity 13814K, committed 13952K, reserved 1048576K
}
Event: 4527.801 GC heap after
{Heap after GC invocations=112 (full 0):
 garbage-first heap   total 264192K, used 114852K [0x0000000080000000, 0x0000000100000000)
  region size 1024K, 2 young (2048K), 2 survivors (2048K)
 Metaspace       used 107432K, capacity 109715K, committed 110076K, reserved 1144832K
  class space    used 13041K, capacity 13814K, committed 13952K, reserved 1048576K
}
Event: 4528.493 GC heap before
{Heap before GC invocations=112 (full 0):
 garbage-first heap   total 264192K, used 124068K [0x0000000080000000, 0x0000000100000000)
  region size 1024K, 12 young (12288K), 2 survivors (2048K)
 Metaspace       used 107611K, capacity 109854K, committed 110332K, reserved 1146880K
  class space    used 13042K, capacity 13814K, committed 13952K, reserved 1048576K
}
Event: 4528.734 GC heap after
{Heap after GC invocations=113 (full 0):
 garbage-first heap   total 264192K, used 104960K [0x0000000080000000, 0x0000000100000000)
  region size 1024K, 2 young (2048K), 2 survivors (2048K)
 Metaspace       used 107611K, capacity 109854K, committed 110332K, reserved 1146880K
  class space    used 13042K, capacity 13814K, committed 13952K, reserved 1048576K
}
Event: 4529.663 GC heap before
{Heap before GC invocations=113 (full 0):
 garbage-first heap   total 264192K, used 115200K [0x0000000080000000, 0x0000000100000000)
  region size 1024K, 12 young (12288K), 2 survivors (2048K)
 Metaspace       used 108442K, capacity 110744K, committed 111228K, reserved 1146880K
  class space    used 13166K, capacity 13940K, committed 14080K, reserved 1048576K
}
Event: 4529.855 GC heap after
{Heap after GC invocations=114 (full 0):
 garbage-first heap   total 264192K, used 106496K [0x0000000080000000, 0x0000000100000000)
  region size 1024K, 2 young (2048K), 2 survivors (2048K)
 Metaspace       used 108442K, capacity 110744K, committed 111228K, reserved 1146880K
  class space    used 13166K, capacity 13940K, committed 14080K, reserved 1048576K
}
Event: 4534.454 GC heap before
{Heap before GC invocations=114 (full 0):
 garbage-first heap   total 264192K, used 132096K [0x0000000080000000, 0x0000000100000000)
  region size 1024K, 27 young (27648K), 2 survivors (2048K)
 Metaspace       used 112145K, capacity 114568K, committed 114812K, reserved 1148928K
  class space    used 13690K, capacity 14545K, committed 14592K, reserved 1048576K
}
Event: 4534.485 GC heap after
{Heap after GC invocations=115 (full 0):
 garbage-first heap   total 264192K, used 108521K [0x0000000080000000, 0x0000000100000000)
  region size 1024K, 4 young (4096K), 4 survivors (4096K)
 Metaspace       used 112145K, capacity 114568K, committed 114812K, reserved 1148928K
  class space    used 13690K, capacity 14545K, committed 14592K, reserved 1048576K
}
Event: 4537.971 GC heap before
{Heap before GC invocations=115 (full 0):
 garbage-first heap   total 264192K, used 138217K [0x0000000080000000, 0x0000000100000000)
  region size 1024K, 33 young (33792K), 4 survivors (4096K)
 Metaspace       used 113255K, capacity 115667K, committed 115836K, reserved 1150976K
  class space    used 13698K, capacity 14581K, committed 14592K, reserved 1048576K
}
Event: 4538.021 GC heap after
{Heap after GC invocations=116 (full 0):
 garbage-first heap   total 264192K, used 108357K [0x0000000080000000, 0x0000000100000000)
  region size 1024K, 2 young (2048K), 2 survivors (2048K)
 Metaspace       used 113255K, capacity 115667K, committed 115836K, reserved 1150976K
  class space    used 13698K, capacity 14581K, committed 14592K, reserved 1048576K
}
Event: 4542.793 GC heap before
{Heap before GC invocations=116 (full 0):
 garbage-first heap   total 264192K, used 176965K [0x0000000080000000, 0x0000000100000000)
  region size 1024K, 39 young (39936K), 2 survivors (2048K)
 Metaspace       used 115216K, capacity 117797K, committed 118012K, reserved 1153024K
  class space    used 13931K, capacity 14860K, committed 14976K, reserved 1048576K
}
Event: 4542.855 GC heap after
{Heap after GC invocations=117 (full 0):
 garbage-first heap   total 264192K, used 131777K [0x0000000080000000, 0x0000000100000000)
  region size 1024K, 5 young (5120K), 5 survivors (5120K)
 Metaspace       used 115216K, capacity 117797K, committed 118012K, reserved 1153024K
  class space    used 13931K, capacity 14860K, committed 14976K, reserved 1048576K
}
Event: 4544.549 GC heap before
{Heap before GC invocations=117 (full 0):
 garbage-first heap   total 264192K, used 178881K [0x0000000080000000, 0x0000000100000000)
  region size 1024K, 48 young (49152K), 5 survivors (5120K)
 Metaspace       used 116270K, capacity 118891K, committed 119164K, reserved 1153024K
  class space    used 14137K, capacity 15072K, committed 15104K, reserved 1048576K
}
Event: 4544.808 GC heap after
{Heap after GC invocations=118 (full 0):
 garbage-first heap   total 264192K, used 153957K [0x0000000080000000, 0x0000000100000000)
  region size 1024K, 6 young (6144K), 6 survivors (6144K)
 Metaspace       used 116270K, capacity 118891K, committed 119164K, reserved 1153024K
  class space    used 14137K, capacity 15072K, committed 15104K, reserved 1048576K
}
Event: 4545.144 GC heap before
{Heap before GC invocations=118 (full 0):
 garbage-first heap   total 264192K, used 163173K [0x0000000080000000, 0x0000000100000000)
  region size 1024K, 15 young (15360K), 6 survivors (6144K)
 Metaspace       used 116276K, capacity 118891K, committed 119164K, reserved 1153024K
  class space    used 14137K, capacity 15072K, committed 15104K, reserved 1048576K
}
Event: 4545.325 GC heap after
{Heap after GC invocations=119 (full 0):
 garbage-first heap   total 264192K, used 159744K [0x0000000080000000, 0x0000000100000000)
  region size 1024K, 2 young (2048K), 2 survivors (2048K)
 Metaspace       used 116276K, capacity 118891K, committed 119164K, reserved 1153024K
  class space    used 14137K, capacity 15072K, committed 15104K, reserved 1048576K
}
Event: 4546.004 GC heap before
{Heap before GC invocations=119 (full 0):
 garbage-first heap   total 264192K, used 179200K [0x0000000080000000, 0x0000000100000000)
  region size 1024K, 22 young (22528K), 2 survivors (2048K)
 Metaspace       used 116299K, capacity 118893K, committed 119164K, reserved 1153024K
  class space    used 14137K, capacity 15072K, committed 15104K, reserved 1048576K
}

