# JRE version: OpenJDK Runtime Environment (11.0.8+10) (build 11.0.8+10-b944.6842174)
# Java VM: OpenJDK 64-Bit Server VM (11.0.8+10-b944.6842174, mixed mode, tiered, compressed oops, g1 gc, windows-amd64)
Heap:
 garbage-first heap   total 95232K, used 55536K [0x0000000080000000, 0x0000000100000000)
  region size 1024K, 7 young (7168K), 4 survivors (4096K)
 Metaspace       used 72004K, capacity 73701K, committed 73892K, reserved 1114112K
  class space    used 9419K, capacity 10035K, committed 10112K, reserved 1048576K
GC Heap History (20 events):
Event: 40.122 GC heap before
{Heap before GC invocations=16 (full 0):
 garbage-first heap   total 95232K, used 68455K [0x0000000080000000, 0x0000000100000000)
  region size 1024K, 39 young (39936K), 5 survivors (5120K)
 Metaspace       used 48665K, capacity 49794K, committed 50044K, reserved 1093632K
  class space    used 6157K, capacity 6552K, committed 6656K, reserved 1048576K
}
Event: 40.148 GC heap after
{Heap after GC invocations=17 (full 0):
 garbage-first heap   total 95232K, used 38496K [0x0000000080000000, 0x0000000100000000)
  region size 1024K, 4 young (4096K), 4 survivors (4096K)
 Metaspace       used 48665K, capacity 49794K, committed 50044K, reserved 1093632K
  class space    used 6157K, capacity 6552K, committed 6656K, reserved 1048576K
}
Event: 43.787 GC heap before
{Heap before GC invocations=17 (full 0):
 garbage-first heap   total 95232K, used 71264K [0x0000000080000000, 0x0000000100000000)
  region size 1024K, 36 young (36864K), 4 survivors (4096K)
 Metaspace       used 53275K, capacity 54457K, committed 54652K, reserved 1097728K
  class space    used 6716K, capacity 7141K, committed 7168K, reserved 1048576K
}
Event: 43.806 GC heap after
{Heap after GC invocations=18 (full 0):
 garbage-first heap   total 95232K, used 40004K [0x0000000080000000, 0x0000000100000000)
  region size 1024K, 2 young (2048K), 2 survivors (2048K)
 Metaspace       used 53275K, capacity 54457K, committed 54652K, reserved 1097728K
  class space    used 6716K, capacity 7141K, committed 7168K, reserved 1048576K
}
Event: 46.103 GC heap before
{Heap before GC invocations=18 (full 0):
 garbage-first heap   total 95232K, used 72772K [0x0000000080000000, 0x0000000100000000)
  region size 1024K, 34 young (34816K), 2 survivors (2048K)
 Metaspace       used 57181K, capacity 58490K, committed 58620K, reserved 1099776K
  class space    used 7247K, capacity 7691K, committed 7808K, reserved 1048576K
}
Event: 46.124 GC heap after
{Heap after GC invocations=19 (full 0):
 garbage-first heap   total 95232K, used 42800K [0x0000000080000000, 0x0000000100000000)
  region size 1024K, 4 young (4096K), 4 survivors (4096K)
 Metaspace       used 57181K, capacity 58490K, committed 58620K, reserved 1099776K
  class space    used 7247K, capacity 7691K, committed 7808K, reserved 1048576K
}
Event: 47.217 GC heap before
{Heap before GC invocations=19 (full 0):
 garbage-first heap   total 95232K, used 54064K [0x0000000080000000, 0x0000000100000000)
  region size 1024K, 16 young (16384K), 4 survivors (4096K)
 Metaspace       used 58418K, capacity 59784K, committed 59940K, reserved 1101824K
  class space    used 7383K, capacity 7863K, committed 7936K, reserved 1048576K
}
Event: 47.240 GC heap after
{Heap after GC invocations=20 (full 0):
 garbage-first heap   total 95232K, used 43729K [0x0000000080000000, 0x0000000100000000)
  region size 1024K, 1 young (1024K), 1 survivors (1024K)
 Metaspace       used 58418K, capacity 59784K, committed 59940K, reserved 1101824K
  class space    used 7383K, capacity 7863K, committed 7936K, reserved 1048576K
}
Event: 49.857 GC heap before
{Heap before GC invocations=21 (full 0):
 garbage-first heap   total 95232K, used 68305K [0x0000000080000000, 0x0000000100000000)
  region size 1024K, 24 young (24576K), 1 survivors (1024K)
 Metaspace       used 59464K, capacity 60954K, committed 61092K, reserved 1101824K
  class space    used 7531K, capacity 8035K, committed 8064K, reserved 1048576K
}
Event: 49.877 GC heap after
{Heap after GC invocations=22 (full 0):
 garbage-first heap   total 95232K, used 45666K [0x0000000080000000, 0x0000000100000000)
  region size 1024K, 3 young (3072K), 3 survivors (3072K)
 Metaspace       used 59464K, capacity 60954K, committed 61092K, reserved 1101824K
  class space    used 7531K, capacity 8035K, committed 8064K, reserved 1048576K
}
Event: 51.927 GC heap before
{Heap before GC invocations=22 (full 0):
 garbage-first heap   total 95232K, used 69218K [0x0000000080000000, 0x0000000100000000)
  region size 1024K, 26 young (26624K), 3 survivors (3072K)
 Metaspace       used 61595K, capacity 63078K, committed 63268K, reserved 1103872K
  class space    used 7822K, capacity 8357K, committed 8448K, reserved 1048576K
}
Event: 51.951 GC heap after
{Heap after GC invocations=23 (full 0):
 garbage-first heap   total 95232K, used 47442K [0x0000000080000000, 0x0000000100000000)
  region size 1024K, 4 young (4096K), 4 survivors (4096K)
 Metaspace       used 61595K, capacity 63078K, committed 63268K, reserved 1103872K
  class space    used 7822K, capacity 8357K, committed 8448K, reserved 1048576K
}
Event: 53.897 GC heap before
{Heap before GC invocations=24 (full 0):
 garbage-first heap   total 95232K, used 70994K [0x0000000080000000, 0x0000000100000000)
  region size 1024K, 27 young (27648K), 4 survivors (4096K)
 Metaspace       used 64532K, capacity 65966K, committed 66084K, reserved 1105920K
  class space    used 8352K, capacity 8891K, committed 8960K, reserved 1048576K
}
Event: 53.922 GC heap after
{Heap after GC invocations=25 (full 0):
 garbage-first heap   total 95232K, used 49107K [0x0000000080000000, 0x0000000100000000)
  region size 1024K, 4 young (4096K), 4 survivors (4096K)
 Metaspace       used 64532K, capacity 65966K, committed 66084K, reserved 1105920K
  class space    used 8352K, capacity 8891K, committed 8960K, reserved 1048576K
}
Event: 55.913 GC heap before
{Heap before GC invocations=25 (full 0):
 garbage-first heap   total 95232K, used 72659K [0x0000000080000000, 0x0000000100000000)
  region size 1024K, 27 young (27648K), 4 survivors (4096K)
 Metaspace       used 67028K, capacity 68565K, committed 68772K, reserved 1110016K
  class space    used 8722K, capacity 9261K, committed 9344K, reserved 1048576K
}
Event: 55.937 GC heap after
{Heap after GC invocations=26 (full 0):
 garbage-first heap   total 95232K, used 50368K [0x0000000080000000, 0x0000000100000000)
  region size 1024K, 3 young (3072K), 3 survivors (3072K)
 Metaspace       used 67028K, capacity 68565K, committed 68772K, reserved 1110016K
  class space    used 8722K, capacity 9261K, committed 9344K, reserved 1048576K
}
Event: 58.235 GC heap before
{Heap before GC invocations=27 (full 0):
 garbage-first heap   total 95232K, used 73920K [0x0000000080000000, 0x0000000100000000)
  region size 1024K, 26 young (26624K), 3 survivors (3072K)
 Metaspace       used 70278K, capacity 71859K, committed 72100K, reserved 1112064K
  class space    used 9184K, capacity 9750K, committed 9856K, reserved 1048576K
}
Event: 58.261 GC heap after
{Heap after GC invocations=28 (full 0):
 garbage-first heap   total 95232K, used 51614K [0x0000000080000000, 0x0000000100000000)
  region size 1024K, 3 young (3072K), 3 survivors (3072K)
 Metaspace       used 70278K, capacity 71859K, committed 72100K, reserved 1112064K
  class space    used 9184K, capacity 9750K, committed 9856K, reserved 1048576K
}
Event: 59.606 GC heap before
{Heap before GC invocations=28 (full 0):
 garbage-first heap   total 95232K, used 75166K [0x0000000080000000, 0x0000000100000000)
  region size 1024K, 26 young (26624K), 3 survivors (3072K)
 Metaspace       used 71777K, capacity 73366K, committed 73508K, reserved 1114112K
  class space    used 9385K, capacity 9966K, committed 9984K, reserved 1048576K
}
Event: 59.631 GC heap after
{Heap after GC invocations=29 (full 0):
 garbage-first heap   total 95232K, used 53488K [0x0000000080000000, 0x0000000100000000)
  region size 1024K, 4 young (4096K), 4 survivors (4096K)
 Metaspace       used 71777K, capacity 73366K, committed 73508K, reserved 1114112K
  class space    used 9385K, capacity 9966K, committed 9984K, reserved 1048576K
}

