# JRE version: OpenJDK Runtime Environment (11.0.8+10) (build 11.0.8+10-b944.6842174)
# Java VM: OpenJDK 64-Bit Server VM (11.0.8+10-b944.6842174, mixed mode, tiered, compressed oops, g1 gc, windows-amd64)
Heap:
 garbage-first heap   total 748544K, used 177152K [0x0000000080000000, 0x0000000100000000)
  region size 1024K, 3 young (3072K), 3 survivors (3072K)
 Metaspace       used 108727K, capacity 111318K, committed 111652K, reserved 1146880K
  class space    used 13538K, capacity 14494K, committed 14592K, reserved 1048576K
GC Heap History (20 events):
Event: 2347.516 GC heap after
{Heap after GC invocations=92 (full 0):
 garbage-first heap   total 464896K, used 92160K [0x0000000080000000, 0x0000000100000000)
  region size 1024K, 3 young (3072K), 3 survivors (3072K)
 Metaspace       used 108590K, capacity 111245K, committed 111396K, reserved 1146880K
  class space    used 13537K, capacity 14493K, committed 14592K, reserved 1048576K
}
Event: 2349.722 GC heap before
{Heap before GC invocations=92 (full 0):
 garbage-first heap   total 464896K, used 143360K [0x0000000080000000, 0x0000000100000000)
  region size 1024K, 54 young (55296K), 3 survivors (3072K)
 Metaspace       used 108699K, capacity 111316K, committed 111652K, reserved 1146880K
  class space    used 13538K, capacity 14494K, committed 14592K, reserved 1048576K
}
Event: 2349.747 GC heap after
{Heap after GC invocations=93 (full 0):
 garbage-first heap   total 464896K, used 91640K [0x0000000080000000, 0x0000000100000000)
  region size 1024K, 5 young (5120K), 5 survivors (5120K)
 Metaspace       used 108699K, capacity 111316K, committed 111652K, reserved 1146880K
  class space    used 13538K, capacity 14494K, committed 14592K, reserved 1048576K
}
Event: 2350.342 GC heap before
{Heap before GC invocations=94 (full 0):
 garbage-first heap   total 464896K, used 99832K [0x0000000080000000, 0x0000000100000000)
  region size 1024K, 6 young (6144K), 5 survivors (5120K)
 Metaspace       used 108699K, capacity 111316K, committed 111652K, reserved 1146880K
  class space    used 13538K, capacity 14494K, committed 14592K, reserved 1048576K
}
Event: 2350.366 GC heap after
{Heap after GC invocations=95 (full 0):
 garbage-first heap   total 464896K, used 100105K [0x0000000080000000, 0x0000000100000000)
  region size 1024K, 5 young (5120K), 5 survivors (5120K)
 Metaspace       used 108699K, capacity 111316K, committed 111652K, reserved 1146880K
  class space    used 13538K, capacity 14494K, committed 14592K, reserved 1048576K
}
Event: 2350.989 GC heap before
{Heap before GC invocations=96 (full 0):
 garbage-first heap   total 464896K, used 104201K [0x0000000080000000, 0x0000000100000000)
  region size 1024K, 8 young (8192K), 5 survivors (5120K)
 Metaspace       used 108709K, capacity 111316K, committed 111652K, reserved 1146880K
  class space    used 13538K, capacity 14494K, committed 14592K, reserved 1048576K
}
Event: 2351.018 GC heap after
{Heap after GC invocations=97 (full 0):
 garbage-first heap   total 464896K, used 101376K [0x0000000080000000, 0x0000000100000000)
  region size 1024K, 5 young (5120K), 5 survivors (5120K)
 Metaspace       used 108709K, capacity 111316K, committed 111652K, reserved 1146880K
  class space    used 13538K, capacity 14494K, committed 14592K, reserved 1048576K
}
Event: 2351.729 GC heap before
{Heap before GC invocations=98 (full 0):
 garbage-first heap   total 464896K, used 135168K [0x0000000080000000, 0x0000000100000000)
  region size 1024K, 22 young (22528K), 5 survivors (5120K)
 Metaspace       used 108709K, capacity 111316K, committed 111652K, reserved 1146880K
  class space    used 13538K, capacity 14494K, committed 14592K, reserved 1048576K
}
Event: 2351.807 GC heap after
{Heap after GC invocations=99 (full 0):
 garbage-first heap   total 464896K, used 116606K [0x0000000080000000, 0x0000000100000000)
  region size 1024K, 11 young (11264K), 11 survivors (11264K)
 Metaspace       used 108709K, capacity 111316K, committed 111652K, reserved 1146880K
  class space    used 13538K, capacity 14494K, committed 14592K, reserved 1048576K
}
Event: 2352.411 GC heap before
{Heap before GC invocations=100 (full 0):
 garbage-first heap   total 464896K, used 120702K [0x0000000080000000, 0x0000000100000000)
  region size 1024K, 16 young (16384K), 11 survivors (11264K)
 Metaspace       used 108709K, capacity 111316K, committed 111652K, reserved 1146880K
  class space    used 13538K, capacity 14494K, committed 14592K, reserved 1048576K
}
Event: 2352.490 GC heap after
{Heap after GC invocations=101 (full 0):
 garbage-first heap   total 464896K, used 119055K [0x0000000080000000, 0x0000000100000000)
  region size 1024K, 2 young (2048K), 2 survivors (2048K)
 Metaspace       used 108709K, capacity 111316K, committed 111652K, reserved 1146880K
  class space    used 13538K, capacity 14494K, committed 14592K, reserved 1048576K
}
Event: 2353.435 GC heap before
{Heap before GC invocations=102 (full 0):
 garbage-first heap   total 464896K, used 147727K [0x0000000080000000, 0x0000000100000000)
  region size 1024K, 28 young (28672K), 2 survivors (2048K)
 Metaspace       used 108713K, capacity 111316K, committed 111652K, reserved 1146880K
  class space    used 13538K, capacity 14494K, committed 14592K, reserved 1048576K
}
Event: 2353.543 GC heap after
{Heap after GC invocations=103 (full 0):
 garbage-first heap   total 464896K, used 131152K [0x0000000080000000, 0x0000000100000000)
  region size 1024K, 4 young (4096K), 4 survivors (4096K)
 Metaspace       used 108713K, capacity 111316K, committed 111652K, reserved 1146880K
  class space    used 13538K, capacity 14494K, committed 14592K, reserved 1048576K
}
Event: 2354.008 GC heap before
{Heap before GC invocations=103 (full 0):
 garbage-first heap   total 464896K, used 148560K [0x0000000080000000, 0x0000000100000000)
  region size 1024K, 22 young (22528K), 4 survivors (4096K)
 Metaspace       used 108713K, capacity 111316K, committed 111652K, reserved 1146880K
  class space    used 13538K, capacity 14494K, committed 14592K, reserved 1048576K
}
Event: 2354.115 GC heap after
{Heap after GC invocations=104 (full 0):
 garbage-first heap   total 464896K, used 141312K [0x0000000080000000, 0x0000000100000000)
  region size 1024K, 3 young (3072K), 3 survivors (3072K)
 Metaspace       used 108713K, capacity 111316K, committed 111652K, reserved 1146880K
  class space    used 13538K, capacity 14494K, committed 14592K, reserved 1048576K
}
Event: 2355.051 GC heap before
{Heap before GC invocations=104 (full 0):
 garbage-first heap   total 464896K, used 169984K [0x0000000080000000, 0x0000000100000000)
  region size 1024K, 32 young (32768K), 3 survivors (3072K)
 Metaspace       used 108713K, capacity 111316K, committed 111652K, reserved 1146880K
  class space    used 13538K, capacity 14494K, committed 14592K, reserved 1048576K
}
Event: 2355.187 GC heap after
{Heap after GC invocations=105 (full 0):
 garbage-first heap   total 464896K, used 159232K [0x0000000080000000, 0x0000000100000000)
  region size 1024K, 4 young (4096K), 4 survivors (4096K)
 Metaspace       used 108713K, capacity 111316K, committed 111652K, reserved 1146880K
  class space    used 13538K, capacity 14494K, committed 14592K, reserved 1048576K
}
Event: 2356.810 GC heap before
{Heap before GC invocations=106 (full 0):
 garbage-first heap   total 464896K, used 187904K [0x0000000080000000, 0x0000000100000000)
  region size 1024K, 30 young (30720K), 4 survivors (4096K)
 Metaspace       used 108716K, capacity 111317K, committed 111652K, reserved 1146880K
  class space    used 13538K, capacity 14494K, committed 14592K, reserved 1048576K
}
Event: 2356.971 GC heap after
{Heap after GC invocations=107 (full 0):
 garbage-first heap   total 464896K, used 175616K [0x0000000080000000, 0x0000000100000000)
  region size 1024K, 4 young (4096K), 4 survivors (4096K)
 Metaspace       used 108716K, capacity 111317K, committed 111652K, reserved 1146880K
  class space    used 13538K, capacity 14494K, committed 14592K, reserved 1048576K
}
Event: 2357.419 GC heap before
{Heap before GC invocations=107 (full 0):
 garbage-first heap   total 464896K, used 194048K [0x0000000080000000, 0x0000000100000000)
  region size 1024K, 22 young (22528K), 4 survivors (4096K)
 Metaspace       used 108727K, capacity 111318K, committed 111652K, reserved 1146880K
  class space    used 13538K, capacity 14494K, committed 14592K, reserved 1048576K
}

