# JRE version: OpenJDK Runtime Environment (11.0.8+10) (build 11.0.8+10-b944.6842174)
# Java VM: OpenJDK 64-Bit Server VM (11.0.8+10-b944.6842174, mixed mode, tiered, compressed oops, g1 gc, windows-amd64)
Heap:
 garbage-first heap   total 574464K, used 203904K [0x0000000080000000, 0x0000000100000000)
  region size 1024K, 3 young (3072K), 3 survivors (3072K)
 Metaspace       used 110893K, capacity 113457K, committed 113788K, reserved 1148928K
  class space    used 13770K, capacity 14748K, committed 14848K, reserved 1048576K
GC Heap History (20 events):
Event: 241.615 GC heap after
{Heap after GC invocations=101 (full 0):
 garbage-first heap   total 235520K, used 156160K [0x0000000080000000, 0x0000000100000000)
  region size 1024K, 2 young (2048K), 2 survivors (2048K)
 Metaspace       used 110678K, capacity 113204K, committed 113404K, reserved 1148928K
  class space    used 13764K, capacity 14711K, committed 14720K, reserved 1048576K
}
Event: 242.583 GC heap before
{Heap before GC invocations=101 (full 0):
 garbage-first heap   total 235520K, used 185856K [0x0000000080000000, 0x0000000100000000)
  region size 1024K, 32 young (32768K), 2 survivors (2048K)
 Metaspace       used 110748K, capacity 113270K, committed 113404K, reserved 1148928K
  class space    used 13764K, capacity 14711K, committed 14720K, reserved 1048576K
}
Event: 242.696 GC heap after
{Heap after GC invocations=102 (full 0):
 garbage-first heap   total 235520K, used 174592K [0x0000000080000000, 0x0000000100000000)
  region size 1024K, 4 young (4096K), 4 survivors (4096K)
 Metaspace       used 110748K, capacity 113270K, committed 113404K, reserved 1148928K
  class space    used 13764K, capacity 14711K, committed 14720K, reserved 1048576K
}
Event: 242.791 GC heap before
{Heap before GC invocations=102 (full 0):
 garbage-first heap   total 235520K, used 178688K [0x0000000080000000, 0x0000000100000000)
  region size 1024K, 9 young (9216K), 4 survivors (4096K)
 Metaspace       used 110748K, capacity 113270K, committed 113404K, reserved 1148928K
  class space    used 13764K, capacity 14711K, committed 14720K, reserved 1048576K
}
Event: 242.840 GC heap after
{Heap after GC invocations=103 (full 0):
 garbage-first heap   total 235520K, used 177829K [0x0000000080000000, 0x0000000100000000)
  region size 1024K, 3 young (3072K), 3 survivors (3072K)
 Metaspace       used 110748K, capacity 113270K, committed 113404K, reserved 1148928K
  class space    used 13764K, capacity 14711K, committed 14720K, reserved 1048576K
}
Event: 244.428 GC heap before
{Heap before GC invocations=104 (full 0):
 garbage-first heap   total 235520K, used 188069K [0x0000000080000000, 0x0000000100000000)
  region size 1024K, 16 young (16384K), 3 survivors (3072K)
 Metaspace       used 110738K, capacity 113257K, committed 113404K, reserved 1148928K
  class space    used 13761K, capacity 14705K, committed 14720K, reserved 1048576K
}
Event: 244.490 GC heap after
{Heap after GC invocations=105 (full 0):
 garbage-first heap   total 235520K, used 182784K [0x0000000080000000, 0x0000000100000000)
  region size 1024K, 2 young (2048K), 2 survivors (2048K)
 Metaspace       used 110738K, capacity 113257K, committed 113404K, reserved 1148928K
  class space    used 13761K, capacity 14705K, committed 14720K, reserved 1048576K
}
Event: 244.892 GC heap before
{Heap before GC invocations=105 (full 0):
 garbage-first heap   total 235520K, used 192000K [0x0000000080000000, 0x0000000100000000)
  region size 1024K, 11 young (11264K), 2 survivors (2048K)
 Metaspace       used 110794K, capacity 113361K, committed 113532K, reserved 1148928K
  class space    used 13765K, capacity 14739K, committed 14848K, reserved 1048576K
}
Event: 245.000 GC heap after
{Heap after GC invocations=106 (full 0):
 garbage-first heap   total 235520K, used 173056K [0x0000000080000000, 0x0000000100000000)
  region size 1024K, 2 young (2048K), 2 survivors (2048K)
 Metaspace       used 110794K, capacity 113361K, committed 113532K, reserved 1148928K
  class space    used 13765K, capacity 14739K, committed 14848K, reserved 1048576K
}
Event: 245.207 GC heap before
{Heap before GC invocations=106 (full 0):
 garbage-first heap   total 235520K, used 178176K [0x0000000080000000, 0x0000000100000000)
  region size 1024K, 8 young (8192K), 2 survivors (2048K)
 Metaspace       used 110802K, capacity 113368K, committed 113532K, reserved 1148928K
  class space    used 13766K, capacity 14741K, committed 14848K, reserved 1048576K
}
Event: 245.249 GC heap after
{Heap after GC invocations=107 (full 0):
 garbage-first heap   total 235520K, used 175426K [0x0000000080000000, 0x0000000100000000)
  region size 1024K, 2 young (2048K), 2 survivors (2048K)
 Metaspace       used 110802K, capacity 113368K, committed 113532K, reserved 1148928K
  class space    used 13766K, capacity 14741K, committed 14848K, reserved 1048576K
}
Event: 247.235 GC heap before
{Heap before GC invocations=108 (full 0):
 garbage-first heap   total 235520K, used 178498K [0x0000000080000000, 0x0000000100000000)
  region size 1024K, 15 young (15360K), 2 survivors (2048K)
 Metaspace       used 110836K, capacity 113432K, committed 113788K, reserved 1148928K
  class space    used 13766K, capacity 14741K, committed 14848K, reserved 1048576K
}
Event: 247.325 GC heap after
{Heap after GC invocations=109 (full 0):
 garbage-first heap   total 300032K, used 167936K [0x0000000080000000, 0x0000000100000000)
  region size 1024K, 2 young (2048K), 2 survivors (2048K)
 Metaspace       used 110836K, capacity 113432K, committed 113788K, reserved 1148928K
  class space    used 13766K, capacity 14741K, committed 14848K, reserved 1048576K
}
Event: 247.942 GC heap before
{Heap before GC invocations=109 (full 0):
 garbage-first heap   total 300032K, used 180224K [0x0000000080000000, 0x0000000100000000)
  region size 1024K, 14 young (14336K), 2 survivors (2048K)
 Metaspace       used 110846K, capacity 113432K, committed 113788K, reserved 1148928K
  class space    used 13766K, capacity 14741K, committed 14848K, reserved 1048576K
}
Event: 248.049 GC heap after
{Heap after GC invocations=110 (full 0):
 garbage-first heap   total 300032K, used 167926K [0x0000000080000000, 0x0000000100000000)
  region size 1024K, 2 young (2048K), 2 survivors (2048K)
 Metaspace       used 110846K, capacity 113432K, committed 113788K, reserved 1148928K
  class space    used 13766K, capacity 14741K, committed 14848K, reserved 1048576K
}
Event: 248.966 GC heap before
{Heap before GC invocations=110 (full 0):
 garbage-first heap   total 300032K, used 195574K [0x0000000080000000, 0x0000000100000000)
  region size 1024K, 25 young (25600K), 2 survivors (2048K)
 Metaspace       used 110855K, capacity 113432K, committed 113788K, reserved 1148928K
  class space    used 13766K, capacity 14741K, committed 14848K, reserved 1048576K
}
Event: 249.052 GC heap after
{Heap after GC invocations=111 (full 0):
 garbage-first heap   total 300032K, used 179151K [0x0000000080000000, 0x0000000100000000)
  region size 1024K, 4 young (4096K), 4 survivors (4096K)
 Metaspace       used 110855K, capacity 113432K, committed 113788K, reserved 1148928K
  class space    used 13766K, capacity 14741K, committed 14848K, reserved 1048576K
}
Event: 250.603 GC heap before
{Heap before GC invocations=111 (full 0):
 garbage-first heap   total 300032K, used 222159K [0x0000000080000000, 0x0000000100000000)
  region size 1024K, 32 young (32768K), 4 survivors (4096K)
 Metaspace       used 110875K, capacity 113437K, committed 113788K, reserved 1148928K
  class space    used 13766K, capacity 14741K, committed 14848K, reserved 1048576K
}
Event: 250.640 GC heap after
{Heap after GC invocations=112 (full 0):
 garbage-first heap   total 300032K, used 198656K [0x0000000080000000, 0x0000000100000000)
  region size 1024K, 4 young (4096K), 4 survivors (4096K)
 Metaspace       used 110875K, capacity 113437K, committed 113788K, reserved 1148928K
  class space    used 13766K, capacity 14741K, committed 14848K, reserved 1048576K
}
Event: 251.065 GC heap before
{Heap before GC invocations=112 (full 0):
 garbage-first heap   total 300032K, used 223232K [0x0000000080000000, 0x0000000100000000)
  region size 1024K, 26 young (26624K), 4 survivors (4096K)
 Metaspace       used 110893K, capacity 113457K, committed 113788K, reserved 1148928K
  class space    used 13770K, capacity 14748K, committed 14848K, reserved 1048576K
}

