# JRE version: OpenJDK Runtime Environment (11.0.8+10) (build 11.0.8+10-b944.6842174)
# Java VM: OpenJDK 64-Bit Server VM (11.0.8+10-b944.6842174, mixed mode, tiered, compressed oops, g1 gc, windows-amd64)
Heap:
 garbage-first heap   total 276480K, used 213504K [0x0000000080000000, 0x0000000100000000)
  region size 1024K, 51 young (52224K), 9 survivors (9216K)
 Metaspace       used 126216K, capacity 129287K, committed 129532K, reserved 1163264K
  class space    used 15605K, capacity 16661K, committed 16768K, reserved 1048576K
GC Heap History (20 events):
Event: 500.099 GC heap before
{Heap before GC invocations=99 (full 0):
 garbage-first heap   total 165888K, used 137748K [0x0000000080000000, 0x0000000100000000)
  region size 1024K, 9 young (9216K), 2 survivors (2048K)
 Metaspace       used 108725K, capacity 111455K, committed 111740K, reserved 1146880K
  class space    used 13611K, capacity 14546K, committed 14592K, reserved 1048576K
}
Event: 500.150 GC heap after
{Heap after GC invocations=100 (full 0):
 garbage-first heap   total 165888K, used 137877K [0x0000000080000000, 0x0000000100000000)
  region size 1024K, 2 young (2048K), 2 survivors (2048K)
 Metaspace       used 108725K, capacity 111455K, committed 111740K, reserved 1146880K
  class space    used 13611K, capacity 14546K, committed 14592K, reserved 1048576K
}
Event: 501.982 GC heap before
{Heap before GC invocations=101 (full 0):
 garbage-first heap   total 165888K, used 160405K [0x0000000080000000, 0x0000000100000000)
  region size 1024K, 8 young (8192K), 2 survivors (2048K)
 Metaspace       used 109377K, capacity 112223K, committed 112380K, reserved 1146880K
  class space    used 13677K, capacity 14649K, committed 14720K, reserved 1048576K
}
Event: 502.011 GC heap after
{Heap after GC invocations=102 (full 0):
 garbage-first heap   total 276480K, used 137133K [0x0000000080000000, 0x0000000100000000)
  region size 1024K, 1 young (1024K), 1 survivors (1024K)
 Metaspace       used 109377K, capacity 112223K, committed 112380K, reserved 1146880K
  class space    used 13677K, capacity 14649K, committed 14720K, reserved 1048576K
}
Event: 503.825 GC heap before
{Heap before GC invocations=102 (full 0):
 garbage-first heap   total 276480K, used 149421K [0x0000000080000000, 0x0000000100000000)
  region size 1024K, 13 young (13312K), 1 survivors (1024K)
 Metaspace       used 110117K, capacity 112929K, committed 113276K, reserved 1148928K
  class space    used 13757K, capacity 14730K, committed 14848K, reserved 1048576K
}
Event: 503.836 GC heap after
{Heap after GC invocations=103 (full 0):
 garbage-first heap   total 276480K, used 137347K [0x0000000080000000, 0x0000000100000000)
  region size 1024K, 1 young (1024K), 1 survivors (1024K)
 Metaspace       used 110117K, capacity 112929K, committed 113276K, reserved 1148928K
  class space    used 13757K, capacity 14730K, committed 14848K, reserved 1048576K
}
Event: 508.752 GC heap before
{Heap before GC invocations=103 (full 0):
 garbage-first heap   total 276480K, used 175235K [0x0000000080000000, 0x0000000100000000)
  region size 1024K, 38 young (38912K), 1 survivors (1024K)
 Metaspace       used 112183K, capacity 114975K, committed 115324K, reserved 1148928K
  class space    used 14015K, capacity 15002K, committed 15104K, reserved 1048576K
}
Event: 508.763 GC heap after
{Heap after GC invocations=104 (full 0):
 garbage-first heap   total 276480K, used 137758K [0x0000000080000000, 0x0000000100000000)
  region size 1024K, 2 young (2048K), 2 survivors (2048K)
 Metaspace       used 112183K, capacity 114975K, committed 115324K, reserved 1148928K
  class space    used 14015K, capacity 15002K, committed 15104K, reserved 1048576K
}
Event: 514.904 GC heap before
{Heap before GC invocations=104 (full 0):
 garbage-first heap   total 276480K, used 178718K [0x0000000080000000, 0x0000000100000000)
  region size 1024K, 43 young (44032K), 2 survivors (2048K)
 Metaspace       used 114221K, capacity 117099K, committed 117372K, reserved 1150976K
  class space    used 14257K, capacity 15239K, committed 15360K, reserved 1048576K
}
Event: 514.930 GC heap after
{Heap after GC invocations=105 (full 0):
 garbage-first heap   total 276480K, used 140485K [0x0000000080000000, 0x0000000100000000)
  region size 1024K, 4 young (4096K), 4 survivors (4096K)
 Metaspace       used 114221K, capacity 117099K, committed 117372K, reserved 1150976K
  class space    used 14257K, capacity 15239K, committed 15360K, reserved 1048576K
}
Event: 519.601 GC heap before
{Heap before GC invocations=105 (full 0):
 garbage-first heap   total 276480K, used 200901K [0x0000000080000000, 0x0000000100000000)
  region size 1024K, 64 young (65536K), 4 survivors (4096K)
 Metaspace       used 114399K, capacity 117269K, committed 117628K, reserved 1150976K
  class space    used 14272K, capacity 15252K, committed 15360K, reserved 1048576K
}
Event: 519.634 GC heap after
{Heap after GC invocations=106 (full 0):
 garbage-first heap   total 276480K, used 142400K [0x0000000080000000, 0x0000000100000000)
  region size 1024K, 6 young (6144K), 6 survivors (6144K)
 Metaspace       used 114399K, capacity 117269K, committed 117628K, reserved 1150976K
  class space    used 14272K, capacity 15252K, committed 15360K, reserved 1048576K
}
Event: 527.910 GC heap before
{Heap before GC invocations=106 (full 0):
 garbage-first heap   total 276480K, used 202816K [0x0000000080000000, 0x0000000100000000)
  region size 1024K, 66 young (67584K), 6 survivors (6144K)
 Metaspace       used 114699K, capacity 117624K, committed 117884K, reserved 1153024K
  class space    used 14293K, capacity 15296K, committed 15360K, reserved 1048576K
}
Event: 527.952 GC heap after
{Heap after GC invocations=107 (full 0):
 garbage-first heap   total 276480K, used 145402K [0x0000000080000000, 0x0000000100000000)
  region size 1024K, 5 young (5120K), 5 survivors (5120K)
 Metaspace       used 114699K, capacity 117624K, committed 117884K, reserved 1153024K
  class space    used 14293K, capacity 15296K, committed 15360K, reserved 1048576K
}
Event: 597.841 GC heap before
{Heap before GC invocations=107 (full 0):
 garbage-first heap   total 276480K, used 207866K [0x0000000080000000, 0x0000000100000000)
  region size 1024K, 67 young (68608K), 5 survivors (5120K)
 Metaspace       used 116192K, capacity 119078K, committed 119292K, reserved 1153024K
  class space    used 14440K, capacity 15442K, committed 15488K, reserved 1048576K
}
Event: 597.893 GC heap after
{Heap after GC invocations=108 (full 0):
 garbage-first heap   total 276480K, used 151552K [0x0000000080000000, 0x0000000100000000)
  region size 1024K, 9 young (9216K), 9 survivors (9216K)
 Metaspace       used 116192K, capacity 119078K, committed 119292K, reserved 1153024K
  class space    used 14440K, capacity 15442K, committed 15488K, reserved 1048576K
}
Event: 601.604 GC heap before
{Heap before GC invocations=108 (full 0):
 garbage-first heap   total 276480K, used 214016K [0x0000000080000000, 0x0000000100000000)
  region size 1024K, 71 young (72704K), 9 survivors (9216K)
 Metaspace       used 117109K, capacity 120030K, committed 120188K, reserved 1155072K
  class space    used 14551K, capacity 15524K, committed 15616K, reserved 1048576K
}
Event: 601.664 GC heap after
{Heap after GC invocations=109 (full 0):
 garbage-first heap   total 276480K, used 153973K [0x0000000080000000, 0x0000000100000000)
  region size 1024K, 5 young (5120K), 5 survivors (5120K)
 Metaspace       used 117109K, capacity 120030K, committed 120188K, reserved 1155072K
  class space    used 14551K, capacity 15524K, committed 15616K, reserved 1048576K
}
Event: 613.060 GC heap before
{Heap before GC invocations=109 (full 0):
 garbage-first heap   total 276480K, used 218485K [0x0000000080000000, 0x0000000100000000)
  region size 1024K, 67 young (68608K), 5 survivors (5120K)
 Metaspace       used 124336K, capacity 127386K, committed 127484K, reserved 1161216K
  class space    used 15412K, capacity 16439K, committed 16512K, reserved 1048576K
}
Event: 613.135 GC heap after
{Heap after GC invocations=110 (full 0):
 garbage-first heap   total 276480K, used 165376K [0x0000000080000000, 0x0000000100000000)
  region size 1024K, 9 young (9216K), 9 survivors (9216K)
 Metaspace       used 124336K, capacity 127386K, committed 127484K, reserved 1161216K
  class space    used 15412K, capacity 16439K, committed 16512K, reserved 1048576K
}

