# JRE version: OpenJDK Runtime Environment (11.0.8+10) (build 11.0.8+10-b944.6842174)
# Java VM: OpenJDK 64-Bit Server VM (11.0.8+10-b944.6842174, mixed mode, tiered, compressed oops, g1 gc, windows-amd64)
Heap:
 garbage-first heap   total 403456K, used 170496K [0x0000000080000000, 0x0000000100000000)
  region size 1024K, 4 young (4096K), 4 survivors (4096K)
 Metaspace       used 106856K, capacity 109397K, committed 109732K, reserved 1144832K
  class space    used 13423K, capacity 14375K, committed 14464K, reserved 1048576K
GC Heap History (20 events):
Event: 126.788 GC heap after
{Heap after GC invocations=50 (full 0):
 garbage-first heap   total 199680K, used 105053K [0x0000000080000000, 0x0000000100000000)
  region size 1024K, 4 young (4096K), 4 survivors (4096K)
 Metaspace       used 105318K, capacity 107779K, committed 107940K, reserved 1142784K
  class space    used 13217K, capacity 14126K, committed 14208K, reserved 1048576K
}
Event: 128.696 GC heap before
{Heap before GC invocations=51 (full 0):
 garbage-first heap   total 199680K, used 111197K [0x0000000080000000, 0x0000000100000000)
  region size 1024K, 11 young (11264K), 4 survivors (4096K)
 Metaspace       used 105653K, capacity 108200K, committed 108452K, reserved 1144832K
  class space    used 13242K, capacity 14194K, committed 14208K, reserved 1048576K
}
Event: 128.713 GC heap after
{Heap after GC invocations=52 (full 0):
 garbage-first heap   total 199680K, used 99457K [0x0000000080000000, 0x0000000100000000)
  region size 1024K, 1 young (1024K), 1 survivors (1024K)
 Metaspace       used 105653K, capacity 108200K, committed 108452K, reserved 1144832K
  class space    used 13242K, capacity 14194K, committed 14208K, reserved 1048576K
}
Event: 130.534 GC heap before
{Heap before GC invocations=53 (full 0):
 garbage-first heap   total 199680K, used 177281K [0x0000000080000000, 0x0000000100000000)
  region size 1024K, 47 young (48128K), 1 survivors (1024K)
 Metaspace       used 106629K, capacity 109195K, committed 109476K, reserved 1144832K
  class space    used 13421K, capacity 14373K, committed 14464K, reserved 1048576K
}
Event: 130.683 GC heap after
{Heap after GC invocations=54 (full 0):
 garbage-first heap   total 199680K, used 137895K [0x0000000080000000, 0x0000000100000000)
  region size 1024K, 6 young (6144K), 6 survivors (6144K)
 Metaspace       used 106629K, capacity 109195K, committed 109476K, reserved 1144832K
  class space    used 13421K, capacity 14373K, committed 14464K, reserved 1048576K
}
Event: 130.776 GC heap before
{Heap before GC invocations=54 (full 0):
 garbage-first heap   total 199680K, used 140967K [0x0000000080000000, 0x0000000100000000)
  region size 1024K, 9 young (9216K), 6 survivors (6144K)
 Metaspace       used 106643K, capacity 109259K, committed 109476K, reserved 1144832K
  class space    used 13421K, capacity 14373K, committed 14464K, reserved 1048576K
}
Event: 130.847 GC heap after
{Heap after GC invocations=55 (full 0):
 garbage-first heap   total 199680K, used 137216K [0x0000000080000000, 0x0000000100000000)
  region size 1024K, 2 young (2048K), 2 survivors (2048K)
 Metaspace       used 106643K, capacity 109259K, committed 109476K, reserved 1144832K
  class space    used 13421K, capacity 14373K, committed 14464K, reserved 1048576K
}
Event: 131.559 GC heap before
{Heap before GC invocations=55 (full 0):
 garbage-first heap   total 199680K, used 159744K [0x0000000080000000, 0x0000000100000000)
  region size 1024K, 25 young (25600K), 2 survivors (2048K)
 Metaspace       used 106704K, capacity 109260K, committed 109476K, reserved 1144832K
  class space    used 13421K, capacity 14373K, committed 14464K, reserved 1048576K
}
Event: 131.644 GC heap after
{Heap after GC invocations=56 (full 0):
 garbage-first heap   total 199680K, used 151040K [0x0000000080000000, 0x0000000100000000)
  region size 1024K, 4 young (4096K), 4 survivors (4096K)
 Metaspace       used 106704K, capacity 109260K, committed 109476K, reserved 1144832K
  class space    used 13421K, capacity 14373K, committed 14464K, reserved 1048576K
}
Event: 133.235 GC heap before
{Heap before GC invocations=57 (full 0):
 garbage-first heap   total 199680K, used 159232K [0x0000000080000000, 0x0000000100000000)
  region size 1024K, 17 young (17408K), 4 survivors (4096K)
 Metaspace       used 106766K, capacity 109325K, committed 109476K, reserved 1144832K
  class space    used 13421K, capacity 14373K, committed 14464K, reserved 1048576K
}
Event: 133.335 GC heap after
{Heap after GC invocations=58 (full 0):
 garbage-first heap   total 199680K, used 153600K [0x0000000080000000, 0x0000000100000000)
  region size 1024K, 3 young (3072K), 3 survivors (3072K)
 Metaspace       used 106766K, capacity 109325K, committed 109476K, reserved 1144832K
  class space    used 13421K, capacity 14373K, committed 14464K, reserved 1048576K
}
Event: 133.508 GC heap before
{Heap before GC invocations=58 (full 0):
 garbage-first heap   total 199680K, used 158720K [0x0000000080000000, 0x0000000100000000)
  region size 1024K, 9 young (9216K), 3 survivors (3072K)
 Metaspace       used 106766K, capacity 109325K, committed 109476K, reserved 1144832K
  class space    used 13421K, capacity 14373K, committed 14464K, reserved 1048576K
}
Event: 133.572 GC heap after
{Heap after GC invocations=59 (full 0):
 garbage-first heap   total 300032K, used 153600K [0x0000000080000000, 0x0000000100000000)
  region size 1024K, 2 young (2048K), 2 survivors (2048K)
 Metaspace       used 106766K, capacity 109325K, committed 109476K, reserved 1144832K
  class space    used 13421K, capacity 14373K, committed 14464K, reserved 1048576K
}
Event: 133.828 GC heap before
{Heap before GC invocations=59 (full 0):
 garbage-first heap   total 300032K, used 162816K [0x0000000080000000, 0x0000000100000000)
  region size 1024K, 12 young (12288K), 2 survivors (2048K)
 Metaspace       used 106766K, capacity 109325K, committed 109476K, reserved 1144832K
  class space    used 13421K, capacity 14373K, committed 14464K, reserved 1048576K
}
Event: 133.878 GC heap after
{Heap after GC invocations=60 (full 0):
 garbage-first heap   total 300032K, used 160256K [0x0000000080000000, 0x0000000100000000)
  region size 1024K, 4 young (4096K), 4 survivors (4096K)
 Metaspace       used 106766K, capacity 109325K, committed 109476K, reserved 1144832K
  class space    used 13421K, capacity 14373K, committed 14464K, reserved 1048576K
}
Event: 135.109 GC heap before
{Heap before GC invocations=61 (full 0):
 garbage-first heap   total 300032K, used 161280K [0x0000000080000000, 0x0000000100000000)
  region size 1024K, 5 young (5120K), 4 survivors (4096K)
 Metaspace       used 106766K, capacity 109325K, committed 109476K, reserved 1144832K
  class space    used 13421K, capacity 14373K, committed 14464K, reserved 1048576K
}
Event: 135.142 GC heap after
{Heap after GC invocations=62 (full 0):
 garbage-first heap   total 300032K, used 161929K [0x0000000080000000, 0x0000000100000000)
  region size 1024K, 1 young (1024K), 1 survivors (1024K)
 Metaspace       used 106766K, capacity 109325K, committed 109476K, reserved 1144832K
  class space    used 13421K, capacity 14373K, committed 14464K, reserved 1048576K
}
Event: 137.831 GC heap before
{Heap before GC invocations=63 (full 0):
 garbage-first heap   total 300032K, used 190601K [0x0000000080000000, 0x0000000100000000)
  region size 1024K, 29 young (29696K), 1 survivors (1024K)
 Metaspace       used 106816K, capacity 109333K, committed 109476K, reserved 1144832K
  class space    used 13423K, capacity 14375K, committed 14464K, reserved 1048576K
}
Event: 137.924 GC heap after
{Heap after GC invocations=64 (full 0):
 garbage-first heap   total 300032K, used 174080K [0x0000000080000000, 0x0000000100000000)
  region size 1024K, 4 young (4096K), 4 survivors (4096K)
 Metaspace       used 106816K, capacity 109333K, committed 109476K, reserved 1144832K
  class space    used 13423K, capacity 14375K, committed 14464K, reserved 1048576K
}
Event: 140.352 GC heap before
{Heap before GC invocations=65 (full 0):
 garbage-first heap   total 300032K, used 188416K [0x0000000080000000, 0x0000000100000000)
  region size 1024K, 28 young (28672K), 4 survivors (4096K)
 Metaspace       used 106856K, capacity 109397K, committed 109732K, reserved 1144832K
  class space    used 13423K, capacity 14375K, committed 14464K, reserved 1048576K
}

