# JRE version: OpenJDK Runtime Environment (11.0.8+10) (build 11.0.8+10-b944.6842174)
# Java VM: OpenJDK 64-Bit Server VM (11.0.8+10-b944.6842174, mixed mode, tiered, compressed oops, g1 gc, windows-amd64)
Heap:
 garbage-first heap   total 95232K, used 68783K [0x0000000080000000, 0x0000000100000000)
  region size 1024K, 19 young (19456K), 2 survivors (2048K)
 Metaspace       used 71920K, capacity 73517K, committed 73596K, reserved 1114112K
  class space    used 9409K, capacity 9968K, committed 9984K, reserved 1048576K
GC Heap History (20 events):
Event: 92.984 GC heap before
{Heap before GC invocations=43 (full 0):
 garbage-first heap   total 65536K, used 54382K [0x0000000080000000, 0x0000000100000000)
  region size 1024K, 7 young (7168K), 1 survivors (1024K)
 Metaspace       used 63669K, capacity 65107K, committed 65276K, reserved 1105920K
  class space    used 8250K, capacity 8750K, committed 8832K, reserved 1048576K
}
Event: 92.997 GC heap after
{Heap after GC invocations=44 (full 0):
 garbage-first heap   total 65536K, used 48610K [0x0000000080000000, 0x0000000100000000)
  region size 1024K, 1 young (1024K), 1 survivors (1024K)
 Metaspace       used 63669K, capacity 65107K, committed 65276K, reserved 1105920K
  class space    used 8250K, capacity 8750K, committed 8832K, reserved 1048576K
}
Event: 93.438 GC heap before
{Heap before GC invocations=44 (full 0):
 garbage-first heap   total 65536K, used 54754K [0x0000000080000000, 0x0000000100000000)
  region size 1024K, 7 young (7168K), 1 survivors (1024K)
 Metaspace       used 64280K, capacity 65724K, committed 65788K, reserved 1105920K
  class space    used 8323K, capacity 8826K, committed 8832K, reserved 1048576K
}
Event: 93.447 GC heap after
{Heap after GC invocations=45 (full 0):
 garbage-first heap   total 65536K, used 49084K [0x0000000080000000, 0x0000000100000000)
  region size 1024K, 1 young (1024K), 1 survivors (1024K)
 Metaspace       used 64280K, capacity 65724K, committed 65788K, reserved 1105920K
  class space    used 8323K, capacity 8826K, committed 8832K, reserved 1048576K
}
Event: 94.232 GC heap before
{Heap before GC invocations=46 (full 0):
 garbage-first heap   total 65536K, used 54204K [0x0000000080000000, 0x0000000100000000)
  region size 1024K, 6 young (6144K), 1 survivors (1024K)
 Metaspace       used 64635K, capacity 66056K, committed 66172K, reserved 1105920K
  class space    used 8368K, capacity 8893K, committed 8960K, reserved 1048576K
}
Event: 94.242 GC heap after
{Heap after GC invocations=47 (full 0):
 garbage-first heap   total 65536K, used 49385K [0x0000000080000000, 0x0000000100000000)
  region size 1024K, 1 young (1024K), 1 survivors (1024K)
 Metaspace       used 64635K, capacity 66056K, committed 66172K, reserved 1105920K
  class space    used 8368K, capacity 8893K, committed 8960K, reserved 1048576K
}
Event: 95.242 GC heap before
{Heap before GC invocations=47 (full 0):
 garbage-first heap   total 65536K, used 54505K [0x0000000080000000, 0x0000000100000000)
  region size 1024K, 6 young (6144K), 1 survivors (1024K)
 Metaspace       used 65170K, capacity 66723K, committed 66812K, reserved 1107968K
  class space    used 8445K, capacity 9004K, committed 9088K, reserved 1048576K
}
Event: 95.252 GC heap after
{Heap after GC invocations=48 (full 0):
 garbage-first heap   total 65536K, used 49881K [0x0000000080000000, 0x0000000100000000)
  region size 1024K, 1 young (1024K), 1 survivors (1024K)
 Metaspace       used 65170K, capacity 66723K, committed 66812K, reserved 1107968K
  class space    used 8445K, capacity 9004K, committed 9088K, reserved 1048576K
}
Event: 96.151 GC heap before
{Heap before GC invocations=49 (full 0):
 garbage-first heap   total 65536K, used 55001K [0x0000000080000000, 0x0000000100000000)
  region size 1024K, 6 young (6144K), 1 survivors (1024K)
 Metaspace       used 65633K, capacity 67158K, committed 67324K, reserved 1107968K
  class space    used 8527K, capacity 9083K, committed 9088K, reserved 1048576K
}
Event: 96.162 GC heap after
{Heap after GC invocations=50 (full 0):
 garbage-first heap   total 65536K, used 50294K [0x0000000080000000, 0x0000000100000000)
  region size 1024K, 1 young (1024K), 1 survivors (1024K)
 Metaspace       used 65633K, capacity 67158K, committed 67324K, reserved 1107968K
  class space    used 8527K, capacity 9083K, committed 9088K, reserved 1048576K
}
Event: 96.442 GC heap before
{Heap before GC invocations=50 (full 0):
 garbage-first heap   total 65536K, used 54390K [0x0000000080000000, 0x0000000100000000)
  region size 1024K, 5 young (5120K), 1 survivors (1024K)
 Metaspace       used 65970K, capacity 67485K, committed 67708K, reserved 1107968K
  class space    used 8574K, capacity 9127K, committed 9216K, reserved 1048576K
}
Event: 96.452 GC heap after
{Heap after GC invocations=51 (full 0):
 garbage-first heap   total 78848K, used 50414K [0x0000000080000000, 0x0000000100000000)
  region size 1024K, 1 young (1024K), 1 survivors (1024K)
 Metaspace       used 65970K, capacity 67485K, committed 67708K, reserved 1107968K
  class space    used 8574K, capacity 9127K, committed 9216K, reserved 1048576K
}
Event: 98.102 GC heap before
{Heap before GC invocations=52 (full 0):
 garbage-first heap   total 78848K, used 59630K [0x0000000080000000, 0x0000000100000000)
  region size 1024K, 10 young (10240K), 1 survivors (1024K)
 Metaspace       used 66751K, capacity 68344K, committed 68604K, reserved 1107968K
  class space    used 8696K, capacity 9264K, committed 9344K, reserved 1048576K
}
Event: 98.112 GC heap after
{Heap after GC invocations=53 (full 0):
 garbage-first heap   total 78848K, used 51051K [0x0000000080000000, 0x0000000100000000)
  region size 1024K, 2 young (2048K), 2 survivors (2048K)
 Metaspace       used 66751K, capacity 68344K, committed 68604K, reserved 1107968K
  class space    used 8696K, capacity 9264K, committed 9344K, reserved 1048576K
}
Event: 99.560 GC heap before
{Heap before GC invocations=53 (full 0):
 garbage-first heap   total 78848K, used 60267K [0x0000000080000000, 0x0000000100000000)
  region size 1024K, 11 young (11264K), 2 survivors (2048K)
 Metaspace       used 67876K, capacity 69438K, committed 69756K, reserved 1110016K
  class space    used 8853K, capacity 9394K, committed 9472K, reserved 1048576K
}
Event: 99.571 GC heap after
{Heap after GC invocations=54 (full 0):
 garbage-first heap   total 78848K, used 51397K [0x0000000080000000, 0x0000000100000000)
  region size 1024K, 2 young (2048K), 2 survivors (2048K)
 Metaspace       used 67876K, capacity 69438K, committed 69756K, reserved 1110016K
  class space    used 8853K, capacity 9394K, committed 9472K, reserved 1048576K
}
Event: 100.470 GC heap before
{Heap before GC invocations=55 (full 0):
 garbage-first heap   total 78848K, used 61637K [0x0000000080000000, 0x0000000100000000)
  region size 1024K, 12 young (12288K), 2 survivors (2048K)
 Metaspace       used 68800K, capacity 70461K, committed 70652K, reserved 1110016K
  class space    used 9025K, capacity 9600K, committed 9600K, reserved 1048576K
}
Event: 100.483 GC heap after
{Heap after GC invocations=56 (full 0):
 garbage-first heap   total 78848K, used 51726K [0x0000000080000000, 0x0000000100000000)
  region size 1024K, 2 young (2048K), 2 survivors (2048K)
 Metaspace       used 68800K, capacity 70461K, committed 70652K, reserved 1110016K
  class space    used 9025K, capacity 9600K, committed 9600K, reserved 1048576K
}
Event: 102.162 GC heap before
{Heap before GC invocations=56 (full 0):
 garbage-first heap   total 78848K, used 61966K [0x0000000080000000, 0x0000000100000000)
  region size 1024K, 12 young (12288K), 2 survivors (2048K)
 Metaspace       used 70773K, capacity 72354K, committed 72444K, reserved 1112064K
  class space    used 9260K, capacity 9820K, committed 9856K, reserved 1048576K
}
Event: 102.175 GC heap after
{Heap after GC invocations=57 (full 0):
 garbage-first heap   total 95232K, used 52399K [0x0000000080000000, 0x0000000100000000)
  region size 1024K, 2 young (2048K), 2 survivors (2048K)
 Metaspace       used 70773K, capacity 72354K, committed 72444K, reserved 1112064K
  class space    used 9260K, capacity 9820K, committed 9856K, reserved 1048576K
}

