# JRE version: OpenJDK Runtime Environment (11.0.8+10) (build 11.0.8+10-b944.6842174)
# Java VM: OpenJDK 64-Bit Server VM (11.0.8+10-b944.6842174, mixed mode, tiered, compressed oops, g1 gc, windows-amd64)
Heap:
 garbage-first heap   total 304128K, used 129389K [0x0000000080000000, 0x0000000100000000)
  region size 1024K, 4 young (4096K), 4 survivors (4096K)
 Metaspace       used 104534K, capacity 107116K, committed 107300K, reserved 1142784K
  class space    used 12861K, capacity 13814K, committed 13824K, reserved 1048576K
GC Heap History (20 events):
Event: 138.022 GC heap after
{Heap after GC invocations=74 (full 0):
 garbage-first heap   total 199680K, used 105628K [0x0000000080000000, 0x0000000100000000)
  region size 1024K, 3 young (3072K), 3 survivors (3072K)
 Metaspace       used 102630K, capacity 105030K, committed 105252K, reserved 1140736K
  class space    used 12653K, capacity 13547K, committed 13568K, reserved 1048576K
}
Event: 139.502 GC heap before
{Heap before GC invocations=74 (full 0):
 garbage-first heap   total 199680K, used 168092K [0x0000000080000000, 0x0000000100000000)
  region size 1024K, 64 young (65536K), 3 survivors (3072K)
 Metaspace       used 102650K, capacity 105033K, committed 105252K, reserved 1140736K
  class space    used 12653K, capacity 13547K, committed 13568K, reserved 1048576K
}
Event: 139.523 GC heap after
{Heap after GC invocations=75 (full 0):
 garbage-first heap   total 199680K, used 106348K [0x0000000080000000, 0x0000000100000000)
  region size 1024K, 4 young (4096K), 4 survivors (4096K)
 Metaspace       used 102650K, capacity 105033K, committed 105252K, reserved 1140736K
  class space    used 12653K, capacity 13547K, committed 13568K, reserved 1048576K
}
Event: 141.127 GC heap before
{Heap before GC invocations=75 (full 0):
 garbage-first heap   total 199680K, used 168812K [0x0000000080000000, 0x0000000100000000)
  region size 1024K, 65 young (66560K), 4 survivors (4096K)
 Metaspace       used 102689K, capacity 105033K, committed 105252K, reserved 1140736K
  class space    used 12662K, capacity 13547K, committed 13568K, reserved 1048576K
}
Event: 141.154 GC heap after
{Heap after GC invocations=76 (full 0):
 garbage-first heap   total 199680K, used 107617K [0x0000000080000000, 0x0000000100000000)
  region size 1024K, 5 young (5120K), 5 survivors (5120K)
 Metaspace       used 102689K, capacity 105033K, committed 105252K, reserved 1140736K
  class space    used 12662K, capacity 13547K, committed 13568K, reserved 1048576K
}
Event: 143.036 GC heap before
{Heap before GC invocations=76 (full 0):
 garbage-first heap   total 199680K, used 170081K [0x0000000080000000, 0x0000000100000000)
  region size 1024K, 66 young (67584K), 5 survivors (5120K)
 Metaspace       used 102696K, capacity 105034K, committed 105252K, reserved 1140736K
  class space    used 12662K, capacity 13547K, committed 13568K, reserved 1048576K
}
Event: 143.064 GC heap after
{Heap after GC invocations=77 (full 0):
 garbage-first heap   total 199680K, used 108095K [0x0000000080000000, 0x0000000100000000)
  region size 1024K, 6 young (6144K), 6 survivors (6144K)
 Metaspace       used 102696K, capacity 105034K, committed 105252K, reserved 1140736K
  class space    used 12662K, capacity 13547K, committed 13568K, reserved 1048576K
}
Event: 144.591 GC heap before
{Heap before GC invocations=77 (full 0):
 garbage-first heap   total 199680K, used 170559K [0x0000000080000000, 0x0000000100000000)
  region size 1024K, 67 young (68608K), 6 survivors (6144K)
 Metaspace       used 102711K, capacity 105098K, committed 105252K, reserved 1140736K
  class space    used 12662K, capacity 13547K, committed 13568K, reserved 1048576K
}
Event: 144.624 GC heap after
{Heap after GC invocations=78 (full 0):
 garbage-first heap   total 199680K, used 109383K [0x0000000080000000, 0x0000000100000000)
  region size 1024K, 6 young (6144K), 6 survivors (6144K)
 Metaspace       used 102711K, capacity 105098K, committed 105252K, reserved 1140736K
  class space    used 12662K, capacity 13547K, committed 13568K, reserved 1048576K
}
Event: 146.260 GC heap before
{Heap before GC invocations=78 (full 0):
 garbage-first heap   total 199680K, used 171847K [0x0000000080000000, 0x0000000100000000)
  region size 1024K, 67 young (68608K), 6 survivors (6144K)
 Metaspace       used 102712K, capacity 105098K, committed 105252K, reserved 1140736K
  class space    used 12662K, capacity 13547K, committed 13568K, reserved 1048576K
}
Event: 146.295 GC heap after
{Heap after GC invocations=79 (full 0):
 garbage-first heap   total 199680K, used 110151K [0x0000000080000000, 0x0000000100000000)
  region size 1024K, 5 young (5120K), 5 survivors (5120K)
 Metaspace       used 102712K, capacity 105098K, committed 105252K, reserved 1140736K
  class space    used 12662K, capacity 13547K, committed 13568K, reserved 1048576K
}
Event: 147.947 GC heap before
{Heap before GC invocations=79 (full 0):
 garbage-first heap   total 199680K, used 171591K [0x0000000080000000, 0x0000000100000000)
  region size 1024K, 65 young (66560K), 5 survivors (5120K)
 Metaspace       used 102725K, capacity 105098K, committed 105252K, reserved 1140736K
  class space    used 12662K, capacity 13547K, committed 13568K, reserved 1048576K
}
Event: 147.978 GC heap after
{Heap after GC invocations=80 (full 0):
 garbage-first heap   total 239616K, used 111113K [0x0000000080000000, 0x0000000100000000)
  region size 1024K, 6 young (6144K), 6 survivors (6144K)
 Metaspace       used 102725K, capacity 105098K, committed 105252K, reserved 1140736K
  class space    used 12662K, capacity 13547K, committed 13568K, reserved 1048576K
}
Event: 152.088 GC heap before
{Heap before GC invocations=80 (full 0):
 garbage-first heap   total 239616K, used 195081K [0x0000000080000000, 0x0000000100000000)
  region size 1024K, 86 young (88064K), 6 survivors (6144K)
 Metaspace       used 104215K, capacity 106753K, committed 107044K, reserved 1142784K
  class space    used 12824K, capacity 13768K, committed 13824K, reserved 1048576K
}
Event: 152.158 GC heap after
{Heap after GC invocations=81 (full 0):
 garbage-first heap   total 239616K, used 117838K [0x0000000080000000, 0x0000000100000000)
  region size 1024K, 10 young (10240K), 10 survivors (10240K)
 Metaspace       used 104215K, capacity 106753K, committed 107044K, reserved 1142784K
  class space    used 12824K, capacity 13768K, committed 13824K, reserved 1048576K
}
Event: 155.844 GC heap before
{Heap before GC invocations=81 (full 0):
 garbage-first heap   total 239616K, used 199758K [0x0000000080000000, 0x0000000100000000)
  region size 1024K, 88 young (90112K), 10 survivors (10240K)
 Metaspace       used 104458K, capacity 107037K, committed 107300K, reserved 1142784K
  class space    used 12856K, capacity 13809K, committed 13824K, reserved 1048576K
}
Event: 155.975 GC heap after
{Heap after GC invocations=82 (full 0):
 garbage-first heap   total 239616K, used 128165K [0x0000000080000000, 0x0000000100000000)
  region size 1024K, 11 young (11264K), 11 survivors (11264K)
 Metaspace       used 104458K, capacity 107037K, committed 107300K, reserved 1142784K
  class space    used 12856K, capacity 13809K, committed 13824K, reserved 1048576K
}
Event: 157.710 GC heap before
{Heap before GC invocations=82 (full 0):
 garbage-first heap   total 239616K, used 191653K [0x0000000080000000, 0x0000000100000000)
  region size 1024K, 73 young (74752K), 11 survivors (11264K)
 Metaspace       used 104508K, capacity 107113K, committed 107300K, reserved 1142784K
  class space    used 12861K, capacity 13813K, committed 13824K, reserved 1048576K
}
Event: 157.780 GC heap after
{Heap after GC invocations=83 (full 0):
 garbage-first heap   total 239616K, used 128000K [0x0000000080000000, 0x0000000100000000)
  region size 1024K, 3 young (3072K), 3 survivors (3072K)
 Metaspace       used 104508K, capacity 107113K, committed 107300K, reserved 1142784K
  class space    used 12861K, capacity 13813K, committed 13824K, reserved 1048576K
}
Event: 159.371 GC heap before
{Heap before GC invocations=83 (full 0):
 garbage-first heap   total 239616K, used 192512K [0x0000000080000000, 0x0000000100000000)
  region size 1024K, 66 young (67584K), 3 survivors (3072K)
 Metaspace       used 104534K, capacity 107116K, committed 107300K, reserved 1142784K
  class space    used 12861K, capacity 13814K, committed 13824K, reserved 1048576K
}

