# JRE version: OpenJDK Runtime Environment (11.0.8+10) (build 11.0.8+10-b944.6842174)
# Java VM: OpenJDK 64-Bit Server VM (11.0.8+10-b944.6842174, mixed mode, tiered, compressed oops, g1 gc, windows-amd64)
Heap:
 garbage-first heap   total 732160K, used 220672K [0x0000000080000000, 0x0000000100000000)
  region size 1024K, 4 young (4096K), 4 survivors (4096K)
 Metaspace       used 131165K, capacity 134570K, committed 134812K, reserved 1167360K
  class space    used 16167K, capacity 17343K, committed 17356K, reserved 1048576K
GC Heap History (20 events):
Event: 368.200 GC heap after
{Heap after GC invocations=110 (full 0):
 garbage-first heap   total 199680K, used 153008K [0x0000000080000000, 0x0000000100000000)
  region size 1024K, 1 young (1024K), 1 survivors (1024K)
 Metaspace       used 129843K, capacity 133321K, committed 133404K, reserved 1165312K
  class space    used 15958K, capacity 17148K, committed 17228K, reserved 1048576K
}
Event: 368.401 GC heap before
{Heap before GC invocations=110 (full 0):
 garbage-first heap   total 199680K, used 153008K [0x0000000080000000, 0x0000000100000000)
  region size 1024K, 2 young (2048K), 1 survivors (1024K)
 Metaspace       used 129864K, capacity 133321K, committed 133404K, reserved 1165312K
  class space    used 15961K, capacity 17148K, committed 17228K, reserved 1048576K
}
Event: 368.427 GC heap after
{Heap after GC invocations=111 (full 0):
 garbage-first heap   total 199680K, used 153046K [0x0000000080000000, 0x0000000100000000)
  region size 1024K, 1 young (1024K), 1 survivors (1024K)
 Metaspace       used 129864K, capacity 133321K, committed 133404K, reserved 1165312K
  class space    used 15961K, capacity 17148K, committed 17228K, reserved 1048576K
}
Event: 369.114 GC heap before
{Heap before GC invocations=111 (full 0):
 garbage-first heap   total 199680K, used 195030K [0x0000000080000000, 0x0000000100000000)
  region size 1024K, 16 young (16384K), 1 survivors (1024K)
 Metaspace       used 130032K, capacity 133493K, committed 133660K, reserved 1165312K
  class space    used 15972K, capacity 17160K, committed 17228K, reserved 1048576K
}
Event: 369.158 GC heap after
{Heap after GC invocations=112 (full 0):
 garbage-first heap   total 203776K, used 176733K [0x0000000080000000, 0x0000000100000000)
  region size 1024K, 2 young (2048K), 2 survivors (2048K)
 Metaspace       used 130032K, capacity 133493K, committed 133660K, reserved 1165312K
  class space    used 15972K, capacity 17160K, committed 17228K, reserved 1048576K
}
Event: 369.450 GC heap before
{Heap before GC invocations=113 (full 0):
 garbage-first heap   total 203776K, used 184925K [0x0000000080000000, 0x0000000100000000)
  region size 1024K, 9 young (9216K), 2 survivors (2048K)
 Metaspace       used 130034K, capacity 133494K, committed 133660K, reserved 1165312K
  class space    used 15972K, capacity 17160K, committed 17228K, reserved 1048576K
}
Event: 369.480 GC heap after
{Heap after GC invocations=114 (full 0):
 garbage-first heap   total 203776K, used 179855K [0x0000000080000000, 0x0000000100000000)
  region size 1024K, 2 young (2048K), 2 survivors (2048K)
 Metaspace       used 130034K, capacity 133494K, committed 133660K, reserved 1165312K
  class space    used 15972K, capacity 17160K, committed 17228K, reserved 1048576K
}
Event: 369.561 GC heap before
{Heap before GC invocations=114 (full 0):
 garbage-first heap   total 203776K, used 187023K [0x0000000080000000, 0x0000000100000000)
  region size 1024K, 9 young (9216K), 2 survivors (2048K)
 Metaspace       used 130034K, capacity 133494K, committed 133660K, reserved 1165312K
  class space    used 15972K, capacity 17160K, committed 17228K, reserved 1048576K
}
Event: 369.665 GC heap after
{Heap after GC invocations=115 (full 0):
 garbage-first heap   total 203776K, used 166384K [0x0000000080000000, 0x0000000100000000)
  region size 1024K, 2 young (2048K), 2 survivors (2048K)
 Metaspace       used 130034K, capacity 133494K, committed 133660K, reserved 1165312K
  class space    used 15972K, capacity 17160K, committed 17228K, reserved 1048576K
}
Event: 369.756 GC heap before
{Heap before GC invocations=115 (full 0):
 garbage-first heap   total 203776K, used 174576K [0x0000000080000000, 0x0000000100000000)
  region size 1024K, 9 young (9216K), 2 survivors (2048K)
 Metaspace       used 130034K, capacity 133494K, committed 133660K, reserved 1165312K
  class space    used 15972K, capacity 17160K, committed 17228K, reserved 1048576K
}
Event: 369.878 GC heap after
{Heap after GC invocations=116 (full 0):
 garbage-first heap   total 203776K, used 165888K [0x0000000080000000, 0x0000000100000000)
  region size 1024K, 2 young (2048K), 2 survivors (2048K)
 Metaspace       used 130034K, capacity 133494K, committed 133660K, reserved 1165312K
  class space    used 15972K, capacity 17160K, committed 17228K, reserved 1048576K
}
Event: 370.128 GC heap before
{Heap before GC invocations=116 (full 0):
 garbage-first heap   total 203776K, used 173056K [0x0000000080000000, 0x0000000100000000)
  region size 1024K, 9 young (9216K), 2 survivors (2048K)
 Metaspace       used 130724K, capacity 134143K, committed 134300K, reserved 1167360K
  class space    used 16155K, capacity 17334K, committed 17356K, reserved 1048576K
}
Event: 370.189 GC heap after
{Heap after GC invocations=117 (full 0):
 garbage-first heap   total 345088K, used 168960K [0x0000000080000000, 0x0000000100000000)
  region size 1024K, 2 young (2048K), 2 survivors (2048K)
 Metaspace       used 130724K, capacity 134143K, committed 134300K, reserved 1167360K
  class space    used 16155K, capacity 17334K, committed 17356K, reserved 1048576K
}
Event: 372.372 GC heap before
{Heap before GC invocations=118 (full 0):
 garbage-first heap   total 345088K, used 194560K [0x0000000080000000, 0x0000000100000000)
  region size 1024K, 32 young (32768K), 2 survivors (2048K)
 Metaspace       used 130981K, capacity 134359K, committed 134556K, reserved 1167360K
  class space    used 16162K, capacity 17339K, committed 17356K, reserved 1048576K
}
Event: 372.497 GC heap after
{Heap after GC invocations=119 (full 0):
 garbage-first heap   total 345088K, used 182693K [0x0000000080000000, 0x0000000100000000)
  region size 1024K, 4 young (4096K), 4 survivors (4096K)
 Metaspace       used 130981K, capacity 134359K, committed 134556K, reserved 1167360K
  class space    used 16162K, capacity 17339K, committed 17356K, reserved 1048576K
}
Event: 373.434 GC heap before
{Heap before GC invocations=119 (full 0):
 garbage-first heap   total 345088K, used 217509K [0x0000000080000000, 0x0000000100000000)
  region size 1024K, 36 young (36864K), 4 survivors (4096K)
 Metaspace       used 131051K, capacity 134425K, committed 134556K, reserved 1167360K
  class space    used 16162K, capacity 17339K, committed 17356K, reserved 1048576K
}
Event: 373.639 GC heap after
{Heap after GC invocations=120 (full 0):
 garbage-first heap   total 345088K, used 203776K [0x0000000080000000, 0x0000000100000000)
  region size 1024K, 5 young (5120K), 5 survivors (5120K)
 Metaspace       used 131051K, capacity 134425K, committed 134556K, reserved 1167360K
  class space    used 16162K, capacity 17339K, committed 17356K, reserved 1048576K
}
Event: 374.154 GC heap before
{Heap before GC invocations=120 (full 0):
 garbage-first heap   total 345088K, used 224256K [0x0000000080000000, 0x0000000100000000)
  region size 1024K, 25 young (25600K), 5 survivors (5120K)
 Metaspace       used 131103K, capacity 134561K, committed 134812K, reserved 1167360K
  class space    used 16166K, capacity 17341K, committed 17356K, reserved 1048576K
}
Event: 374.300 GC heap after
{Heap after GC invocations=121 (full 0):
 garbage-first heap   total 345088K, used 212480K [0x0000000080000000, 0x0000000100000000)
  region size 1024K, 4 young (4096K), 4 survivors (4096K)
 Metaspace       used 131103K, capacity 134561K, committed 134812K, reserved 1167360K
  class space    used 16166K, capacity 17341K, committed 17356K, reserved 1048576K
}
Event: 375.288 GC heap before
{Heap before GC invocations=121 (full 0):
 garbage-first heap   total 345088K, used 237056K [0x0000000080000000, 0x0000000100000000)
  region size 1024K, 28 young (28672K), 4 survivors (4096K)
 Metaspace       used 131165K, capacity 134570K, committed 134812K, reserved 1167360K
  class space    used 16167K, capacity 17343K, committed 17356K, reserved 1048576K
}

