# JRE version: OpenJDK Runtime Environment (11.0.8+10) (build 11.0.8+10-b944.6842174)
# Java VM: OpenJDK 64-Bit Server VM (11.0.8+10-b944.6842174, mixed mode, tiered, compressed oops, g1 gc, windows-amd64)
Heap:
 garbage-first heap   total 584704K, used 213110K [0x0000000080000000, 0x0000000100000000)
  region size 1024K, 1 young (1024K), 1 survivors (1024K)
 Metaspace       used 110708K, capacity 113576K, committed 113956K, reserved 1148928K
  class space    used 13651K, capacity 14700K, committed 14848K, reserved 1048576K
GC Heap History (20 events):
Event: 1913.052 GC heap after
{Heap after GC invocations=118 (full 0):
 garbage-first heap   total 457728K, used 90660K [0x0000000080000000, 0x0000000100000000)
  region size 1024K, 1 young (1024K), 1 survivors (1024K)
 Metaspace       used 110583K, capacity 113425K, committed 113956K, reserved 1148928K
  class space    used 13649K, capacity 14697K, committed 14848K, reserved 1048576K
}
Event: 1914.543 GC heap before
{Heap before GC invocations=119 (full 0):
 garbage-first heap   total 457728K, used 217636K [0x0000000080000000, 0x0000000100000000)
  region size 1024K, 94 young (96256K), 1 survivors (1024K)
 Metaspace       used 110612K, capacity 113496K, committed 113956K, reserved 1148928K
  class space    used 13649K, capacity 14697K, committed 14848K, reserved 1048576K
}
Event: 1914.847 GC heap after
{Heap after GC invocations=120 (full 0):
 garbage-first heap   total 457728K, used 156280K [0x0000000080000000, 0x0000000100000000)
  region size 1024K, 12 young (12288K), 12 survivors (12288K)
 Metaspace       used 110612K, capacity 113496K, committed 113956K, reserved 1148928K
  class space    used 13649K, capacity 14697K, committed 14848K, reserved 1048576K
}
Event: 1915.015 GC heap before
{Heap before GC invocations=120 (full 0):
 garbage-first heap   total 457728K, used 168568K [0x0000000080000000, 0x0000000100000000)
  region size 1024K, 22 young (22528K), 12 survivors (12288K)
 Metaspace       used 110612K, capacity 113496K, committed 113956K, reserved 1148928K
  class space    used 13649K, capacity 14697K, committed 14848K, reserved 1048576K
}
Event: 1915.266 GC heap after
{Heap after GC invocations=121 (full 0):
 garbage-first heap   total 457728K, used 163840K [0x0000000080000000, 0x0000000100000000)
  region size 1024K, 3 young (3072K), 3 survivors (3072K)
 Metaspace       used 110612K, capacity 113496K, committed 113956K, reserved 1148928K
  class space    used 13649K, capacity 14697K, committed 14848K, reserved 1048576K
}
Event: 1915.476 GC heap before
{Heap before GC invocations=121 (full 0):
 garbage-first heap   total 457728K, used 183296K [0x0000000080000000, 0x0000000100000000)
  region size 1024K, 22 young (22528K), 3 survivors (3072K)
 Metaspace       used 110612K, capacity 113496K, committed 113956K, reserved 1148928K
  class space    used 13649K, capacity 14697K, committed 14848K, reserved 1048576K
}
Event: 1915.548 GC heap after
{Heap after GC invocations=122 (full 0):
 garbage-first heap   total 457728K, used 174080K [0x0000000080000000, 0x0000000100000000)
  region size 1024K, 3 young (3072K), 3 survivors (3072K)
 Metaspace       used 110612K, capacity 113496K, committed 113956K, reserved 1148928K
  class space    used 13649K, capacity 14697K, committed 14848K, reserved 1048576K
}
Event: 1916.576 GC heap before
{Heap before GC invocations=122 (full 0):
 garbage-first heap   total 457728K, used 182272K [0x0000000080000000, 0x0000000100000000)
  region size 1024K, 22 young (22528K), 3 survivors (3072K)
 Metaspace       used 110641K, capacity 113498K, committed 113956K, reserved 1148928K
  class space    used 13649K, capacity 14697K, committed 14848K, reserved 1048576K
}
Event: 1916.662 GC heap after
{Heap after GC invocations=123 (full 0):
 garbage-first heap   total 457728K, used 169472K [0x0000000080000000, 0x0000000100000000)
  region size 1024K, 3 young (3072K), 3 survivors (3072K)
 Metaspace       used 110641K, capacity 113498K, committed 113956K, reserved 1148928K
  class space    used 13649K, capacity 14697K, committed 14848K, reserved 1048576K
}
Event: 1917.206 GC heap before
{Heap before GC invocations=124 (full 0):
 garbage-first heap   total 457728K, used 189952K [0x0000000080000000, 0x0000000100000000)
  region size 1024K, 22 young (22528K), 3 survivors (3072K)
 Metaspace       used 110643K, capacity 113498K, committed 113956K, reserved 1148928K
  class space    used 13649K, capacity 14697K, committed 14848K, reserved 1048576K
}
Event: 1917.319 GC heap after
{Heap after GC invocations=125 (full 0):
 garbage-first heap   total 457728K, used 179200K [0x0000000080000000, 0x0000000100000000)
  region size 1024K, 3 young (3072K), 3 survivors (3072K)
 Metaspace       used 110643K, capacity 113498K, committed 113956K, reserved 1148928K
  class space    used 13649K, capacity 14697K, committed 14848K, reserved 1048576K
}
Event: 1918.134 GC heap before
{Heap before GC invocations=125 (full 0):
 garbage-first heap   total 457728K, used 217088K [0x0000000080000000, 0x0000000100000000)
  region size 1024K, 22 young (22528K), 3 survivors (3072K)
 Metaspace       used 110649K, capacity 113498K, committed 113956K, reserved 1148928K
  class space    used 13649K, capacity 14697K, committed 14848K, reserved 1048576K
}
Event: 1918.200 GC heap after
{Heap after GC invocations=126 (full 0):
 garbage-first heap   total 457728K, used 196096K [0x0000000080000000, 0x0000000100000000)
  region size 1024K, 3 young (3072K), 3 survivors (3072K)
 Metaspace       used 110649K, capacity 113498K, committed 113956K, reserved 1148928K
  class space    used 13649K, capacity 14697K, committed 14848K, reserved 1048576K
}
Event: 1918.295 GC heap before
{Heap before GC invocations=126 (full 0):
 garbage-first heap   total 457728K, used 209408K [0x0000000080000000, 0x0000000100000000)
  region size 1024K, 18 young (18432K), 3 survivors (3072K)
 Metaspace       used 110649K, capacity 113498K, committed 113956K, reserved 1148928K
  class space    used 13649K, capacity 14697K, committed 14848K, reserved 1048576K
}
Event: 1918.319 GC heap after
{Heap after GC invocations=127 (full 0):
 garbage-first heap   total 457728K, used 197875K [0x0000000080000000, 0x0000000100000000)
  region size 1024K, 3 young (3072K), 3 survivors (3072K)
 Metaspace       used 110649K, capacity 113498K, committed 113956K, reserved 1148928K
  class space    used 13649K, capacity 14697K, committed 14848K, reserved 1048576K
}
Event: 1918.974 GC heap before
{Heap before GC invocations=127 (full 0):
 garbage-first heap   total 457728K, used 241907K [0x0000000080000000, 0x0000000100000000)
  region size 1024K, 40 young (40960K), 3 survivors (3072K)
 Metaspace       used 110649K, capacity 113498K, committed 113956K, reserved 1148928K
  class space    used 13649K, capacity 14697K, committed 14848K, reserved 1048576K
}
Event: 1919.004 GC heap after
{Heap after GC invocations=128 (full 0):
 garbage-first heap   total 457728K, used 209139K [0x0000000080000000, 0x0000000100000000)
  region size 1024K, 5 young (5120K), 5 survivors (5120K)
 Metaspace       used 110649K, capacity 113498K, committed 113956K, reserved 1148928K
  class space    used 13649K, capacity 14697K, committed 14848K, reserved 1048576K
}
Event: 1919.323 GC heap before
{Heap before GC invocations=128 (full 0):
 garbage-first heap   total 457728K, used 261363K [0x0000000080000000, 0x0000000100000000)
  region size 1024K, 49 young (50176K), 5 survivors (5120K)
 Metaspace       used 110649K, capacity 113498K, committed 113956K, reserved 1148928K
  class space    used 13649K, capacity 14697K, committed 14848K, reserved 1048576K
}
Event: 1919.369 GC heap after
{Heap after GC invocations=129 (full 0):
 garbage-first heap   total 457728K, used 222623K [0x0000000080000000, 0x0000000100000000)
  region size 1024K, 7 young (7168K), 7 survivors (7168K)
 Metaspace       used 110649K, capacity 113498K, committed 113956K, reserved 1148928K
  class space    used 13649K, capacity 14697K, committed 14848K, reserved 1048576K
}
Event: 2139.746 GC heap before
{Heap before GC invocations=130 (full 0):
 garbage-first heap   total 457728K, used 314783K [0x0000000080000000, 0x0000000100000000)
  region size 1024K, 53 young (54272K), 7 survivors (7168K)
 Metaspace       used 110708K, capacity 113576K, committed 113956K, reserved 1148928K
  class space    used 13651K, capacity 14700K, committed 14848K, reserved 1048576K
}

