# JRE version: OpenJDK Runtime Environment (11.0.8+10) (build 11.0.8+10-b944.6842174)
# Java VM: OpenJDK 64-Bit Server VM (11.0.8+10-b944.6842174, mixed mode, tiered, compressed oops, g1 gc, windows-amd64)
Heap:
 garbage-first heap   total 724992K, used 173056K [0x0000000080000000, 0x0000000100000000)
  region size 1024K, 3 young (3072K), 3 survivors (3072K)
 Metaspace       used 84105K, capacity 86236K, committed 86308K, reserved 1124352K
  class space    used 10995K, capacity 11743K, committed 11776K, reserved 1048576K
GC Heap History (20 events):
Event: 54.974 GC heap after
{Heap after GC invocations=38 (full 0):
 garbage-first heap   total 199680K, used 107887K [0x0000000080000000, 0x0000000100000000)
  region size 1024K, 2 young (2048K), 2 survivors (2048K)
 Metaspace       used 80915K, capacity 82888K, committed 83108K, reserved 1122304K
  class space    used 10603K, capacity 11285K, committed 11392K, reserved 1048576K
}
Event: 55.923 GC heap before
{Heap before GC invocations=39 (full 0):
 garbage-first heap   total 199680K, used 115055K [0x0000000080000000, 0x0000000100000000)
  region size 1024K, 9 young (9216K), 2 survivors (2048K)
 Metaspace       used 81569K, capacity 83554K, committed 83620K, reserved 1122304K
  class space    used 10661K, capacity 11331K, committed 11392K, reserved 1048576K
}
Event: 55.964 GC heap after
{Heap after GC invocations=40 (full 0):
 garbage-first heap   total 199680K, used 112229K [0x0000000080000000, 0x0000000100000000)
  region size 1024K, 2 young (2048K), 2 survivors (2048K)
 Metaspace       used 81569K, capacity 83554K, committed 83620K, reserved 1122304K
  class space    used 10661K, capacity 11331K, committed 11392K, reserved 1048576K
}
Event: 56.280 GC heap before
{Heap before GC invocations=40 (full 0):
 garbage-first heap   total 199680K, used 121445K [0x0000000080000000, 0x0000000100000000)
  region size 1024K, 11 young (11264K), 2 survivors (2048K)
 Metaspace       used 81624K, capacity 83556K, committed 83620K, reserved 1122304K
  class space    used 10661K, capacity 11331K, committed 11392K, reserved 1048576K
}
Event: 56.323 GC heap after
{Heap after GC invocations=41 (full 0):
 garbage-first heap   total 244736K, used 118070K [0x0000000080000000, 0x0000000100000000)
  region size 1024K, 2 young (2048K), 2 survivors (2048K)
 Metaspace       used 81624K, capacity 83556K, committed 83620K, reserved 1122304K
  class space    used 10661K, capacity 11331K, committed 11392K, reserved 1048576K
}
Event: 57.404 GC heap before
{Heap before GC invocations=42 (full 0):
 garbage-first heap   total 244736K, used 127286K [0x0000000080000000, 0x0000000100000000)
  region size 1024K, 11 young (11264K), 2 survivors (2048K)
 Metaspace       used 81633K, capacity 83559K, committed 83620K, reserved 1122304K
  class space    used 10662K, capacity 11332K, committed 11392K, reserved 1048576K
}
Event: 57.450 GC heap after
{Heap after GC invocations=43 (full 0):
 garbage-first heap   total 244736K, used 123421K [0x0000000080000000, 0x0000000100000000)
  region size 1024K, 2 young (2048K), 2 survivors (2048K)
 Metaspace       used 81633K, capacity 83559K, committed 83620K, reserved 1122304K
  class space    used 10662K, capacity 11332K, committed 11392K, reserved 1048576K
}
Event: 57.774 GC heap before
{Heap before GC invocations=43 (full 0):
 garbage-first heap   total 244736K, used 135709K [0x0000000080000000, 0x0000000100000000)
  region size 1024K, 14 young (14336K), 2 survivors (2048K)
 Metaspace       used 81648K, capacity 83623K, committed 83876K, reserved 1122304K
  class space    used 10662K, capacity 11332K, committed 11392K, reserved 1048576K
}
Event: 57.821 GC heap after
{Heap after GC invocations=44 (full 0):
 garbage-first heap   total 244736K, used 131019K [0x0000000080000000, 0x0000000100000000)
  region size 1024K, 2 young (2048K), 2 survivors (2048K)
 Metaspace       used 81648K, capacity 83623K, committed 83876K, reserved 1122304K
  class space    used 10662K, capacity 11332K, committed 11392K, reserved 1048576K
}
Event: 59.352 GC heap before
{Heap before GC invocations=45 (full 0):
 garbage-first heap   total 244736K, used 144331K [0x0000000080000000, 0x0000000100000000)
  region size 1024K, 16 young (16384K), 2 survivors (2048K)
 Metaspace       used 81704K, capacity 83626K, committed 83876K, reserved 1122304K
  class space    used 10662K, capacity 11332K, committed 11392K, reserved 1048576K
}
Event: 59.420 GC heap after
{Heap after GC invocations=46 (full 0):
 garbage-first heap   total 244736K, used 139520K [0x0000000080000000, 0x0000000100000000)
  region size 1024K, 2 young (2048K), 2 survivors (2048K)
 Metaspace       used 81704K, capacity 83626K, committed 83876K, reserved 1122304K
  class space    used 10662K, capacity 11332K, committed 11392K, reserved 1048576K
}
Event: 59.601 GC heap before
{Heap before GC invocations=46 (full 0):
 garbage-first heap   total 244736K, used 146688K [0x0000000080000000, 0x0000000100000000)
  region size 1024K, 10 young (10240K), 2 survivors (2048K)
 Metaspace       used 81704K, capacity 83626K, committed 83876K, reserved 1122304K
  class space    used 10662K, capacity 11332K, committed 11392K, reserved 1048576K
}
Event: 59.650 GC heap after
{Heap after GC invocations=47 (full 0):
 garbage-first heap   total 450560K, used 144384K [0x0000000080000000, 0x0000000100000000)
  region size 1024K, 3 young (3072K), 3 survivors (3072K)
 Metaspace       used 81704K, capacity 83626K, committed 83876K, reserved 1122304K
  class space    used 10662K, capacity 11332K, committed 11392K, reserved 1048576K
}
Event: 61.642 GC heap before
{Heap before GC invocations=48 (full 0):
 garbage-first heap   total 450560K, used 164864K [0x0000000080000000, 0x0000000100000000)
  region size 1024K, 22 young (22528K), 3 survivors (3072K)
 Metaspace       used 82786K, capacity 84790K, committed 85028K, reserved 1122304K
  class space    used 10814K, capacity 11505K, committed 11520K, reserved 1048576K
}
Event: 61.718 GC heap after
{Heap after GC invocations=49 (full 0):
 garbage-first heap   total 450560K, used 155474K [0x0000000080000000, 0x0000000100000000)
  region size 1024K, 3 young (3072K), 3 survivors (3072K)
 Metaspace       used 82786K, capacity 84790K, committed 85028K, reserved 1122304K
  class space    used 10814K, capacity 11505K, committed 11520K, reserved 1048576K
}
Event: 62.712 GC heap before
{Heap before GC invocations=49 (full 0):
 garbage-first heap   total 450560K, used 174930K [0x0000000080000000, 0x0000000100000000)
  region size 1024K, 22 young (22528K), 3 survivors (3072K)
 Metaspace       used 83811K, capacity 85921K, committed 86052K, reserved 1124352K
  class space    used 10969K, capacity 11726K, committed 11776K, reserved 1048576K
}
Event: 62.804 GC heap after
{Heap after GC invocations=50 (full 0):
 garbage-first heap   total 450560K, used 159744K [0x0000000080000000, 0x0000000100000000)
  region size 1024K, 3 young (3072K), 3 survivors (3072K)
 Metaspace       used 83811K, capacity 85921K, committed 86052K, reserved 1124352K
  class space    used 10969K, capacity 11726K, committed 11776K, reserved 1048576K
}
Event: 63.625 GC heap before
{Heap before GC invocations=50 (full 0):
 garbage-first heap   total 450560K, used 179200K [0x0000000080000000, 0x0000000100000000)
  region size 1024K, 22 young (22528K), 3 survivors (3072K)
 Metaspace       used 84098K, capacity 86236K, committed 86308K, reserved 1124352K
  class space    used 10995K, capacity 11743K, committed 11776K, reserved 1048576K
}
Event: 63.727 GC heap after
{Heap after GC invocations=51 (full 0):
 garbage-first heap   total 450560K, used 165843K [0x0000000080000000, 0x0000000100000000)
  region size 1024K, 3 young (3072K), 3 survivors (3072K)
 Metaspace       used 84098K, capacity 86236K, committed 86308K, reserved 1124352K
  class space    used 10995K, capacity 11743K, committed 11776K, reserved 1048576K
}
Event: 64.498 GC heap before
{Heap before GC invocations=51 (full 0):
 garbage-first heap   total 450560K, used 187347K [0x0000000080000000, 0x0000000100000000)
  region size 1024K, 24 young (24576K), 3 survivors (3072K)
 Metaspace       used 84105K, capacity 86236K, committed 86308K, reserved 1124352K
  class space    used 10995K, capacity 11743K, committed 11776K, reserved 1048576K
}

