# JRE version: OpenJDK Runtime Environment (11.0.8+10) (build 11.0.8+10-b944.6842174)
# Java VM: OpenJDK 64-Bit Server VM (11.0.8+10-b944.6842174, mixed mode, tiered, compressed oops, g1 gc, windows-amd64)
Heap:
 garbage-first heap   total 868352K, used 200704K [0x0000000080000000, 0x0000000100000000)
  region size 1024K, 4 young (4096K), 4 survivors (4096K)
 Metaspace       used 118532K, capacity 121490K, committed 121596K, reserved 1155072K
  class space    used 14394K, capacity 15446K, committed 15488K, reserved 1048576K
GC Heap History (20 events):
Event: 11006.799 GC heap after
{Heap after GC invocations=168 (full 0):
 garbage-first heap   total 600064K, used 455770K [0x0000000080000000, 0x0000000100000000)
  region size 1024K, 4 young (4096K), 4 survivors (4096K)
 Metaspace       used 118360K, capacity 121166K, committed 121340K, reserved 1155072K
  class space    used 14391K, capacity 15441K, committed 15488K, reserved 1048576K
}
Event: 11011.437 GC heap before
{Heap before GC invocations=168 (full 0):
 garbage-first heap   total 600064K, used 483418K [0x0000000080000000, 0x0000000100000000)
  region size 1024K, 31 young (31744K), 4 survivors (4096K)
 Metaspace       used 118464K, capacity 121298K, committed 121596K, reserved 1155072K
  class space    used 14391K, capacity 15441K, committed 15488K, reserved 1048576K
}
Event: 11011.791 GC heap after
{Heap after GC invocations=169 (full 0):
 garbage-first heap   total 600064K, used 461008K [0x0000000080000000, 0x0000000100000000)
  region size 1024K, 4 young (4096K), 4 survivors (4096K)
 Metaspace       used 118464K, capacity 121298K, committed 121596K, reserved 1155072K
  class space    used 14391K, capacity 15441K, committed 15488K, reserved 1048576K
}
Event: 11015.494 GC heap before
{Heap before GC invocations=169 (full 0):
 garbage-first heap   total 600064K, used 491728K [0x0000000080000000, 0x0000000100000000)
  region size 1024K, 29 young (29696K), 4 survivors (4096K)
 Metaspace       used 118498K, capacity 121369K, committed 121596K, reserved 1155072K
  class space    used 14392K, capacity 15443K, committed 15488K, reserved 1048576K
}
Event: 11015.702 GC heap after
{Heap after GC invocations=170 (full 0):
 garbage-first heap   total 600064K, used 467713K [0x0000000080000000, 0x0000000100000000)
  region size 1024K, 4 young (4096K), 4 survivors (4096K)
 Metaspace       used 118498K, capacity 121369K, committed 121596K, reserved 1155072K
  class space    used 14392K, capacity 15443K, committed 15488K, reserved 1048576K
}
Event: 11018.462 GC heap before
{Heap before GC invocations=170 (full 0):
 garbage-first heap   total 600064K, used 492289K [0x0000000080000000, 0x0000000100000000)
  region size 1024K, 29 young (29696K), 4 survivors (4096K)
 Metaspace       used 118510K, capacity 121371K, committed 121596K, reserved 1155072K
  class space    used 14392K, capacity 15443K, committed 15488K, reserved 1048576K
}
Event: 11018.857 GC heap after
{Heap after GC invocations=171 (full 0):
 garbage-first heap   total 600064K, used 476160K [0x0000000080000000, 0x0000000100000000)
  region size 1024K, 4 young (4096K), 4 survivors (4096K)
 Metaspace       used 118510K, capacity 121371K, committed 121596K, reserved 1155072K
  class space    used 14392K, capacity 15443K, committed 15488K, reserved 1048576K
}
Event: 11021.456 GC heap before
{Heap before GC invocations=171 (full 0):
 garbage-first heap   total 600064K, used 501760K [0x0000000080000000, 0x0000000100000000)
  region size 1024K, 29 young (29696K), 4 survivors (4096K)
 Metaspace       used 118514K, capacity 121371K, committed 121596K, reserved 1155072K
  class space    used 14392K, capacity 15443K, committed 15488K, reserved 1048576K
}
Event: 11021.759 GC heap after
{Heap after GC invocations=172 (full 0):
 garbage-first heap   total 600064K, used 477271K [0x0000000080000000, 0x0000000100000000)
  region size 1024K, 1 young (1024K), 1 survivors (1024K)
 Metaspace       used 118514K, capacity 121371K, committed 121596K, reserved 1155072K
  class space    used 14392K, capacity 15443K, committed 15488K, reserved 1048576K
}
Event: 11025.301 GC heap before
{Heap before GC invocations=172 (full 0):
 garbage-first heap   total 600064K, used 505943K [0x0000000080000000, 0x0000000100000000)
  region size 1024K, 29 young (29696K), 1 survivors (1024K)
 Metaspace       used 118524K, capacity 121435K, committed 121596K, reserved 1155072K
  class space    used 14392K, capacity 15443K, committed 15488K, reserved 1048576K
}
Event: 11025.394 GC heap after
{Heap after GC invocations=173 (full 0):
 garbage-first heap   total 600064K, used 477755K [0x0000000080000000, 0x0000000100000000)
  region size 1024K, 2 young (2048K), 2 survivors (2048K)
 Metaspace       used 118524K, capacity 121435K, committed 121596K, reserved 1155072K
  class space    used 14392K, capacity 15443K, committed 15488K, reserved 1048576K
}
Event: 11030.723 GC heap before
{Heap before GC invocations=173 (full 0):
 garbage-first heap   total 600064K, used 531003K [0x0000000080000000, 0x0000000100000000)
  region size 1024K, 25 young (25600K), 2 survivors (2048K)
 Metaspace       used 118551K, capacity 121529K, committed 121596K, reserved 1155072K
  class space    used 14398K, capacity 15453K, committed 15488K, reserved 1048576K
}
Event: 11031.123 GC heap after
{Heap after GC invocations=174 (full 0):
 garbage-first heap   total 600064K, used 501070K [0x0000000080000000, 0x0000000100000000)
  region size 1024K, 4 young (4096K), 4 survivors (4096K)
 Metaspace       used 118551K, capacity 121529K, committed 121596K, reserved 1155072K
  class space    used 14398K, capacity 15453K, committed 15488K, reserved 1048576K
}
Event: 11046.195 GC heap before
{Heap before GC invocations=175 (full 0):
 garbage-first heap   total 600064K, used 228686K [0x0000000080000000, 0x0000000100000000)
  region size 1024K, 29 young (29696K), 4 survivors (4096K)
 Metaspace       used 118527K, capacity 121490K, committed 121596K, reserved 1155072K
  class space    used 14394K, capacity 15446K, committed 15488K, reserved 1048576K
}
Event: 11046.882 GC heap after
{Heap after GC invocations=176 (full 0):
 garbage-first heap   total 600064K, used 212509K [0x0000000080000000, 0x0000000100000000)
  region size 1024K, 4 young (4096K), 4 survivors (4096K)
 Metaspace       used 118527K, capacity 121490K, committed 121596K, reserved 1155072K
  class space    used 14394K, capacity 15446K, committed 15488K, reserved 1048576K
}
Event: 11056.874 GC heap before
{Heap before GC invocations=176 (full 0):
 garbage-first heap   total 600064K, used 237085K [0x0000000080000000, 0x0000000100000000)
  region size 1024K, 29 young (29696K), 4 survivors (4096K)
 Metaspace       used 118529K, capacity 121490K, committed 121596K, reserved 1155072K
  class space    used 14394K, capacity 15446K, committed 15488K, reserved 1048576K
}
Event: 11057.679 GC heap after
{Heap after GC invocations=177 (full 0):
 garbage-first heap   total 600064K, used 208384K [0x0000000080000000, 0x0000000100000000)
  region size 1024K, 4 young (4096K), 4 survivors (4096K)
 Metaspace       used 118529K, capacity 121490K, committed 121596K, reserved 1155072K
  class space    used 14394K, capacity 15446K, committed 15488K, reserved 1048576K
}
Event: 11074.149 GC heap before
{Heap before GC invocations=177 (full 0):
 garbage-first heap   total 600064K, used 232960K [0x0000000080000000, 0x0000000100000000)
  region size 1024K, 29 young (29696K), 4 survivors (4096K)
 Metaspace       used 118529K, capacity 121490K, committed 121596K, reserved 1155072K
  class space    used 14394K, capacity 15446K, committed 15488K, reserved 1048576K
}
Event: 11075.058 GC heap after
{Heap after GC invocations=178 (full 0):
 garbage-first heap   total 600064K, used 204288K [0x0000000080000000, 0x0000000100000000)
  region size 1024K, 4 young (4096K), 4 survivors (4096K)
 Metaspace       used 118529K, capacity 121490K, committed 121596K, reserved 1155072K
  class space    used 14394K, capacity 15446K, committed 15488K, reserved 1048576K
}
Event: 11083.136 GC heap before
{Heap before GC invocations=178 (full 0):
 garbage-first heap   total 600064K, used 230912K [0x0000000080000000, 0x0000000100000000)
  region size 1024K, 29 young (29696K), 4 survivors (4096K)
 Metaspace       used 118532K, capacity 121490K, committed 121596K, reserved 1155072K
  class space    used 14394K, capacity 15446K, committed 15488K, reserved 1048576K
}

