# JRE version: OpenJDK Runtime Environment (11.0.8+10) (build 11.0.8+10-b944.6842174)
# Java VM: OpenJDK 64-Bit Server VM (11.0.8+10-b944.6842174, mixed mode, tiered, compressed oops, g1 gc, windows-amd64)
Heap:
 garbage-first heap   total 496640K, used 220160K [0x0000000080000000, 0x0000000100000000)
  region size 1024K, 2 young (2048K), 2 survivors (2048K)
 Metaspace       used 97177K, capacity 99477K, committed 99708K, reserved 1136640K
  class space    used 12614K, capacity 13500K, committed 13568K, reserved 1048576K
GC Heap History (20 events):
Event: 108.722 GC heap after
{Heap after GC invocations=82 (full 0):
 garbage-first heap   total 165888K, used 128000K [0x0000000080000000, 0x0000000100000000)
  region size 1024K, 3 young (3072K), 3 survivors (3072K)
 Metaspace       used 90542K, capacity 92690K, committed 92924K, reserved 1130496K
  class space    used 11786K, capacity 12555K, committed 12672K, reserved 1048576K
}
Event: 109.895 GC heap before
{Heap before GC invocations=83 (full 0):
 garbage-first heap   total 165888K, used 137216K [0x0000000080000000, 0x0000000100000000)
  region size 1024K, 12 young (12288K), 3 survivors (3072K)
 Metaspace       used 90544K, capacity 92690K, committed 92924K, reserved 1130496K
  class space    used 11786K, capacity 12555K, committed 12672K, reserved 1048576K
}
Event: 109.956 GC heap after
{Heap after GC invocations=84 (full 0):
 garbage-first heap   total 261120K, used 133632K [0x0000000080000000, 0x0000000100000000)
  region size 1024K, 2 young (2048K), 2 survivors (2048K)
 Metaspace       used 90544K, capacity 92690K, committed 92924K, reserved 1130496K
  class space    used 11786K, capacity 12555K, committed 12672K, reserved 1048576K
}
Event: 110.264 GC heap before
{Heap before GC invocations=84 (full 0):
 garbage-first heap   total 261120K, used 143872K [0x0000000080000000, 0x0000000100000000)
  region size 1024K, 12 young (12288K), 2 survivors (2048K)
 Metaspace       used 90561K, capacity 92692K, committed 92924K, reserved 1130496K
  class space    used 11786K, capacity 12555K, committed 12672K, reserved 1048576K
}
Event: 110.320 GC heap after
{Heap after GC invocations=85 (full 0):
 garbage-first heap   total 261120K, used 139776K [0x0000000080000000, 0x0000000100000000)
  region size 1024K, 2 young (2048K), 2 survivors (2048K)
 Metaspace       used 90561K, capacity 92692K, committed 92924K, reserved 1130496K
  class space    used 11786K, capacity 12555K, committed 12672K, reserved 1048576K
}
Event: 111.853 GC heap before
{Heap before GC invocations=85 (full 0):
 garbage-first heap   total 261120K, used 174592K [0x0000000080000000, 0x0000000100000000)
  region size 1024K, 34 young (34816K), 2 survivors (2048K)
 Metaspace       used 90573K, capacity 92693K, committed 92924K, reserved 1130496K
  class space    used 11786K, capacity 12555K, committed 12672K, reserved 1048576K
}
Event: 111.972 GC heap after
{Heap after GC invocations=86 (full 0):
 garbage-first heap   total 261120K, used 161280K [0x0000000080000000, 0x0000000100000000)
  region size 1024K, 5 young (5120K), 5 survivors (5120K)
 Metaspace       used 90573K, capacity 92693K, committed 92924K, reserved 1130496K
  class space    used 11786K, capacity 12555K, committed 12672K, reserved 1048576K
}
Event: 116.104 GC heap before
{Heap before GC invocations=87 (full 0):
 garbage-first heap   total 261120K, used 188928K [0x0000000080000000, 0x0000000100000000)
  region size 1024K, 31 young (31744K), 5 survivors (5120K)
 Metaspace       used 92766K, capacity 95029K, committed 95356K, reserved 1132544K
  class space    used 12103K, capacity 12960K, committed 13056K, reserved 1048576K
}
Event: 116.198 GC heap after
{Heap after GC invocations=88 (full 0):
 garbage-first heap   total 261120K, used 166400K [0x0000000080000000, 0x0000000100000000)
  region size 1024K, 4 young (4096K), 4 survivors (4096K)
 Metaspace       used 92766K, capacity 95029K, committed 95356K, reserved 1132544K
  class space    used 12103K, capacity 12960K, committed 13056K, reserved 1048576K
}
Event: 118.358 GC heap before
{Heap before GC invocations=88 (full 0):
 garbage-first heap   total 261120K, used 194048K [0x0000000080000000, 0x0000000100000000)
  region size 1024K, 31 young (31744K), 4 survivors (4096K)
 Metaspace       used 92968K, capacity 95245K, committed 95356K, reserved 1132544K
  class space    used 12119K, capacity 12966K, committed 13056K, reserved 1048576K
}
Event: 118.528 GC heap after
{Heap after GC invocations=89 (full 0):
 garbage-first heap   total 394240K, used 175104K [0x0000000080000000, 0x0000000100000000)
  region size 1024K, 4 young (4096K), 4 survivors (4096K)
 Metaspace       used 92968K, capacity 95245K, committed 95356K, reserved 1132544K
  class space    used 12119K, capacity 12966K, committed 13056K, reserved 1048576K
}
Event: 120.337 GC heap before
{Heap before GC invocations=89 (full 0):
 garbage-first heap   total 394240K, used 203776K [0x0000000080000000, 0x0000000100000000)
  region size 1024K, 22 young (22528K), 4 survivors (4096K)
 Metaspace       used 93021K, capacity 95348K, committed 95612K, reserved 1132544K
  class space    used 12123K, capacity 12998K, committed 13056K, reserved 1048576K
}
Event: 120.405 GC heap after
{Heap after GC invocations=90 (full 0):
 garbage-first heap   total 394240K, used 187392K [0x0000000080000000, 0x0000000100000000)
  region size 1024K, 3 young (3072K), 3 survivors (3072K)
 Metaspace       used 93021K, capacity 95348K, committed 95612K, reserved 1132544K
  class space    used 12123K, capacity 12998K, committed 13056K, reserved 1048576K
}
Event: 122.381 GC heap before
{Heap before GC invocations=90 (full 0):
 garbage-first heap   total 394240K, used 229376K [0x0000000080000000, 0x0000000100000000)
  region size 1024K, 36 young (36864K), 3 survivors (3072K)
 Metaspace       used 93382K, capacity 95688K, committed 95868K, reserved 1132544K
  class space    used 12156K, capacity 13022K, committed 13056K, reserved 1048576K
}
Event: 122.431 GC heap after
{Heap after GC invocations=91 (full 0):
 garbage-first heap   total 394240K, used 200832K [0x0000000080000000, 0x0000000100000000)
  region size 1024K, 4 young (4096K), 4 survivors (4096K)
 Metaspace       used 93382K, capacity 95688K, committed 95868K, reserved 1132544K
  class space    used 12156K, capacity 13022K, committed 13056K, reserved 1048576K
}
Event: 123.554 GC heap before
{Heap before GC invocations=91 (full 0):
 garbage-first heap   total 394240K, used 246912K [0x0000000080000000, 0x0000000100000000)
  region size 1024K, 43 young (44032K), 4 survivors (4096K)
 Metaspace       used 93536K, capacity 95801K, committed 95868K, reserved 1132544K
  class space    used 12177K, capacity 13036K, committed 13056K, reserved 1048576K
}
Event: 123.614 GC heap after
{Heap after GC invocations=92 (full 0):
 garbage-first heap   total 394240K, used 212531K [0x0000000080000000, 0x0000000100000000)
  region size 1024K, 6 young (6144K), 6 survivors (6144K)
 Metaspace       used 93536K, capacity 95801K, committed 95868K, reserved 1132544K
  class space    used 12177K, capacity 13036K, committed 13056K, reserved 1048576K
}
Event: 125.529 GC heap before
{Heap before GC invocations=92 (full 0):
 garbage-first heap   total 394240K, used 278067K [0x0000000080000000, 0x0000000100000000)
  region size 1024K, 60 young (61440K), 6 survivors (6144K)
 Metaspace       used 93698K, capacity 96038K, committed 96252K, reserved 1132544K
  class space    used 12181K, capacity 13072K, committed 13184K, reserved 1048576K
}
Event: 125.582 GC heap after
{Heap after GC invocations=93 (full 0):
 garbage-first heap   total 394240K, used 227497K [0x0000000080000000, 0x0000000100000000)
  region size 1024K, 5 young (5120K), 5 survivors (5120K)
 Metaspace       used 93698K, capacity 96038K, committed 96252K, reserved 1132544K
  class space    used 12181K, capacity 13072K, committed 13184K, reserved 1048576K
}
Event: 130.098 GC heap before
{Heap before GC invocations=93 (full 0):
 garbage-first heap   total 394240K, used 307369K [0x0000000080000000, 0x0000000100000000)
  region size 1024K, 66 young (67584K), 5 survivors (5120K)
 Metaspace       used 97177K, capacity 99477K, committed 99708K, reserved 1136640K
  class space    used 12614K, capacity 13500K, committed 13568K, reserved 1048576K
}

