# JRE version: OpenJDK Runtime Environment (11.0.8+10) (build 11.0.8+10-b944.6842174)
# Java VM: OpenJDK 64-Bit Server VM (11.0.8+10-b944.6842174, mixed mode, tiered, compressed oops, g1 gc, windows-amd64)
Heap:
 garbage-first heap   total 513024K, used 229948K [0x0000000080000000, 0x0000000100000000)
  region size 1024K, 3 young (3072K), 3 survivors (3072K)
 Metaspace       used 108362K, capacity 110952K, committed 111228K, reserved 1146880K
  class space    used 13592K, capacity 14566K, committed 14592K, reserved 1048576K
GC Heap History (20 events):
Event: 199.329 GC heap after
{Heap after GC invocations=79 (full 0):
 garbage-first heap   total 268288K, used 145408K [0x0000000080000000, 0x0000000100000000)
  region size 1024K, 2 young (2048K), 2 survivors (2048K)
 Metaspace       used 108177K, capacity 110716K, committed 110972K, reserved 1146880K
  class space    used 13582K, capacity 14555K, committed 14592K, reserved 1048576K
}
Event: 199.683 GC heap before
{Heap before GC invocations=79 (full 0):
 garbage-first heap   total 268288K, used 155648K [0x0000000080000000, 0x0000000100000000)
  region size 1024K, 13 young (13312K), 2 survivors (2048K)
 Metaspace       used 108186K, capacity 110717K, committed 110972K, reserved 1146880K
  class space    used 13582K, capacity 14555K, committed 14592K, reserved 1048576K
}
Event: 199.727 GC heap after
{Heap after GC invocations=80 (full 0):
 garbage-first heap   total 268288K, used 152064K [0x0000000080000000, 0x0000000100000000)
  region size 1024K, 2 young (2048K), 2 survivors (2048K)
 Metaspace       used 108186K, capacity 110717K, committed 110972K, reserved 1146880K
  class space    used 13582K, capacity 14555K, committed 14592K, reserved 1048576K
}
Event: 200.065 GC heap before
{Heap before GC invocations=80 (full 0):
 garbage-first heap   total 268288K, used 163328K [0x0000000080000000, 0x0000000100000000)
  region size 1024K, 13 young (13312K), 2 survivors (2048K)
 Metaspace       used 108199K, capacity 110718K, committed 110972K, reserved 1146880K
  class space    used 13582K, capacity 14555K, committed 14592K, reserved 1048576K
}
Event: 200.115 GC heap after
{Heap after GC invocations=81 (full 0):
 garbage-first heap   total 268288K, used 158720K [0x0000000080000000, 0x0000000100000000)
  region size 1024K, 2 young (2048K), 2 survivors (2048K)
 Metaspace       used 108199K, capacity 110718K, committed 110972K, reserved 1146880K
  class space    used 13582K, capacity 14555K, committed 14592K, reserved 1048576K
}
Event: 200.517 GC heap before
{Heap before GC invocations=81 (full 0):
 garbage-first heap   total 268288K, used 174080K [0x0000000080000000, 0x0000000100000000)
  region size 1024K, 17 young (17408K), 2 survivors (2048K)
 Metaspace       used 108200K, capacity 110718K, committed 110972K, reserved 1146880K
  class space    used 13582K, capacity 14555K, committed 14592K, reserved 1048576K
}
Event: 200.597 GC heap after
{Heap after GC invocations=82 (full 0):
 garbage-first heap   total 268288K, used 167936K [0x0000000080000000, 0x0000000100000000)
  region size 1024K, 3 young (3072K), 3 survivors (3072K)
 Metaspace       used 108200K, capacity 110718K, committed 110972K, reserved 1146880K
  class space    used 13582K, capacity 14555K, committed 14592K, reserved 1048576K
}
Event: 201.184 GC heap before
{Heap before GC invocations=82 (full 0):
 garbage-first heap   total 268288K, used 188416K [0x0000000080000000, 0x0000000100000000)
  region size 1024K, 21 young (21504K), 3 survivors (3072K)
 Metaspace       used 108250K, capacity 110790K, committed 110972K, reserved 1146880K
  class space    used 13587K, capacity 14557K, committed 14592K, reserved 1048576K
}
Event: 201.272 GC heap after
{Heap after GC invocations=83 (full 0):
 garbage-first heap   total 268288K, used 179712K [0x0000000080000000, 0x0000000100000000)
  region size 1024K, 3 young (3072K), 3 survivors (3072K)
 Metaspace       used 108250K, capacity 110790K, committed 110972K, reserved 1146880K
  class space    used 13587K, capacity 14557K, committed 14592K, reserved 1048576K
}
Event: 201.668 GC heap before
{Heap before GC invocations=83 (full 0):
 garbage-first heap   total 268288K, used 189952K [0x0000000080000000, 0x0000000100000000)
  region size 1024K, 13 young (13312K), 3 survivors (3072K)
 Metaspace       used 108259K, capacity 110797K, committed 110972K, reserved 1146880K
  class space    used 13588K, capacity 14559K, committed 14592K, reserved 1048576K
}
Event: 201.724 GC heap after
{Heap after GC invocations=84 (full 0):
 garbage-first heap   total 268288K, used 182784K [0x0000000080000000, 0x0000000100000000)
  region size 1024K, 2 young (2048K), 2 survivors (2048K)
 Metaspace       used 108259K, capacity 110797K, committed 110972K, reserved 1146880K
  class space    used 13588K, capacity 14559K, committed 14592K, reserved 1048576K
}
Event: 202.289 GC heap before
{Heap before GC invocations=84 (full 0):
 garbage-first heap   total 268288K, used 197120K [0x0000000080000000, 0x0000000100000000)
  region size 1024K, 15 young (15360K), 2 survivors (2048K)
 Metaspace       used 108296K, capacity 110861K, committed 110972K, reserved 1146880K
  class space    used 13588K, capacity 14559K, committed 14592K, reserved 1048576K
}
Event: 202.354 GC heap after
{Heap after GC invocations=85 (full 0):
 garbage-first heap   total 322560K, used 187389K [0x0000000080000000, 0x0000000100000000)
  region size 1024K, 2 young (2048K), 2 survivors (2048K)
 Metaspace       used 108296K, capacity 110861K, committed 110972K, reserved 1146880K
  class space    used 13588K, capacity 14559K, committed 14592K, reserved 1048576K
}
Event: 203.155 GC heap before
{Heap before GC invocations=85 (full 0):
 garbage-first heap   total 322560K, used 206845K [0x0000000080000000, 0x0000000100000000)
  region size 1024K, 21 young (21504K), 2 survivors (2048K)
 Metaspace       used 108312K, capacity 110861K, committed 110972K, reserved 1146880K
  class space    used 13588K, capacity 14559K, committed 14592K, reserved 1048576K
}
Event: 203.239 GC heap after
{Heap after GC invocations=86 (full 0):
 garbage-first heap   total 322560K, used 193792K [0x0000000080000000, 0x0000000100000000)
  region size 1024K, 3 young (3072K), 3 survivors (3072K)
 Metaspace       used 108312K, capacity 110861K, committed 110972K, reserved 1146880K
  class space    used 13588K, capacity 14559K, committed 14592K, reserved 1048576K
}
Event: 203.994 GC heap before
{Heap before GC invocations=86 (full 0):
 garbage-first heap   total 322560K, used 218368K [0x0000000080000000, 0x0000000100000000)
  region size 1024K, 20 young (20480K), 3 survivors (3072K)
 Metaspace       used 108317K, capacity 110862K, committed 110972K, reserved 1146880K
  class space    used 13588K, capacity 14559K, committed 14592K, reserved 1048576K
}
Event: 204.078 GC heap after
{Heap after GC invocations=87 (full 0):
 garbage-first heap   total 322560K, used 206219K [0x0000000080000000, 0x0000000100000000)
  region size 1024K, 3 young (3072K), 3 survivors (3072K)
 Metaspace       used 108317K, capacity 110862K, committed 110972K, reserved 1146880K
  class space    used 13588K, capacity 14559K, committed 14592K, reserved 1048576K
}
Event: 205.439 GC heap before
{Heap before GC invocations=87 (full 0):
 garbage-first heap   total 322560K, used 240011K [0x0000000080000000, 0x0000000100000000)
  region size 1024K, 25 young (25600K), 3 survivors (3072K)
 Metaspace       used 108335K, capacity 110866K, committed 110972K, reserved 1146880K
  class space    used 13588K, capacity 14559K, committed 14592K, reserved 1048576K
}
Event: 205.479 GC heap after
{Heap after GC invocations=88 (full 0):
 garbage-first heap   total 322560K, used 221996K [0x0000000080000000, 0x0000000100000000)
  region size 1024K, 4 young (4096K), 4 survivors (4096K)
 Metaspace       used 108335K, capacity 110866K, committed 110972K, reserved 1146880K
  class space    used 13588K, capacity 14559K, committed 14592K, reserved 1048576K
}
Event: 206.094 GC heap before
{Heap before GC invocations=88 (full 0):
 garbage-first heap   total 322560K, used 255788K [0x0000000080000000, 0x0000000100000000)
  region size 1024K, 31 young (31744K), 4 survivors (4096K)
 Metaspace       used 108362K, capacity 110952K, committed 111228K, reserved 1146880K
  class space    used 13592K, capacity 14566K, committed 14592K, reserved 1048576K
}

