# JRE version: OpenJDK Runtime Environment (11.0.8+10) (build 11.0.8+10-b944.6842174)
# Java VM: OpenJDK 64-Bit Server VM (11.0.8+10-b944.6842174, mixed mode, tiered, compressed oops, g1 gc, windows-amd64)
Heap:
 garbage-first heap   total 855040K, used 225280K [0x0000000080000000, 0x0000000100000000)
  region size 1024K, 4 young (4096K), 4 survivors (4096K)
 Metaspace       used 141255K, capacity 144872K, committed 145444K, reserved 1177600K
  class space    used 16924K, capacity 18193K, committed 18432K, reserved 1048576K
GC Heap History (20 events):
Event: 16337.723 GC heap after
{Heap after GC invocations=111 (full 0):
 garbage-first heap   total 594944K, used 159403K [0x0000000080000000, 0x0000000100000000)
  region size 1024K, 4 young (4096K), 4 survivors (4096K)
 Metaspace       used 141183K, capacity 144826K, committed 145444K, reserved 1177600K
  class space    used 16921K, capacity 18187K, committed 18432K, reserved 1048576K
}
Event: 16338.167 GC heap before
{Heap before GC invocations=111 (full 0):
 garbage-first heap   total 594944K, used 183979K [0x0000000080000000, 0x0000000100000000)
  region size 1024K, 29 young (29696K), 4 survivors (4096K)
 Metaspace       used 141197K, capacity 144826K, committed 145444K, reserved 1177600K
  class space    used 16921K, capacity 18187K, committed 18432K, reserved 1048576K
}
Event: 16338.348 GC heap after
{Heap after GC invocations=112 (full 0):
 garbage-first heap   total 594944K, used 163212K [0x0000000080000000, 0x0000000100000000)
  region size 1024K, 4 young (4096K), 4 survivors (4096K)
 Metaspace       used 141197K, capacity 144826K, committed 145444K, reserved 1177600K
  class space    used 16921K, capacity 18187K, committed 18432K, reserved 1048576K
}
Event: 16339.069 GC heap before
{Heap before GC invocations=112 (full 0):
 garbage-first heap   total 594944K, used 187788K [0x0000000080000000, 0x0000000100000000)
  region size 1024K, 29 young (29696K), 4 survivors (4096K)
 Metaspace       used 141205K, capacity 144827K, committed 145444K, reserved 1177600K
  class space    used 16921K, capacity 18187K, committed 18432K, reserved 1048576K
}
Event: 16339.121 GC heap after
{Heap after GC invocations=113 (full 0):
 garbage-first heap   total 594944K, used 165376K [0x0000000080000000, 0x0000000100000000)
  region size 1024K, 2 young (2048K), 2 survivors (2048K)
 Metaspace       used 141205K, capacity 144827K, committed 145444K, reserved 1177600K
  class space    used 16921K, capacity 18187K, committed 18432K, reserved 1048576K
}
Event: 16340.906 GC heap before
{Heap before GC invocations=114 (full 0):
 garbage-first heap   total 594944K, used 189952K [0x0000000080000000, 0x0000000100000000)
  region size 1024K, 29 young (29696K), 2 survivors (2048K)
 Metaspace       used 141207K, capacity 144827K, committed 145444K, reserved 1177600K
  class space    used 16921K, capacity 18187K, committed 18432K, reserved 1048576K
}
Event: 16340.924 GC heap after
{Heap after GC invocations=115 (full 0):
 garbage-first heap   total 594944K, used 162304K [0x0000000080000000, 0x0000000100000000)
  region size 1024K, 2 young (2048K), 2 survivors (2048K)
 Metaspace       used 141207K, capacity 144827K, committed 145444K, reserved 1177600K
  class space    used 16921K, capacity 18187K, committed 18432K, reserved 1048576K
}
Event: 16344.206 GC heap before
{Heap before GC invocations=115 (full 0):
 garbage-first heap   total 594944K, used 220672K [0x0000000080000000, 0x0000000100000000)
  region size 1024K, 29 young (29696K), 2 survivors (2048K)
 Metaspace       used 141247K, capacity 144871K, committed 145444K, reserved 1177600K
  class space    used 16924K, capacity 18193K, committed 18432K, reserved 1048576K
}
Event: 16344.234 GC heap after
{Heap after GC invocations=116 (full 0):
 garbage-first heap   total 594944K, used 176856K [0x0000000080000000, 0x0000000100000000)
  region size 1024K, 4 young (4096K), 4 survivors (4096K)
 Metaspace       used 141247K, capacity 144871K, committed 145444K, reserved 1177600K
  class space    used 16924K, capacity 18193K, committed 18432K, reserved 1048576K
}
Event: 16344.292 GC heap before
{Heap before GC invocations=116 (full 0):
 garbage-first heap   total 594944K, used 183000K [0x0000000080000000, 0x0000000100000000)
  region size 1024K, 12 young (12288K), 4 survivors (4096K)
 Metaspace       used 141247K, capacity 144871K, committed 145444K, reserved 1177600K
  class space    used 16924K, capacity 18193K, committed 18432K, reserved 1048576K
}
Event: 16344.327 GC heap after
{Heap after GC invocations=117 (full 0):
 garbage-first heap   total 594944K, used 180673K [0x0000000080000000, 0x0000000100000000)
  region size 1024K, 4 young (4096K), 4 survivors (4096K)
 Metaspace       used 141247K, capacity 144871K, committed 145444K, reserved 1177600K
  class space    used 16924K, capacity 18193K, committed 18432K, reserved 1048576K
}
Event: 16345.342 GC heap before
{Heap before GC invocations=118 (full 0):
 garbage-first heap   total 594944K, used 202177K [0x0000000080000000, 0x0000000100000000)
  region size 1024K, 29 young (29696K), 4 survivors (4096K)
 Metaspace       used 141247K, capacity 144871K, committed 145444K, reserved 1177600K
  class space    used 16924K, capacity 18193K, committed 18432K, reserved 1048576K
}
Event: 16345.488 GC heap after
{Heap after GC invocations=119 (full 0):
 garbage-first heap   total 594944K, used 186368K [0x0000000080000000, 0x0000000100000000)
  region size 1024K, 4 young (4096K), 4 survivors (4096K)
 Metaspace       used 141247K, capacity 144871K, committed 145444K, reserved 1177600K
  class space    used 16924K, capacity 18193K, committed 18432K, reserved 1048576K
}
Event: 16345.872 GC heap before
{Heap before GC invocations=119 (full 0):
 garbage-first heap   total 594944K, used 210944K [0x0000000080000000, 0x0000000100000000)
  region size 1024K, 29 young (29696K), 4 survivors (4096K)
 Metaspace       used 141252K, capacity 144871K, committed 145444K, reserved 1177600K
  class space    used 16924K, capacity 18193K, committed 18432K, reserved 1048576K
}
Event: 16346.080 GC heap after
{Heap after GC invocations=120 (full 0):
 garbage-first heap   total 594944K, used 190976K [0x0000000080000000, 0x0000000100000000)
  region size 1024K, 4 young (4096K), 4 survivors (4096K)
 Metaspace       used 141252K, capacity 144871K, committed 145444K, reserved 1177600K
  class space    used 16924K, capacity 18193K, committed 18432K, reserved 1048576K
}
Event: 16346.550 GC heap before
{Heap before GC invocations=120 (full 0):
 garbage-first heap   total 594944K, used 215552K [0x0000000080000000, 0x0000000100000000)
  region size 1024K, 29 young (29696K), 4 survivors (4096K)
 Metaspace       used 141252K, capacity 144871K, committed 145444K, reserved 1177600K
  class space    used 16924K, capacity 18193K, committed 18432K, reserved 1048576K
}
Event: 16346.709 GC heap after
{Heap after GC invocations=121 (full 0):
 garbage-first heap   total 594944K, used 205312K [0x0000000080000000, 0x0000000100000000)
  region size 1024K, 4 young (4096K), 4 survivors (4096K)
 Metaspace       used 141252K, capacity 144871K, committed 145444K, reserved 1177600K
  class space    used 16924K, capacity 18193K, committed 18432K, reserved 1048576K
}
Event: 16346.910 GC heap before
{Heap before GC invocations=121 (full 0):
 garbage-first heap   total 594944K, used 213504K [0x0000000080000000, 0x0000000100000000)
  region size 1024K, 13 young (13312K), 4 survivors (4096K)
 Metaspace       used 141252K, capacity 144871K, committed 145444K, reserved 1177600K
  class space    used 16924K, capacity 18193K, committed 18432K, reserved 1048576K
}
Event: 16346.988 GC heap after
{Heap after GC invocations=122 (full 0):
 garbage-first heap   total 594944K, used 210944K [0x0000000080000000, 0x0000000100000000)
  region size 1024K, 4 young (4096K), 4 survivors (4096K)
 Metaspace       used 141252K, capacity 144871K, committed 145444K, reserved 1177600K
  class space    used 16924K, capacity 18193K, committed 18432K, reserved 1048576K
}
Event: 16348.763 GC heap before
{Heap before GC invocations=123 (full 0):
 garbage-first heap   total 594944K, used 238592K [0x0000000080000000, 0x0000000100000000)
  region size 1024K, 29 young (29696K), 4 survivors (4096K)
 Metaspace       used 141255K, capacity 144872K, committed 145444K, reserved 1177600K
  class space    used 16924K, capacity 18193K, committed 18432K, reserved 1048576K
}

