# JRE version: OpenJDK Runtime Environment (11.0.8+10) (build 11.0.8+10-b944.6842174)
# Java VM: OpenJDK 64-Bit Server VM (11.0.8+10-b944.6842174, mixed mode, tiered, compressed oops, g1 gc, windows-amd64)
Heap:
 garbage-first heap   total 95232K, used 62211K [0x0000000080000000, 0x0000000100000000)
  region size 1024K, 16 young (16384K), 4 survivors (4096K)
 Metaspace       used 69927K, capacity 71575K, committed 71844K, reserved 1112064K
  class space    used 9180K, capacity 9757K, committed 9856K, reserved 1048576K
GC Heap History (20 events):
Event: 24.256 GC heap before
{Heap before GC invocations=14 (full 0):
 garbage-first heap   total 78848K, used 54963K [0x0000000080000000, 0x0000000100000000)
  region size 1024K, 32 young (32768K), 3 survivors (3072K)
 Metaspace       used 43160K, capacity 44092K, committed 44156K, reserved 1087488K
  class space    used 5534K, capacity 5863K, committed 5888K, reserved 1048576K
}
Event: 24.276 GC heap after
{Heap after GC invocations=15 (full 0):
 garbage-first heap   total 78848K, used 26659K [0x0000000080000000, 0x0000000100000000)
  region size 1024K, 3 young (3072K), 3 survivors (3072K)
 Metaspace       used 43160K, capacity 44092K, committed 44156K, reserved 1087488K
  class space    used 5534K, capacity 5863K, committed 5888K, reserved 1048576K
}
Event: 29.562 GC heap before
{Heap before GC invocations=15 (full 0):
 garbage-first heap   total 78848K, used 55331K [0x0000000080000000, 0x0000000100000000)
  region size 1024K, 32 young (32768K), 3 survivors (3072K)
 Metaspace       used 44459K, capacity 45456K, committed 45692K, reserved 1089536K
  class space    used 5664K, capacity 6037K, committed 6144K, reserved 1048576K
}
Event: 29.606 GC heap after
{Heap after GC invocations=16 (full 0):
 garbage-first heap   total 78848K, used 28437K [0x0000000080000000, 0x0000000100000000)
  region size 1024K, 3 young (3072K), 3 survivors (3072K)
 Metaspace       used 44459K, capacity 45456K, committed 45692K, reserved 1089536K
  class space    used 5664K, capacity 6037K, committed 6144K, reserved 1048576K
}
Event: 38.603 GC heap before
{Heap before GC invocations=16 (full 0):
 garbage-first heap   total 78848K, used 60181K [0x0000000080000000, 0x0000000100000000)
  region size 1024K, 32 young (32768K), 3 survivors (3072K)
 Metaspace       used 46475K, capacity 47660K, committed 47740K, reserved 1091584K
  class space    used 5937K, capacity 6350K, committed 6400K, reserved 1048576K
}
Event: 38.628 GC heap after
{Heap after GC invocations=17 (full 0):
 garbage-first heap   total 95232K, used 37846K [0x0000000080000000, 0x0000000100000000)
  region size 1024K, 4 young (4096K), 4 survivors (4096K)
 Metaspace       used 46475K, capacity 47660K, committed 47740K, reserved 1091584K
  class space    used 5937K, capacity 6350K, committed 6400K, reserved 1048576K
}
Event: 43.522 GC heap before
{Heap before GC invocations=17 (full 0):
 garbage-first heap   total 95232K, used 68566K [0x0000000080000000, 0x0000000100000000)
  region size 1024K, 34 young (34816K), 4 survivors (4096K)
 Metaspace       used 51321K, capacity 52557K, committed 52732K, reserved 1095680K
  class space    used 6515K, capacity 6943K, committed 7040K, reserved 1048576K
}
Event: 43.535 GC heap after
{Heap after GC invocations=18 (full 0):
 garbage-first heap   total 95232K, used 39102K [0x0000000080000000, 0x0000000100000000)
  region size 1024K, 2 young (2048K), 2 survivors (2048K)
 Metaspace       used 51321K, capacity 52557K, committed 52732K, reserved 1095680K
  class space    used 6515K, capacity 6943K, committed 7040K, reserved 1048576K
}
Event: 53.098 GC heap before
{Heap before GC invocations=18 (full 0):
 garbage-first heap   total 95232K, used 68798K [0x0000000080000000, 0x0000000100000000)
  region size 1024K, 32 young (32768K), 2 survivors (2048K)
 Metaspace       used 56118K, capacity 57431K, committed 57724K, reserved 1099776K
  class space    used 7108K, capacity 7557K, committed 7680K, reserved 1048576K
}
Event: 53.125 GC heap after
{Heap after GC invocations=19 (full 0):
 garbage-first heap   total 95232K, used 40936K [0x0000000080000000, 0x0000000100000000)
  region size 1024K, 3 young (3072K), 3 survivors (3072K)
 Metaspace       used 56118K, capacity 57431K, committed 57724K, reserved 1099776K
  class space    used 7108K, capacity 7557K, committed 7680K, reserved 1048576K
}
Event: 57.266 GC heap before
{Heap before GC invocations=19 (full 0):
 garbage-first heap   total 95232K, used 67560K [0x0000000080000000, 0x0000000100000000)
  region size 1024K, 30 young (30720K), 3 survivors (3072K)
 Metaspace       used 58430K, capacity 59823K, committed 59940K, reserved 1101824K
  class space    used 7389K, capacity 7898K, committed 7936K, reserved 1048576K
}
Event: 57.293 GC heap after
{Heap after GC invocations=20 (full 0):
 garbage-first heap   total 95232K, used 43203K [0x0000000080000000, 0x0000000100000000)
  region size 1024K, 5 young (5120K), 5 survivors (5120K)
 Metaspace       used 58430K, capacity 59823K, committed 59940K, reserved 1101824K
  class space    used 7389K, capacity 7898K, committed 7936K, reserved 1048576K
}
Event: 61.235 GC heap before
{Heap before GC invocations=21 (full 0):
 garbage-first heap   total 95232K, used 72899K [0x0000000080000000, 0x0000000100000000)
  region size 1024K, 34 young (34816K), 5 survivors (5120K)
 Metaspace       used 59504K, capacity 61017K, committed 61092K, reserved 1101824K
  class space    used 7539K, capacity 8035K, committed 8064K, reserved 1048576K
}
Event: 61.268 GC heap after
{Heap after GC invocations=22 (full 0):
 garbage-first heap   total 95232K, used 46162K [0x0000000080000000, 0x0000000100000000)
  region size 1024K, 3 young (3072K), 3 survivors (3072K)
 Metaspace       used 59504K, capacity 61017K, committed 61092K, reserved 1101824K
  class space    used 7539K, capacity 8035K, committed 8064K, reserved 1048576K
}
Event: 67.989 GC heap before
{Heap before GC invocations=22 (full 0):
 garbage-first heap   total 95232K, used 74834K [0x0000000080000000, 0x0000000100000000)
  region size 1024K, 31 young (31744K), 3 survivors (3072K)
 Metaspace       used 63284K, capacity 64783K, committed 64932K, reserved 1105920K
  class space    used 8184K, capacity 8714K, committed 8832K, reserved 1048576K
}
Event: 68.016 GC heap after
{Heap after GC invocations=23 (full 0):
 garbage-first heap   total 95232K, used 47657K [0x0000000080000000, 0x0000000100000000)
  region size 1024K, 2 young (2048K), 2 survivors (2048K)
 Metaspace       used 63284K, capacity 64783K, committed 64932K, reserved 1105920K
  class space    used 8184K, capacity 8714K, committed 8832K, reserved 1048576K
}
Event: 72.709 GC heap before
{Heap before GC invocations=24 (full 0):
 garbage-first heap   total 95232K, used 76329K [0x0000000080000000, 0x0000000100000000)
  region size 1024K, 30 young (30720K), 2 survivors (2048K)
 Metaspace       used 65990K, capacity 67530K, committed 67620K, reserved 1107968K
  class space    used 8577K, capacity 9127K, committed 9216K, reserved 1048576K
}
Event: 72.731 GC heap after
{Heap after GC invocations=25 (full 0):
 garbage-first heap   total 95232K, used 49279K [0x0000000080000000, 0x0000000100000000)
  region size 1024K, 4 young (4096K), 4 survivors (4096K)
 Metaspace       used 65990K, capacity 67530K, committed 67620K, reserved 1107968K
  class space    used 8577K, capacity 9127K, committed 9216K, reserved 1048576K
}
Event: 78.208 GC heap before
{Heap before GC invocations=25 (full 0):
 garbage-first heap   total 95232K, used 76927K [0x0000000080000000, 0x0000000100000000)
  region size 1024K, 31 young (31744K), 4 survivors (4096K)
 Metaspace       used 68638K, capacity 70267K, committed 70564K, reserved 1110016K
  class space    used 8975K, capacity 9543K, committed 9600K, reserved 1048576K
}
Event: 78.236 GC heap after
{Heap after GC invocations=26 (full 0):
 garbage-first heap   total 95232K, used 50947K [0x0000000080000000, 0x0000000100000000)
  region size 1024K, 4 young (4096K), 4 survivors (4096K)
 Metaspace       used 68638K, capacity 70267K, committed 70564K, reserved 1110016K
  class space    used 8975K, capacity 9543K, committed 9600K, reserved 1048576K
}

