# JRE version: OpenJDK Runtime Environment (11.0.8+10) (build 11.0.8+10-b944.6842174)
# Java VM: OpenJDK 64-Bit Server VM (11.0.8+10-b944.6842174, mixed mode, tiered, compressed oops, g1 gc, windows-amd64)
Heap:
 garbage-first heap   total 361472K, used 168723K [0x0000000080000000, 0x0000000100000000)
  region size 1024K, 2 young (2048K), 2 survivors (2048K)
 Metaspace       used 105875K, capacity 108771K, committed 109052K, reserved 1144832K
  class space    used 13220K, capacity 14173K, committed 14208K, reserved 1048576K
GC Heap History (20 events):
Event: 209.983 GC heap after
{Heap after GC invocations=84 (full 0):
 garbage-first heap   total 166912K, used 126751K [0x0000000080000000, 0x0000000100000000)
  region size 1024K, 2 young (2048K), 2 survivors (2048K)
 Metaspace       used 102026K, capacity 104870K, committed 105212K, reserved 1140736K
  class space    used 12896K, capacity 13842K, committed 13952K, reserved 1048576K
}
Event: 210.609 GC heap before
{Heap before GC invocations=84 (full 0):
 garbage-first heap   total 166912K, used 138015K [0x0000000080000000, 0x0000000100000000)
  region size 1024K, 13 young (13312K), 2 survivors (2048K)
 Metaspace       used 102054K, capacity 104937K, committed 105212K, reserved 1140736K
  class space    used 12896K, capacity 13842K, committed 13952K, reserved 1048576K
}
Event: 210.638 GC heap after
{Heap after GC invocations=85 (full 0):
 garbage-first heap   total 166912K, used 131585K [0x0000000080000000, 0x0000000100000000)
  region size 1024K, 2 young (2048K), 2 survivors (2048K)
 Metaspace       used 102054K, capacity 104937K, committed 105212K, reserved 1140736K
  class space    used 12896K, capacity 13842K, committed 13952K, reserved 1048576K
}
Event: 210.963 GC heap before
{Heap before GC invocations=85 (full 0):
 garbage-first heap   total 166912K, used 139777K [0x0000000080000000, 0x0000000100000000)
  region size 1024K, 11 young (11264K), 2 survivors (2048K)
 Metaspace       used 102055K, capacity 104937K, committed 105212K, reserved 1140736K
  class space    used 12897K, capacity 13842K, committed 13952K, reserved 1048576K
}
Event: 211.000 GC heap after
{Heap after GC invocations=86 (full 0):
 garbage-first heap   total 210944K, used 137839K [0x0000000080000000, 0x0000000100000000)
  region size 1024K, 2 young (2048K), 2 survivors (2048K)
 Metaspace       used 102055K, capacity 104937K, committed 105212K, reserved 1140736K
  class space    used 12897K, capacity 13842K, committed 13952K, reserved 1048576K
}
Event: 212.796 GC heap before
{Heap before GC invocations=87 (full 0):
 garbage-first heap   total 210944K, used 157295K [0x0000000080000000, 0x0000000100000000)
  region size 1024K, 22 young (22528K), 2 survivors (2048K)
 Metaspace       used 102067K, capacity 104937K, committed 105212K, reserved 1140736K
  class space    used 12897K, capacity 13842K, committed 13952K, reserved 1048576K
}
Event: 212.843 GC heap after
{Heap after GC invocations=88 (full 0):
 garbage-first heap   total 210944K, used 145920K [0x0000000080000000, 0x0000000100000000)
  region size 1024K, 3 young (3072K), 3 survivors (3072K)
 Metaspace       used 102067K, capacity 104937K, committed 105212K, reserved 1140736K
  class space    used 12897K, capacity 13842K, committed 13952K, reserved 1048576K
}
Event: 213.682 GC heap before
{Heap before GC invocations=88 (full 0):
 garbage-first heap   total 210944K, used 164352K [0x0000000080000000, 0x0000000100000000)
  region size 1024K, 21 young (21504K), 3 survivors (3072K)
 Metaspace       used 102080K, capacity 104937K, committed 105212K, reserved 1140736K
  class space    used 12897K, capacity 13842K, committed 13952K, reserved 1048576K
}
Event: 213.709 GC heap after
{Heap after GC invocations=89 (full 0):
 garbage-first heap   total 210944K, used 149039K [0x0000000080000000, 0x0000000100000000)
  region size 1024K, 3 young (3072K), 3 survivors (3072K)
 Metaspace       used 102080K, capacity 104937K, committed 105212K, reserved 1140736K
  class space    used 12897K, capacity 13842K, committed 13952K, reserved 1048576K
}
Event: 214.952 GC heap before
{Heap before GC invocations=89 (full 0):
 garbage-first heap   total 210944K, used 170543K [0x0000000080000000, 0x0000000100000000)
  region size 1024K, 21 young (21504K), 3 survivors (3072K)
 Metaspace       used 102216K, capacity 105065K, committed 105212K, reserved 1140736K
  class space    used 12897K, capacity 13842K, committed 13952K, reserved 1048576K
}
Event: 214.992 GC heap after
{Heap after GC invocations=90 (full 0):
 garbage-first heap   total 210944K, used 155373K [0x0000000080000000, 0x0000000100000000)
  region size 1024K, 3 young (3072K), 3 survivors (3072K)
 Metaspace       used 102216K, capacity 105065K, committed 105212K, reserved 1140736K
  class space    used 12897K, capacity 13842K, committed 13952K, reserved 1048576K
}
Event: 215.822 GC heap before
{Heap before GC invocations=90 (full 0):
 garbage-first heap   total 210944K, used 171757K [0x0000000080000000, 0x0000000100000000)
  region size 1024K, 19 young (19456K), 3 survivors (3072K)
 Metaspace       used 102216K, capacity 105065K, committed 105212K, reserved 1140736K
  class space    used 12897K, capacity 13842K, committed 13952K, reserved 1048576K
}
Event: 215.856 GC heap after
{Heap after GC invocations=91 (full 0):
 garbage-first heap   total 301056K, used 158519K [0x0000000080000000, 0x0000000100000000)
  region size 1024K, 3 young (3072K), 3 survivors (3072K)
 Metaspace       used 102216K, capacity 105065K, committed 105212K, reserved 1140736K
  class space    used 12897K, capacity 13842K, committed 13952K, reserved 1048576K
}
Event: 218.307 GC heap before
{Heap before GC invocations=91 (full 0):
 garbage-first heap   total 301056K, used 201527K [0x0000000080000000, 0x0000000100000000)
  region size 1024K, 45 young (46080K), 3 survivors (3072K)
 Metaspace       used 102343K, capacity 105202K, committed 105468K, reserved 1140736K
  class space    used 12903K, capacity 13844K, committed 13952K, reserved 1048576K
}
Event: 218.336 GC heap after
{Heap after GC invocations=92 (full 0):
 garbage-first heap   total 301056K, used 162124K [0x0000000080000000, 0x0000000100000000)
  region size 1024K, 6 young (6144K), 6 survivors (6144K)
 Metaspace       used 102343K, capacity 105202K, committed 105468K, reserved 1140736K
  class space    used 12903K, capacity 13844K, committed 13952K, reserved 1048576K
}
Event: 221.841 GC heap before
{Heap before GC invocations=92 (full 0):
 garbage-first heap   total 301056K, used 208204K [0x0000000080000000, 0x0000000100000000)
  region size 1024K, 52 young (53248K), 6 survivors (6144K)
 Metaspace       used 105506K, capacity 108451K, committed 108540K, reserved 1144832K
  class space    used 13211K, capacity 14173K, committed 14208K, reserved 1048576K
}
Event: 221.871 GC heap after
{Heap after GC invocations=93 (full 0):
 garbage-first heap   total 301056K, used 164961K [0x0000000080000000, 0x0000000100000000)
  region size 1024K, 6 young (6144K), 6 survivors (6144K)
 Metaspace       used 105506K, capacity 108451K, committed 108540K, reserved 1144832K
  class space    used 13211K, capacity 14173K, committed 14208K, reserved 1048576K
}
Event: 224.973 GC heap before
{Heap before GC invocations=93 (full 0):
 garbage-first heap   total 301056K, used 225377K [0x0000000080000000, 0x0000000100000000)
  region size 1024K, 56 young (57344K), 6 survivors (6144K)
 Metaspace       used 105784K, capacity 108643K, committed 108796K, reserved 1144832K
  class space    used 13220K, capacity 14173K, committed 14208K, reserved 1048576K
}
Event: 225.055 GC heap after
{Heap after GC invocations=94 (full 0):
 garbage-first heap   total 301056K, used 168676K [0x0000000080000000, 0x0000000100000000)
  region size 1024K, 6 young (6144K), 6 survivors (6144K)
 Metaspace       used 105784K, capacity 108643K, committed 108796K, reserved 1144832K
  class space    used 13220K, capacity 14173K, committed 14208K, reserved 1048576K
}
Event: 225.793 GC heap before
{Heap before GC invocations=94 (full 0):
 garbage-first heap   total 301056K, used 178916K [0x0000000080000000, 0x0000000100000000)
  region size 1024K, 17 young (17408K), 6 survivors (6144K)
 Metaspace       used 105875K, capacity 108771K, committed 109052K, reserved 1144832K
  class space    used 13220K, capacity 14173K, committed 14208K, reserved 1048576K
}

