# JRE version: OpenJDK Runtime Environment (11.0.8+10) (build 11.0.8+10-b944.6842174)
# Java VM: OpenJDK 64-Bit Server VM (11.0.8+10-b944.6842174, mixed mode, tiered, compressed oops, g1 gc, windows-amd64)
Heap:
 garbage-first heap   total 574464K, used 203028K [0x0000000080000000, 0x0000000100000000)
  region size 1024K, 3 young (3072K), 3 survivors (3072K)
 Metaspace       used 108400K, capacity 111197K, committed 111488K, reserved 1146880K
  class space    used 13616K, capacity 14666K, committed 14720K, reserved 1048576K
GC Heap History (20 events):
Event: 831.796 GC heap after
{Heap after GC invocations=98 (full 0):
 garbage-first heap   total 485376K, used 117672K [0x0000000080000000, 0x0000000100000000)
  region size 1024K, 6 young (6144K), 6 survivors (6144K)
 Metaspace       used 108343K, capacity 111139K, committed 111232K, reserved 1146880K
  class space    used 13606K, capacity 14649K, committed 14720K, reserved 1048576K
}
Event: 832.361 GC heap before
{Heap before GC invocations=98 (full 0):
 garbage-first heap   total 485376K, used 162728K [0x0000000080000000, 0x0000000100000000)
  region size 1024K, 23 young (23552K), 6 survivors (6144K)
 Metaspace       used 108376K, capacity 111184K, committed 111488K, reserved 1146880K
  class space    used 13613K, capacity 14662K, committed 14720K, reserved 1048576K
}
Event: 832.385 GC heap after
{Heap after GC invocations=99 (full 0):
 garbage-first heap   total 485376K, used 118024K [0x0000000080000000, 0x0000000100000000)
  region size 1024K, 3 young (3072K), 3 survivors (3072K)
 Metaspace       used 108376K, capacity 111184K, committed 111488K, reserved 1146880K
  class space    used 13613K, capacity 14662K, committed 14720K, reserved 1048576K
}
Event: 832.530 GC heap before
{Heap before GC invocations=99 (full 0):
 garbage-first heap   total 485376K, used 129288K [0x0000000080000000, 0x0000000100000000)
  region size 1024K, 15 young (15360K), 3 survivors (3072K)
 Metaspace       used 108386K, capacity 111196K, committed 111488K, reserved 1146880K
  class space    used 13615K, capacity 14666K, committed 14720K, reserved 1048576K
}
Event: 832.562 GC heap after
{Heap after GC invocations=100 (full 0):
 garbage-first heap   total 485376K, used 122120K [0x0000000080000000, 0x0000000100000000)
  region size 1024K, 7 young (7168K), 7 survivors (7168K)
 Metaspace       used 108386K, capacity 111196K, committed 111488K, reserved 1146880K
  class space    used 13615K, capacity 14666K, committed 14720K, reserved 1048576K
}
Event: 833.180 GC heap before
{Heap before GC invocations=101 (full 0):
 garbage-first heap   total 485376K, used 143624K [0x0000000080000000, 0x0000000100000000)
  region size 1024K, 27 young (27648K), 7 survivors (7168K)
 Metaspace       used 108386K, capacity 111196K, committed 111488K, reserved 1146880K
  class space    used 13615K, capacity 14666K, committed 14720K, reserved 1048576K
}
Event: 833.285 GC heap after
{Heap after GC invocations=102 (full 0):
 garbage-first heap   total 485376K, used 131336K [0x0000000080000000, 0x0000000100000000)
  region size 1024K, 15 young (15360K), 15 survivors (15360K)
 Metaspace       used 108386K, capacity 111196K, committed 111488K, reserved 1146880K
  class space    used 13615K, capacity 14666K, committed 14720K, reserved 1048576K
}
Event: 835.135 GC heap before
{Heap before GC invocations=103 (full 0):
 garbage-first heap   total 485376K, used 196872K [0x0000000080000000, 0x0000000100000000)
  region size 1024K, 80 young (81920K), 15 survivors (15360K)
 Metaspace       used 108390K, capacity 111197K, committed 111488K, reserved 1146880K
  class space    used 13616K, capacity 14666K, committed 14720K, reserved 1048576K
}
Event: 835.668 GC heap after
{Heap after GC invocations=104 (full 0):
 garbage-first heap   total 485376K, used 168475K [0x0000000080000000, 0x0000000100000000)
  region size 1024K, 11 young (11264K), 11 survivors (11264K)
 Metaspace       used 108390K, capacity 111197K, committed 111488K, reserved 1146880K
  class space    used 13616K, capacity 14666K, committed 14720K, reserved 1048576K
}
Event: 836.917 GC heap before
{Heap before GC invocations=105 (full 0):
 garbage-first heap   total 485376K, used 182811K [0x0000000080000000, 0x0000000100000000)
  region size 1024K, 23 young (23552K), 11 survivors (11264K)
 Metaspace       used 108390K, capacity 111197K, committed 111488K, reserved 1146880K
  class space    used 13616K, capacity 14666K, committed 14720K, reserved 1048576K
}
Event: 837.072 GC heap after
{Heap after GC invocations=106 (full 0):
 garbage-first heap   total 485376K, used 177664K [0x0000000080000000, 0x0000000100000000)
  region size 1024K, 3 young (3072K), 3 survivors (3072K)
 Metaspace       used 108390K, capacity 111197K, committed 111488K, reserved 1146880K
  class space    used 13616K, capacity 14666K, committed 14720K, reserved 1048576K
}
Event: 837.744 GC heap before
{Heap before GC invocations=106 (full 0):
 garbage-first heap   total 485376K, used 198144K [0x0000000080000000, 0x0000000100000000)
  region size 1024K, 23 young (23552K), 3 survivors (3072K)
 Metaspace       used 108397K, capacity 111197K, committed 111488K, reserved 1146880K
  class space    used 13616K, capacity 14666K, committed 14720K, reserved 1048576K
}
Event: 837.858 GC heap after
{Heap after GC invocations=107 (full 0):
 garbage-first heap   total 485376K, used 182784K [0x0000000080000000, 0x0000000100000000)
  region size 1024K, 3 young (3072K), 3 survivors (3072K)
 Metaspace       used 108397K, capacity 111197K, committed 111488K, reserved 1146880K
  class space    used 13616K, capacity 14666K, committed 14720K, reserved 1048576K
}
Event: 838.416 GC heap before
{Heap before GC invocations=107 (full 0):
 garbage-first heap   total 485376K, used 207360K [0x0000000080000000, 0x0000000100000000)
  region size 1024K, 29 young (29696K), 3 survivors (3072K)
 Metaspace       used 108397K, capacity 111197K, committed 111488K, reserved 1146880K
  class space    used 13616K, capacity 14666K, committed 14720K, reserved 1048576K
}
Event: 838.521 GC heap after
{Heap after GC invocations=108 (full 0):
 garbage-first heap   total 485376K, used 192000K [0x0000000080000000, 0x0000000100000000)
  region size 1024K, 5 young (5120K), 5 survivors (5120K)
 Metaspace       used 108397K, capacity 111197K, committed 111488K, reserved 1146880K
  class space    used 13616K, capacity 14666K, committed 14720K, reserved 1048576K
}
Event: 840.271 GC heap before
{Heap before GC invocations=109 (full 0):
 garbage-first heap   total 485376K, used 225792K [0x0000000080000000, 0x0000000100000000)
  region size 1024K, 30 young (30720K), 5 survivors (5120K)
 Metaspace       used 108400K, capacity 111197K, committed 111488K, reserved 1146880K
  class space    used 13616K, capacity 14666K, committed 14720K, reserved 1048576K
}
Event: 840.349 GC heap after
{Heap after GC invocations=110 (full 0):
 garbage-first heap   total 485376K, used 204672K [0x0000000080000000, 0x0000000100000000)
  region size 1024K, 4 young (4096K), 4 survivors (4096K)
 Metaspace       used 108400K, capacity 111197K, committed 111488K, reserved 1146880K
  class space    used 13616K, capacity 14666K, committed 14720K, reserved 1048576K
}
Event: 840.508 GC heap before
{Heap before GC invocations=110 (full 0):
 garbage-first heap   total 485376K, used 224128K [0x0000000080000000, 0x0000000100000000)
  region size 1024K, 23 young (23552K), 4 survivors (4096K)
 Metaspace       used 108400K, capacity 111197K, committed 111488K, reserved 1146880K
  class space    used 13616K, capacity 14666K, committed 14720K, reserved 1048576K
}
Event: 840.557 GC heap after
{Heap after GC invocations=111 (full 0):
 garbage-first heap   total 485376K, used 203084K [0x0000000080000000, 0x0000000100000000)
  region size 1024K, 3 young (3072K), 3 survivors (3072K)
 Metaspace       used 108400K, capacity 111197K, committed 111488K, reserved 1146880K
  class space    used 13616K, capacity 14666K, committed 14720K, reserved 1048576K
}
Event: 840.579 GC heap before
{Heap before GC invocations=111 (full 0):
 garbage-first heap   total 485376K, used 207180K [0x0000000080000000, 0x0000000100000000)
  region size 1024K, 8 young (8192K), 3 survivors (3072K)
 Metaspace       used 108400K, capacity 111197K, committed 111488K, reserved 1146880K
  class space    used 13616K, capacity 14666K, committed 14720K, reserved 1048576K
}

