# JRE version: OpenJDK Runtime Environment (11.0.8+10) (build 11.0.8+10-b944.6842174)
# Java VM: OpenJDK 64-Bit Server VM (11.0.8+10-b944.6842174, mixed mode, tiered, compressed oops, g1 gc, windows-amd64)
Heap:
 garbage-first heap   total 631808K, used 206440K [0x0000000080000000, 0x0000000100000000)
  region size 1024K, 3 young (3072K), 3 survivors (3072K)
 Metaspace       used 106445K, capacity 109167K, committed 109348K, reserved 1144832K
  class space    used 13549K, capacity 14539K, committed 14592K, reserved 1048576K
GC Heap History (20 events):
Event: 482.045 GC heap after
{Heap after GC invocations=64 (full 0):
 garbage-first heap   total 450560K, used 104000K [0x0000000080000000, 0x0000000100000000)
  region size 1024K, 1 young (1024K), 1 survivors (1024K)
 Metaspace       used 106433K, capacity 109166K, committed 109348K, reserved 1144832K
  class space    used 13548K, capacity 14539K, committed 14592K, reserved 1048576K
}
Event: 482.892 GC heap before
{Heap before GC invocations=65 (full 0):
 garbage-first heap   total 450560K, used 138816K [0x0000000080000000, 0x0000000100000000)
  region size 1024K, 19 young (19456K), 1 survivors (1024K)
 Metaspace       used 106434K, capacity 109167K, committed 109348K, reserved 1144832K
  class space    used 13548K, capacity 14539K, committed 14592K, reserved 1048576K
}
Event: 482.942 GC heap after
{Heap after GC invocations=66 (full 0):
 garbage-first heap   total 450560K, used 119555K [0x0000000080000000, 0x0000000100000000)
  region size 1024K, 7 young (7168K), 7 survivors (7168K)
 Metaspace       used 106434K, capacity 109167K, committed 109348K, reserved 1144832K
  class space    used 13548K, capacity 14539K, committed 14592K, reserved 1048576K
}
Event: 483.569 GC heap before
{Heap before GC invocations=67 (full 0):
 garbage-first heap   total 450560K, used 140035K [0x0000000080000000, 0x0000000100000000)
  region size 1024K, 26 young (26624K), 7 survivors (7168K)
 Metaspace       used 106434K, capacity 109167K, committed 109348K, reserved 1144832K
  class space    used 13548K, capacity 14539K, committed 14592K, reserved 1048576K
}
Event: 483.694 GC heap after
{Heap after GC invocations=68 (full 0):
 garbage-first heap   total 450560K, used 129277K [0x0000000080000000, 0x0000000100000000)
  region size 1024K, 16 young (16384K), 16 survivors (16384K)
 Metaspace       used 106434K, capacity 109167K, committed 109348K, reserved 1144832K
  class space    used 13548K, capacity 14539K, committed 14592K, reserved 1048576K
}
Event: 485.571 GC heap before
{Heap before GC invocations=69 (full 0):
 garbage-first heap   total 450560K, used 194813K [0x0000000080000000, 0x0000000100000000)
  region size 1024K, 81 young (82944K), 16 survivors (16384K)
 Metaspace       used 106437K, capacity 109167K, committed 109348K, reserved 1144832K
  class space    used 13549K, capacity 14539K, committed 14592K, reserved 1048576K
}
Event: 485.928 GC heap after
{Heap after GC invocations=70 (full 0):
 garbage-first heap   total 450560K, used 165722K [0x0000000080000000, 0x0000000100000000)
  region size 1024K, 14 young (14336K), 14 survivors (14336K)
 Metaspace       used 106437K, capacity 109167K, committed 109348K, reserved 1144832K
  class space    used 13549K, capacity 14539K, committed 14592K, reserved 1048576K
}
Event: 487.433 GC heap before
{Heap before GC invocations=71 (full 0):
 garbage-first heap   total 450560K, used 186202K [0x0000000080000000, 0x0000000100000000)
  region size 1024K, 33 young (33792K), 14 survivors (14336K)
 Metaspace       used 106439K, capacity 109167K, committed 109348K, reserved 1144832K
  class space    used 13549K, capacity 14539K, committed 14592K, reserved 1048576K
}
Event: 487.659 GC heap after
{Heap after GC invocations=72 (full 0):
 garbage-first heap   total 450560K, used 177152K [0x0000000080000000, 0x0000000100000000)
  region size 1024K, 5 young (5120K), 5 survivors (5120K)
 Metaspace       used 106439K, capacity 109167K, committed 109348K, reserved 1144832K
  class space    used 13549K, capacity 14539K, committed 14592K, reserved 1048576K
}
Event: 487.902 GC heap before
{Heap before GC invocations=72 (full 0):
 garbage-first heap   total 450560K, used 185344K [0x0000000080000000, 0x0000000100000000)
  region size 1024K, 15 young (15360K), 5 survivors (5120K)
 Metaspace       used 106439K, capacity 109167K, committed 109348K, reserved 1144832K
  class space    used 13549K, capacity 14539K, committed 14592K, reserved 1048576K
}
Event: 487.962 GC heap after
{Heap after GC invocations=73 (full 0):
 garbage-first heap   total 450560K, used 180736K [0x0000000080000000, 0x0000000100000000)
  region size 1024K, 3 young (3072K), 3 survivors (3072K)
 Metaspace       used 106439K, capacity 109167K, committed 109348K, reserved 1144832K
  class space    used 13549K, capacity 14539K, committed 14592K, reserved 1048576K
}
Event: 490.462 GC heap before
{Heap before GC invocations=74 (full 0):
 garbage-first heap   total 450560K, used 202240K [0x0000000080000000, 0x0000000100000000)
  region size 1024K, 34 young (34816K), 3 survivors (3072K)
 Metaspace       used 106444K, capacity 109167K, committed 109348K, reserved 1144832K
  class space    used 13549K, capacity 14539K, committed 14592K, reserved 1048576K
}
Event: 490.585 GC heap after
{Heap after GC invocations=75 (full 0):
 garbage-first heap   total 450560K, used 181760K [0x0000000080000000, 0x0000000100000000)
  region size 1024K, 5 young (5120K), 5 survivors (5120K)
 Metaspace       used 106444K, capacity 109167K, committed 109348K, reserved 1144832K
  class space    used 13549K, capacity 14539K, committed 14592K, reserved 1048576K
}
Event: 491.671 GC heap before
{Heap before GC invocations=75 (full 0):
 garbage-first heap   total 450560K, used 213504K [0x0000000080000000, 0x0000000100000000)
  region size 1024K, 22 young (22528K), 5 survivors (5120K)
 Metaspace       used 106445K, capacity 109167K, committed 109348K, reserved 1144832K
  class space    used 13549K, capacity 14539K, committed 14592K, reserved 1048576K
}
Event: 491.736 GC heap after
{Heap after GC invocations=76 (full 0):
 garbage-first heap   total 450560K, used 194048K [0x0000000080000000, 0x0000000100000000)
  region size 1024K, 3 young (3072K), 3 survivors (3072K)
 Metaspace       used 106445K, capacity 109167K, committed 109348K, reserved 1144832K
  class space    used 13549K, capacity 14539K, committed 14592K, reserved 1048576K
}
Event: 491.866 GC heap before
{Heap before GC invocations=76 (full 0):
 garbage-first heap   total 450560K, used 194048K [0x0000000080000000, 0x0000000100000000)
  region size 1024K, 4 young (4096K), 3 survivors (3072K)
 Metaspace       used 106445K, capacity 109167K, committed 109348K, reserved 1144832K
  class space    used 13549K, capacity 14539K, committed 14592K, reserved 1048576K
}
Event: 491.897 GC heap after
{Heap after GC invocations=77 (full 0):
 garbage-first heap   total 450560K, used 194368K [0x0000000080000000, 0x0000000100000000)
  region size 1024K, 4 young (4096K), 4 survivors (4096K)
 Metaspace       used 106445K, capacity 109167K, committed 109348K, reserved 1144832K
  class space    used 13549K, capacity 14539K, committed 14592K, reserved 1048576K
}
Event: 493.810 GC heap before
{Heap before GC invocations=78 (full 0):
 garbage-first heap   total 450560K, used 244544K [0x0000000080000000, 0x0000000100000000)
  region size 1024K, 46 young (47104K), 4 survivors (4096K)
 Metaspace       used 106445K, capacity 109167K, committed 109348K, reserved 1144832K
  class space    used 13549K, capacity 14539K, committed 14592K, reserved 1048576K
}
Event: 493.879 GC heap after
{Heap after GC invocations=79 (full 0):
 garbage-first heap   total 450560K, used 205809K [0x0000000080000000, 0x0000000100000000)
  region size 1024K, 6 young (6144K), 6 survivors (6144K)
 Metaspace       used 106445K, capacity 109167K, committed 109348K, reserved 1144832K
  class space    used 13549K, capacity 14539K, committed 14592K, reserved 1048576K
}
Event: 493.929 GC heap before
{Heap before GC invocations=79 (full 0):
 garbage-first heap   total 450560K, used 222193K [0x0000000080000000, 0x0000000100000000)
  region size 1024K, 22 young (22528K), 6 survivors (6144K)
 Metaspace       used 106445K, capacity 109167K, committed 109348K, reserved 1144832K
  class space    used 13549K, capacity 14539K, committed 14592K, reserved 1048576K
}

