# JRE version: OpenJDK Runtime Environment (11.0.8+10) (build 11.0.8+10-b944.6842174)
# Java VM: OpenJDK 64-Bit Server VM (11.0.8+10-b944.6842174, mixed mode, tiered, compressed oops, g1 gc, windows-amd64)
Heap:
 garbage-first heap   total 354304K, used 190464K [0x0000000080000000, 0x0000000100000000)
  region size 1024K, 12 young (12288K), 2 survivors (2048K)
 Metaspace       used 142527K, capacity 146060K, committed 146376K, reserved 1177600K
  class space    used 17396K, capacity 18616K, committed 18712K, reserved 1048576K
GC Heap History (20 events):
Event: 803.448 GC heap before
{Heap before GC invocations=131 (full 0):
 garbage-first heap   total 294912K, used 236342K [0x0000000080000000, 0x0000000100000000)
  region size 1024K, 58 young (59392K), 2 survivors (2048K)
 Metaspace       used 129731K, capacity 133015K, committed 133320K, reserved 1165312K
  class space    used 15961K, capacity 17112K, committed 17176K, reserved 1048576K
}
Event: 803.459 GC heap after
{Heap after GC invocations=132 (full 0):
 garbage-first heap   total 294912K, used 181899K [0x0000000080000000, 0x0000000100000000)
  region size 1024K, 5 young (5120K), 5 survivors (5120K)
 Metaspace       used 129731K, capacity 133015K, committed 133320K, reserved 1165312K
  class space    used 15961K, capacity 17112K, committed 17176K, reserved 1048576K
}
Event: 804.356 GC heap before
{Heap before GC invocations=132 (full 0):
 garbage-first heap   total 294912K, used 238219K [0x0000000080000000, 0x0000000100000000)
  region size 1024K, 60 young (61440K), 5 survivors (5120K)
 Metaspace       used 129735K, capacity 133015K, committed 133320K, reserved 1165312K
  class space    used 15961K, capacity 17112K, committed 17176K, reserved 1048576K
}
Event: 804.368 GC heap after
{Heap after GC invocations=133 (full 0):
 garbage-first heap   total 294912K, used 182191K [0x0000000080000000, 0x0000000100000000)
  region size 1024K, 4 young (4096K), 4 survivors (4096K)
 Metaspace       used 129735K, capacity 133015K, committed 133320K, reserved 1165312K
  class space    used 15961K, capacity 17112K, committed 17176K, reserved 1048576K
}
Event: 807.887 GC heap before
{Heap before GC invocations=133 (full 0):
 garbage-first heap   total 294912K, used 239535K [0x0000000080000000, 0x0000000100000000)
  region size 1024K, 60 young (61440K), 4 survivors (4096K)
 Metaspace       used 135127K, capacity 138440K, committed 138696K, reserved 1169408K
  class space    used 16704K, capacity 17856K, committed 17944K, reserved 1048576K
}
Event: 807.897 GC heap after
{Heap after GC invocations=134 (full 0):
 garbage-first heap   total 294912K, used 178095K [0x0000000080000000, 0x0000000100000000)
  region size 1024K, 2 young (2048K), 2 survivors (2048K)
 Metaspace       used 135127K, capacity 138440K, committed 138696K, reserved 1169408K
  class space    used 16704K, capacity 17856K, committed 17944K, reserved 1048576K
}
Event: 813.762 GC heap before
{Heap before GC invocations=134 (full 0):
 garbage-first heap   total 294912K, used 245679K [0x0000000080000000, 0x0000000100000000)
  region size 1024K, 63 young (64512K), 2 survivors (2048K)
 Metaspace       used 138216K, capacity 141608K, committed 141896K, reserved 1173504K
  class space    used 16996K, capacity 18182K, committed 18328K, reserved 1048576K
}
Event: 813.783 GC heap after
{Heap after GC invocations=135 (full 0):
 garbage-first heap   total 294912K, used 185034K [0x0000000080000000, 0x0000000100000000)
  region size 1024K, 5 young (5120K), 5 survivors (5120K)
 Metaspace       used 138216K, capacity 141608K, committed 141896K, reserved 1173504K
  class space    used 16996K, capacity 18182K, committed 18328K, reserved 1048576K
}
Event: 817.914 GC heap before
{Heap before GC invocations=135 (full 0):
 garbage-first heap   total 294912K, used 245450K [0x0000000080000000, 0x0000000100000000)
  region size 1024K, 65 young (66560K), 5 survivors (5120K)
 Metaspace       used 141620K, capacity 145167K, committed 145352K, reserved 1175552K
  class space    used 17399K, capacity 18625K, committed 18712K, reserved 1048576K
}
Event: 817.968 GC heap after
{Heap after GC invocations=136 (full 0):
 garbage-first heap   total 294912K, used 190939K [0x0000000080000000, 0x0000000100000000)
  region size 1024K, 9 young (9216K), 9 survivors (9216K)
 Metaspace       used 141620K, capacity 145167K, committed 145352K, reserved 1175552K
  class space    used 17399K, capacity 18625K, committed 18712K, reserved 1048576K
}
Event: 820.615 GC heap before
{Heap before GC invocations=136 (full 0):
 garbage-first heap   total 294912K, used 261595K [0x0000000080000000, 0x0000000100000000)
  region size 1024K, 63 young (64512K), 9 survivors (9216K)
 Metaspace       used 142536K, capacity 146084K, committed 146376K, reserved 1177600K
  class space    used 17401K, capacity 18625K, committed 18712K, reserved 1048576K
}
Event: 820.737 GC heap after
{Heap after GC invocations=137 (full 0):
 garbage-first heap   total 294912K, used 213183K [0x0000000080000000, 0x0000000100000000)
  region size 1024K, 8 young (8192K), 8 survivors (8192K)
 Metaspace       used 142536K, capacity 146084K, committed 146376K, reserved 1177600K
  class space    used 17401K, capacity 18625K, committed 18712K, reserved 1048576K
}
Event: 821.833 GC heap before
{Heap before GC invocations=137 (full 0):
 garbage-first heap   total 294912K, used 243903K [0x0000000080000000, 0x0000000100000000)
  region size 1024K, 39 young (39936K), 8 survivors (8192K)
 Metaspace       used 142538K, capacity 146084K, committed 146376K, reserved 1177600K
  class space    used 17402K, capacity 18625K, committed 18712K, reserved 1048576K
}
Event: 822.025 GC heap after
{Heap after GC invocations=138 (full 0):
 garbage-first heap   total 294912K, used 231424K [0x0000000080000000, 0x0000000100000000)
  region size 1024K, 5 young (5120K), 5 survivors (5120K)
 Metaspace       used 142538K, capacity 146084K, committed 146376K, reserved 1177600K
  class space    used 17402K, capacity 18625K, committed 18712K, reserved 1048576K
}
Event: 823.480 GC heap before
{Heap before GC invocations=139 (full 0):
 garbage-first heap   total 294912K, used 209920K [0x0000000080000000, 0x0000000100000000)
  region size 1024K, 22 young (22528K), 5 survivors (5120K)
 Metaspace       used 142524K, capacity 146060K, committed 146376K, reserved 1177600K
  class space    used 17396K, capacity 18616K, committed 18712K, reserved 1048576K
}
Event: 823.579 GC heap after
{Heap after GC invocations=140 (full 0):
 garbage-first heap   total 294912K, used 200192K [0x0000000080000000, 0x0000000100000000)
  region size 1024K, 3 young (3072K), 3 survivors (3072K)
 Metaspace       used 142524K, capacity 146060K, committed 146376K, reserved 1177600K
  class space    used 17396K, capacity 18616K, committed 18712K, reserved 1048576K
}
Event: 823.874 GC heap before
{Heap before GC invocations=140 (full 0):
 garbage-first heap   total 294912K, used 211456K [0x0000000080000000, 0x0000000100000000)
  region size 1024K, 14 young (14336K), 3 survivors (3072K)
 Metaspace       used 142524K, capacity 146060K, committed 146376K, reserved 1177600K
  class space    used 17396K, capacity 18616K, committed 18712K, reserved 1048576K
}
Event: 823.964 GC heap after
{Heap after GC invocations=141 (full 0):
 garbage-first heap   total 294912K, used 176640K [0x0000000080000000, 0x0000000100000000)
  region size 1024K, 2 young (2048K), 2 survivors (2048K)
 Metaspace       used 142524K, capacity 146060K, committed 146376K, reserved 1177600K
  class space    used 17396K, capacity 18616K, committed 18712K, reserved 1048576K
}
Event: 824.316 GC heap before
{Heap before GC invocations=141 (full 0):
 garbage-first heap   total 294912K, used 187904K [0x0000000080000000, 0x0000000100000000)
  region size 1024K, 14 young (14336K), 2 survivors (2048K)
 Metaspace       used 142526K, capacity 146060K, committed 146376K, reserved 1177600K
  class space    used 17396K, capacity 18616K, committed 18712K, reserved 1048576K
}
Event: 824.394 GC heap after
{Heap after GC invocations=142 (full 0):
 garbage-first heap   total 354304K, used 179200K [0x0000000080000000, 0x0000000100000000)
  region size 1024K, 2 young (2048K), 2 survivors (2048K)
 Metaspace       used 142526K, capacity 146060K, committed 146376K, reserved 1177600K
  class space    used 17396K, capacity 18616K, committed 18712K, reserved 1048576K
}

