# JRE version: OpenJDK Runtime Environment (11.0.8+10) (build 11.0.8+10-b944.6842174)
# Java VM: OpenJDK 64-Bit Server VM (11.0.8+10-b944.6842174, mixed mode, tiered, compressed oops, g1 gc, windows-amd64)
Heap:
 garbage-first heap   total 578560K, used 144896K [0x0000000080000000, 0x0000000100000000)
  region size 1024K, 3 young (3072K), 3 survivors (3072K)
 Metaspace       used 83531K, capacity 85533K, committed 85796K, reserved 1124352K
  class space    used 10946K, capacity 11682K, committed 11776K, reserved 1048576K
GC Heap History (20 events):
Event: 55.733 GC heap after
{Heap after GC invocations=40 (full 0):
 garbage-first heap   total 165888K, used 91084K [0x0000000080000000, 0x0000000100000000)
  region size 1024K, 6 young (6144K), 6 survivors (6144K)
 Metaspace       used 79646K, capacity 81563K, committed 81700K, reserved 1120256K
  class space    used 10315K, capacity 10949K, committed 11008K, reserved 1048576K
}
Event: 56.164 GC heap before
{Heap before GC invocations=40 (full 0):
 garbage-first heap   total 165888K, used 98252K [0x0000000080000000, 0x0000000100000000)
  region size 1024K, 11 young (11264K), 6 survivors (6144K)
 Metaspace       used 79676K, capacity 81563K, committed 81700K, reserved 1120256K
  class space    used 10315K, capacity 10949K, committed 11008K, reserved 1048576K
}
Event: 56.200 GC heap after
{Heap after GC invocations=41 (full 0):
 garbage-first heap   total 165888K, used 94473K [0x0000000080000000, 0x0000000100000000)
  region size 1024K, 2 young (2048K), 2 survivors (2048K)
 Metaspace       used 79676K, capacity 81563K, committed 81700K, reserved 1120256K
  class space    used 10315K, capacity 10949K, committed 11008K, reserved 1048576K
}
Event: 56.375 GC heap before
{Heap before GC invocations=42 (full 0):
 garbage-first heap   total 165888K, used 102665K [0x0000000080000000, 0x0000000100000000)
  region size 1024K, 10 young (10240K), 2 survivors (2048K)
 Metaspace       used 79687K, capacity 81564K, committed 81700K, reserved 1120256K
  class space    used 10315K, capacity 10949K, committed 11008K, reserved 1048576K
}
Event: 56.416 GC heap after
{Heap after GC invocations=43 (full 0):
 garbage-first heap   total 199680K, used 99011K [0x0000000080000000, 0x0000000100000000)
  region size 1024K, 2 young (2048K), 2 survivors (2048K)
 Metaspace       used 79687K, capacity 81564K, committed 81700K, reserved 1120256K
  class space    used 10315K, capacity 10949K, committed 11008K, reserved 1048576K
}
Event: 56.555 GC heap before
{Heap before GC invocations=43 (full 0):
 garbage-first heap   total 199680K, used 106179K [0x0000000080000000, 0x0000000100000000)
  region size 1024K, 10 young (10240K), 2 survivors (2048K)
 Metaspace       used 79687K, capacity 81564K, committed 81700K, reserved 1120256K
  class space    used 10315K, capacity 10949K, committed 11008K, reserved 1048576K
}
Event: 56.602 GC heap after
{Heap after GC invocations=44 (full 0):
 garbage-first heap   total 199680K, used 102400K [0x0000000080000000, 0x0000000100000000)
  region size 1024K, 2 young (2048K), 2 survivors (2048K)
 Metaspace       used 79687K, capacity 81564K, committed 81700K, reserved 1120256K
  class space    used 10315K, capacity 10949K, committed 11008K, reserved 1048576K
}
Event: 57.558 GC heap before
{Heap before GC invocations=45 (full 0):
 garbage-first heap   total 199680K, used 112640K [0x0000000080000000, 0x0000000100000000)
  region size 1024K, 12 young (12288K), 2 survivors (2048K)
 Metaspace       used 80622K, capacity 82535K, committed 82724K, reserved 1120256K
  class space    used 10518K, capacity 11189K, committed 11264K, reserved 1048576K
}
Event: 57.620 GC heap after
{Heap after GC invocations=46 (full 0):
 garbage-first heap   total 199680K, used 106130K [0x0000000080000000, 0x0000000100000000)
  region size 1024K, 2 young (2048K), 2 survivors (2048K)
 Metaspace       used 80622K, capacity 82535K, committed 82724K, reserved 1120256K
  class space    used 10518K, capacity 11189K, committed 11264K, reserved 1048576K
}
Event: 58.647 GC heap before
{Heap before GC invocations=46 (full 0):
 garbage-first heap   total 199680K, used 118418K [0x0000000080000000, 0x0000000100000000)
  region size 1024K, 15 young (15360K), 2 survivors (2048K)
 Metaspace       used 81598K, capacity 83495K, committed 83620K, reserved 1122304K
  class space    used 10667K, capacity 11333K, committed 11392K, reserved 1048576K
}
Event: 58.710 GC heap after
{Heap after GC invocations=47 (full 0):
 garbage-first heap   total 199680K, used 113664K [0x0000000080000000, 0x0000000100000000)
  region size 1024K, 2 young (2048K), 2 survivors (2048K)
 Metaspace       used 81598K, capacity 83495K, committed 83620K, reserved 1122304K
  class space    used 10667K, capacity 11333K, committed 11392K, reserved 1048576K
}
Event: 59.986 GC heap before
{Heap before GC invocations=48 (full 0):
 garbage-first heap   total 199680K, used 126976K [0x0000000080000000, 0x0000000100000000)
  region size 1024K, 15 young (15360K), 2 survivors (2048K)
 Metaspace       used 81615K, capacity 83497K, committed 83620K, reserved 1122304K
  class space    used 10667K, capacity 11333K, committed 11392K, reserved 1048576K
}
Event: 60.059 GC heap after
{Heap after GC invocations=49 (full 0):
 garbage-first heap   total 296960K, used 121344K [0x0000000080000000, 0x0000000100000000)
  region size 1024K, 2 young (2048K), 2 survivors (2048K)
 Metaspace       used 81615K, capacity 83497K, committed 83620K, reserved 1122304K
  class space    used 10667K, capacity 11333K, committed 11392K, reserved 1048576K
}
Event: 61.281 GC heap before
{Heap before GC invocations=49 (full 0):
 garbage-first heap   total 296960K, used 137728K [0x0000000080000000, 0x0000000100000000)
  region size 1024K, 18 young (18432K), 2 survivors (2048K)
 Metaspace       used 81674K, capacity 83563K, committed 83876K, reserved 1122304K
  class space    used 10667K, capacity 11333K, committed 11392K, reserved 1048576K
}
Event: 61.357 GC heap after
{Heap after GC invocations=50 (full 0):
 garbage-first heap   total 296960K, used 131072K [0x0000000080000000, 0x0000000100000000)
  region size 1024K, 3 young (3072K), 3 survivors (3072K)
 Metaspace       used 81674K, capacity 83563K, committed 83876K, reserved 1122304K
  class space    used 10667K, capacity 11333K, committed 11392K, reserved 1048576K
}
Event: 61.981 GC heap before
{Heap before GC invocations=50 (full 0):
 garbage-first heap   total 296960K, used 151552K [0x0000000080000000, 0x0000000100000000)
  region size 1024K, 21 young (21504K), 3 survivors (3072K)
 Metaspace       used 81680K, capacity 83564K, committed 83876K, reserved 1122304K
  class space    used 10667K, capacity 11333K, committed 11392K, reserved 1048576K
}
Event: 62.054 GC heap after
{Heap after GC invocations=51 (full 0):
 garbage-first heap   total 296960K, used 143872K [0x0000000080000000, 0x0000000100000000)
  region size 1024K, 3 young (3072K), 3 survivors (3072K)
 Metaspace       used 81680K, capacity 83564K, committed 83876K, reserved 1122304K
  class space    used 10667K, capacity 11333K, committed 11392K, reserved 1048576K
}
Event: 63.088 GC heap before
{Heap before GC invocations=51 (full 0):
 garbage-first heap   total 296960K, used 164352K [0x0000000080000000, 0x0000000100000000)
  region size 1024K, 23 young (23552K), 3 survivors (3072K)
 Metaspace       used 83228K, capacity 85185K, committed 85412K, reserved 1124352K
  class space    used 10882K, capacity 11589K, committed 11648K, reserved 1048576K
}
Event: 63.169 GC heap after
{Heap after GC invocations=52 (full 0):
 garbage-first heap   total 296960K, used 153088K [0x0000000080000000, 0x0000000100000000)
  region size 1024K, 3 young (3072K), 3 survivors (3072K)
 Metaspace       used 83228K, capacity 85185K, committed 85412K, reserved 1124352K
  class space    used 10882K, capacity 11589K, committed 11648K, reserved 1048576K
}
Event: 64.964 GC heap before
{Heap before GC invocations=53 (full 0):
 garbage-first heap   total 296960K, used 155136K [0x0000000080000000, 0x0000000100000000)
  region size 1024K, 17 young (17408K), 3 survivors (3072K)
 Metaspace       used 83531K, capacity 85533K, committed 85796K, reserved 1124352K
  class space    used 10946K, capacity 11682K, committed 11776K, reserved 1048576K
}

