# JRE version: OpenJDK Runtime Environment (11.0.8+10) (build 11.0.8+10-b944.6842174)
# Java VM: OpenJDK 64-Bit Server VM (11.0.8+10-b944.6842174, mixed mode, tiered, compressed oops, g1 gc, windows-amd64)
Heap:
 garbage-first heap   total 579584K, used 234986K [0x0000000080000000, 0x0000000100000000)
  region size 1024K, 2 young (2048K), 2 survivors (2048K)
 Metaspace       used 110007K, capacity 112926K, committed 113188K, reserved 1148928K
  class space    used 13645K, capacity 14724K, committed 14848K, reserved 1048576K
GC Heap History (20 events):
Event: 1531.915 GC heap after
{Heap after GC invocations=138 (full 0):
 garbage-first heap   total 461824K, used 122283K [0x0000000080000000, 0x0000000100000000)
  region size 1024K, 8 young (8192K), 8 survivors (8192K)
 Metaspace       used 110001K, capacity 112926K, committed 113188K, reserved 1148928K
  class space    used 13645K, capacity 14724K, committed 14848K, reserved 1048576K
}
Event: 1533.557 GC heap before
{Heap before GC invocations=139 (full 0):
 garbage-first heap   total 461824K, used 204203K [0x0000000080000000, 0x0000000100000000)
  region size 1024K, 86 young (88064K), 8 survivors (8192K)
 Metaspace       used 110004K, capacity 112926K, committed 113188K, reserved 1148928K
  class space    used 13645K, capacity 14724K, committed 14848K, reserved 1048576K
}
Event: 1533.975 GC heap after
{Heap after GC invocations=140 (full 0):
 garbage-first heap   total 461824K, used 165834K [0x0000000080000000, 0x0000000100000000)
  region size 1024K, 11 young (11264K), 11 survivors (11264K)
 Metaspace       used 110004K, capacity 112926K, committed 113188K, reserved 1148928K
  class space    used 13645K, capacity 14724K, committed 14848K, reserved 1048576K
}
Event: 1534.087 GC heap before
{Heap before GC invocations=140 (full 0):
 garbage-first heap   total 461824K, used 165834K [0x0000000080000000, 0x0000000100000000)
  region size 1024K, 12 young (12288K), 11 survivors (11264K)
 Metaspace       used 110004K, capacity 112926K, committed 113188K, reserved 1148928K
  class space    used 13645K, capacity 14724K, committed 14848K, reserved 1048576K
}
Event: 1534.301 GC heap after
{Heap after GC invocations=141 (full 0):
 garbage-first heap   total 461824K, used 167424K [0x0000000080000000, 0x0000000100000000)
  region size 1024K, 1 young (1024K), 1 survivors (1024K)
 Metaspace       used 110004K, capacity 112926K, committed 113188K, reserved 1148928K
  class space    used 13645K, capacity 14724K, committed 14848K, reserved 1048576K
}
Event: 1535.743 GC heap before
{Heap before GC invocations=142 (full 0):
 garbage-first heap   total 461824K, used 190976K [0x0000000080000000, 0x0000000100000000)
  region size 1024K, 22 young (22528K), 1 survivors (1024K)
 Metaspace       used 110004K, capacity 112926K, committed 113188K, reserved 1148928K
  class space    used 13645K, capacity 14724K, committed 14848K, reserved 1048576K
}
Event: 1535.819 GC heap after
{Heap after GC invocations=143 (full 0):
 garbage-first heap   total 461824K, used 180224K [0x0000000080000000, 0x0000000100000000)
  region size 1024K, 3 young (3072K), 3 survivors (3072K)
 Metaspace       used 110004K, capacity 112926K, committed 113188K, reserved 1148928K
  class space    used 13645K, capacity 14724K, committed 14848K, reserved 1048576K
}
Event: 1535.889 GC heap before
{Heap before GC invocations=143 (full 0):
 garbage-first heap   total 461824K, used 185344K [0x0000000080000000, 0x0000000100000000)
  region size 1024K, 9 young (9216K), 3 survivors (3072K)
 Metaspace       used 110004K, capacity 112926K, committed 113188K, reserved 1148928K
  class space    used 13645K, capacity 14724K, committed 14848K, reserved 1048576K
}
Event: 1535.931 GC heap after
{Heap after GC invocations=144 (full 0):
 garbage-first heap   total 461824K, used 182363K [0x0000000080000000, 0x0000000100000000)
  region size 1024K, 2 young (2048K), 2 survivors (2048K)
 Metaspace       used 110004K, capacity 112926K, committed 113188K, reserved 1148928K
  class space    used 13645K, capacity 14724K, committed 14848K, reserved 1048576K
}
Event: 1537.390 GC heap before
{Heap before GC invocations=145 (full 0):
 garbage-first heap   total 461824K, used 191579K [0x0000000080000000, 0x0000000100000000)
  region size 1024K, 23 young (23552K), 2 survivors (2048K)
 Metaspace       used 110005K, capacity 112926K, committed 113188K, reserved 1148928K
  class space    used 13645K, capacity 14724K, committed 14848K, reserved 1048576K
}
Event: 1537.486 GC heap after
{Heap after GC invocations=146 (full 0):
 garbage-first heap   total 461824K, used 178094K [0x0000000080000000, 0x0000000100000000)
  region size 1024K, 3 young (3072K), 3 survivors (3072K)
 Metaspace       used 110005K, capacity 112926K, committed 113188K, reserved 1148928K
  class space    used 13645K, capacity 14724K, committed 14848K, reserved 1048576K
}
Event: 1538.001 GC heap before
{Heap before GC invocations=146 (full 0):
 garbage-first heap   total 461824K, used 207790K [0x0000000080000000, 0x0000000100000000)
  region size 1024K, 22 young (22528K), 3 survivors (3072K)
 Metaspace       used 110005K, capacity 112926K, committed 113188K, reserved 1148928K
  class space    used 13645K, capacity 14724K, committed 14848K, reserved 1048576K
}
Event: 1538.099 GC heap after
{Heap after GC invocations=147 (full 0):
 garbage-first heap   total 461824K, used 190976K [0x0000000080000000, 0x0000000100000000)
  region size 1024K, 3 young (3072K), 3 survivors (3072K)
 Metaspace       used 110005K, capacity 112926K, committed 113188K, reserved 1148928K
  class space    used 13645K, capacity 14724K, committed 14848K, reserved 1048576K
}
Event: 1538.441 GC heap before
{Heap before GC invocations=147 (full 0):
 garbage-first heap   total 461824K, used 198144K [0x0000000080000000, 0x0000000100000000)
  region size 1024K, 12 young (12288K), 3 survivors (3072K)
 Metaspace       used 110005K, capacity 112926K, committed 113188K, reserved 1148928K
  class space    used 13645K, capacity 14724K, committed 14848K, reserved 1048576K
}
Event: 1538.471 GC heap after
{Heap after GC invocations=148 (full 0):
 garbage-first heap   total 461824K, used 192320K [0x0000000080000000, 0x0000000100000000)
  region size 1024K, 2 young (2048K), 2 survivors (2048K)
 Metaspace       used 110005K, capacity 112926K, committed 113188K, reserved 1148928K
  class space    used 13645K, capacity 14724K, committed 14848K, reserved 1048576K
}
Event: 1539.278 GC heap before
{Heap before GC invocations=148 (full 0):
 garbage-first heap   total 461824K, used 241472K [0x0000000080000000, 0x0000000100000000)
  region size 1024K, 35 young (35840K), 2 survivors (2048K)
 Metaspace       used 110005K, capacity 112926K, committed 113188K, reserved 1148928K
  class space    used 13645K, capacity 14724K, committed 14848K, reserved 1048576K
}
Event: 1539.290 GC heap after
{Heap after GC invocations=149 (full 0):
 garbage-first heap   total 461824K, used 211072K [0x0000000080000000, 0x0000000100000000)
  region size 1024K, 5 young (5120K), 5 survivors (5120K)
 Metaspace       used 110005K, capacity 112926K, committed 113188K, reserved 1148928K
  class space    used 13645K, capacity 14724K, committed 14848K, reserved 1048576K
}
Event: 1539.592 GC heap before
{Heap before GC invocations=149 (full 0):
 garbage-first heap   total 461824K, used 248960K [0x0000000080000000, 0x0000000100000000)
  region size 1024K, 45 young (46080K), 5 survivors (5120K)
 Metaspace       used 110005K, capacity 112926K, committed 113188K, reserved 1148928K
  class space    used 13645K, capacity 14724K, committed 14848K, reserved 1048576K
}
Event: 1539.639 GC heap after
{Heap after GC invocations=150 (full 0):
 garbage-first heap   total 461824K, used 215439K [0x0000000080000000, 0x0000000100000000)
  region size 1024K, 6 young (6144K), 6 survivors (6144K)
 Metaspace       used 110005K, capacity 112926K, committed 113188K, reserved 1148928K
  class space    used 13645K, capacity 14724K, committed 14848K, reserved 1048576K
}
Event: 1540.634 GC heap before
{Heap before GC invocations=151 (full 0):
 garbage-first heap   total 461824K, used 291215K [0x0000000080000000, 0x0000000100000000)
  region size 1024K, 54 young (55296K), 6 survivors (6144K)
 Metaspace       used 110007K, capacity 112926K, committed 113188K, reserved 1148928K
  class space    used 13645K, capacity 14724K, committed 14848K, reserved 1048576K
}

