# JRE version: OpenJDK Runtime Environment (11.0.8+10) (build 11.0.8+10-b944.6842174)
# Java VM: OpenJDK 64-Bit Server VM (11.0.8+10-b944.6842174, mixed mode, tiered, compressed oops, g1 gc, windows-amd64)
Heap:
 garbage-first heap   total 624640K, used 217570K [0x0000000080000000, 0x0000000100000000)
  region size 1024K, 4 young (4096K), 4 survivors (4096K)
 Metaspace       used 110692K, capacity 113169K, committed 113404K, reserved 1148928K
  class space    used 13754K, capacity 14670K, committed 14720K, reserved 1048576K
GC Heap History (20 events):
Event: 262.467 GC heap after
{Heap after GC invocations=122 (full 0):
 garbage-first heap   total 212992K, used 140800K [0x0000000080000000, 0x0000000100000000)
  region size 1024K, 2 young (2048K), 2 survivors (2048K)
 Metaspace       used 110060K, capacity 112491K, committed 112636K, reserved 1146880K
  class space    used 13701K, capacity 14621K, committed 14720K, reserved 1048576K
}
Event: 263.170 GC heap before
{Heap before GC invocations=122 (full 0):
 garbage-first heap   total 212992K, used 147968K [0x0000000080000000, 0x0000000100000000)
  region size 1024K, 10 young (10240K), 2 survivors (2048K)
 Metaspace       used 110501K, capacity 113003K, committed 113148K, reserved 1148928K
  class space    used 13743K, capacity 14660K, committed 14720K, reserved 1048576K
}
Event: 263.229 GC heap after
{Heap after GC invocations=123 (full 0):
 garbage-first heap   total 212992K, used 141312K [0x0000000080000000, 0x0000000100000000)
  region size 1024K, 2 young (2048K), 2 survivors (2048K)
 Metaspace       used 110501K, capacity 113003K, committed 113148K, reserved 1148928K
  class space    used 13743K, capacity 14660K, committed 14720K, reserved 1048576K
}
Event: 263.943 GC heap before
{Heap before GC invocations=123 (full 0):
 garbage-first heap   total 212992K, used 166912K [0x0000000080000000, 0x0000000100000000)
  region size 1024K, 27 young (27648K), 2 survivors (2048K)
 Metaspace       used 110538K, capacity 113005K, committed 113148K, reserved 1148928K
  class space    used 13743K, capacity 14660K, committed 14720K, reserved 1048576K
}
Event: 264.059 GC heap after
{Heap after GC invocations=124 (full 0):
 garbage-first heap   total 212992K, used 156672K [0x0000000080000000, 0x0000000100000000)
  region size 1024K, 4 young (4096K), 4 survivors (4096K)
 Metaspace       used 110538K, capacity 113005K, committed 113148K, reserved 1148928K
  class space    used 13743K, capacity 14660K, committed 14720K, reserved 1048576K
}
Event: 264.452 GC heap before
{Heap before GC invocations=124 (full 0):
 garbage-first heap   total 212992K, used 171008K [0x0000000080000000, 0x0000000100000000)
  region size 1024K, 19 young (19456K), 4 survivors (4096K)
 Metaspace       used 110543K, capacity 113005K, committed 113148K, reserved 1148928K
  class space    used 13743K, capacity 14660K, committed 14720K, reserved 1048576K
}
Event: 264.554 GC heap after
{Heap after GC invocations=125 (full 0):
 garbage-first heap   total 212992K, used 165888K [0x0000000080000000, 0x0000000100000000)
  region size 1024K, 3 young (3072K), 3 survivors (3072K)
 Metaspace       used 110543K, capacity 113005K, committed 113148K, reserved 1148928K
  class space    used 13743K, capacity 14660K, committed 14720K, reserved 1048576K
}
Event: 264.823 GC heap before
{Heap before GC invocations=125 (full 0):
 garbage-first heap   total 212992K, used 179200K [0x0000000080000000, 0x0000000100000000)
  region size 1024K, 14 young (14336K), 3 survivors (3072K)
 Metaspace       used 110544K, capacity 113005K, committed 113148K, reserved 1148928K
  class space    used 13743K, capacity 14660K, committed 14720K, reserved 1048576K
}
Event: 264.878 GC heap after
{Heap after GC invocations=126 (full 0):
 garbage-first heap   total 212992K, used 175104K [0x0000000080000000, 0x0000000100000000)
  region size 1024K, 2 young (2048K), 2 survivors (2048K)
 Metaspace       used 110544K, capacity 113005K, committed 113148K, reserved 1148928K
  class space    used 13743K, capacity 14660K, committed 14720K, reserved 1048576K
}
Event: 265.075 GC heap before
{Heap before GC invocations=126 (full 0):
 garbage-first heap   total 212992K, used 183296K [0x0000000080000000, 0x0000000100000000)
  region size 1024K, 10 young (10240K), 2 survivors (2048K)
 Metaspace       used 110544K, capacity 113005K, committed 113148K, reserved 1148928K
  class space    used 13743K, capacity 14660K, committed 14720K, reserved 1048576K
}
Event: 265.119 GC heap after
{Heap after GC invocations=127 (full 0):
 garbage-first heap   total 212992K, used 180224K [0x0000000080000000, 0x0000000100000000)
  region size 1024K, 2 young (2048K), 2 survivors (2048K)
 Metaspace       used 110544K, capacity 113005K, committed 113148K, reserved 1148928K
  class space    used 13743K, capacity 14660K, committed 14720K, reserved 1048576K
}
Event: 266.881 GC heap before
{Heap before GC invocations=128 (full 0):
 garbage-first heap   total 212992K, used 184320K [0x0000000080000000, 0x0000000100000000)
  region size 1024K, 10 young (10240K), 2 survivors (2048K)
 Metaspace       used 110598K, capacity 113077K, committed 113148K, reserved 1148928K
  class space    used 13748K, capacity 14662K, committed 14720K, reserved 1048576K
}
Event: 266.942 GC heap after
{Heap after GC invocations=129 (full 0):
 garbage-first heap   total 312320K, used 179712K [0x0000000080000000, 0x0000000100000000)
  region size 1024K, 2 young (2048K), 2 survivors (2048K)
 Metaspace       used 110598K, capacity 113077K, committed 113148K, reserved 1148928K
  class space    used 13748K, capacity 14662K, committed 14720K, reserved 1048576K
}
Event: 267.378 GC heap before
{Heap before GC invocations=129 (full 0):
 garbage-first heap   total 312320K, used 194048K [0x0000000080000000, 0x0000000100000000)
  region size 1024K, 15 young (15360K), 2 survivors (2048K)
 Metaspace       used 110611K, capacity 113084K, committed 113148K, reserved 1148928K
  class space    used 13749K, capacity 14664K, committed 14720K, reserved 1048576K
}
Event: 267.449 GC heap after
{Heap after GC invocations=130 (full 0):
 garbage-first heap   total 312320K, used 180003K [0x0000000080000000, 0x0000000100000000)
  region size 1024K, 2 young (2048K), 2 survivors (2048K)
 Metaspace       used 110611K, capacity 113084K, committed 113148K, reserved 1148928K
  class space    used 13749K, capacity 14664K, committed 14720K, reserved 1048576K
}
Event: 268.383 GC heap before
{Heap before GC invocations=130 (full 0):
 garbage-first heap   total 312320K, used 201507K [0x0000000080000000, 0x0000000100000000)
  region size 1024K, 23 young (23552K), 2 survivors (2048K)
 Metaspace       used 110651K, capacity 113084K, committed 113148K, reserved 1148928K
  class space    used 13749K, capacity 14664K, committed 14720K, reserved 1048576K
}
Event: 268.473 GC heap after
{Heap after GC invocations=131 (full 0):
 garbage-first heap   total 312320K, used 186753K [0x0000000080000000, 0x0000000100000000)
  region size 1024K, 3 young (3072K), 3 survivors (3072K)
 Metaspace       used 110651K, capacity 113084K, committed 113148K, reserved 1148928K
  class space    used 13749K, capacity 14664K, committed 14720K, reserved 1048576K
}
Event: 269.377 GC heap before
{Heap before GC invocations=131 (full 0):
 garbage-first heap   total 312320K, used 207233K [0x0000000080000000, 0x0000000100000000)
  region size 1024K, 22 young (22528K), 3 survivors (3072K)
 Metaspace       used 110659K, capacity 113084K, committed 113148K, reserved 1148928K
  class space    used 13749K, capacity 14664K, committed 14720K, reserved 1048576K
}
Event: 269.481 GC heap after
{Heap after GC invocations=132 (full 0):
 garbage-first heap   total 312320K, used 193518K [0x0000000080000000, 0x0000000100000000)
  region size 1024K, 3 young (3072K), 3 survivors (3072K)
 Metaspace       used 110659K, capacity 113084K, committed 113148K, reserved 1148928K
  class space    used 13749K, capacity 14664K, committed 14720K, reserved 1048576K
}
Event: 271.166 GC heap before
{Heap before GC invocations=132 (full 0):
 garbage-first heap   total 312320K, used 237550K [0x0000000080000000, 0x0000000100000000)
  region size 1024K, 28 young (28672K), 3 survivors (3072K)
 Metaspace       used 110692K, capacity 113169K, committed 113404K, reserved 1148928K
  class space    used 13754K, capacity 14670K, committed 14720K, reserved 1048576K
}

