# JRE version: OpenJDK Runtime Environment (11.0.8+10) (build 11.0.8+10-b944.6842174)
# Java VM: OpenJDK 64-Bit Server VM (11.0.8+10-b944.6842174, mixed mode, tiered, compressed oops, g1 gc, windows-amd64)
Heap:
 garbage-first heap   total 346112K, used 214562K [0x0000000080000000, 0x0000000100000000)
  region size 1024K, 95 young (97280K), 10 survivors (10240K)
 Metaspace       used 93765K, capacity 96078K, committed 96252K, reserved 1132544K
  class space    used 12039K, capacity 12907K, committed 12928K, reserved 1048576K
GC Heap History (20 events):
Event: 170.861 GC heap before
{Heap before GC invocations=110 (full 0):
 garbage-first heap   total 239616K, used 183271K [0x0000000080000000, 0x0000000100000000)
  region size 1024K, 70 young (71680K), 3 survivors (3072K)
 Metaspace       used 93421K, capacity 95700K, committed 95996K, reserved 1132544K
  class space    used 12008K, capacity 12867K, committed 12928K, reserved 1048576K
}
Event: 170.882 GC heap after
{Heap after GC invocations=111 (full 0):
 garbage-first heap   total 239616K, used 115577K [0x0000000080000000, 0x0000000100000000)
  region size 1024K, 4 young (4096K), 4 survivors (4096K)
 Metaspace       used 93421K, capacity 95700K, committed 95996K, reserved 1132544K
  class space    used 12008K, capacity 12867K, committed 12928K, reserved 1048576K
}
Event: 172.969 GC heap before
{Heap before GC invocations=111 (full 0):
 garbage-first heap   total 239616K, used 195449K [0x0000000080000000, 0x0000000100000000)
  region size 1024K, 82 young (83968K), 4 survivors (4096K)
 Metaspace       used 93444K, capacity 95700K, committed 95996K, reserved 1132544K
  class space    used 12008K, capacity 12867K, committed 12928K, reserved 1048576K
}
Event: 172.998 GC heap after
{Heap after GC invocations=112 (full 0):
 garbage-first heap   total 239616K, used 117252K [0x0000000080000000, 0x0000000100000000)
  region size 1024K, 5 young (5120K), 5 survivors (5120K)
 Metaspace       used 93444K, capacity 95700K, committed 95996K, reserved 1132544K
  class space    used 12008K, capacity 12867K, committed 12928K, reserved 1048576K
}
Event: 175.248 GC heap before
{Heap before GC invocations=112 (full 0):
 garbage-first heap   total 239616K, used 201220K [0x0000000080000000, 0x0000000100000000)
  region size 1024K, 87 young (89088K), 5 survivors (5120K)
 Metaspace       used 93484K, capacity 95765K, committed 95996K, reserved 1132544K
  class space    used 12008K, capacity 12867K, committed 12928K, reserved 1048576K
}
Event: 175.280 GC heap after
{Heap after GC invocations=113 (full 0):
 garbage-first heap   total 239616K, used 118450K [0x0000000080000000, 0x0000000100000000)
  region size 1024K, 6 young (6144K), 6 survivors (6144K)
 Metaspace       used 93484K, capacity 95765K, committed 95996K, reserved 1132544K
  class space    used 12008K, capacity 12867K, committed 12928K, reserved 1048576K
}
Event: 177.336 GC heap before
{Heap before GC invocations=113 (full 0):
 garbage-first heap   total 239616K, used 202418K [0x0000000080000000, 0x0000000100000000)
  region size 1024K, 88 young (90112K), 6 survivors (6144K)
 Metaspace       used 93531K, capacity 95830K, committed 95996K, reserved 1132544K
  class space    used 12012K, capacity 12867K, committed 12928K, reserved 1048576K
}
Event: 177.386 GC heap after
{Heap after GC invocations=114 (full 0):
 garbage-first heap   total 239616K, used 119973K [0x0000000080000000, 0x0000000100000000)
  region size 1024K, 7 young (7168K), 7 survivors (7168K)
 Metaspace       used 93531K, capacity 95830K, committed 95996K, reserved 1132544K
  class space    used 12012K, capacity 12867K, committed 12928K, reserved 1048576K
}
Event: 179.520 GC heap before
{Heap before GC invocations=114 (full 0):
 garbage-first heap   total 239616K, used 203941K [0x0000000080000000, 0x0000000100000000)
  region size 1024K, 89 young (91136K), 7 survivors (7168K)
 Metaspace       used 93542K, capacity 95830K, committed 95996K, reserved 1132544K
  class space    used 12012K, capacity 12867K, committed 12928K, reserved 1048576K
}
Event: 179.565 GC heap after
{Heap after GC invocations=115 (full 0):
 garbage-first heap   total 239616K, used 121568K [0x0000000080000000, 0x0000000100000000)
  region size 1024K, 8 young (8192K), 8 survivors (8192K)
 Metaspace       used 93542K, capacity 95830K, committed 95996K, reserved 1132544K
  class space    used 12012K, capacity 12867K, committed 12928K, reserved 1048576K
}
Event: 180.919 GC heap before
{Heap before GC invocations=115 (full 0):
 garbage-first heap   total 239616K, used 205536K [0x0000000080000000, 0x0000000100000000)
  region size 1024K, 90 young (92160K), 8 survivors (8192K)
 Metaspace       used 93561K, capacity 95837K, committed 95996K, reserved 1132544K
  class space    used 12014K, capacity 12869K, committed 12928K, reserved 1048576K
}
Event: 180.980 GC heap after
{Heap after GC invocations=116 (full 0):
 garbage-first heap   total 287744K, used 122693K [0x0000000080000000, 0x0000000100000000)
  region size 1024K, 7 young (7168K), 7 survivors (7168K)
 Metaspace       used 93561K, capacity 95837K, committed 95996K, reserved 1132544K
  class space    used 12014K, capacity 12869K, committed 12928K, reserved 1048576K
}
Event: 184.158 GC heap before
{Heap before GC invocations=116 (full 0):
 garbage-first heap   total 287744K, used 228165K [0x0000000080000000, 0x0000000100000000)
  region size 1024K, 110 young (112640K), 7 survivors (7168K)
 Metaspace       used 93693K, capacity 96008K, committed 96252K, reserved 1132544K
  class space    used 12033K, capacity 12905K, committed 12928K, reserved 1048576K
}
Event: 184.215 GC heap after
{Heap after GC invocations=117 (full 0):
 garbage-first heap   total 287744K, used 123717K [0x0000000080000000, 0x0000000100000000)
  region size 1024K, 8 young (8192K), 8 survivors (8192K)
 Metaspace       used 93693K, capacity 96008K, committed 96252K, reserved 1132544K
  class space    used 12033K, capacity 12905K, committed 12928K, reserved 1048576K
}
Event: 187.959 GC heap before
{Heap before GC invocations=117 (full 0):
 garbage-first heap   total 287744K, used 236357K [0x0000000080000000, 0x0000000100000000)
  region size 1024K, 118 young (120832K), 8 survivors (8192K)
 Metaspace       used 93708K, capacity 96009K, committed 96252K, reserved 1132544K
  class space    used 12033K, capacity 12905K, committed 12928K, reserved 1048576K
}
Event: 188.020 GC heap after
{Heap after GC invocations=118 (full 0):
 garbage-first heap   total 287744K, used 125198K [0x0000000080000000, 0x0000000100000000)
  region size 1024K, 8 young (8192K), 8 survivors (8192K)
 Metaspace       used 93708K, capacity 96009K, committed 96252K, reserved 1132544K
  class space    used 12033K, capacity 12905K, committed 12928K, reserved 1048576K
}
Event: 191.326 GC heap before
{Heap before GC invocations=118 (full 0):
 garbage-first heap   total 287744K, used 239886K [0x0000000080000000, 0x0000000100000000)
  region size 1024K, 120 young (122880K), 8 survivors (8192K)
 Metaspace       used 93745K, capacity 96014K, committed 96252K, reserved 1132544K
  class space    used 12039K, capacity 12907K, committed 12928K, reserved 1048576K
}
Event: 191.397 GC heap after
{Heap after GC invocations=119 (full 0):
 garbage-first heap   total 287744K, used 126498K [0x0000000080000000, 0x0000000100000000)
  region size 1024K, 8 young (8192K), 8 survivors (8192K)
 Metaspace       used 93745K, capacity 96014K, committed 96252K, reserved 1132544K
  class space    used 12039K, capacity 12907K, committed 12928K, reserved 1048576K
}
Event: 196.020 GC heap before
{Heap before GC invocations=119 (full 0):
 garbage-first heap   total 287744K, used 242210K [0x0000000080000000, 0x0000000100000000)
  region size 1024K, 121 young (123904K), 8 survivors (8192K)
 Metaspace       used 93753K, capacity 96014K, committed 96252K, reserved 1132544K
  class space    used 12039K, capacity 12907K, committed 12928K, reserved 1048576K
}
Event: 196.080 GC heap after
{Heap after GC invocations=120 (full 0):
 garbage-first heap   total 346112K, used 128546K [0x0000000080000000, 0x0000000100000000)
  region size 1024K, 10 young (10240K), 10 survivors (10240K)
 Metaspace       used 93753K, capacity 96014K, committed 96252K, reserved 1132544K
  class space    used 12039K, capacity 12907K, committed 12928K, reserved 1048576K
}

