# JRE version: OpenJDK Runtime Environment (11.0.8+10) (build 11.0.8+10-b944.6842174)
# Java VM: OpenJDK 64-Bit Server VM (11.0.8+10-b944.6842174, mixed mode, tiered, compressed oops, g1 gc, windows-amd64)
Heap:
 garbage-first heap   total 431104K, used 196608K [0x0000000080000000, 0x0000000100000000)
  region size 1024K, 2 young (2048K), 2 survivors (2048K)
 Metaspace       used 132779K, capacity 135802K, committed 136060K, reserved 1167360K
  class space    used 16232K, capacity 17308K, committed 17408K, reserved 1048576K
GC Heap History (20 events):
Event: 6045.899 GC heap after
{Heap after GC invocations=136 (full 0):
 garbage-first heap   total 206848K, used 140731K [0x0000000080000000, 0x0000000100000000)
  region size 1024K, 3 young (3072K), 3 survivors (3072K)
 Metaspace       used 131172K, capacity 134117K, committed 134268K, reserved 1167360K
  class space    used 16046K, capacity 17115K, committed 17152K, reserved 1048576K
}
Event: 6049.475 GC heap before
{Heap before GC invocations=137 (full 0):
 garbage-first heap   total 206848K, used 202171K [0x0000000080000000, 0x0000000100000000)
  region size 1024K, 34 young (34816K), 3 survivors (3072K)
 Metaspace       used 131972K, capacity 134913K, committed 135164K, reserved 1167360K
  class space    used 16106K, capacity 17165K, committed 17280K, reserved 1048576K
}
Event: 6049.503 GC heap after
{Heap after GC invocations=138 (full 0):
 garbage-first heap   total 207872K, used 157773K [0x0000000080000000, 0x0000000100000000)
  region size 1024K, 3 young (3072K), 3 survivors (3072K)
 Metaspace       used 131972K, capacity 134913K, committed 135164K, reserved 1167360K
  class space    used 16106K, capacity 17165K, committed 17280K, reserved 1048576K
}
Event: 6049.601 GC heap before
{Heap before GC invocations=138 (full 0):
 garbage-first heap   total 207872K, used 164941K [0x0000000080000000, 0x0000000100000000)
  region size 1024K, 10 young (10240K), 3 survivors (3072K)
 Metaspace       used 131972K, capacity 134913K, committed 135164K, reserved 1167360K
  class space    used 16106K, capacity 17165K, committed 17280K, reserved 1048576K
}
Event: 6049.657 GC heap after
{Heap after GC invocations=139 (full 0):
 garbage-first heap   total 207872K, used 149451K [0x0000000080000000, 0x0000000100000000)
  region size 1024K, 2 young (2048K), 2 survivors (2048K)
 Metaspace       used 131972K, capacity 134913K, committed 135164K, reserved 1167360K
  class space    used 16106K, capacity 17165K, committed 17280K, reserved 1048576K
}
Event: 6049.983 GC heap before
{Heap before GC invocations=139 (full 0):
 garbage-first heap   total 207872K, used 179147K [0x0000000080000000, 0x0000000100000000)
  region size 1024K, 28 young (28672K), 2 survivors (2048K)
 Metaspace       used 132003K, capacity 134978K, committed 135164K, reserved 1167360K
  class space    used 16106K, capacity 17165K, committed 17280K, reserved 1048576K
}
Event: 6050.076 GC heap after
{Heap after GC invocations=140 (full 0):
 garbage-first heap   total 207872K, used 163790K [0x0000000080000000, 0x0000000100000000)
  region size 1024K, 4 young (4096K), 4 survivors (4096K)
 Metaspace       used 132003K, capacity 134978K, committed 135164K, reserved 1167360K
  class space    used 16106K, capacity 17165K, committed 17280K, reserved 1048576K
}
Event: 6050.593 GC heap before
{Heap before GC invocations=140 (full 0):
 garbage-first heap   total 207872K, used 175054K [0x0000000080000000, 0x0000000100000000)
  region size 1024K, 16 young (16384K), 4 survivors (4096K)
 Metaspace       used 132657K, capacity 135639K, committed 135676K, reserved 1167360K
  class space    used 16231K, capacity 17276K, committed 17280K, reserved 1048576K
}
Event: 6050.671 GC heap after
{Heap after GC invocations=141 (full 0):
 garbage-first heap   total 207872K, used 169984K [0x0000000080000000, 0x0000000100000000)
  region size 1024K, 2 young (2048K), 2 survivors (2048K)
 Metaspace       used 132657K, capacity 135639K, committed 135676K, reserved 1167360K
  class space    used 16231K, capacity 17276K, committed 17280K, reserved 1048576K
}
Event: 6050.946 GC heap before
{Heap before GC invocations=141 (full 0):
 garbage-first heap   total 207872K, used 178176K [0x0000000080000000, 0x0000000100000000)
  region size 1024K, 10 young (10240K), 2 survivors (2048K)
 Metaspace       used 132702K, capacity 135639K, committed 135676K, reserved 1167360K
  class space    used 16231K, capacity 17276K, committed 17280K, reserved 1048576K
}
Event: 6050.990 GC heap after
{Heap after GC invocations=142 (full 0):
 garbage-first heap   total 207872K, used 175104K [0x0000000080000000, 0x0000000100000000)
  region size 1024K, 2 young (2048K), 2 survivors (2048K)
 Metaspace       used 132702K, capacity 135639K, committed 135676K, reserved 1167360K
  class space    used 16231K, capacity 17276K, committed 17280K, reserved 1048576K
}
Event: 6052.180 GC heap before
{Heap before GC invocations=143 (full 0):
 garbage-first heap   total 207872K, used 179200K [0x0000000080000000, 0x0000000100000000)
  region size 1024K, 10 young (10240K), 2 survivors (2048K)
 Metaspace       used 132708K, capacity 135639K, committed 135676K, reserved 1167360K
  class space    used 16231K, capacity 17276K, committed 17280K, reserved 1048576K
}
Event: 6052.228 GC heap after
{Heap after GC invocations=144 (full 0):
 garbage-first heap   total 249856K, used 177152K [0x0000000080000000, 0x0000000100000000)
  region size 1024K, 2 young (2048K), 2 survivors (2048K)
 Metaspace       used 132708K, capacity 135639K, committed 135676K, reserved 1167360K
  class space    used 16231K, capacity 17276K, committed 17280K, reserved 1048576K
}
Event: 6052.512 GC heap before
{Heap before GC invocations=144 (full 0):
 garbage-first heap   total 249856K, used 186368K [0x0000000080000000, 0x0000000100000000)
  region size 1024K, 12 young (12288K), 2 survivors (2048K)
 Metaspace       used 132730K, capacity 135705K, committed 135932K, reserved 1167360K
  class space    used 16231K, capacity 17276K, committed 17280K, reserved 1048576K
}
Event: 6052.634 GC heap after
{Heap after GC invocations=145 (full 0):
 garbage-first heap   total 249856K, used 170929K [0x0000000080000000, 0x0000000100000000)
  region size 1024K, 2 young (2048K), 2 survivors (2048K)
 Metaspace       used 132730K, capacity 135705K, committed 135932K, reserved 1167360K
  class space    used 16231K, capacity 17276K, committed 17280K, reserved 1048576K
}
Event: 6053.088 GC heap before
{Heap before GC invocations=145 (full 0):
 garbage-first heap   total 249856K, used 189361K [0x0000000080000000, 0x0000000100000000)
  region size 1024K, 21 young (21504K), 2 survivors (2048K)
 Metaspace       used 132738K, capacity 135705K, committed 135932K, reserved 1167360K
  class space    used 16231K, capacity 17276K, committed 17280K, reserved 1048576K
}
Event: 6053.213 GC heap after
{Heap after GC invocations=146 (full 0):
 garbage-first heap   total 249856K, used 182784K [0x0000000080000000, 0x0000000100000000)
  region size 1024K, 3 young (3072K), 3 survivors (3072K)
 Metaspace       used 132738K, capacity 135705K, committed 135932K, reserved 1167360K
  class space    used 16231K, capacity 17276K, committed 17280K, reserved 1048576K
}
Event: 6054.912 GC heap before
{Heap before GC invocations=147 (full 0):
 garbage-first heap   total 249856K, used 200192K [0x0000000080000000, 0x0000000100000000)
  region size 1024K, 18 young (18432K), 3 survivors (3072K)
 Metaspace       used 132740K, capacity 135705K, committed 135932K, reserved 1167360K
  class space    used 16231K, capacity 17276K, committed 17280K, reserved 1048576K
}
Event: 6055.000 GC heap after
{Heap after GC invocations=148 (full 0):
 garbage-first heap   total 249856K, used 194560K [0x0000000080000000, 0x0000000100000000)
  region size 1024K, 3 young (3072K), 3 survivors (3072K)
 Metaspace       used 132740K, capacity 135705K, committed 135932K, reserved 1167360K
  class space    used 16231K, capacity 17276K, committed 17280K, reserved 1048576K
}
Event: 6055.425 GC heap before
{Heap before GC invocations=148 (full 0):
 garbage-first heap   total 249856K, used 203776K [0x0000000080000000, 0x0000000100000000)
  region size 1024K, 12 young (12288K), 3 survivors (3072K)
 Metaspace       used 132779K, capacity 135802K, committed 136060K, reserved 1167360K
  class space    used 16232K, capacity 17308K, committed 17408K, reserved 1048576K
}

