# JRE version: OpenJDK Runtime Environment (11.0.8+10) (build 11.0.8+10-b944.6842174)
# Java VM: OpenJDK 64-Bit Server VM (11.0.8+10-b944.6842174, mixed mode, tiered, compressed oops, g1 gc, windows-amd64)
Heap:
 garbage-first heap   total 608256K, used 196965K [0x0000000080000000, 0x0000000100000000)
  region size 1024K, 3 young (3072K), 3 survivors (3072K)
 Metaspace       used 89005K, capacity 91354K, committed 91684K, reserved 1128448K
  class space    used 11563K, capacity 12432K, committed 12544K, reserved 1048576K
GC Heap History (20 events):
Event: 79.846 GC heap after
{Heap after GC invocations=46 (full 0):
 garbage-first heap   total 264192K, used 143360K [0x0000000080000000, 0x0000000100000000)
  region size 1024K, 3 young (3072K), 3 survivors (3072K)
 Metaspace       used 88615K, capacity 90953K, committed 91172K, reserved 1128448K
  class space    used 11555K, capacity 12421K, committed 12544K, reserved 1048576K
}
Event: 79.868 GC heap before
{Heap before GC invocations=46 (full 0):
 garbage-first heap   total 264192K, used 143360K [0x0000000080000000, 0x0000000100000000)
  region size 1024K, 4 young (4096K), 3 survivors (3072K)
 Metaspace       used 88615K, capacity 90953K, committed 91172K, reserved 1128448K
  class space    used 11555K, capacity 12421K, committed 12544K, reserved 1048576K
}
Event: 79.893 GC heap after
{Heap after GC invocations=47 (full 0):
 garbage-first heap   total 264192K, used 144759K [0x0000000080000000, 0x0000000100000000)
  region size 1024K, 1 young (1024K), 1 survivors (1024K)
 Metaspace       used 88615K, capacity 90953K, committed 91172K, reserved 1128448K
  class space    used 11555K, capacity 12421K, committed 12544K, reserved 1048576K
}
Event: 81.867 GC heap before
{Heap before GC invocations=48 (full 0):
 garbage-first heap   total 264192K, used 166263K [0x0000000080000000, 0x0000000100000000)
  region size 1024K, 20 young (20480K), 1 survivors (1024K)
 Metaspace       used 88724K, capacity 91035K, committed 91172K, reserved 1128448K
  class space    used 11555K, capacity 12421K, committed 12544K, reserved 1048576K
}
Event: 81.926 GC heap after
{Heap after GC invocations=49 (full 0):
 garbage-first heap   total 264192K, used 156535K [0x0000000080000000, 0x0000000100000000)
  region size 1024K, 3 young (3072K), 3 survivors (3072K)
 Metaspace       used 88724K, capacity 91035K, committed 91172K, reserved 1128448K
  class space    used 11555K, capacity 12421K, committed 12544K, reserved 1048576K
}
Event: 82.246 GC heap before
{Heap before GC invocations=49 (full 0):
 garbage-first heap   total 264192K, used 165751K [0x0000000080000000, 0x0000000100000000)
  region size 1024K, 13 young (13312K), 3 survivors (3072K)
 Metaspace       used 88736K, capacity 91042K, committed 91172K, reserved 1128448K
  class space    used 11557K, capacity 12423K, committed 12544K, reserved 1048576K
}
Event: 82.308 GC heap after
{Heap after GC invocations=50 (full 0):
 garbage-first heap   total 264192K, used 159747K [0x0000000080000000, 0x0000000100000000)
  region size 1024K, 3 young (3072K), 3 survivors (3072K)
 Metaspace       used 88736K, capacity 91042K, committed 91172K, reserved 1128448K
  class space    used 11557K, capacity 12423K, committed 12544K, reserved 1048576K
}
Event: 84.731 GC heap before
{Heap before GC invocations=51 (full 0):
 garbage-first heap   total 264192K, used 169987K [0x0000000080000000, 0x0000000100000000)
  region size 1024K, 24 young (24576K), 3 survivors (3072K)
 Metaspace       used 88843K, capacity 91182K, committed 91428K, reserved 1128448K
  class space    used 11558K, capacity 12424K, committed 12544K, reserved 1048576K
}
Event: 84.844 GC heap after
{Heap after GC invocations=52 (full 0):
 garbage-first heap   total 407552K, used 155396K [0x0000000080000000, 0x0000000100000000)
  region size 1024K, 3 young (3072K), 3 survivors (3072K)
 Metaspace       used 88843K, capacity 91182K, committed 91428K, reserved 1128448K
  class space    used 11558K, capacity 12424K, committed 12544K, reserved 1048576K
}
Event: 85.901 GC heap before
{Heap before GC invocations=52 (full 0):
 garbage-first heap   total 407552K, used 172804K [0x0000000080000000, 0x0000000100000000)
  region size 1024K, 19 young (19456K), 3 survivors (3072K)
 Metaspace       used 88849K, capacity 91182K, committed 91428K, reserved 1128448K
  class space    used 11558K, capacity 12424K, committed 12544K, reserved 1048576K
}
Event: 86.019 GC heap after
{Heap after GC invocations=53 (full 0):
 garbage-first heap   total 407552K, used 161280K [0x0000000080000000, 0x0000000100000000)
  region size 1024K, 3 young (3072K), 3 survivors (3072K)
 Metaspace       used 88849K, capacity 91182K, committed 91428K, reserved 1128448K
  class space    used 11558K, capacity 12424K, committed 12544K, reserved 1048576K
}
Event: 87.182 GC heap before
{Heap before GC invocations=53 (full 0):
 garbage-first heap   total 407552K, used 186880K [0x0000000080000000, 0x0000000100000000)
  region size 1024K, 19 young (19456K), 3 survivors (3072K)
 Metaspace       used 88898K, capacity 91250K, committed 91428K, reserved 1128448K
  class space    used 11558K, capacity 12424K, committed 12544K, reserved 1048576K
}
Event: 87.251 GC heap after
{Heap after GC invocations=54 (full 0):
 garbage-first heap   total 407552K, used 176128K [0x0000000080000000, 0x0000000100000000)
  region size 1024K, 3 young (3072K), 3 survivors (3072K)
 Metaspace       used 88898K, capacity 91250K, committed 91428K, reserved 1128448K
  class space    used 11558K, capacity 12424K, committed 12544K, reserved 1048576K
}
Event: 89.415 GC heap before
{Heap before GC invocations=54 (full 0):
 garbage-first heap   total 407552K, used 212992K [0x0000000080000000, 0x0000000100000000)
  region size 1024K, 31 young (31744K), 3 survivors (3072K)
 Metaspace       used 88947K, capacity 91258K, committed 91428K, reserved 1128448K
  class space    used 11558K, capacity 12424K, committed 12544K, reserved 1048576K
}
Event: 89.455 GC heap after
{Heap after GC invocations=55 (full 0):
 garbage-first heap   total 407552K, used 189568K [0x0000000080000000, 0x0000000100000000)
  region size 1024K, 4 young (4096K), 4 survivors (4096K)
 Metaspace       used 88947K, capacity 91258K, committed 91428K, reserved 1128448K
  class space    used 11558K, capacity 12424K, committed 12544K, reserved 1048576K
}
Event: 89.458 GC heap before
{Heap before GC invocations=55 (full 0):
 garbage-first heap   total 407552K, used 189568K [0x0000000080000000, 0x0000000100000000)
  region size 1024K, 5 young (5120K), 4 survivors (4096K)
 Metaspace       used 88947K, capacity 91258K, committed 91428K, reserved 1128448K
  class space    used 11558K, capacity 12424K, committed 12544K, reserved 1048576K
}
Event: 89.466 GC heap after
{Heap after GC invocations=56 (full 0):
 garbage-first heap   total 407552K, used 189851K [0x0000000080000000, 0x0000000100000000)
  region size 1024K, 1 young (1024K), 1 survivors (1024K)
 Metaspace       used 88947K, capacity 91258K, committed 91428K, reserved 1128448K
  class space    used 11558K, capacity 12424K, committed 12544K, reserved 1048576K
}
Event: 91.812 GC heap before
{Heap before GC invocations=57 (full 0):
 garbage-first heap   total 407552K, used 233883K [0x0000000080000000, 0x0000000100000000)
  region size 1024K, 43 young (44032K), 1 survivors (1024K)
 Metaspace       used 89005K, capacity 91354K, committed 91684K, reserved 1128448K
  class space    used 11563K, capacity 12432K, committed 12544K, reserved 1048576K
}
Event: 91.899 GC heap after
{Heap after GC invocations=58 (full 0):
 garbage-first heap   total 407552K, used 198241K [0x0000000080000000, 0x0000000100000000)
  region size 1024K, 6 young (6144K), 6 survivors (6144K)
 Metaspace       used 89005K, capacity 91354K, committed 91684K, reserved 1128448K
  class space    used 11563K, capacity 12432K, committed 12544K, reserved 1048576K
}
Event: 92.023 GC heap before
{Heap before GC invocations=58 (full 0):
 garbage-first heap   total 407552K, used 211553K [0x0000000080000000, 0x0000000100000000)
  region size 1024K, 19 young (19456K), 6 survivors (6144K)
 Metaspace       used 89005K, capacity 91354K, committed 91684K, reserved 1128448K
  class space    used 11563K, capacity 12432K, committed 12544K, reserved 1048576K
}

