# JRE version: OpenJDK Runtime Environment (11.0.8+10) (build 11.0.8+10-b944.6842174)
# Java VM: OpenJDK 64-Bit Server VM (11.0.8+10-b944.6842174, mixed mode, tiered, compressed oops, g1 gc, windows-amd64)
Heap:
 garbage-first heap   total 274432K, used 168294K [0x0000000080000000, 0x0000000100000000)
  region size 1024K, 6 young (6144K), 1 survivors (1024K)
 Metaspace       used 90467K, capacity 92521K, committed 92580K, reserved 1136640K
  class space    used 11660K, capacity 12376K, committed 12416K, reserved 1048576K
GC Heap History (20 events):
Event: 52.051 GC heap before
{Heap before GC invocations=37 (full 0):
 garbage-first heap   total 220160K, used 118856K [0x0000000080000000, 0x0000000100000000)
  region size 1024K, 18 young (18432K), 1 survivors (1024K)
 Metaspace       used 78779K, capacity 80647K, committed 80804K, reserved 1120256K
  class space    used 10126K, capacity 10777K, committed 10880K, reserved 1048576K
}
Event: 52.065 GC heap after
{Heap after GC invocations=38 (full 0):
 garbage-first heap   total 220160K, used 95706K [0x0000000080000000, 0x0000000100000000)
  region size 1024K, 2 young (2048K), 2 survivors (2048K)
 Metaspace       used 78779K, capacity 80647K, committed 80804K, reserved 1120256K
  class space    used 10126K, capacity 10777K, committed 10880K, reserved 1048576K
}
Event: 55.621 GC heap before
{Heap before GC invocations=39 (full 0):
 garbage-first heap   total 220160K, used 152026K [0x0000000080000000, 0x0000000100000000)
  region size 1024K, 61 young (62464K), 2 survivors (2048K)
 Metaspace       used 80550K, capacity 82478K, committed 82724K, reserved 1122304K
  class space    used 10349K, capacity 11002K, committed 11008K, reserved 1048576K
}
Event: 55.654 GC heap after
{Heap after GC invocations=40 (full 0):
 garbage-first heap   total 220160K, used 92964K [0x0000000080000000, 0x0000000100000000)
  region size 1024K, 4 young (4096K), 4 survivors (4096K)
 Metaspace       used 80550K, capacity 82478K, committed 82724K, reserved 1122304K
  class space    used 10349K, capacity 11002K, committed 11008K, reserved 1048576K
}
Event: 55.960 GC heap before
{Heap before GC invocations=40 (full 0):
 garbage-first heap   total 220160K, used 98084K [0x0000000080000000, 0x0000000100000000)
  region size 1024K, 10 young (10240K), 4 survivors (4096K)
 Metaspace       used 81024K, capacity 82926K, committed 83108K, reserved 1122304K
  class space    used 10408K, capacity 11066K, committed 11136K, reserved 1048576K
}
Event: 55.993 GC heap after
{Heap after GC invocations=41 (full 0):
 garbage-first heap   total 220160K, used 81897K [0x0000000080000000, 0x0000000100000000)
  region size 1024K, 1 young (1024K), 1 survivors (1024K)
 Metaspace       used 81024K, capacity 82926K, committed 83108K, reserved 1122304K
  class space    used 10408K, capacity 11066K, committed 11136K, reserved 1048576K
}
Event: 61.132 GC heap before
{Heap before GC invocations=41 (full 0):
 garbage-first heap   total 220160K, used 166889K [0x0000000080000000, 0x0000000100000000)
  region size 1024K, 85 young (87040K), 1 survivors (1024K)
 Metaspace       used 83227K, capacity 85177K, committed 85412K, reserved 1124352K
  class space    used 10659K, capacity 11325K, committed 11392K, reserved 1048576K
}
Event: 61.163 GC heap after
{Heap after GC invocations=42 (full 0):
 garbage-first heap   total 220160K, used 85977K [0x0000000080000000, 0x0000000100000000)
  region size 1024K, 5 young (5120K), 5 survivors (5120K)
 Metaspace       used 83227K, capacity 85177K, committed 85412K, reserved 1124352K
  class space    used 10659K, capacity 11325K, committed 11392K, reserved 1048576K
}
Event: 96.610 GC heap before
{Heap before GC invocations=42 (full 0):
 garbage-first heap   total 220160K, used 166873K [0x0000000080000000, 0x0000000100000000)
  region size 1024K, 85 young (87040K), 5 survivors (5120K)
 Metaspace       used 84381K, capacity 86318K, committed 86564K, reserved 1124352K
  class space    used 10752K, capacity 11426K, committed 11520K, reserved 1048576K
}
Event: 96.665 GC heap after
{Heap after GC invocations=43 (full 0):
 garbage-first heap   total 220160K, used 92651K [0x0000000080000000, 0x0000000100000000)
  region size 1024K, 11 young (11264K), 11 survivors (11264K)
 Metaspace       used 84381K, capacity 86318K, committed 86564K, reserved 1124352K
  class space    used 10752K, capacity 11426K, committed 11520K, reserved 1048576K
}
Event: 100.079 GC heap before
{Heap before GC invocations=43 (full 0):
 garbage-first heap   total 220160K, used 146923K [0x0000000080000000, 0x0000000100000000)
  region size 1024K, 56 young (57344K), 11 survivors (11264K)
 Metaspace       used 86863K, capacity 88903K, committed 88996K, reserved 1126400K
  class space    used 11097K, capacity 11817K, committed 11904K, reserved 1048576K
}
Event: 100.124 GC heap after
{Heap after GC invocations=44 (full 0):
 garbage-first heap   total 220160K, used 100691K [0x0000000080000000, 0x0000000100000000)
  region size 1024K, 2 young (2048K), 2 survivors (2048K)
 Metaspace       used 86863K, capacity 88903K, committed 88996K, reserved 1126400K
  class space    used 11097K, capacity 11817K, committed 11904K, reserved 1048576K
}
Event: 103.063 GC heap before
{Heap before GC invocations=45 (full 0):
 garbage-first heap   total 220160K, used 191827K [0x0000000080000000, 0x0000000100000000)
  region size 1024K, 76 young (77824K), 2 survivors (2048K)
 Metaspace       used 89176K, capacity 91217K, committed 91428K, reserved 1128448K
  class space    used 11496K, capacity 12200K, committed 12288K, reserved 1048576K
}
Event: 103.300 GC heap after
{Heap after GC invocations=46 (full 0):
 garbage-first heap   total 228352K, used 139264K [0x0000000080000000, 0x0000000100000000)
  region size 1024K, 10 young (10240K), 10 survivors (10240K)
 Metaspace       used 89176K, capacity 91217K, committed 91428K, reserved 1128448K
  class space    used 11496K, capacity 12200K, committed 12288K, reserved 1048576K
}
Event: 103.367 GC heap before
{Heap before GC invocations=46 (full 0):
 garbage-first heap   total 228352K, used 140288K [0x0000000080000000, 0x0000000100000000)
  region size 1024K, 11 young (11264K), 10 survivors (10240K)
 Metaspace       used 89177K, capacity 91217K, committed 91428K, reserved 1128448K
  class space    used 11496K, capacity 12200K, committed 12288K, reserved 1048576K
}
Event: 103.493 GC heap after
{Heap after GC invocations=47 (full 0):
 garbage-first heap   total 274432K, used 135680K [0x0000000080000000, 0x0000000100000000)
  region size 1024K, 1 young (1024K), 1 survivors (1024K)
 Metaspace       used 89177K, capacity 91217K, committed 91428K, reserved 1128448K
  class space    used 11496K, capacity 12200K, committed 12288K, reserved 1048576K
}
Event: 104.223 GC heap before
{Heap before GC invocations=47 (full 0):
 garbage-first heap   total 274432K, used 163328K [0x0000000080000000, 0x0000000100000000)
  region size 1024K, 29 young (29696K), 1 survivors (1024K)
 Metaspace       used 89197K, capacity 91220K, committed 91428K, reserved 1128448K
  class space    used 11496K, capacity 12200K, committed 12288K, reserved 1048576K
}
Event: 104.331 GC heap after
{Heap after GC invocations=48 (full 0):
 garbage-first heap   total 274432K, used 152064K [0x0000000080000000, 0x0000000100000000)
  region size 1024K, 5 young (5120K), 5 survivors (5120K)
 Metaspace       used 89197K, capacity 91220K, committed 91428K, reserved 1128448K
  class space    used 11496K, capacity 12200K, committed 12288K, reserved 1048576K
}
Event: 105.962 GC heap before
{Heap before GC invocations=49 (full 0):
 garbage-first heap   total 274432K, used 169472K [0x0000000080000000, 0x0000000100000000)
  region size 1024K, 20 young (20480K), 5 survivors (5120K)
 Metaspace       used 89244K, capacity 91320K, committed 91428K, reserved 1128448K
  class space    used 11504K, capacity 12233K, committed 12288K, reserved 1048576K
}
Event: 106.070 GC heap after
{Heap after GC invocations=50 (full 0):
 garbage-first heap   total 274432K, used 163328K [0x0000000080000000, 0x0000000100000000)
  region size 1024K, 3 young (3072K), 3 survivors (3072K)
 Metaspace       used 89244K, capacity 91320K, committed 91428K, reserved 1128448K
  class space    used 11504K, capacity 12233K, committed 12288K, reserved 1048576K
}

