# JRE version: OpenJDK Runtime Environment (11.0.8+10) (build 11.0.8+10-b944.6842174)
# Java VM: OpenJDK 64-Bit Server VM (11.0.8+10-b944.6842174, mixed mode, tiered, compressed oops, g1 gc, windows-amd64)
Heap:
 garbage-first heap   total 65536K, used 45189K [0x0000000080000000, 0x0000000100000000)
  region size 1024K, 9 young (9216K), 2 survivors (2048K)
 Metaspace       used 53172K, capacity 54380K, committed 54652K, reserved 1097728K
  class space    used 6719K, capacity 7137K, committed 7168K, reserved 1048576K
GC Heap History (20 events):
Event: 55.116 GC heap before
{Heap before GC invocations=10 (full 0):
 garbage-first heap   total 65536K, used 42373K [0x0000000080000000, 0x0000000100000000)
  region size 1024K, 27 young (27648K), 3 survivors (3072K)
 Metaspace       used 34969K, capacity 35645K, committed 35708K, reserved 1081344K
  class space    used 4532K, capacity 4817K, committed 4864K, reserved 1048576K
}
Event: 55.141 GC heap after
{Heap after GC invocations=11 (full 0):
 garbage-first heap   total 65536K, used 22041K [0x0000000080000000, 0x0000000100000000)
  region size 1024K, 4 young (4096K), 4 survivors (4096K)
 Metaspace       used 34969K, capacity 35645K, committed 35708K, reserved 1081344K
  class space    used 4532K, capacity 4817K, committed 4864K, reserved 1048576K
}
Event: 58.253 GC heap before
{Heap before GC invocations=12 (full 0):
 garbage-first heap   total 65536K, used 48665K [0x0000000080000000, 0x0000000100000000)
  region size 1024K, 28 young (28672K), 4 survivors (4096K)
 Metaspace       used 37827K, capacity 38605K, committed 38908K, reserved 1083392K
  class space    used 4846K, capacity 5134K, committed 5248K, reserved 1048576K
}
Event: 58.280 GC heap after
{Heap after GC invocations=13 (full 0):
 garbage-first heap   total 65536K, used 23736K [0x0000000080000000, 0x0000000100000000)
  region size 1024K, 2 young (2048K), 2 survivors (2048K)
 Metaspace       used 37827K, capacity 38605K, committed 38908K, reserved 1083392K
  class space    used 4846K, capacity 5134K, committed 5248K, reserved 1048576K
}
Event: 60.477 GC heap before
{Heap before GC invocations=13 (full 0):
 garbage-first heap   total 65536K, used 48312K [0x0000000080000000, 0x0000000100000000)
  region size 1024K, 26 young (26624K), 2 survivors (2048K)
 Metaspace       used 40077K, capacity 40860K, committed 41212K, reserved 1085440K
  class space    used 5087K, capacity 5394K, committed 5504K, reserved 1048576K
}
Event: 60.493 GC heap after
{Heap after GC invocations=14 (full 0):
 garbage-first heap   total 65536K, used 25054K [0x0000000080000000, 0x0000000100000000)
  region size 1024K, 3 young (3072K), 3 survivors (3072K)
 Metaspace       used 40077K, capacity 40860K, committed 41212K, reserved 1085440K
  class space    used 5087K, capacity 5394K, committed 5504K, reserved 1048576K
}
Event: 62.679 GC heap before
{Heap before GC invocations=14 (full 0):
 garbage-first heap   total 65536K, used 49630K [0x0000000080000000, 0x0000000100000000)
  region size 1024K, 27 young (27648K), 3 survivors (3072K)
 Metaspace       used 42245K, capacity 43140K, committed 43260K, reserved 1087488K
  class space    used 5416K, capacity 5735K, committed 5760K, reserved 1048576K
}
Event: 62.697 GC heap after
{Heap after GC invocations=15 (full 0):
 garbage-first heap   total 65536K, used 25863K [0x0000000080000000, 0x0000000100000000)
  region size 1024K, 3 young (3072K), 3 survivors (3072K)
 Metaspace       used 42245K, capacity 43140K, committed 43260K, reserved 1087488K
  class space    used 5416K, capacity 5735K, committed 5760K, reserved 1048576K
}
Event: 69.841 GC heap before
{Heap before GC invocations=15 (full 0):
 garbage-first heap   total 65536K, used 50439K [0x0000000080000000, 0x0000000100000000)
  region size 1024K, 27 young (27648K), 3 survivors (3072K)
 Metaspace       used 44203K, capacity 45145K, committed 45308K, reserved 1089536K
  class space    used 5649K, capacity 5998K, committed 6016K, reserved 1048576K
}
Event: 69.863 GC heap after
{Heap after GC invocations=16 (full 0):
 garbage-first heap   total 65536K, used 27472K [0x0000000080000000, 0x0000000100000000)
  region size 1024K, 3 young (3072K), 3 survivors (3072K)
 Metaspace       used 44203K, capacity 45145K, committed 45308K, reserved 1089536K
  class space    used 5649K, capacity 5998K, committed 6016K, reserved 1048576K
}
Event: 79.989 GC heap before
{Heap before GC invocations=16 (full 0):
 garbage-first heap   total 65536K, used 53072K [0x0000000080000000, 0x0000000100000000)
  region size 1024K, 26 young (26624K), 3 survivors (3072K)
 Metaspace       used 44643K, capacity 45717K, committed 45948K, reserved 1089536K
  class space    used 5690K, capacity 6079K, committed 6144K, reserved 1048576K
}
Event: 80.011 GC heap after
{Heap after GC invocations=17 (full 0):
 garbage-first heap   total 65536K, used 36359K [0x0000000080000000, 0x0000000100000000)
  region size 1024K, 4 young (4096K), 4 survivors (4096K)
 Metaspace       used 44643K, capacity 45717K, committed 45948K, reserved 1089536K
  class space    used 5690K, capacity 6079K, committed 6144K, reserved 1048576K
}
Event: 82.304 GC heap before
{Heap before GC invocations=17 (full 0):
 garbage-first heap   total 65536K, used 49671K [0x0000000080000000, 0x0000000100000000)
  region size 1024K, 18 young (18432K), 4 survivors (4096K)
 Metaspace       used 45964K, capacity 47139K, committed 47484K, reserved 1091584K
  class space    used 5866K, capacity 6283K, committed 6400K, reserved 1048576K
}
Event: 82.320 GC heap after
{Heap after GC invocations=18 (full 0):
 garbage-first heap   total 65536K, used 37959K [0x0000000080000000, 0x0000000100000000)
  region size 1024K, 2 young (2048K), 2 survivors (2048K)
 Metaspace       used 45964K, capacity 47139K, committed 47484K, reserved 1091584K
  class space    used 5866K, capacity 6283K, committed 6400K, reserved 1048576K
}
Event: 85.291 GC heap before
{Heap before GC invocations=19 (full 0):
 garbage-first heap   total 65536K, used 50247K [0x0000000080000000, 0x0000000100000000)
  region size 1024K, 15 young (15360K), 2 survivors (2048K)
 Metaspace       used 48341K, capacity 49537K, committed 49788K, reserved 1093632K
  class space    used 6122K, capacity 6552K, committed 6656K, reserved 1048576K
}
Event: 85.301 GC heap after
{Heap after GC invocations=20 (full 0):
 garbage-first heap   total 65536K, used 38263K [0x0000000080000000, 0x0000000100000000)
  region size 1024K, 2 young (2048K), 2 survivors (2048K)
 Metaspace       used 48341K, capacity 49537K, committed 49788K, reserved 1093632K
  class space    used 6122K, capacity 6552K, committed 6656K, reserved 1048576K
}
Event: 87.129 GC heap before
{Heap before GC invocations=20 (full 0):
 garbage-first heap   total 65536K, used 50551K [0x0000000080000000, 0x0000000100000000)
  region size 1024K, 15 young (15360K), 2 survivors (2048K)
 Metaspace       used 50069K, capacity 51274K, committed 51452K, reserved 1093632K
  class space    used 6352K, capacity 6750K, committed 6784K, reserved 1048576K
}
Event: 87.141 GC heap after
{Heap after GC invocations=21 (full 0):
 garbage-first heap   total 65536K, used 38674K [0x0000000080000000, 0x0000000100000000)
  region size 1024K, 1 young (1024K), 1 survivors (1024K)
 Metaspace       used 50069K, capacity 51274K, committed 51452K, reserved 1093632K
  class space    used 6352K, capacity 6750K, committed 6784K, reserved 1048576K
}
Event: 89.618 GC heap before
{Heap before GC invocations=22 (full 0):
 garbage-first heap   total 65536K, used 53010K [0x0000000080000000, 0x0000000100000000)
  region size 1024K, 15 young (15360K), 1 survivors (1024K)
 Metaspace       used 52163K, capacity 53413K, committed 53628K, reserved 1095680K
  class space    used 6621K, capacity 7054K, committed 7168K, reserved 1048576K
}
Event: 89.628 GC heap after
{Heap after GC invocations=23 (full 0):
 garbage-first heap   total 65536K, used 39045K [0x0000000080000000, 0x0000000100000000)
  region size 1024K, 2 young (2048K), 2 survivors (2048K)
 Metaspace       used 52163K, capacity 53413K, committed 53628K, reserved 1095680K
  class space    used 6621K, capacity 7054K, committed 7168K, reserved 1048576K
}

