# JRE version: OpenJDK Runtime Environment (11.0.8+10) (build 11.0.8+10-b944.6842174)
# Java VM: OpenJDK 64-Bit Server VM (11.0.8+10-b944.6842174, mixed mode, tiered, compressed oops, g1 gc, windows-amd64)
Heap:
 garbage-first heap   total 290816K, used 157880K [0x0000000080000000, 0x0000000100000000)
  region size 1024K, 3 young (3072K), 3 survivors (3072K)
 Metaspace       used 110762K, capacity 113790K, committed 113920K, reserved 1148928K
  class space    used 13602K, capacity 14591K, committed 14592K, reserved 1048576K
GC Heap History (20 events):
Event: 3375.240 GC heap after
{Heap after GC invocations=131 (full 0):
 garbage-first heap   total 165888K, used 137216K [0x0000000080000000, 0x0000000100000000)
  region size 1024K, 1 young (1024K), 1 survivors (1024K)
 Metaspace       used 107190K, capacity 110015K, committed 110208K, reserved 1144832K
  class space    used 13255K, capacity 14164K, committed 14208K, reserved 1048576K
}
Event: 3376.407 GC heap before
{Heap before GC invocations=132 (full 0):
 garbage-first heap   total 165888K, used 144384K [0x0000000080000000, 0x0000000100000000)
  region size 1024K, 8 young (8192K), 1 survivors (1024K)
 Metaspace       used 107193K, capacity 110015K, committed 110208K, reserved 1144832K
  class space    used 13255K, capacity 14164K, committed 14208K, reserved 1048576K
}
Event: 3376.430 GC heap after
{Heap after GC invocations=133 (full 0):
 garbage-first heap   total 165888K, used 139010K [0x0000000080000000, 0x0000000100000000)
  region size 1024K, 1 young (1024K), 1 survivors (1024K)
 Metaspace       used 107193K, capacity 110015K, committed 110208K, reserved 1144832K
  class space    used 13255K, capacity 14164K, committed 14208K, reserved 1048576K
}
Event: 3376.734 GC heap before
{Heap before GC invocations=133 (full 0):
 garbage-first heap   total 165888K, used 145154K [0x0000000080000000, 0x0000000100000000)
  region size 1024K, 8 young (8192K), 1 survivors (1024K)
 Metaspace       used 107193K, capacity 110015K, committed 110208K, reserved 1144832K
  class space    used 13255K, capacity 14164K, committed 14208K, reserved 1048576K
}
Event: 3376.748 GC heap after
{Heap after GC invocations=134 (full 0):
 garbage-first heap   total 200704K, used 139756K [0x0000000080000000, 0x0000000100000000)
  region size 1024K, 1 young (1024K), 1 survivors (1024K)
 Metaspace       used 107193K, capacity 110015K, committed 110208K, reserved 1144832K
  class space    used 13255K, capacity 14164K, committed 14208K, reserved 1048576K
}
Event: 3377.364 GC heap before
{Heap before GC invocations=134 (full 0):
 garbage-first heap   total 200704K, used 156140K [0x0000000080000000, 0x0000000100000000)
  region size 1024K, 17 young (17408K), 1 survivors (1024K)
 Metaspace       used 107207K, capacity 110015K, committed 110208K, reserved 1144832K
  class space    used 13255K, capacity 14164K, committed 14208K, reserved 1048576K
}
Event: 3377.383 GC heap after
{Heap after GC invocations=135 (full 0):
 garbage-first heap   total 200704K, used 141612K [0x0000000080000000, 0x0000000100000000)
  region size 1024K, 3 young (3072K), 3 survivors (3072K)
 Metaspace       used 107207K, capacity 110015K, committed 110208K, reserved 1144832K
  class space    used 13255K, capacity 14164K, committed 14208K, reserved 1048576K
}
Event: 3378.493 GC heap before
{Heap before GC invocations=136 (full 0):
 garbage-first heap   total 200704K, used 146732K [0x0000000080000000, 0x0000000100000000)
  region size 1024K, 9 young (9216K), 3 survivors (3072K)
 Metaspace       used 107228K, capacity 110079K, committed 110208K, reserved 1144832K
  class space    used 13255K, capacity 14164K, committed 14208K, reserved 1048576K
}
Event: 3378.519 GC heap after
{Heap after GC invocations=137 (full 0):
 garbage-first heap   total 200704K, used 143106K [0x0000000080000000, 0x0000000100000000)
  region size 1024K, 2 young (2048K), 2 survivors (2048K)
 Metaspace       used 107228K, capacity 110079K, committed 110208K, reserved 1144832K
  class space    used 13255K, capacity 14164K, committed 14208K, reserved 1048576K
}
Event: 3380.166 GC heap before
{Heap before GC invocations=138 (full 0):
 garbage-first heap   total 200704K, used 161538K [0x0000000080000000, 0x0000000100000000)
  region size 1024K, 17 young (17408K), 2 survivors (2048K)
 Metaspace       used 107333K, capacity 110143K, committed 110208K, reserved 1144832K
  class space    used 13256K, capacity 14164K, committed 14208K, reserved 1048576K
}
Event: 3380.202 GC heap after
{Heap after GC invocations=139 (full 0):
 garbage-first heap   total 200704K, used 148480K [0x0000000080000000, 0x0000000100000000)
  region size 1024K, 3 young (3072K), 3 survivors (3072K)
 Metaspace       used 107333K, capacity 110143K, committed 110208K, reserved 1144832K
  class space    used 13256K, capacity 14164K, committed 14208K, reserved 1048576K
}
Event: 3381.028 GC heap before
{Heap before GC invocations=139 (full 0):
 garbage-first heap   total 200704K, used 162816K [0x0000000080000000, 0x0000000100000000)
  region size 1024K, 17 young (17408K), 3 survivors (3072K)
 Metaspace       used 107333K, capacity 110143K, committed 110208K, reserved 1144832K
  class space    used 13256K, capacity 14164K, committed 14208K, reserved 1048576K
}
Event: 3381.057 GC heap after
{Heap after GC invocations=140 (full 0):
 garbage-first heap   total 241664K, used 151557K [0x0000000080000000, 0x0000000100000000)
  region size 1024K, 3 young (3072K), 3 survivors (3072K)
 Metaspace       used 107333K, capacity 110143K, committed 110208K, reserved 1144832K
  class space    used 13256K, capacity 14164K, committed 14208K, reserved 1048576K
}
Event: 3382.788 GC heap before
{Heap before GC invocations=141 (full 0):
 garbage-first heap   total 241664K, used 178181K [0x0000000080000000, 0x0000000100000000)
  region size 1024K, 29 young (29696K), 3 survivors (3072K)
 Metaspace       used 107346K, capacity 110143K, committed 110208K, reserved 1144832K
  class space    used 13256K, capacity 14164K, committed 14208K, reserved 1048576K
}
Event: 3382.822 GC heap after
{Heap after GC invocations=142 (full 0):
 garbage-first heap   total 241664K, used 153600K [0x0000000080000000, 0x0000000100000000)
  region size 1024K, 2 young (2048K), 2 survivors (2048K)
 Metaspace       used 107346K, capacity 110143K, committed 110208K, reserved 1144832K
  class space    used 13256K, capacity 14164K, committed 14208K, reserved 1048576K
}
Event: 3384.739 GC heap before
{Heap before GC invocations=142 (full 0):
 garbage-first heap   total 241664K, used 182272K [0x0000000080000000, 0x0000000100000000)
  region size 1024K, 30 young (30720K), 2 survivors (2048K)
 Metaspace       used 108042K, capacity 110924K, committed 111104K, reserved 1146880K
  class space    used 13317K, capacity 14252K, committed 14336K, reserved 1048576K
}
Event: 3384.762 GC heap after
{Heap after GC invocations=143 (full 0):
 garbage-first heap   total 241664K, used 155915K [0x0000000080000000, 0x0000000100000000)
  region size 1024K, 4 young (4096K), 4 survivors (4096K)
 Metaspace       used 108042K, capacity 110924K, committed 111104K, reserved 1146880K
  class space    used 13317K, capacity 14252K, committed 14336K, reserved 1048576K
}
Event: 3389.585 GC heap before
{Heap before GC invocations=144 (full 0):
 garbage-first heap   total 241664K, used 184587K [0x0000000080000000, 0x0000000100000000)
  region size 1024K, 33 young (33792K), 4 survivors (4096K)
 Metaspace       used 110690K, capacity 113662K, committed 113664K, reserved 1148928K
  class space    used 13602K, capacity 14591K, committed 14592K, reserved 1048576K
}
Event: 3389.614 GC heap after
{Heap after GC invocations=145 (full 0):
 garbage-first heap   total 241664K, used 157498K [0x0000000080000000, 0x0000000100000000)
  region size 1024K, 4 young (4096K), 4 survivors (4096K)
 Metaspace       used 110690K, capacity 113662K, committed 113664K, reserved 1148928K
  class space    used 13602K, capacity 14591K, committed 14592K, reserved 1048576K
}
Event: 3391.464 GC heap before
{Heap before GC invocations=145 (full 0):
 garbage-first heap   total 241664K, used 175930K [0x0000000080000000, 0x0000000100000000)
  region size 1024K, 24 young (24576K), 4 survivors (4096K)
 Metaspace       used 110762K, capacity 113790K, committed 113920K, reserved 1148928K
  class space    used 13602K, capacity 14591K, committed 14592K, reserved 1048576K
}

