# JRE version: OpenJDK Runtime Environment (11.0.8+10) (build 11.0.8+10-b944.6842174)
# Java VM: OpenJDK 64-Bit Server VM (11.0.8+10-b944.6842174, mixed mode, tiered, compressed oops, g1 gc, windows-amd64)
Heap:
 garbage-first heap   total 294912K, used 181242K [0x0000000080000000, 0x0000000100000000)
  region size 1024K, 2 young (2048K), 2 survivors (2048K)
 Metaspace       used 91855K, capacity 94035K, committed 94080K, reserved 1130496K
  class space    used 11851K, capacity 12657K, committed 12672K, reserved 1048576K
GC Heap History (20 events):
Event: 106.396 GC heap after
{Heap after GC invocations=39 (full 0):
 garbage-first heap   total 222208K, used 132096K [0x0000000080000000, 0x0000000100000000)
  region size 1024K, 9 young (9216K), 9 survivors (9216K)
 Metaspace       used 89187K, capacity 91267K, committed 91392K, reserved 1128448K
  class space    used 11494K, capacity 12200K, committed 12288K, reserved 1048576K
}
Event: 106.482 GC heap before
{Heap before GC invocations=39 (full 0):
 garbage-first heap   total 222208K, used 133120K [0x0000000080000000, 0x0000000100000000)
  region size 1024K, 10 young (10240K), 9 survivors (9216K)
 Metaspace       used 89188K, capacity 91267K, committed 91392K, reserved 1128448K
  class space    used 11494K, capacity 12200K, committed 12288K, reserved 1048576K
}
Event: 106.662 GC heap after
{Heap after GC invocations=40 (full 0):
 garbage-first heap   total 222208K, used 130560K [0x0000000080000000, 0x0000000100000000)
  region size 1024K, 1 young (1024K), 1 survivors (1024K)
 Metaspace       used 89188K, capacity 91267K, committed 91392K, reserved 1128448K
  class space    used 11494K, capacity 12200K, committed 12288K, reserved 1048576K
}
Event: 107.338 GC heap before
{Heap before GC invocations=40 (full 0):
 garbage-first heap   total 222208K, used 158208K [0x0000000080000000, 0x0000000100000000)
  region size 1024K, 29 young (29696K), 1 survivors (1024K)
 Metaspace       used 89216K, capacity 91270K, committed 91392K, reserved 1128448K
  class space    used 11494K, capacity 12200K, committed 12288K, reserved 1048576K
}
Event: 107.419 GC heap after
{Heap after GC invocations=41 (full 0):
 garbage-first heap   total 222208K, used 146944K [0x0000000080000000, 0x0000000100000000)
  region size 1024K, 4 young (4096K), 4 survivors (4096K)
 Metaspace       used 89216K, capacity 91270K, committed 91392K, reserved 1128448K
  class space    used 11494K, capacity 12200K, committed 12288K, reserved 1048576K
}
Event: 109.271 GC heap before
{Heap before GC invocations=42 (full 0):
 garbage-first heap   total 222208K, used 165376K [0x0000000080000000, 0x0000000100000000)
  region size 1024K, 20 young (20480K), 4 survivors (4096K)
 Metaspace       used 89236K, capacity 91270K, committed 91392K, reserved 1128448K
  class space    used 11494K, capacity 12200K, committed 12288K, reserved 1048576K
}
Event: 109.363 GC heap after
{Heap after GC invocations=43 (full 0):
 garbage-first heap   total 222208K, used 158720K [0x0000000080000000, 0x0000000100000000)
  region size 1024K, 3 young (3072K), 3 survivors (3072K)
 Metaspace       used 89236K, capacity 91270K, committed 91392K, reserved 1128448K
  class space    used 11494K, capacity 12200K, committed 12288K, reserved 1048576K
}
Event: 109.556 GC heap before
{Heap before GC invocations=43 (full 0):
 garbage-first heap   total 222208K, used 165888K [0x0000000080000000, 0x0000000100000000)
  region size 1024K, 10 young (10240K), 3 survivors (3072K)
 Metaspace       used 89354K, capacity 91434K, committed 91648K, reserved 1128448K
  class space    used 11512K, capacity 12233K, committed 12288K, reserved 1048576K
}
Event: 109.603 GC heap after
{Heap after GC invocations=44 (full 0):
 garbage-first heap   total 222208K, used 161280K [0x0000000080000000, 0x0000000100000000)
  region size 1024K, 2 young (2048K), 2 survivors (2048K)
 Metaspace       used 89354K, capacity 91434K, committed 91648K, reserved 1128448K
  class space    used 11512K, capacity 12233K, committed 12288K, reserved 1048576K
}
Event: 110.863 GC heap before
{Heap before GC invocations=44 (full 0):
 garbage-first heap   total 222208K, used 176640K [0x0000000080000000, 0x0000000100000000)
  region size 1024K, 18 young (18432K), 2 survivors (2048K)
 Metaspace       used 91046K, capacity 93153K, committed 93184K, reserved 1130496K
  class space    used 11769K, capacity 12542K, committed 12544K, reserved 1048576K
}
Event: 110.918 GC heap after
{Heap after GC invocations=45 (full 0):
 garbage-first heap   total 222208K, used 164796K [0x0000000080000000, 0x0000000100000000)
  region size 1024K, 3 young (3072K), 3 survivors (3072K)
 Metaspace       used 91046K, capacity 93153K, committed 93184K, reserved 1130496K
  class space    used 11769K, capacity 12542K, committed 12544K, reserved 1048576K
}
Event: 113.021 GC heap before
{Heap before GC invocations=46 (full 0):
 garbage-first heap   total 222208K, used 168892K [0x0000000080000000, 0x0000000100000000)
  region size 1024K, 19 young (19456K), 3 survivors (3072K)
 Metaspace       used 91583K, capacity 93784K, committed 93824K, reserved 1130496K
  class space    used 11829K, capacity 12643K, committed 12672K, reserved 1048576K
}
Event: 113.094 GC heap after
{Heap after GC invocations=47 (full 0):
 garbage-first heap   total 222208K, used 156592K [0x0000000080000000, 0x0000000100000000)
  region size 1024K, 3 young (3072K), 3 survivors (3072K)
 Metaspace       used 91583K, capacity 93784K, committed 93824K, reserved 1130496K
  class space    used 11829K, capacity 12643K, committed 12672K, reserved 1048576K
}
Event: 113.353 GC heap before
{Heap before GC invocations=47 (full 0):
 garbage-first heap   total 222208K, used 162736K [0x0000000080000000, 0x0000000100000000)
  region size 1024K, 10 young (10240K), 3 survivors (3072K)
 Metaspace       used 91594K, capacity 93784K, committed 93824K, reserved 1130496K
  class space    used 11829K, capacity 12643K, committed 12672K, reserved 1048576K
}
Event: 113.428 GC heap after
{Heap after GC invocations=48 (full 0):
 garbage-first heap   total 222208K, used 156010K [0x0000000080000000, 0x0000000100000000)
  region size 1024K, 2 young (2048K), 2 survivors (2048K)
 Metaspace       used 91594K, capacity 93784K, committed 93824K, reserved 1130496K
  class space    used 11829K, capacity 12643K, committed 12672K, reserved 1048576K
}
Event: 114.124 GC heap before
{Heap before GC invocations=48 (full 0):
 garbage-first heap   total 222208K, used 175466K [0x0000000080000000, 0x0000000100000000)
  region size 1024K, 21 young (21504K), 2 survivors (2048K)
 Metaspace       used 91603K, capacity 93848K, committed 94080K, reserved 1130496K
  class space    used 11829K, capacity 12643K, committed 12672K, reserved 1048576K
}
Event: 114.200 GC heap after
{Heap after GC invocations=49 (full 0):
 garbage-first heap   total 222208K, used 162281K [0x0000000080000000, 0x0000000100000000)
  region size 1024K, 3 young (3072K), 3 survivors (3072K)
 Metaspace       used 91603K, capacity 93848K, committed 94080K, reserved 1130496K
  class space    used 11829K, capacity 12643K, committed 12672K, reserved 1048576K
}
Event: 115.026 GC heap before
{Heap before GC invocations=49 (full 0):
 garbage-first heap   total 222208K, used 189929K [0x0000000080000000, 0x0000000100000000)
  region size 1024K, 21 young (21504K), 3 survivors (3072K)
 Metaspace       used 91754K, capacity 93947K, committed 94080K, reserved 1130496K
  class space    used 11840K, capacity 12650K, committed 12672K, reserved 1048576K
}
Event: 115.074 GC heap after
{Heap after GC invocations=50 (full 0):
 garbage-first heap   total 222208K, used 175951K [0x0000000080000000, 0x0000000100000000)
  region size 1024K, 3 young (3072K), 3 survivors (3072K)
 Metaspace       used 91754K, capacity 93947K, committed 94080K, reserved 1130496K
  class space    used 11840K, capacity 12650K, committed 12672K, reserved 1048576K
}
Event: 115.875 GC heap before
{Heap before GC invocations=50 (full 0):
 garbage-first heap   total 222208K, used 184143K [0x0000000080000000, 0x0000000100000000)
  region size 1024K, 9 young (9216K), 3 survivors (3072K)
 Metaspace       used 91855K, capacity 94035K, committed 94080K, reserved 1130496K
  class space    used 11851K, capacity 12657K, committed 12672K, reserved 1048576K
}

