# JRE version: OpenJDK Runtime Environment (11.0.8+10) (build 11.0.8+10-b944.6842174)
# Java VM: OpenJDK 64-Bit Server VM (11.0.8+10-b944.6842174, mixed mode, tiered, compressed oops, g1 gc, windows-amd64)
Heap:
 garbage-first heap   total 561152K, used 210806K [0x0000000080000000, 0x0000000100000000)
  region size 1024K, 3 young (3072K), 3 survivors (3072K)
 Metaspace       used 107481K, capacity 110269K, committed 110372K, reserved 1144832K
  class space    used 13569K, capacity 14572K, committed 14592K, reserved 1048576K
GC Heap History (20 events):
Event: 666.857 GC heap after
{Heap after GC invocations=85 (full 0):
 garbage-first heap   total 449536K, used 99302K [0x0000000080000000, 0x0000000100000000)
  region size 1024K, 3 young (3072K), 3 survivors (3072K)
 Metaspace       used 107393K, capacity 110197K, committed 110372K, reserved 1144832K
  class space    used 13569K, capacity 14571K, committed 14592K, reserved 1048576K
}
Event: 668.350 GC heap before
{Heap before GC invocations=85 (full 0):
 garbage-first heap   total 449536K, used 150502K [0x0000000080000000, 0x0000000100000000)
  region size 1024K, 55 young (56320K), 3 survivors (3072K)
 Metaspace       used 107446K, capacity 110203K, committed 110372K, reserved 1144832K
  class space    used 13569K, capacity 14572K, committed 14592K, reserved 1048576K
}
Event: 668.373 GC heap after
{Heap after GC invocations=86 (full 0):
 garbage-first heap   total 449536K, used 97254K [0x0000000080000000, 0x0000000100000000)
  region size 1024K, 3 young (3072K), 3 survivors (3072K)
 Metaspace       used 107446K, capacity 110203K, committed 110372K, reserved 1144832K
  class space    used 13569K, capacity 14572K, committed 14592K, reserved 1048576K
}
Event: 670.232 GC heap before
{Heap before GC invocations=87 (full 0):
 garbage-first heap   total 449536K, used 204774K [0x0000000080000000, 0x0000000100000000)
  region size 1024K, 77 young (78848K), 3 survivors (3072K)
 Metaspace       used 107461K, capacity 110267K, committed 110372K, reserved 1144832K
  class space    used 13569K, capacity 14572K, committed 14592K, reserved 1048576K
}
Event: 670.454 GC heap after
{Heap after GC invocations=88 (full 0):
 garbage-first heap   total 449536K, used 148544K [0x0000000080000000, 0x0000000100000000)
  region size 1024K, 10 young (10240K), 10 survivors (10240K)
 Metaspace       used 107461K, capacity 110267K, committed 110372K, reserved 1144832K
  class space    used 13569K, capacity 14572K, committed 14592K, reserved 1048576K
}
Event: 670.801 GC heap before
{Heap before GC invocations=88 (full 0):
 garbage-first heap   total 449536K, used 158784K [0x0000000080000000, 0x0000000100000000)
  region size 1024K, 21 young (21504K), 10 survivors (10240K)
 Metaspace       used 107461K, capacity 110267K, committed 110372K, reserved 1144832K
  class space    used 13569K, capacity 14572K, committed 14592K, reserved 1048576K
}
Event: 671.005 GC heap after
{Heap after GC invocations=89 (full 0):
 garbage-first heap   total 449536K, used 154624K [0x0000000080000000, 0x0000000100000000)
  region size 1024K, 3 young (3072K), 3 survivors (3072K)
 Metaspace       used 107461K, capacity 110267K, committed 110372K, reserved 1144832K
  class space    used 13569K, capacity 14572K, committed 14592K, reserved 1048576K
}
Event: 671.558 GC heap before
{Heap before GC invocations=89 (full 0):
 garbage-first heap   total 449536K, used 174080K [0x0000000080000000, 0x0000000100000000)
  region size 1024K, 24 young (24576K), 3 survivors (3072K)
 Metaspace       used 107461K, capacity 110267K, committed 110372K, reserved 1144832K
  class space    used 13569K, capacity 14572K, committed 14592K, reserved 1048576K
}
Event: 671.645 GC heap after
{Heap after GC invocations=90 (full 0):
 garbage-first heap   total 449536K, used 167424K [0x0000000080000000, 0x0000000100000000)
  region size 1024K, 7 young (7168K), 7 survivors (7168K)
 Metaspace       used 107461K, capacity 110267K, committed 110372K, reserved 1144832K
  class space    used 13569K, capacity 14572K, committed 14592K, reserved 1048576K
}
Event: 673.260 GC heap before
{Heap before GC invocations=91 (full 0):
 garbage-first heap   total 449536K, used 199168K [0x0000000080000000, 0x0000000100000000)
  region size 1024K, 36 young (36864K), 7 survivors (7168K)
 Metaspace       used 107475K, capacity 110269K, committed 110372K, reserved 1144832K
  class space    used 13569K, capacity 14572K, committed 14592K, reserved 1048576K
}
Event: 673.407 GC heap after
{Heap after GC invocations=92 (full 0):
 garbage-first heap   total 449536K, used 181248K [0x0000000080000000, 0x0000000100000000)
  region size 1024K, 5 young (5120K), 5 survivors (5120K)
 Metaspace       used 107475K, capacity 110269K, committed 110372K, reserved 1144832K
  class space    used 13569K, capacity 14572K, committed 14592K, reserved 1048576K
}
Event: 674.042 GC heap before
{Heap before GC invocations=92 (full 0):
 garbage-first heap   total 449536K, used 197632K [0x0000000080000000, 0x0000000100000000)
  region size 1024K, 21 young (21504K), 5 survivors (5120K)
 Metaspace       used 107476K, capacity 110269K, committed 110372K, reserved 1144832K
  class space    used 13569K, capacity 14572K, committed 14592K, reserved 1048576K
}
Event: 674.123 GC heap after
{Heap after GC invocations=93 (full 0):
 garbage-first heap   total 449536K, used 185344K [0x0000000080000000, 0x0000000100000000)
  region size 1024K, 3 young (3072K), 3 survivors (3072K)
 Metaspace       used 107476K, capacity 110269K, committed 110372K, reserved 1144832K
  class space    used 13569K, capacity 14572K, committed 14592K, reserved 1048576K
}
Event: 674.550 GC heap before
{Heap before GC invocations=93 (full 0):
 garbage-first heap   total 449536K, used 201728K [0x0000000080000000, 0x0000000100000000)
  region size 1024K, 20 young (20480K), 3 survivors (3072K)
 Metaspace       used 107479K, capacity 110269K, committed 110372K, reserved 1144832K
  class space    used 13569K, capacity 14572K, committed 14592K, reserved 1048576K
}
Event: 674.613 GC heap after
{Heap after GC invocations=94 (full 0):
 garbage-first heap   total 449536K, used 190464K [0x0000000080000000, 0x0000000100000000)
  region size 1024K, 5 young (5120K), 5 survivors (5120K)
 Metaspace       used 107479K, capacity 110269K, committed 110372K, reserved 1144832K
  class space    used 13569K, capacity 14572K, committed 14592K, reserved 1048576K
}
Event: 675.773 GC heap before
{Heap before GC invocations=94 (full 0):
 garbage-first heap   total 449536K, used 204800K [0x0000000080000000, 0x0000000100000000)
  region size 1024K, 21 young (21504K), 5 survivors (5120K)
 Metaspace       used 107480K, capacity 110269K, committed 110372K, reserved 1144832K
  class space    used 13569K, capacity 14572K, committed 14592K, reserved 1048576K
}
Event: 675.860 GC heap after
{Heap after GC invocations=95 (full 0):
 garbage-first heap   total 449536K, used 193387K [0x0000000080000000, 0x0000000100000000)
  region size 1024K, 3 young (3072K), 3 survivors (3072K)
 Metaspace       used 107480K, capacity 110269K, committed 110372K, reserved 1144832K
  class space    used 13569K, capacity 14572K, committed 14592K, reserved 1048576K
}
Event: 677.176 GC heap before
{Heap before GC invocations=96 (full 0):
 garbage-first heap   total 449536K, used 234347K [0x0000000080000000, 0x0000000100000000)
  region size 1024K, 34 young (34816K), 3 survivors (3072K)
 Metaspace       used 107480K, capacity 110269K, committed 110372K, reserved 1144832K
  class space    used 13569K, capacity 14572K, committed 14592K, reserved 1048576K
}
Event: 677.231 GC heap after
{Heap after GC invocations=97 (full 0):
 garbage-first heap   total 449536K, used 207669K [0x0000000080000000, 0x0000000100000000)
  region size 1024K, 4 young (4096K), 4 survivors (4096K)
 Metaspace       used 107480K, capacity 110269K, committed 110372K, reserved 1144832K
  class space    used 13569K, capacity 14572K, committed 14592K, reserved 1048576K
}
Event: 677.546 GC heap before
{Heap before GC invocations=97 (full 0):
 garbage-first heap   total 449536K, used 230197K [0x0000000080000000, 0x0000000100000000)
  region size 1024K, 21 young (21504K), 4 survivors (4096K)
 Metaspace       used 107481K, capacity 110269K, committed 110372K, reserved 1144832K
  class space    used 13569K, capacity 14572K, committed 14592K, reserved 1048576K
}

