# JRE version: OpenJDK Runtime Environment (11.0.8+10) (build 11.0.8+10-b944.6842174)
# Java VM: OpenJDK 64-Bit Server VM (11.0.8+10-b944.6842174, mixed mode, tiered, compressed oops, g1 gc, windows-amd64)
Heap:
 garbage-first heap   total 468992K, used 177152K [0x0000000080000000, 0x0000000100000000)
  region size 1024K, 4 young (4096K), 4 survivors (4096K)
 Metaspace       used 96959K, capacity 99446K, committed 99712K, reserved 1134592K
  class space    used 12652K, capacity 13588K, committed 13696K, reserved 1048576K
GC Heap History (20 events):
Event: 74.844 GC heap after
{Heap after GC invocations=39 (full 0):
 garbage-first heap   total 165888K, used 81552K [0x0000000080000000, 0x0000000100000000)
  region size 1024K, 1 young (1024K), 1 survivors (1024K)
 Metaspace       used 95230K, capacity 97731K, committed 97920K, reserved 1134592K
  class space    used 12429K, capacity 13335K, committed 13440K, reserved 1048576K
}
Event: 74.977 GC heap before
{Heap before GC invocations=39 (full 0):
 garbage-first heap   total 165888K, used 82576K [0x0000000080000000, 0x0000000100000000)
  region size 1024K, 3 young (3072K), 1 survivors (1024K)
 Metaspace       used 95343K, capacity 97843K, committed 97920K, reserved 1134592K
  class space    used 12438K, capacity 13369K, committed 13440K, reserved 1048576K
}
Event: 74.986 GC heap after
{Heap after GC invocations=40 (full 0):
 garbage-first heap   total 165888K, used 81517K [0x0000000080000000, 0x0000000100000000)
  region size 1024K, 1 young (1024K), 1 survivors (1024K)
 Metaspace       used 95343K, capacity 97843K, committed 97920K, reserved 1134592K
  class space    used 12438K, capacity 13369K, committed 13440K, reserved 1048576K
}
Event: 76.869 GC heap before
{Heap before GC invocations=41 (full 0):
 garbage-first heap   total 165888K, used 158317K [0x0000000080000000, 0x0000000100000000)
  region size 1024K, 47 young (48128K), 1 survivors (1024K)
 Metaspace       used 95657K, capacity 98148K, committed 98432K, reserved 1134592K
  class space    used 12467K, capacity 13405K, committed 13440K, reserved 1048576K
}
Event: 76.979 GC heap after
{Heap after GC invocations=42 (full 0):
 garbage-first heap   total 176128K, used 114744K [0x0000000080000000, 0x0000000100000000)
  region size 1024K, 6 young (6144K), 6 survivors (6144K)
 Metaspace       used 95657K, capacity 98148K, committed 98432K, reserved 1134592K
  class space    used 12467K, capacity 13405K, committed 13440K, reserved 1048576K
}
Event: 77.005 GC heap before
{Heap before GC invocations=42 (full 0):
 garbage-first heap   total 176128K, used 116792K [0x0000000080000000, 0x0000000100000000)
  region size 1024K, 8 young (8192K), 6 survivors (6144K)
 Metaspace       used 95657K, capacity 98148K, committed 98432K, reserved 1134592K
  class space    used 12467K, capacity 13405K, committed 13440K, reserved 1048576K
}
Event: 77.066 GC heap after
{Heap after GC invocations=43 (full 0):
 garbage-first heap   total 176128K, used 114176K [0x0000000080000000, 0x0000000100000000)
  region size 1024K, 1 young (1024K), 1 survivors (1024K)
 Metaspace       used 95657K, capacity 98148K, committed 98432K, reserved 1134592K
  class space    used 12467K, capacity 13405K, committed 13440K, reserved 1048576K
}
Event: 78.375 GC heap before
{Heap before GC invocations=43 (full 0):
 garbage-first heap   total 176128K, used 139776K [0x0000000080000000, 0x0000000100000000)
  region size 1024K, 27 young (27648K), 1 survivors (1024K)
 Metaspace       used 96619K, capacity 99140K, committed 99456K, reserved 1134592K
  class space    used 12645K, capacity 13583K, committed 13696K, reserved 1048576K
}
Event: 78.472 GC heap after
{Heap after GC invocations=44 (full 0):
 garbage-first heap   total 176128K, used 127616K [0x0000000080000000, 0x0000000100000000)
  region size 1024K, 4 young (4096K), 4 survivors (4096K)
 Metaspace       used 96619K, capacity 99140K, committed 99456K, reserved 1134592K
  class space    used 12645K, capacity 13583K, committed 13696K, reserved 1048576K
}
Event: 79.540 GC heap before
{Heap before GC invocations=45 (full 0):
 garbage-first heap   total 176128K, used 136832K [0x0000000080000000, 0x0000000100000000)
  region size 1024K, 13 young (13312K), 4 survivors (4096K)
 Metaspace       used 96623K, capacity 99140K, committed 99456K, reserved 1134592K
  class space    used 12645K, capacity 13583K, committed 13696K, reserved 1048576K
}
Event: 79.647 GC heap after
{Heap after GC invocations=46 (full 0):
 garbage-first heap   total 176128K, used 133120K [0x0000000080000000, 0x0000000100000000)
  region size 1024K, 2 young (2048K), 2 survivors (2048K)
 Metaspace       used 96623K, capacity 99140K, committed 99456K, reserved 1134592K
  class space    used 12645K, capacity 13583K, committed 13696K, reserved 1048576K
}
Event: 79.825 GC heap before
{Heap before GC invocations=46 (full 0):
 garbage-first heap   total 176128K, used 139264K [0x0000000080000000, 0x0000000100000000)
  region size 1024K, 8 young (8192K), 2 survivors (2048K)
 Metaspace       used 96633K, capacity 99140K, committed 99456K, reserved 1134592K
  class space    used 12645K, capacity 13583K, committed 13696K, reserved 1048576K
}
Event: 79.879 GC heap after
{Heap after GC invocations=47 (full 0):
 garbage-first heap   total 258048K, used 136192K [0x0000000080000000, 0x0000000100000000)
  region size 1024K, 1 young (1024K), 1 survivors (1024K)
 Metaspace       used 96633K, capacity 99140K, committed 99456K, reserved 1134592K
  class space    used 12645K, capacity 13583K, committed 13696K, reserved 1048576K
}
Event: 80.503 GC heap before
{Heap before GC invocations=47 (full 0):
 garbage-first heap   total 258048K, used 158720K [0x0000000080000000, 0x0000000100000000)
  region size 1024K, 24 young (24576K), 1 survivors (1024K)
 Metaspace       used 96645K, capacity 99143K, committed 99456K, reserved 1134592K
  class space    used 12645K, capacity 13583K, committed 13696K, reserved 1048576K
}
Event: 80.600 GC heap after
{Heap after GC invocations=48 (full 0):
 garbage-first heap   total 258048K, used 149993K [0x0000000080000000, 0x0000000100000000)
  region size 1024K, 3 young (3072K), 3 survivors (3072K)
 Metaspace       used 96645K, capacity 99143K, committed 99456K, reserved 1134592K
  class space    used 12645K, capacity 13583K, committed 13696K, reserved 1048576K
}
Event: 82.697 GC heap before
{Heap before GC invocations=49 (full 0):
 garbage-first heap   total 258048K, used 174569K [0x0000000080000000, 0x0000000100000000)
  region size 1024K, 25 young (25600K), 3 survivors (3072K)
 Metaspace       used 96805K, capacity 99299K, committed 99456K, reserved 1134592K
  class space    used 12650K, capacity 13585K, committed 13696K, reserved 1048576K
}
Event: 82.797 GC heap after
{Heap after GC invocations=50 (full 0):
 garbage-first heap   total 258048K, used 162816K [0x0000000080000000, 0x0000000100000000)
  region size 1024K, 4 young (4096K), 4 survivors (4096K)
 Metaspace       used 96805K, capacity 99299K, committed 99456K, reserved 1134592K
  class space    used 12650K, capacity 13585K, committed 13696K, reserved 1048576K
}
Event: 83.805 GC heap before
{Heap before GC invocations=50 (full 0):
 garbage-first heap   total 258048K, used 185344K [0x0000000080000000, 0x0000000100000000)
  region size 1024K, 26 young (26624K), 4 survivors (4096K)
 Metaspace       used 96948K, capacity 99446K, committed 99712K, reserved 1134592K
  class space    used 12652K, capacity 13588K, committed 13696K, reserved 1048576K
}
Event: 83.913 GC heap after
{Heap after GC invocations=51 (full 0):
 garbage-first heap   total 258048K, used 169984K [0x0000000080000000, 0x0000000100000000)
  region size 1024K, 4 young (4096K), 4 survivors (4096K)
 Metaspace       used 96948K, capacity 99446K, committed 99712K, reserved 1134592K
  class space    used 12652K, capacity 13588K, committed 13696K, reserved 1048576K
}
Event: 84.784 GC heap before
{Heap before GC invocations=51 (full 0):
 garbage-first heap   total 258048K, used 191488K [0x0000000080000000, 0x0000000100000000)
  region size 1024K, 25 young (25600K), 4 survivors (4096K)
 Metaspace       used 96959K, capacity 99446K, committed 99712K, reserved 1134592K
  class space    used 12652K, capacity 13588K, committed 13696K, reserved 1048576K
}

