# JRE version: OpenJDK Runtime Environment (11.0.8+10) (build 11.0.8+10-b944.6842174)
# Java VM: OpenJDK 64-Bit Server VM (11.0.8+10-b944.6842174, mixed mode, tiered, compressed oops, g1 gc, windows-amd64)
Heap:
 garbage-first heap   total 663552K, used 243328K [0x0000000080000000, 0x0000000100000000)
  region size 1024K, 4 young (4096K), 4 survivors (4096K)
 Metaspace       used 126571K, capacity 130120K, committed 130304K, reserved 1163264K
  class space    used 15791K, capacity 17056K, committed 17152K, reserved 1048576K
GC Heap History (20 events):
Event: 1706.937 GC heap after
{Heap after GC invocations=141 (full 0):
 garbage-first heap   total 425984K, used 128079K [0x0000000080000000, 0x0000000100000000)
  region size 1024K, 1 young (1024K), 1 survivors (1024K)
 Metaspace       used 126477K, capacity 130051K, committed 130304K, reserved 1163264K
  class space    used 15791K, capacity 17055K, committed 17152K, reserved 1048576K
}
Event: 1707.153 GC heap before
{Heap before GC invocations=141 (full 0):
 garbage-first heap   total 425984K, used 133199K [0x0000000080000000, 0x0000000100000000)
  region size 1024K, 7 young (7168K), 1 survivors (1024K)
 Metaspace       used 126479K, capacity 130051K, committed 130304K, reserved 1163264K
  class space    used 15791K, capacity 17055K, committed 17152K, reserved 1048576K
}
Event: 1707.169 GC heap after
{Heap after GC invocations=142 (full 0):
 garbage-first heap   total 425984K, used 127959K [0x0000000080000000, 0x0000000100000000)
  region size 1024K, 1 young (1024K), 1 survivors (1024K)
 Metaspace       used 126479K, capacity 130051K, committed 130304K, reserved 1163264K
  class space    used 15791K, capacity 17055K, committed 17152K, reserved 1048576K
}
Event: 1710.242 GC heap before
{Heap before GC invocations=143 (full 0):
 garbage-first heap   total 425984K, used 250839K [0x0000000080000000, 0x0000000100000000)
  region size 1024K, 89 young (91136K), 1 survivors (1024K)
 Metaspace       used 126554K, capacity 130119K, committed 130304K, reserved 1163264K
  class space    used 15791K, capacity 17056K, committed 17152K, reserved 1048576K
}
Event: 1710.301 GC heap after
{Heap after GC invocations=144 (full 0):
 garbage-first heap   total 425984K, used 158799K [0x0000000080000000, 0x0000000100000000)
  region size 1024K, 12 young (12288K), 12 survivors (12288K)
 Metaspace       used 126554K, capacity 130119K, committed 130304K, reserved 1163264K
  class space    used 15791K, capacity 17056K, committed 17152K, reserved 1048576K
}
Event: 1710.356 GC heap before
{Heap before GC invocations=144 (full 0):
 garbage-first heap   total 425984K, used 165967K [0x0000000080000000, 0x0000000100000000)
  region size 1024K, 20 young (20480K), 12 survivors (12288K)
 Metaspace       used 126554K, capacity 130119K, committed 130304K, reserved 1163264K
  class space    used 15791K, capacity 17056K, committed 17152K, reserved 1048576K
}
Event: 1710.446 GC heap after
{Heap after GC invocations=145 (full 0):
 garbage-first heap   total 425984K, used 160156K [0x0000000080000000, 0x0000000100000000)
  region size 1024K, 3 young (3072K), 3 survivors (3072K)
 Metaspace       used 126554K, capacity 130119K, committed 130304K, reserved 1163264K
  class space    used 15791K, capacity 17056K, committed 17152K, reserved 1048576K
}
Event: 1710.472 GC heap before
{Heap before GC invocations=145 (full 0):
 garbage-first heap   total 425984K, used 164252K [0x0000000080000000, 0x0000000100000000)
  region size 1024K, 8 young (8192K), 3 survivors (3072K)
 Metaspace       used 126554K, capacity 130119K, committed 130304K, reserved 1163264K
  class space    used 15791K, capacity 17056K, committed 17152K, reserved 1048576K
}
Event: 1710.509 GC heap after
{Heap after GC invocations=146 (full 0):
 garbage-first heap   total 425984K, used 162046K [0x0000000080000000, 0x0000000100000000)
  region size 1024K, 5 young (5120K), 5 survivors (5120K)
 Metaspace       used 126554K, capacity 130119K, committed 130304K, reserved 1163264K
  class space    used 15791K, capacity 17056K, committed 17152K, reserved 1048576K
}
Event: 1711.574 GC heap before
{Heap before GC invocations=147 (full 0):
 garbage-first heap   total 425984K, used 209150K [0x0000000080000000, 0x0000000100000000)
  region size 1024K, 51 young (52224K), 5 survivors (5120K)
 Metaspace       used 126554K, capacity 130119K, committed 130304K, reserved 1163264K
  class space    used 15791K, capacity 17056K, committed 17152K, reserved 1048576K
}
Event: 1711.764 GC heap after
{Heap after GC invocations=148 (full 0):
 garbage-first heap   total 425984K, used 188601K [0x0000000080000000, 0x0000000100000000)
  region size 1024K, 7 young (7168K), 7 survivors (7168K)
 Metaspace       used 126554K, capacity 130119K, committed 130304K, reserved 1163264K
  class space    used 15791K, capacity 17056K, committed 17152K, reserved 1048576K
}
Event: 1711.921 GC heap before
{Heap before GC invocations=148 (full 0):
 garbage-first heap   total 425984K, used 206009K [0x0000000080000000, 0x0000000100000000)
  region size 1024K, 25 young (25600K), 7 survivors (7168K)
 Metaspace       used 126554K, capacity 130119K, committed 130304K, reserved 1163264K
  class space    used 15791K, capacity 17056K, committed 17152K, reserved 1048576K
}
Event: 1712.058 GC heap after
{Heap after GC invocations=149 (full 0):
 garbage-first heap   total 425984K, used 199680K [0x0000000080000000, 0x0000000100000000)
  region size 1024K, 4 young (4096K), 4 survivors (4096K)
 Metaspace       used 126554K, capacity 130119K, committed 130304K, reserved 1163264K
  class space    used 15791K, capacity 17056K, committed 17152K, reserved 1048576K
}
Event: 1712.806 GC heap before
{Heap before GC invocations=149 (full 0):
 garbage-first heap   total 425984K, used 235520K [0x0000000080000000, 0x0000000100000000)
  region size 1024K, 36 young (36864K), 4 survivors (4096K)
 Metaspace       used 126567K, capacity 130120K, committed 130304K, reserved 1163264K
  class space    used 15791K, capacity 17056K, committed 17152K, reserved 1048576K
}
Event: 1712.902 GC heap after
{Heap after GC invocations=150 (full 0):
 garbage-first heap   total 425984K, used 214528K [0x0000000080000000, 0x0000000100000000)
  region size 1024K, 5 young (5120K), 5 survivors (5120K)
 Metaspace       used 126567K, capacity 130120K, committed 130304K, reserved 1163264K
  class space    used 15791K, capacity 17056K, committed 17152K, reserved 1048576K
}
Event: 1713.777 GC heap before
{Heap before GC invocations=151 (full 0):
 garbage-first heap   total 425984K, used 247296K [0x0000000080000000, 0x0000000100000000)
  region size 1024K, 37 young (37888K), 5 survivors (5120K)
 Metaspace       used 126571K, capacity 130120K, committed 130304K, reserved 1163264K
  class space    used 15791K, capacity 17056K, committed 17152K, reserved 1048576K
}
Event: 1713.919 GC heap after
{Heap after GC invocations=152 (full 0):
 garbage-first heap   total 425984K, used 226304K [0x0000000080000000, 0x0000000100000000)
  region size 1024K, 5 young (5120K), 5 survivors (5120K)
 Metaspace       used 126571K, capacity 130120K, committed 130304K, reserved 1163264K
  class space    used 15791K, capacity 17056K, committed 17152K, reserved 1048576K
}
Event: 1714.651 GC heap before
{Heap before GC invocations=152 (full 0):
 garbage-first heap   total 425984K, used 254976K [0x0000000080000000, 0x0000000100000000)
  region size 1024K, 20 young (20480K), 5 survivors (5120K)
 Metaspace       used 126571K, capacity 130120K, committed 130304K, reserved 1163264K
  class space    used 15791K, capacity 17056K, committed 17152K, reserved 1048576K
}
Event: 1714.708 GC heap after
{Heap after GC invocations=153 (full 0):
 garbage-first heap   total 425984K, used 242862K [0x0000000080000000, 0x0000000100000000)
  region size 1024K, 3 young (3072K), 3 survivors (3072K)
 Metaspace       used 126571K, capacity 130120K, committed 130304K, reserved 1163264K
  class space    used 15791K, capacity 17056K, committed 17152K, reserved 1048576K
}
Event: 1714.709 GC heap before
{Heap before GC invocations=153 (full 0):
 garbage-first heap   total 425984K, used 242862K [0x0000000080000000, 0x0000000100000000)
  region size 1024K, 4 young (4096K), 3 survivors (3072K)
 Metaspace       used 126571K, capacity 130120K, committed 130304K, reserved 1163264K
  class space    used 15791K, capacity 17056K, committed 17152K, reserved 1048576K
}

