# JRE version: OpenJDK Runtime Environment (11.0.8+10) (build 11.0.8+10-b944.6842174)
# Java VM: OpenJDK 64-Bit Server VM (11.0.8+10-b944.6842174, mixed mode, tiered, compressed oops, g1 gc, windows-amd64)
Heap:
 garbage-first heap   total 1030144K, used 221696K [0x0000000080000000, 0x0000000100000000)
  region size 1024K, 4 young (4096K), 4 survivors (4096K)
 Metaspace       used 139071K, capacity 142220K, committed 145788K, reserved 1177600K
  class space    used 16585K, capacity 17677K, committed 18432K, reserved 1048576K
GC Heap History (20 events):
Event: 4034.672 GC heap after
{Heap after GC invocations=193 (full 0):
 garbage-first heap   total 619520K, used 119460K [0x0000000080000000, 0x0000000100000000)
  region size 1024K, 2 young (2048K), 2 survivors (2048K)
 Metaspace       used 138830K, capacity 141858K, committed 145788K, reserved 1177600K
  class space    used 16575K, capacity 17660K, committed 18432K, reserved 1048576K
}
Event: 4039.479 GC heap before
{Heap before GC invocations=194 (full 0):
 garbage-first heap   total 619520K, used 158372K [0x0000000080000000, 0x0000000100000000)
  region size 1024K, 40 young (40960K), 2 survivors (2048K)
 Metaspace       used 138978K, capacity 142057K, committed 145788K, reserved 1177600K
  class space    used 16576K, capacity 17661K, committed 18432K, reserved 1048576K
}
Event: 4039.498 GC heap after
{Heap after GC invocations=195 (full 0):
 garbage-first heap   total 619520K, used 121608K [0x0000000080000000, 0x0000000100000000)
  region size 1024K, 2 young (2048K), 2 survivors (2048K)
 Metaspace       used 138978K, capacity 142057K, committed 145788K, reserved 1177600K
  class space    used 16576K, capacity 17661K, committed 18432K, reserved 1048576K
}
Event: 4042.205 GC heap before
{Heap before GC invocations=196 (full 0):
 garbage-first heap   total 619520K, used 176904K [0x0000000080000000, 0x0000000100000000)
  region size 1024K, 51 young (52224K), 2 survivors (2048K)
 Metaspace       used 139020K, capacity 142112K, committed 145788K, reserved 1177600K
  class space    used 16581K, capacity 17670K, committed 18432K, reserved 1048576K
}
Event: 4042.337 GC heap after
{Heap after GC invocations=197 (full 0):
 garbage-first heap   total 619520K, used 132534K [0x0000000080000000, 0x0000000100000000)
  region size 1024K, 7 young (7168K), 7 survivors (7168K)
 Metaspace       used 139020K, capacity 142112K, committed 145788K, reserved 1177600K
  class space    used 16581K, capacity 17670K, committed 18432K, reserved 1048576K
}
Event: 4043.290 GC heap before
{Heap before GC invocations=197 (full 0):
 garbage-first heap   total 619520K, used 169398K [0x0000000080000000, 0x0000000100000000)
  region size 1024K, 44 young (45056K), 7 survivors (7168K)
 Metaspace       used 139030K, capacity 142112K, committed 145788K, reserved 1177600K
  class space    used 16581K, capacity 17670K, committed 18432K, reserved 1048576K
}
Event: 4043.435 GC heap after
{Heap after GC invocations=198 (full 0):
 garbage-first heap   total 619520K, used 134577K [0x0000000080000000, 0x0000000100000000)
  region size 1024K, 2 young (2048K), 2 survivors (2048K)
 Metaspace       used 139030K, capacity 142112K, committed 145788K, reserved 1177600K
  class space    used 16581K, capacity 17670K, committed 18432K, reserved 1048576K
}
Event: 4046.185 GC heap before
{Heap before GC invocations=199 (full 0):
 garbage-first heap   total 619520K, used 211377K [0x0000000080000000, 0x0000000100000000)
  region size 1024K, 44 young (45056K), 2 survivors (2048K)
 Metaspace       used 139060K, capacity 142152K, committed 145788K, reserved 1177600K
  class space    used 16584K, capacity 17677K, committed 18432K, reserved 1048576K
}
Event: 4046.332 GC heap after
{Heap after GC invocations=200 (full 0):
 garbage-first heap   total 619520K, used 167642K [0x0000000080000000, 0x0000000100000000)
  region size 1024K, 6 young (6144K), 6 survivors (6144K)
 Metaspace       used 139060K, capacity 142152K, committed 145788K, reserved 1177600K
  class space    used 16584K, capacity 17677K, committed 18432K, reserved 1048576K
}
Event: 4046.966 GC heap before
{Heap before GC invocations=200 (full 0):
 garbage-first heap   total 619520K, used 191194K [0x0000000080000000, 0x0000000100000000)
  region size 1024K, 30 young (30720K), 6 survivors (6144K)
 Metaspace       used 139062K, capacity 142152K, committed 145788K, reserved 1177600K
  class space    used 16585K, capacity 17677K, committed 18432K, reserved 1048576K
}
Event: 4047.179 GC heap after
{Heap after GC invocations=201 (full 0):
 garbage-first heap   total 619520K, used 180736K [0x0000000080000000, 0x0000000100000000)
  region size 1024K, 4 young (4096K), 4 survivors (4096K)
 Metaspace       used 139062K, capacity 142152K, committed 145788K, reserved 1177600K
  class space    used 16585K, capacity 17677K, committed 18432K, reserved 1048576K
}
Event: 4048.103 GC heap before
{Heap before GC invocations=201 (full 0):
 garbage-first heap   total 619520K, used 214528K [0x0000000080000000, 0x0000000100000000)
  region size 1024K, 37 young (37888K), 4 survivors (4096K)
 Metaspace       used 139062K, capacity 142152K, committed 145788K, reserved 1177600K
  class space    used 16585K, capacity 17677K, committed 18432K, reserved 1048576K
}
Event: 4048.821 GC heap after
{Heap after GC invocations=202 (full 0):
 garbage-first heap   total 619520K, used 200704K [0x0000000080000000, 0x0000000100000000)
  region size 1024K, 5 young (5120K), 5 survivors (5120K)
 Metaspace       used 139062K, capacity 142152K, committed 145788K, reserved 1177600K
  class space    used 16585K, capacity 17677K, committed 18432K, reserved 1048576K
}
Event: 4050.571 GC heap before
{Heap before GC invocations=203 (full 0):
 garbage-first heap   total 619520K, used 223232K [0x0000000080000000, 0x0000000100000000)
  region size 1024K, 30 young (30720K), 5 survivors (5120K)
 Metaspace       used 139068K, capacity 142220K, committed 145788K, reserved 1177600K
  class space    used 16585K, capacity 17677K, committed 18432K, reserved 1048576K
}
Event: 4050.962 GC heap after
{Heap after GC invocations=204 (full 0):
 garbage-first heap   total 619520K, used 207872K [0x0000000080000000, 0x0000000100000000)
  region size 1024K, 4 young (4096K), 4 survivors (4096K)
 Metaspace       used 139068K, capacity 142220K, committed 145788K, reserved 1177600K
  class space    used 16585K, capacity 17677K, committed 18432K, reserved 1048576K
}
Event: 4051.862 GC heap before
{Heap before GC invocations=204 (full 0):
 garbage-first heap   total 619520K, used 233472K [0x0000000080000000, 0x0000000100000000)
  region size 1024K, 30 young (30720K), 4 survivors (4096K)
 Metaspace       used 139070K, capacity 142220K, committed 145788K, reserved 1177600K
  class space    used 16585K, capacity 17677K, committed 18432K, reserved 1048576K
}
Event: 4052.348 GC heap after
{Heap after GC invocations=205 (full 0):
 garbage-first heap   total 619520K, used 210944K [0x0000000080000000, 0x0000000100000000)
  region size 1024K, 4 young (4096K), 4 survivors (4096K)
 Metaspace       used 139070K, capacity 142220K, committed 145788K, reserved 1177600K
  class space    used 16585K, capacity 17677K, committed 18432K, reserved 1048576K
}
Event: 4052.584 GC heap before
{Heap before GC invocations=205 (full 0):
 garbage-first heap   total 619520K, used 211968K [0x0000000080000000, 0x0000000100000000)
  region size 1024K, 6 young (6144K), 4 survivors (4096K)
 Metaspace       used 139070K, capacity 142220K, committed 145788K, reserved 1177600K
  class space    used 16585K, capacity 17677K, committed 18432K, reserved 1048576K
}
Event: 4052.808 GC heap after
{Heap after GC invocations=206 (full 0):
 garbage-first heap   total 619520K, used 212480K [0x0000000080000000, 0x0000000100000000)
  region size 1024K, 1 young (1024K), 1 survivors (1024K)
 Metaspace       used 139070K, capacity 142220K, committed 145788K, reserved 1177600K
  class space    used 16585K, capacity 17677K, committed 18432K, reserved 1048576K
}
Event: 4055.654 GC heap before
{Heap before GC invocations=207 (full 0):
 garbage-first heap   total 619520K, used 244224K [0x0000000080000000, 0x0000000100000000)
  region size 1024K, 30 young (30720K), 1 survivors (1024K)
 Metaspace       used 139071K, capacity 142220K, committed 145788K, reserved 1177600K
  class space    used 16585K, capacity 17677K, committed 18432K, reserved 1048576K
}

