# JRE version: OpenJDK Runtime Environment (11.0.8+10) (build 11.0.8+10-b944.6842174)
# Java VM: OpenJDK 64-Bit Server VM (11.0.8+10-b944.6842174, mixed mode, tiered, compressed oops, g1 gc, windows-amd64)
Heap:
 garbage-first heap   total 225280K, used 115631K [0x0000000080000000, 0x0000000100000000)
  region size 1024K, 10 young (10240K), 4 survivors (4096K)
 Metaspace       used 90669K, capacity 92813K, committed 92928K, reserved 1130496K
  class space    used 11655K, capacity 12448K, committed 12544K, reserved 1048576K
GC Heap History (20 events):
Event: 110.257 GC heap before
{Heap before GC invocations=69 (full 0):
 garbage-first heap   total 138240K, used 106932K [0x0000000080000000, 0x0000000100000000)
  region size 1024K, 14 young (14336K), 1 survivors (1024K)
 Metaspace       used 84291K, capacity 86279K, committed 86400K, reserved 1124352K
  class space    used 10895K, capacity 11599K, committed 11648K, reserved 1048576K
}
Event: 110.287 GC heap after
{Heap after GC invocations=70 (full 0):
 garbage-first heap   total 138240K, used 96168K [0x0000000080000000, 0x0000000100000000)
  region size 1024K, 2 young (2048K), 2 survivors (2048K)
 Metaspace       used 84291K, capacity 86279K, committed 86400K, reserved 1124352K
  class space    used 10895K, capacity 11599K, committed 11648K, reserved 1048576K
}
Event: 111.404 GC heap before
{Heap before GC invocations=71 (full 0):
 garbage-first heap   total 138240K, used 109480K [0x0000000080000000, 0x0000000100000000)
  region size 1024K, 15 young (15360K), 2 survivors (2048K)
 Metaspace       used 84326K, capacity 86279K, committed 86400K, reserved 1124352K
  class space    used 10898K, capacity 11599K, committed 11648K, reserved 1048576K
}
Event: 111.462 GC heap after
{Heap after GC invocations=72 (full 0):
 garbage-first heap   total 138240K, used 98624K [0x0000000080000000, 0x0000000100000000)
  region size 1024K, 2 young (2048K), 2 survivors (2048K)
 Metaspace       used 84326K, capacity 86279K, committed 86400K, reserved 1124352K
  class space    used 10898K, capacity 11599K, committed 11648K, reserved 1048576K
}
Event: 111.833 GC heap before
{Heap before GC invocations=72 (full 0):
 garbage-first heap   total 138240K, used 110912K [0x0000000080000000, 0x0000000100000000)
  region size 1024K, 14 young (14336K), 2 survivors (2048K)
 Metaspace       used 84508K, capacity 86503K, committed 86656K, reserved 1124352K
  class space    used 10920K, capacity 11631K, committed 11648K, reserved 1048576K
}
Event: 111.861 GC heap after
{Heap after GC invocations=73 (full 0):
 garbage-first heap   total 138240K, used 100977K [0x0000000080000000, 0x0000000100000000)
  region size 1024K, 2 young (2048K), 2 survivors (2048K)
 Metaspace       used 84508K, capacity 86503K, committed 86656K, reserved 1124352K
  class space    used 10920K, capacity 11631K, committed 11648K, reserved 1048576K
}
Event: 113.180 GC heap before
{Heap before GC invocations=74 (full 0):
 garbage-first heap   total 138240K, used 113265K [0x0000000080000000, 0x0000000100000000)
  region size 1024K, 14 young (14336K), 2 survivors (2048K)
 Metaspace       used 85077K, capacity 87074K, committed 87296K, reserved 1124352K
  class space    used 10990K, capacity 11693K, committed 11776K, reserved 1048576K
}
Event: 113.214 GC heap after
{Heap after GC invocations=75 (full 0):
 garbage-first heap   total 183296K, used 103245K [0x0000000080000000, 0x0000000100000000)
  region size 1024K, 2 young (2048K), 2 survivors (2048K)
 Metaspace       used 85077K, capacity 87074K, committed 87296K, reserved 1124352K
  class space    used 10990K, capacity 11693K, committed 11776K, reserved 1048576K
}
Event: 115.610 GC heap before
{Heap before GC invocations=75 (full 0):
 garbage-first heap   total 183296K, used 126797K [0x0000000080000000, 0x0000000100000000)
  region size 1024K, 26 young (26624K), 2 survivors (2048K)
 Metaspace       used 88557K, capacity 90744K, committed 91008K, reserved 1128448K
  class space    used 11548K, capacity 12359K, committed 12416K, reserved 1048576K
}
Event: 115.645 GC heap after
{Heap after GC invocations=76 (full 0):
 garbage-first heap   total 183296K, used 105472K [0x0000000080000000, 0x0000000100000000)
  region size 1024K, 4 young (4096K), 4 survivors (4096K)
 Metaspace       used 88557K, capacity 90744K, committed 91008K, reserved 1128448K
  class space    used 11548K, capacity 12359K, committed 12416K, reserved 1048576K
}
Event: 121.681 GC heap before
{Heap before GC invocations=77 (full 0):
 garbage-first heap   total 183296K, used 131072K [0x0000000080000000, 0x0000000100000000)
  region size 1024K, 29 young (29696K), 4 survivors (4096K)
 Metaspace       used 89899K, capacity 92128K, committed 92416K, reserved 1128448K
  class space    used 11641K, capacity 12468K, committed 12544K, reserved 1048576K
}
Event: 121.750 GC heap after
{Heap after GC invocations=78 (full 0):
 garbage-first heap   total 183296K, used 106985K [0x0000000080000000, 0x0000000100000000)
  region size 1024K, 2 young (2048K), 2 survivors (2048K)
 Metaspace       used 89899K, capacity 92128K, committed 92416K, reserved 1128448K
  class space    used 11641K, capacity 12468K, committed 12544K, reserved 1048576K
}
Event: 124.585 GC heap before
{Heap before GC invocations=78 (full 0):
 garbage-first heap   total 183296K, used 133609K [0x0000000080000000, 0x0000000100000000)
  region size 1024K, 28 young (28672K), 2 survivors (2048K)
 Metaspace       used 90278K, capacity 92462K, committed 92672K, reserved 1130496K
  class space    used 11651K, capacity 12468K, committed 12544K, reserved 1048576K
}
Event: 124.605 GC heap after
{Heap after GC invocations=79 (full 0):
 garbage-first heap   total 183296K, used 107668K [0x0000000080000000, 0x0000000100000000)
  region size 1024K, 3 young (3072K), 3 survivors (3072K)
 Metaspace       used 90278K, capacity 92462K, committed 92672K, reserved 1130496K
  class space    used 11651K, capacity 12468K, committed 12544K, reserved 1048576K
}
Event: 129.669 GC heap before
{Heap before GC invocations=80 (full 0):
 garbage-first heap   total 183296K, used 136340K [0x0000000080000000, 0x0000000100000000)
  region size 1024K, 31 young (31744K), 3 survivors (3072K)
 Metaspace       used 90423K, capacity 92593K, committed 92928K, reserved 1130496K
  class space    used 11641K, capacity 12443K, committed 12544K, reserved 1048576K
}
Event: 129.700 GC heap after
{Heap after GC invocations=81 (full 0):
 garbage-first heap   total 183296K, used 108163K [0x0000000080000000, 0x0000000100000000)
  region size 1024K, 2 young (2048K), 2 survivors (2048K)
 Metaspace       used 90423K, capacity 92593K, committed 92928K, reserved 1130496K
  class space    used 11641K, capacity 12443K, committed 12544K, reserved 1048576K
}
Event: 131.745 GC heap before
{Heap before GC invocations=81 (full 0):
 garbage-first heap   total 183296K, used 137859K [0x0000000080000000, 0x0000000100000000)
  region size 1024K, 32 young (32768K), 2 survivors (2048K)
 Metaspace       used 90572K, capacity 92736K, committed 92928K, reserved 1130496K
  class space    used 11654K, capacity 12446K, committed 12544K, reserved 1048576K
}
Event: 131.773 GC heap after
{Heap after GC invocations=82 (full 0):
 garbage-first heap   total 225280K, used 108872K [0x0000000080000000, 0x0000000100000000)
  region size 1024K, 3 young (3072K), 3 survivors (3072K)
 Metaspace       used 90572K, capacity 92736K, committed 92928K, reserved 1130496K
  class space    used 11654K, capacity 12446K, committed 12544K, reserved 1048576K
}
Event: 136.863 GC heap before
{Heap before GC invocations=83 (full 0):
 garbage-first heap   total 225280K, used 157000K [0x0000000080000000, 0x0000000100000000)
  region size 1024K, 50 young (51200K), 3 survivors (3072K)
 Metaspace       used 90609K, capacity 92738K, committed 92928K, reserved 1130496K
  class space    used 11654K, capacity 12446K, committed 12544K, reserved 1048576K
}
Event: 136.891 GC heap after
{Heap after GC invocations=84 (full 0):
 garbage-first heap   total 225280K, used 109166K [0x0000000080000000, 0x0000000100000000)
  region size 1024K, 3 young (3072K), 3 survivors (3072K)
 Metaspace       used 90609K, capacity 92738K, committed 92928K, reserved 1130496K
  class space    used 11654K, capacity 12446K, committed 12544K, reserved 1048576K
}

