# JRE version: OpenJDK Runtime Environment (11.0.8+10) (build 11.0.8+10-b944.6842174)
# Java VM: OpenJDK 64-Bit Server VM (11.0.8+10-b944.6842174, mixed mode, tiered, compressed oops, g1 gc, windows-amd64)
Heap:
 garbage-first heap   total 458752K, used 337010K [0x0000000080000000, 0x0000000100000000)
  region size 1024K, 133 young (136192K), 12 survivors (12288K)
 Metaspace       used 109959K, capacity 112769K, committed 112804K, reserved 1146880K
  class space    used 13668K, capacity 14685K, committed 14720K, reserved 1048576K
GC Heap History (20 events):
Event: 80.471 GC heap before
{Heap before GC invocations=51 (full 0):
 garbage-first heap   total 390144K, used 215040K [0x0000000080000000, 0x0000000100000000)
  region size 1024K, 41 young (41984K), 4 survivors (4096K)
 Metaspace       used 84515K, capacity 86642K, committed 86948K, reserved 1124352K
  class space    used 11043K, capacity 11807K, committed 11904K, reserved 1048576K
}
Event: 80.541 GC heap after
{Heap after GC invocations=52 (full 0):
 garbage-first heap   total 390144K, used 182618K [0x0000000080000000, 0x0000000100000000)
  region size 1024K, 5 young (5120K), 5 survivors (5120K)
 Metaspace       used 84515K, capacity 86642K, committed 86948K, reserved 1124352K
  class space    used 11043K, capacity 11807K, committed 11904K, reserved 1048576K
}
Event: 80.558 GC heap before
{Heap before GC invocations=52 (full 0):
 garbage-first heap   total 390144K, used 184666K [0x0000000080000000, 0x0000000100000000)
  region size 1024K, 8 young (8192K), 5 survivors (5120K)
 Metaspace       used 84515K, capacity 86642K, committed 86948K, reserved 1124352K
  class space    used 11043K, capacity 11807K, committed 11904K, reserved 1048576K
}
Event: 80.569 GC heap after
{Heap after GC invocations=53 (full 0):
 garbage-first heap   total 390144K, used 183240K [0x0000000080000000, 0x0000000100000000)
  region size 1024K, 1 young (1024K), 1 survivors (1024K)
 Metaspace       used 84515K, capacity 86642K, committed 86948K, reserved 1124352K
  class space    used 11043K, capacity 11807K, committed 11904K, reserved 1048576K
}
Event: 83.322 GC heap before
{Heap before GC invocations=54 (full 0):
 garbage-first heap   total 390144K, used 256968K [0x0000000080000000, 0x0000000100000000)
  region size 1024K, 61 young (62464K), 1 survivors (1024K)
 Metaspace       used 84725K, capacity 86835K, committed 86948K, reserved 1124352K
  class space    used 11062K, capacity 11847K, committed 11904K, reserved 1048576K
}
Event: 83.379 GC heap after
{Heap after GC invocations=55 (full 0):
 garbage-first heap   total 390144K, used 205700K [0x0000000080000000, 0x0000000100000000)
  region size 1024K, 8 young (8192K), 8 survivors (8192K)
 Metaspace       used 84725K, capacity 86835K, committed 86948K, reserved 1124352K
  class space    used 11062K, capacity 11847K, committed 11904K, reserved 1048576K
}
Event: 83.493 GC heap before
{Heap before GC invocations=55 (full 0):
 garbage-first heap   total 390144K, used 216964K [0x0000000080000000, 0x0000000100000000)
  region size 1024K, 19 young (19456K), 8 survivors (8192K)
 Metaspace       used 84725K, capacity 86835K, committed 86948K, reserved 1124352K
  class space    used 11062K, capacity 11847K, committed 11904K, reserved 1048576K
}
Event: 83.531 GC heap after
{Heap after GC invocations=56 (full 0):
 garbage-first heap   total 390144K, used 206022K [0x0000000080000000, 0x0000000100000000)
  region size 1024K, 1 young (1024K), 1 survivors (1024K)
 Metaspace       used 84725K, capacity 86835K, committed 86948K, reserved 1124352K
  class space    used 11062K, capacity 11847K, committed 11904K, reserved 1048576K
}
Event: 84.728 GC heap before
{Heap before GC invocations=56 (full 0):
 garbage-first heap   total 390144K, used 233670K [0x0000000080000000, 0x0000000100000000)
  region size 1024K, 29 young (29696K), 1 survivors (1024K)
 Metaspace       used 84966K, capacity 87153K, committed 87204K, reserved 1124352K
  class space    used 11081K, capacity 11879K, committed 11904K, reserved 1048576K
}
Event: 84.745 GC heap after
{Heap after GC invocations=57 (full 0):
 garbage-first heap   total 390144K, used 206190K [0x0000000080000000, 0x0000000100000000)
  region size 1024K, 2 young (2048K), 2 survivors (2048K)
 Metaspace       used 84966K, capacity 87153K, committed 87204K, reserved 1124352K
  class space    used 11081K, capacity 11879K, committed 11904K, reserved 1048576K
}
Event: 91.061 GC heap before
{Heap before GC invocations=58 (full 0):
 garbage-first heap   total 390144K, used 315758K [0x0000000080000000, 0x0000000100000000)
  region size 1024K, 69 young (70656K), 2 survivors (2048K)
 Metaspace       used 91004K, capacity 93263K, committed 93348K, reserved 1130496K
  class space    used 11836K, capacity 12664K, committed 12672K, reserved 1048576K
}
Event: 91.162 GC heap after
{Heap after GC invocations=59 (full 0):
 garbage-first heap   total 390144K, used 203357K [0x0000000080000000, 0x0000000100000000)
  region size 1024K, 4 young (4096K), 4 survivors (4096K)
 Metaspace       used 91004K, capacity 93263K, committed 93348K, reserved 1130496K
  class space    used 11836K, capacity 12664K, committed 12672K, reserved 1048576K
}
Event: 318.135 GC heap before
{Heap before GC invocations=59 (full 0):
 garbage-first heap   total 390144K, used 217693K [0x0000000080000000, 0x0000000100000000)
  region size 1024K, 19 young (19456K), 4 survivors (4096K)
 Metaspace       used 93531K, capacity 95849K, committed 96164K, reserved 1132544K
  class space    used 12017K, capacity 12861K, committed 12928K, reserved 1048576K
}
Event: 318.183 GC heap after
{Heap after GC invocations=60 (full 0):
 garbage-first heap   total 458752K, used 199581K [0x0000000080000000, 0x0000000100000000)
  region size 1024K, 1 young (1024K), 1 survivors (1024K)
 Metaspace       used 93531K, capacity 95849K, committed 96164K, reserved 1132544K
  class space    used 12017K, capacity 12861K, committed 12928K, reserved 1048576K
}
Event: 563.609 GC heap before
{Heap before GC invocations=60 (full 0):
 garbage-first heap   total 458752K, used 364445K [0x0000000080000000, 0x0000000100000000)
  region size 1024K, 163 young (166912K), 1 survivors (1024K)
 Metaspace       used 96598K, capacity 98953K, committed 99108K, reserved 1134592K
  class space    used 12334K, capacity 13218K, committed 13312K, reserved 1048576K
}
Event: 563.670 GC heap after
{Heap after GC invocations=61 (full 0):
 garbage-first heap   total 458752K, used 209099K [0x0000000080000000, 0x0000000100000000)
  region size 1024K, 10 young (10240K), 10 survivors (10240K)
 Metaspace       used 96598K, capacity 98953K, committed 99108K, reserved 1134592K
  class space    used 12334K, capacity 13218K, committed 13312K, reserved 1048576K
}
Event: 706.169 GC heap before
{Heap before GC invocations=61 (full 0):
 garbage-first heap   total 458752K, used 359627K [0x0000000080000000, 0x0000000100000000)
  region size 1024K, 156 young (159744K), 10 survivors (10240K)
 Metaspace       used 104128K, capacity 106741K, committed 106916K, reserved 1142784K
  class space    used 13137K, capacity 14096K, committed 14208K, reserved 1048576K
}
Event: 706.220 GC heap after
{Heap after GC invocations=62 (full 0):
 garbage-first heap   total 458752K, used 211853K [0x0000000080000000, 0x0000000100000000)
  region size 1024K, 11 young (11264K), 11 survivors (11264K)
 Metaspace       used 104128K, capacity 106741K, committed 106916K, reserved 1142784K
  class space    used 13137K, capacity 14096K, committed 14208K, reserved 1048576K
}
Event: 714.314 GC heap before
{Heap before GC invocations=62 (full 0):
 garbage-first heap   total 458752K, used 365453K [0x0000000080000000, 0x0000000100000000)
  region size 1024K, 160 young (163840K), 11 survivors (11264K)
 Metaspace       used 105309K, capacity 107922K, committed 108196K, reserved 1142784K
  class space    used 13197K, capacity 14142K, committed 14208K, reserved 1048576K
}
Event: 714.386 GC heap after
{Heap after GC invocations=63 (full 0):
 garbage-first heap   total 458752K, used 213106K [0x0000000080000000, 0x0000000100000000)
  region size 1024K, 12 young (12288K), 12 survivors (12288K)
 Metaspace       used 105309K, capacity 107922K, committed 108196K, reserved 1142784K
  class space    used 13197K, capacity 14142K, committed 14208K, reserved 1048576K
}

