# JRE version: OpenJDK Runtime Environment (11.0.8+10) (build 11.0.8+10-b944.6842174)
# Java VM: OpenJDK 64-Bit Server VM (11.0.8+10-b944.6842174, mixed mode, tiered, compressed oops, g1 gc, windows-amd64)
Heap:
 garbage-first heap   total 231424K, used 117490K [0x0000000080000000, 0x0000000100000000)
  region size 1024K, 3 young (3072K), 3 survivors (3072K)
 Metaspace       used 90167K, capacity 92552K, committed 92796K, reserved 1130496K
  class space    used 11592K, capacity 12467K, committed 12544K, reserved 1048576K
GC Heap History (20 events):
Event: 108.828 GC heap after
{Heap after GC invocations=80 (full 0):
 garbage-first heap   total 138240K, used 88820K [0x0000000080000000, 0x0000000100000000)
  region size 1024K, 3 young (3072K), 3 survivors (3072K)
 Metaspace       used 88221K, capacity 90520K, committed 90748K, reserved 1128448K
  class space    used 11346K, capacity 12186K, committed 12288K, reserved 1048576K
}
Event: 109.773 GC heap before
{Heap before GC invocations=81 (full 0):
 garbage-first heap   total 138240K, used 93940K [0x0000000080000000, 0x0000000100000000)
  region size 1024K, 8 young (8192K), 3 survivors (3072K)
 Metaspace       used 88450K, capacity 90710K, committed 91004K, reserved 1128448K
  class space    used 11378K, capacity 12226K, committed 12288K, reserved 1048576K
}
Event: 109.792 GC heap after
{Heap after GC invocations=82 (full 0):
 garbage-first heap   total 138240K, used 91046K [0x0000000080000000, 0x0000000100000000)
  region size 1024K, 2 young (2048K), 2 survivors (2048K)
 Metaspace       used 88450K, capacity 90710K, committed 91004K, reserved 1128448K
  class space    used 11378K, capacity 12226K, committed 12288K, reserved 1048576K
}
Event: 111.108 GC heap before
{Heap before GC invocations=83 (full 0):
 garbage-first heap   total 138240K, used 107430K [0x0000000080000000, 0x0000000100000000)
  region size 1024K, 18 young (18432K), 2 survivors (2048K)
 Metaspace       used 88631K, capacity 90936K, committed 91004K, reserved 1128448K
  class space    used 11384K, capacity 12227K, committed 12288K, reserved 1048576K
}
Event: 111.116 GC heap after
{Heap after GC invocations=84 (full 0):
 garbage-first heap   total 165888K, used 90017K [0x0000000080000000, 0x0000000100000000)
  region size 1024K, 1 young (1024K), 1 survivors (1024K)
 Metaspace       used 88631K, capacity 90936K, committed 91004K, reserved 1128448K
  class space    used 11384K, capacity 12227K, committed 12288K, reserved 1048576K
}
Event: 112.544 GC heap before
{Heap before GC invocations=84 (full 0):
 garbage-first heap   total 165888K, used 119713K [0x0000000080000000, 0x0000000100000000)
  region size 1024K, 31 young (31744K), 1 survivors (1024K)
 Metaspace       used 88778K, capacity 91002K, committed 91260K, reserved 1128448K
  class space    used 11403K, capacity 12243K, committed 12288K, reserved 1048576K
}
Event: 112.555 GC heap after
{Heap after GC invocations=85 (full 0):
 garbage-first heap   total 165888K, used 89087K [0x0000000080000000, 0x0000000100000000)
  region size 1024K, 2 young (2048K), 2 survivors (2048K)
 Metaspace       used 88778K, capacity 91002K, committed 91260K, reserved 1128448K
  class space    used 11403K, capacity 12243K, committed 12288K, reserved 1048576K
}
Event: 114.703 GC heap before
{Heap before GC invocations=86 (full 0):
 garbage-first heap   total 165888K, used 127999K [0x0000000080000000, 0x0000000100000000)
  region size 1024K, 35 young (35840K), 2 survivors (2048K)
 Metaspace       used 89229K, capacity 91510K, committed 91644K, reserved 1128448K
  class space    used 11451K, capacity 12318K, committed 12416K, reserved 1048576K
}
Event: 114.722 GC heap after
{Heap after GC invocations=87 (full 0):
 garbage-first heap   total 165888K, used 95171K [0x0000000080000000, 0x0000000100000000)
  region size 1024K, 3 young (3072K), 3 survivors (3072K)
 Metaspace       used 89229K, capacity 91510K, committed 91644K, reserved 1128448K
  class space    used 11451K, capacity 12318K, committed 12416K, reserved 1048576K
}
Event: 115.021 GC heap before
{Heap before GC invocations=87 (full 0):
 garbage-first heap   total 165888K, used 117699K [0x0000000080000000, 0x0000000100000000)
  region size 1024K, 8 young (8192K), 3 survivors (3072K)
 Metaspace       used 89405K, capacity 91737K, committed 91900K, reserved 1128448K
  class space    used 11474K, capacity 12351K, committed 12416K, reserved 1048576K
}
Event: 115.051 GC heap after
{Heap after GC invocations=88 (full 0):
 garbage-first heap   total 165888K, used 95855K [0x0000000080000000, 0x0000000100000000)
  region size 1024K, 1 young (1024K), 1 survivors (1024K)
 Metaspace       used 89405K, capacity 91737K, committed 91900K, reserved 1128448K
  class space    used 11474K, capacity 12351K, committed 12416K, reserved 1048576K
}
Event: 115.063 GC heap before
{Heap before GC invocations=88 (full 0):
 garbage-first heap   total 165888K, used 95855K [0x0000000080000000, 0x0000000100000000)
  region size 1024K, 2 young (2048K), 1 survivors (1024K)
 Metaspace       used 89407K, capacity 91737K, committed 91900K, reserved 1128448K
  class space    used 11474K, capacity 12351K, committed 12416K, reserved 1048576K
}
Event: 115.074 GC heap after
{Heap after GC invocations=89 (full 0):
 garbage-first heap   total 165888K, used 95818K [0x0000000080000000, 0x0000000100000000)
  region size 1024K, 1 young (1024K), 1 survivors (1024K)
 Metaspace       used 89407K, capacity 91737K, committed 91900K, reserved 1128448K
  class space    used 11474K, capacity 12351K, committed 12416K, reserved 1048576K
}
Event: 116.384 GC heap before
{Heap before GC invocations=90 (full 0):
 garbage-first heap   total 165888K, used 127562K [0x0000000080000000, 0x0000000100000000)
  region size 1024K, 30 young (30720K), 1 survivors (1024K)
 Metaspace       used 89510K, capacity 91879K, committed 92156K, reserved 1128448K
  class space    used 11479K, capacity 12354K, committed 12416K, reserved 1048576K
}
Event: 116.442 GC heap after
{Heap after GC invocations=91 (full 0):
 garbage-first heap   total 165888K, used 106043K [0x0000000080000000, 0x0000000100000000)
  region size 1024K, 4 young (4096K), 4 survivors (4096K)
 Metaspace       used 89510K, capacity 91879K, committed 92156K, reserved 1128448K
  class space    used 11479K, capacity 12354K, committed 12416K, reserved 1048576K
}
Event: 116.486 GC heap before
{Heap before GC invocations=91 (full 0):
 garbage-first heap   total 165888K, used 109115K [0x0000000080000000, 0x0000000100000000)
  region size 1024K, 8 young (8192K), 4 survivors (4096K)
 Metaspace       used 89510K, capacity 91879K, committed 92156K, reserved 1128448K
  class space    used 11479K, capacity 12354K, committed 12416K, reserved 1048576K
}
Event: 116.543 GC heap after
{Heap after GC invocations=92 (full 0):
 garbage-first heap   total 165888K, used 105472K [0x0000000080000000, 0x0000000100000000)
  region size 1024K, 1 young (1024K), 1 survivors (1024K)
 Metaspace       used 89510K, capacity 91879K, committed 92156K, reserved 1128448K
  class space    used 11479K, capacity 12354K, committed 12416K, reserved 1048576K
}
Event: 116.595 GC heap before
{Heap before GC invocations=92 (full 0):
 garbage-first heap   total 165888K, used 110592K [0x0000000080000000, 0x0000000100000000)
  region size 1024K, 7 young (7168K), 1 survivors (1024K)
 Metaspace       used 89510K, capacity 91879K, committed 92156K, reserved 1128448K
  class space    used 11479K, capacity 12354K, committed 12416K, reserved 1048576K
}
Event: 116.642 GC heap after
{Heap after GC invocations=93 (full 0):
 garbage-first heap   total 165888K, used 108511K [0x0000000080000000, 0x0000000100000000)
  region size 1024K, 3 young (3072K), 3 survivors (3072K)
 Metaspace       used 89510K, capacity 91879K, committed 92156K, reserved 1128448K
  class space    used 11479K, capacity 12354K, committed 12416K, reserved 1048576K
}
Event: 118.068 GC heap before
{Heap before GC invocations=94 (full 0):
 garbage-first heap   total 165888K, used 124895K [0x0000000080000000, 0x0000000100000000)
  region size 1024K, 19 young (19456K), 3 survivors (3072K)
 Metaspace       used 90167K, capacity 92552K, committed 92796K, reserved 1130496K
  class space    used 11592K, capacity 12467K, committed 12544K, reserved 1048576K
}

