# JRE version: OpenJDK Runtime Environment (11.0.8+10) (build 11.0.8+10-b944.6842174)
# Java VM: OpenJDK 64-Bit Server VM (11.0.8+10-b944.6842174, mixed mode, tiered, compressed oops, g1 gc, windows-amd64)
Heap:
 garbage-first heap   total 95232K, used 62378K [0x0000000080000000, 0x0000000100000000)
  region size 1024K, 13 young (13312K), 3 survivors (3072K)
 Metaspace       used 71824K, capacity 73430K, committed 73596K, reserved 1114112K
  class space    used 9402K, capacity 9966K, committed 9984K, reserved 1048576K
GC Heap History (20 events):
Event: 85.171 GC heap before
{Heap before GC invocations=48 (full 0):
 garbage-first heap   total 65536K, used 53046K [0x0000000080000000, 0x0000000100000000)
  region size 1024K, 7 young (7168K), 1 survivors (1024K)
 Metaspace       used 61951K, capacity 63398K, committed 63612K, reserved 1103872K
  class space    used 7909K, capacity 8421K, committed 8448K, reserved 1048576K
}
Event: 85.179 GC heap after
{Heap after GC invocations=49 (full 0):
 garbage-first heap   total 65536K, used 48258K [0x0000000080000000, 0x0000000100000000)
  region size 1024K, 1 young (1024K), 1 survivors (1024K)
 Metaspace       used 61951K, capacity 63398K, committed 63612K, reserved 1103872K
  class space    used 7909K, capacity 8421K, committed 8448K, reserved 1048576K
}
Event: 85.791 GC heap before
{Heap before GC invocations=49 (full 0):
 garbage-first heap   total 65536K, used 53378K [0x0000000080000000, 0x0000000100000000)
  region size 1024K, 7 young (7168K), 1 survivors (1024K)
 Metaspace       used 62914K, capacity 64367K, committed 64636K, reserved 1105920K
  class space    used 8104K, capacity 8617K, committed 8704K, reserved 1048576K
}
Event: 85.799 GC heap after
{Heap after GC invocations=50 (full 0):
 garbage-first heap   total 65536K, used 48378K [0x0000000080000000, 0x0000000100000000)
  region size 1024K, 1 young (1024K), 1 survivors (1024K)
 Metaspace       used 62914K, capacity 64367K, committed 64636K, reserved 1105920K
  class space    used 8104K, capacity 8617K, committed 8704K, reserved 1048576K
}
Event: 86.509 GC heap before
{Heap before GC invocations=51 (full 0):
 garbage-first heap   total 65536K, used 54522K [0x0000000080000000, 0x0000000100000000)
  region size 1024K, 7 young (7168K), 1 survivors (1024K)
 Metaspace       used 63745K, capacity 65187K, committed 65276K, reserved 1105920K
  class space    used 8263K, capacity 8782K, committed 8832K, reserved 1048576K
}
Event: 86.519 GC heap after
{Heap after GC invocations=52 (full 0):
 garbage-first heap   total 65536K, used 48851K [0x0000000080000000, 0x0000000100000000)
  region size 1024K, 1 young (1024K), 1 survivors (1024K)
 Metaspace       used 63745K, capacity 65187K, committed 65276K, reserved 1105920K
  class space    used 8263K, capacity 8782K, committed 8832K, reserved 1048576K
}
Event: 87.291 GC heap before
{Heap before GC invocations=52 (full 0):
 garbage-first heap   total 65536K, used 54995K [0x0000000080000000, 0x0000000100000000)
  region size 1024K, 7 young (7168K), 1 survivors (1024K)
 Metaspace       used 64385K, capacity 65867K, committed 66172K, reserved 1105920K
  class space    used 8344K, capacity 8858K, committed 8960K, reserved 1048576K
}
Event: 87.302 GC heap after
{Heap after GC invocations=53 (full 0):
 garbage-first heap   total 65536K, used 49348K [0x0000000080000000, 0x0000000100000000)
  region size 1024K, 1 young (1024K), 1 survivors (1024K)
 Metaspace       used 64385K, capacity 65867K, committed 66172K, reserved 1105920K
  class space    used 8344K, capacity 8858K, committed 8960K, reserved 1048576K
}
Event: 87.820 GC heap before
{Heap before GC invocations=54 (full 0):
 garbage-first heap   total 65536K, used 54468K [0x0000000080000000, 0x0000000100000000)
  region size 1024K, 6 young (6144K), 1 survivors (1024K)
 Metaspace       used 64742K, capacity 66284K, committed 66428K, reserved 1107968K
  class space    used 8389K, capacity 8929K, committed 8960K, reserved 1048576K
}
Event: 87.833 GC heap after
{Heap after GC invocations=55 (full 0):
 garbage-first heap   total 78848K, used 49598K [0x0000000080000000, 0x0000000100000000)
  region size 1024K, 1 young (1024K), 1 survivors (1024K)
 Metaspace       used 64742K, capacity 66284K, committed 66428K, reserved 1107968K
  class space    used 8389K, capacity 8929K, committed 8960K, reserved 1048576K
}
Event: 88.963 GC heap before
{Heap before GC invocations=55 (full 0):
 garbage-first heap   total 78848K, used 59838K [0x0000000080000000, 0x0000000100000000)
  region size 1024K, 11 young (11264K), 1 survivors (1024K)
 Metaspace       used 65731K, capacity 67283K, committed 67452K, reserved 1107968K
  class space    used 8553K, capacity 9089K, committed 9216K, reserved 1048576K
}
Event: 88.974 GC heap after
{Heap after GC invocations=56 (full 0):
 garbage-first heap   total 78848K, used 50142K [0x0000000080000000, 0x0000000100000000)
  region size 1024K, 2 young (2048K), 2 survivors (2048K)
 Metaspace       used 65731K, capacity 67283K, committed 67452K, reserved 1107968K
  class space    used 8553K, capacity 9089K, committed 9216K, reserved 1048576K
}
Event: 90.530 GC heap before
{Heap before GC invocations=57 (full 0):
 garbage-first heap   total 78848K, used 60382K [0x0000000080000000, 0x0000000100000000)
  region size 1024K, 12 young (12288K), 2 survivors (2048K)
 Metaspace       used 66940K, capacity 68500K, committed 68604K, reserved 1107968K
  class space    used 8720K, capacity 9261K, committed 9344K, reserved 1048576K
}
Event: 90.545 GC heap after
{Heap after GC invocations=58 (full 0):
 garbage-first heap   total 78848K, used 50802K [0x0000000080000000, 0x0000000100000000)
  region size 1024K, 2 young (2048K), 2 survivors (2048K)
 Metaspace       used 66940K, capacity 68500K, committed 68604K, reserved 1107968K
  class space    used 8720K, capacity 9261K, committed 9344K, reserved 1048576K
}
Event: 91.150 GC heap before
{Heap before GC invocations=58 (full 0):
 garbage-first heap   total 78848K, used 61042K [0x0000000080000000, 0x0000000100000000)
  region size 1024K, 12 young (12288K), 2 survivors (2048K)
 Metaspace       used 67984K, capacity 69572K, committed 69756K, reserved 1110016K
  class space    used 8910K, capacity 9464K, committed 9472K, reserved 1048576K
}
Event: 91.165 GC heap after
{Heap after GC invocations=59 (full 0):
 garbage-first heap   total 78848K, used 51073K [0x0000000080000000, 0x0000000100000000)
  region size 1024K, 1 young (1024K), 1 survivors (1024K)
 Metaspace       used 67984K, capacity 69572K, committed 69756K, reserved 1110016K
  class space    used 8910K, capacity 9464K, committed 9472K, reserved 1048576K
}
Event: 92.327 GC heap before
{Heap before GC invocations=60 (full 0):
 garbage-first heap   total 78848K, used 62337K [0x0000000080000000, 0x0000000100000000)
  region size 1024K, 12 young (12288K), 1 survivors (1024K)
 Metaspace       used 70114K, capacity 71744K, committed 71804K, reserved 1112064K
  class space    used 9167K, capacity 9715K, committed 9728K, reserved 1048576K
}
Event: 92.338 GC heap after
{Heap after GC invocations=61 (full 0):
 garbage-first heap   total 95232K, used 51631K [0x0000000080000000, 0x0000000100000000)
  region size 1024K, 2 young (2048K), 2 survivors (2048K)
 Metaspace       used 70114K, capacity 71744K, committed 71804K, reserved 1112064K
  class space    used 9167K, capacity 9715K, committed 9728K, reserved 1048576K
}
Event: 93.463 GC heap before
{Heap before GC invocations=61 (full 0):
 garbage-first heap   total 95232K, used 69039K [0x0000000080000000, 0x0000000100000000)
  region size 1024K, 19 young (19456K), 2 survivors (2048K)
 Metaspace       used 71316K, capacity 72907K, committed 73084K, reserved 1112064K
  class space    used 9333K, capacity 9901K, committed 9984K, reserved 1048576K
}
Event: 93.478 GC heap after
{Heap after GC invocations=62 (full 0):
 garbage-first heap   total 95232K, used 53162K [0x0000000080000000, 0x0000000100000000)
  region size 1024K, 3 young (3072K), 3 survivors (3072K)
 Metaspace       used 71316K, capacity 72907K, committed 73084K, reserved 1112064K
  class space    used 9333K, capacity 9901K, committed 9984K, reserved 1048576K
}

