# JRE version: OpenJDK Runtime Environment (11.0.8+10) (build 11.0.8+10-b944.6842174)
# Java VM: OpenJDK 64-Bit Server VM (11.0.8+10-b944.6842174, mixed mode, tiered, compressed oops, g1 gc, windows-amd64)
Heap:
 garbage-first heap   total 680960K, used 192256K [0x0000000080000000, 0x0000000100000000)
  region size 1024K, 2 young (2048K), 2 survivors (2048K)
 Metaspace       used 107449K, capacity 110228K, committed 110500K, reserved 1144832K
  class space    used 13568K, capacity 14600K, committed 14720K, reserved 1048576K
GC Heap History (20 events):
Event: 387.595 GC heap after
{Heap after GC invocations=85 (full 0):
 garbage-first heap   total 451584K, used 105627K [0x0000000080000000, 0x0000000100000000)
  region size 1024K, 3 young (3072K), 3 survivors (3072K)
 Metaspace       used 107404K, capacity 110225K, committed 110500K, reserved 1144832K
  class space    used 13567K, capacity 14600K, committed 14720K, reserved 1048576K
}
Event: 388.258 GC heap before
{Heap before GC invocations=85 (full 0):
 garbage-first heap   total 451584K, used 152731K [0x0000000080000000, 0x0000000100000000)
  region size 1024K, 22 young (22528K), 3 survivors (3072K)
 Metaspace       used 107423K, capacity 110226K, committed 110500K, reserved 1144832K
  class space    used 13567K, capacity 14600K, committed 14720K, reserved 1048576K
}
Event: 388.277 GC heap after
{Heap after GC invocations=86 (full 0):
 garbage-first heap   total 451584K, used 116452K [0x0000000080000000, 0x0000000100000000)
  region size 1024K, 3 young (3072K), 3 survivors (3072K)
 Metaspace       used 107423K, capacity 110226K, committed 110500K, reserved 1144832K
  class space    used 13567K, capacity 14600K, committed 14720K, reserved 1048576K
}
Event: 388.467 GC heap before
{Heap before GC invocations=86 (full 0):
 garbage-first heap   total 451584K, used 125668K [0x0000000080000000, 0x0000000100000000)
  region size 1024K, 13 young (13312K), 3 survivors (3072K)
 Metaspace       used 107427K, capacity 110226K, committed 110500K, reserved 1144832K
  class space    used 13567K, capacity 14600K, committed 14720K, reserved 1048576K
}
Event: 388.497 GC heap after
{Heap after GC invocations=87 (full 0):
 garbage-first heap   total 451584K, used 119980K [0x0000000080000000, 0x0000000100000000)
  region size 1024K, 7 young (7168K), 7 survivors (7168K)
 Metaspace       used 107427K, capacity 110226K, committed 110500K, reserved 1144832K
  class space    used 13567K, capacity 14600K, committed 14720K, reserved 1048576K
}
Event: 389.184 GC heap before
{Heap before GC invocations=88 (full 0):
 garbage-first heap   total 451584K, used 140460K [0x0000000080000000, 0x0000000100000000)
  region size 1024K, 26 young (26624K), 7 survivors (7168K)
 Metaspace       used 107429K, capacity 110226K, committed 110500K, reserved 1144832K
  class space    used 13567K, capacity 14600K, committed 14720K, reserved 1048576K
}
Event: 389.290 GC heap after
{Heap after GC invocations=89 (full 0):
 garbage-first heap   total 451584K, used 128964K [0x0000000080000000, 0x0000000100000000)
  region size 1024K, 8 young (8192K), 8 survivors (8192K)
 Metaspace       used 107429K, capacity 110226K, committed 110500K, reserved 1144832K
  class space    used 13567K, capacity 14600K, committed 14720K, reserved 1048576K
}
Event: 390.655 GC heap before
{Heap before GC invocations=90 (full 0):
 garbage-first heap   total 451584K, used 182212K [0x0000000080000000, 0x0000000100000000)
  region size 1024K, 60 young (61440K), 8 survivors (8192K)
 Metaspace       used 107430K, capacity 110226K, committed 110500K, reserved 1144832K
  class space    used 13568K, capacity 14600K, committed 14720K, reserved 1048576K
}
Event: 390.965 GC heap after
{Heap after GC invocations=91 (full 0):
 garbage-first heap   total 451584K, used 159179K [0x0000000080000000, 0x0000000100000000)
  region size 1024K, 8 young (8192K), 8 survivors (8192K)
 Metaspace       used 107430K, capacity 110226K, committed 110500K, reserved 1144832K
  class space    used 13568K, capacity 14600K, committed 14720K, reserved 1048576K
}
Event: 391.155 GC heap before
{Heap before GC invocations=91 (full 0):
 garbage-first heap   total 451584K, used 170443K [0x0000000080000000, 0x0000000100000000)
  region size 1024K, 21 young (21504K), 8 survivors (8192K)
 Metaspace       used 107430K, capacity 110226K, committed 110500K, reserved 1144832K
  class space    used 13568K, capacity 14600K, committed 14720K, reserved 1048576K
}
Event: 391.275 GC heap after
{Heap after GC invocations=92 (full 0):
 garbage-first heap   total 451584K, used 166912K [0x0000000080000000, 0x0000000100000000)
  region size 1024K, 6 young (6144K), 6 survivors (6144K)
 Metaspace       used 107430K, capacity 110226K, committed 110500K, reserved 1144832K
  class space    used 13568K, capacity 14600K, committed 14720K, reserved 1048576K
}
Event: 392.955 GC heap before
{Heap before GC invocations=93 (full 0):
 garbage-first heap   total 451584K, used 195584K [0x0000000080000000, 0x0000000100000000)
  region size 1024K, 32 young (32768K), 6 survivors (6144K)
 Metaspace       used 107444K, capacity 110228K, committed 110500K, reserved 1144832K
  class space    used 13568K, capacity 14600K, committed 14720K, reserved 1048576K
}
Event: 393.052 GC heap after
{Heap after GC invocations=94 (full 0):
 garbage-first heap   total 451584K, used 180736K [0x0000000080000000, 0x0000000100000000)
  region size 1024K, 4 young (4096K), 4 survivors (4096K)
 Metaspace       used 107444K, capacity 110228K, committed 110500K, reserved 1144832K
  class space    used 13568K, capacity 14600K, committed 14720K, reserved 1048576K
}
Event: 393.088 GC heap before
{Heap before GC invocations=94 (full 0):
 garbage-first heap   total 451584K, used 180736K [0x0000000080000000, 0x0000000100000000)
  region size 1024K, 5 young (5120K), 4 survivors (4096K)
 Metaspace       used 107444K, capacity 110228K, committed 110500K, reserved 1144832K
  class space    used 13568K, capacity 14600K, committed 14720K, reserved 1048576K
}
Event: 393.156 GC heap after
{Heap after GC invocations=95 (full 0):
 garbage-first heap   total 451584K, used 181719K [0x0000000080000000, 0x0000000100000000)
  region size 1024K, 1 young (1024K), 1 survivors (1024K)
 Metaspace       used 107444K, capacity 110228K, committed 110500K, reserved 1144832K
  class space    used 13568K, capacity 14600K, committed 14720K, reserved 1048576K
}
Event: 395.557 GC heap before
{Heap before GC invocations=96 (full 0):
 garbage-first heap   total 451584K, used 200151K [0x0000000080000000, 0x0000000100000000)
  region size 1024K, 31 young (31744K), 1 survivors (1024K)
 Metaspace       used 107448K, capacity 110228K, committed 110500K, reserved 1144832K
  class space    used 13568K, capacity 14600K, committed 14720K, reserved 1048576K
}
Event: 395.650 GC heap after
{Heap after GC invocations=97 (full 0):
 garbage-first heap   total 451584K, used 179712K [0x0000000080000000, 0x0000000100000000)
  region size 1024K, 4 young (4096K), 4 survivors (4096K)
 Metaspace       used 107448K, capacity 110228K, committed 110500K, reserved 1144832K
  class space    used 13568K, capacity 14600K, committed 14720K, reserved 1048576K
}
Event: 396.086 GC heap before
{Heap before GC invocations=97 (full 0):
 garbage-first heap   total 451584K, used 208384K [0x0000000080000000, 0x0000000100000000)
  region size 1024K, 22 young (22528K), 4 survivors (4096K)
 Metaspace       used 107449K, capacity 110228K, committed 110500K, reserved 1144832K
  class space    used 13568K, capacity 14600K, committed 14720K, reserved 1048576K
}
Event: 396.212 GC heap after
{Heap after GC invocations=98 (full 0):
 garbage-first heap   total 451584K, used 190976K [0x0000000080000000, 0x0000000100000000)
  region size 1024K, 3 young (3072K), 3 survivors (3072K)
 Metaspace       used 107449K, capacity 110228K, committed 110500K, reserved 1144832K
  class space    used 13568K, capacity 14600K, committed 14720K, reserved 1048576K
}
Event: 396.661 GC heap before
{Heap before GC invocations=98 (full 0):
 garbage-first heap   total 451584K, used 195072K [0x0000000080000000, 0x0000000100000000)
  region size 1024K, 9 young (9216K), 3 survivors (3072K)
 Metaspace       used 107449K, capacity 110228K, committed 110500K, reserved 1144832K
  class space    used 13568K, capacity 14600K, committed 14720K, reserved 1048576K
}

