# JRE version: OpenJDK Runtime Environment (11.0.8+10) (build 11.0.8+10-b944.6842174)
# Java VM: OpenJDK 64-Bit Server VM (11.0.8+10-b944.6842174, mixed mode, tiered, compressed oops, g1 gc, windows-amd64)
Heap:
 garbage-first heap   total 363520K, used 166400K [0x0000000080000000, 0x0000000100000000)
  region size 1024K, 3 young (3072K), 3 survivors (3072K)
 Metaspace       used 107601K, capacity 110292K, committed 110372K, reserved 1144832K
  class space    used 13588K, capacity 14571K, committed 14592K, reserved 1048576K
GC Heap History (20 events):
Event: 333.415 GC heap after
{Heap after GC invocations=57 (full 0):
 garbage-first heap   total 165888K, used 96108K [0x0000000080000000, 0x0000000100000000)
  region size 1024K, 3 young (3072K), 3 survivors (3072K)
 Metaspace       used 106226K, capacity 108982K, committed 109220K, reserved 1144832K
  class space    used 13389K, capacity 14384K, committed 14464K, reserved 1048576K
}
Event: 335.388 GC heap before
{Heap before GC invocations=58 (full 0):
 garbage-first heap   total 165888K, used 140140K [0x0000000080000000, 0x0000000100000000)
  region size 1024K, 43 young (44032K), 3 survivors (3072K)
 Metaspace       used 106454K, capacity 109100K, committed 109220K, reserved 1144832K
  class space    used 13415K, capacity 14392K, committed 14464K, reserved 1048576K
}
Event: 335.411 GC heap after
{Heap after GC invocations=59 (full 0):
 garbage-first heap   total 165888K, used 101831K [0x0000000080000000, 0x0000000100000000)
  region size 1024K, 3 young (3072K), 3 survivors (3072K)
 Metaspace       used 106454K, capacity 109100K, committed 109220K, reserved 1144832K
  class space    used 13415K, capacity 14392K, committed 14464K, reserved 1048576K
}
Event: 335.728 GC heap before
{Heap before GC invocations=59 (full 0):
 garbage-first heap   total 165888K, used 125383K [0x0000000080000000, 0x0000000100000000)
  region size 1024K, 8 young (8192K), 3 survivors (3072K)
 Metaspace       used 106663K, capacity 109398K, committed 109476K, reserved 1144832K
  class space    used 13437K, capacity 14427K, committed 14464K, reserved 1048576K
}
Event: 335.762 GC heap after
{Heap after GC invocations=60 (full 0):
 garbage-first heap   total 165888K, used 104734K [0x0000000080000000, 0x0000000100000000)
  region size 1024K, 1 young (1024K), 1 survivors (1024K)
 Metaspace       used 106663K, capacity 109398K, committed 109476K, reserved 1144832K
  class space    used 13437K, capacity 14427K, committed 14464K, reserved 1048576K
}
Event: 335.940 GC heap before
{Heap before GC invocations=60 (full 0):
 garbage-first heap   total 165888K, used 115998K [0x0000000080000000, 0x0000000100000000)
  region size 1024K, 13 young (13312K), 1 survivors (1024K)
 Metaspace       used 106663K, capacity 109398K, committed 109476K, reserved 1144832K
  class space    used 13437K, capacity 14427K, committed 14464K, reserved 1048576K
}
Event: 335.980 GC heap after
{Heap after GC invocations=61 (full 0):
 garbage-first heap   total 165888K, used 110280K [0x0000000080000000, 0x0000000100000000)
  region size 1024K, 5 young (5120K), 5 survivors (5120K)
 Metaspace       used 106663K, capacity 109398K, committed 109476K, reserved 1144832K
  class space    used 13437K, capacity 14427K, committed 14464K, reserved 1048576K
}
Event: 336.848 GC heap before
{Heap before GC invocations=62 (full 0):
 garbage-first heap   total 165888K, used 134856K [0x0000000080000000, 0x0000000100000000)
  region size 1024K, 26 young (26624K), 5 survivors (5120K)
 Metaspace       used 106710K, capacity 109463K, committed 109732K, reserved 1144832K
  class space    used 13437K, capacity 14427K, committed 14464K, reserved 1048576K
}
Event: 336.964 GC heap after
{Heap after GC invocations=63 (full 0):
 garbage-first heap   total 165888K, used 121168K [0x0000000080000000, 0x0000000100000000)
  region size 1024K, 4 young (4096K), 4 survivors (4096K)
 Metaspace       used 106710K, capacity 109463K, committed 109732K, reserved 1144832K
  class space    used 13437K, capacity 14427K, committed 14464K, reserved 1048576K
}
Event: 337.064 GC heap before
{Heap before GC invocations=63 (full 0):
 garbage-first heap   total 165888K, used 125264K [0x0000000080000000, 0x0000000100000000)
  region size 1024K, 8 young (8192K), 4 survivors (4096K)
 Metaspace       used 106710K, capacity 109463K, committed 109732K, reserved 1144832K
  class space    used 13437K, capacity 14427K, committed 14464K, reserved 1048576K
}
Event: 337.121 GC heap after
{Heap after GC invocations=64 (full 0):
 garbage-first heap   total 165888K, used 119808K [0x0000000080000000, 0x0000000100000000)
  region size 1024K, 1 young (1024K), 1 survivors (1024K)
 Metaspace       used 106710K, capacity 109463K, committed 109732K, reserved 1144832K
  class space    used 13437K, capacity 14427K, committed 14464K, reserved 1048576K
}
Event: 338.238 GC heap before
{Heap before GC invocations=64 (full 0):
 garbage-first heap   total 165888K, used 135168K [0x0000000080000000, 0x0000000100000000)
  region size 1024K, 16 young (16384K), 1 survivors (1024K)
 Metaspace       used 107546K, capacity 110225K, committed 110372K, reserved 1144832K
  class space    used 13587K, capacity 14571K, committed 14592K, reserved 1048576K
}
Event: 338.309 GC heap after
{Heap after GC invocations=65 (full 0):
 garbage-first heap   total 211968K, used 128000K [0x0000000080000000, 0x0000000100000000)
  region size 1024K, 2 young (2048K), 2 survivors (2048K)
 Metaspace       used 107546K, capacity 110225K, committed 110372K, reserved 1144832K
  class space    used 13587K, capacity 14571K, committed 14592K, reserved 1048576K
}
Event: 339.878 GC heap before
{Heap before GC invocations=66 (full 0):
 garbage-first heap   total 211968K, used 154624K [0x0000000080000000, 0x0000000100000000)
  region size 1024K, 29 young (29696K), 2 survivors (2048K)
 Metaspace       used 107572K, capacity 110291K, committed 110372K, reserved 1144832K
  class space    used 13588K, capacity 14571K, committed 14592K, reserved 1048576K
}
Event: 339.995 GC heap after
{Heap after GC invocations=67 (full 0):
 garbage-first heap   total 211968K, used 144128K [0x0000000080000000, 0x0000000100000000)
  region size 1024K, 4 young (4096K), 4 survivors (4096K)
 Metaspace       used 107572K, capacity 110291K, committed 110372K, reserved 1144832K
  class space    used 13588K, capacity 14571K, committed 14592K, reserved 1048576K
}
Event: 340.534 GC heap before
{Heap before GC invocations=67 (full 0):
 garbage-first heap   total 211968K, used 150272K [0x0000000080000000, 0x0000000100000000)
  region size 1024K, 10 young (10240K), 4 survivors (4096K)
 Metaspace       used 107599K, capacity 110292K, committed 110372K, reserved 1144832K
  class space    used 13588K, capacity 14571K, committed 14592K, reserved 1048576K
}
Event: 340.631 GC heap after
{Heap after GC invocations=68 (full 0):
 garbage-first heap   total 211968K, used 147456K [0x0000000080000000, 0x0000000100000000)
  region size 1024K, 2 young (2048K), 2 survivors (2048K)
 Metaspace       used 107599K, capacity 110292K, committed 110372K, reserved 1144832K
  class space    used 13588K, capacity 14571K, committed 14592K, reserved 1048576K
}
Event: 341.148 GC heap before
{Heap before GC invocations=68 (full 0):
 garbage-first heap   total 211968K, used 159744K [0x0000000080000000, 0x0000000100000000)
  region size 1024K, 15 young (15360K), 2 survivors (2048K)
 Metaspace       used 107600K, capacity 110292K, committed 110372K, reserved 1144832K
  class space    used 13588K, capacity 14571K, committed 14592K, reserved 1048576K
}
Event: 341.214 GC heap after
{Heap after GC invocations=69 (full 0):
 garbage-first heap   total 211968K, used 155648K [0x0000000080000000, 0x0000000100000000)
  region size 1024K, 3 young (3072K), 3 survivors (3072K)
 Metaspace       used 107600K, capacity 110292K, committed 110372K, reserved 1144832K
  class space    used 13588K, capacity 14571K, committed 14592K, reserved 1048576K
}
Event: 342.906 GC heap before
{Heap before GC invocations=70 (full 0):
 garbage-first heap   total 211968K, used 172032K [0x0000000080000000, 0x0000000100000000)
  region size 1024K, 17 young (17408K), 3 survivors (3072K)
 Metaspace       used 107601K, capacity 110292K, committed 110372K, reserved 1144832K
  class space    used 13588K, capacity 14571K, committed 14592K, reserved 1048576K
}

