# JRE version: OpenJDK Runtime Environment (11.0.8+10) (build 11.0.8+10-b944.6842174)
# Java VM: OpenJDK 64-Bit Server VM (11.0.8+10-b944.6842174, mixed mode, tiered, compressed oops, g1 gc, windows-amd64)
Heap:
 garbage-first heap   total 347136K, used 142336K [0x0000000080000000, 0x0000000100000000)
  region size 1024K, 2 young (2048K), 2 survivors (2048K)
 Metaspace       used 81702K, capacity 83574K, committed 83876K, reserved 1122304K
  class space    used 10672K, capacity 11334K, committed 11392K, reserved 1048576K
GC Heap History (20 events):
Event: 76.564 GC heap after
{Heap after GC invocations=43 (full 0):
 garbage-first heap   total 138240K, used 75234K [0x0000000080000000, 0x0000000100000000)
  region size 1024K, 2 young (2048K), 2 survivors (2048K)
 Metaspace       used 77252K, capacity 79057K, committed 79268K, reserved 1118208K
  class space    used 9966K, capacity 10601K, committed 10624K, reserved 1048576K
}
Event: 79.085 GC heap before
{Heap before GC invocations=44 (full 0):
 garbage-first heap   total 138240K, used 91618K [0x0000000080000000, 0x0000000100000000)
  region size 1024K, 19 young (19456K), 2 survivors (2048K)
 Metaspace       used 79366K, capacity 81256K, committed 81444K, reserved 1120256K
  class space    used 10273K, capacity 10951K, committed 11008K, reserved 1048576K
}
Event: 79.104 GC heap after
{Heap after GC invocations=45 (full 0):
 garbage-first heap   total 138240K, used 76001K [0x0000000080000000, 0x0000000100000000)
  region size 1024K, 3 young (3072K), 3 survivors (3072K)
 Metaspace       used 79366K, capacity 81256K, committed 81444K, reserved 1120256K
  class space    used 10273K, capacity 10951K, committed 11008K, reserved 1048576K
}
Event: 79.727 GC heap before
{Heap before GC invocations=46 (full 0):
 garbage-first heap   total 138240K, used 107745K [0x0000000080000000, 0x0000000100000000)
  region size 1024K, 18 young (18432K), 3 survivors (3072K)
 Metaspace       used 79670K, capacity 81551K, committed 81700K, reserved 1120256K
  class space    used 10323K, capacity 10985K, committed 11008K, reserved 1048576K
}
Event: 79.788 GC heap after
{Heap after GC invocations=47 (full 0):
 garbage-first heap   total 138240K, used 91268K [0x0000000080000000, 0x0000000100000000)
  region size 1024K, 4 young (4096K), 4 survivors (4096K)
 Metaspace       used 79670K, capacity 81551K, committed 81700K, reserved 1120256K
  class space    used 10323K, capacity 10985K, committed 11008K, reserved 1048576K
}
Event: 80.529 GC heap before
{Heap before GC invocations=48 (full 0):
 garbage-first heap   total 138240K, used 111748K [0x0000000080000000, 0x0000000100000000)
  region size 1024K, 22 young (22528K), 4 survivors (4096K)
 Metaspace       used 79728K, capacity 81616K, committed 81700K, reserved 1120256K
  class space    used 10323K, capacity 10985K, committed 11008K, reserved 1048576K
}
Event: 80.609 GC heap after
{Heap after GC invocations=49 (full 0):
 garbage-first heap   total 138240K, used 100958K [0x0000000080000000, 0x0000000100000000)
  region size 1024K, 3 young (3072K), 3 survivors (3072K)
 Metaspace       used 79728K, capacity 81616K, committed 81700K, reserved 1120256K
  class space    used 10323K, capacity 10985K, committed 11008K, reserved 1048576K
}
Event: 80.628 GC heap before
{Heap before GC invocations=49 (full 0):
 garbage-first heap   total 138240K, used 101982K [0x0000000080000000, 0x0000000100000000)
  region size 1024K, 5 young (5120K), 3 survivors (3072K)
 Metaspace       used 79728K, capacity 81616K, committed 81700K, reserved 1120256K
  class space    used 10323K, capacity 10985K, committed 11008K, reserved 1048576K
}
Event: 80.672 GC heap after
{Heap after GC invocations=50 (full 0):
 garbage-first heap   total 138240K, used 102214K [0x0000000080000000, 0x0000000100000000)
  region size 1024K, 1 young (1024K), 1 survivors (1024K)
 Metaspace       used 79728K, capacity 81616K, committed 81700K, reserved 1120256K
  class space    used 10323K, capacity 10985K, committed 11008K, reserved 1048576K
}
Event: 81.762 GC heap before
{Heap before GC invocations=51 (full 0):
 garbage-first heap   total 138240K, used 110406K [0x0000000080000000, 0x0000000100000000)
  region size 1024K, 9 young (9216K), 1 survivors (1024K)
 Metaspace       used 80102K, capacity 81944K, committed 82084K, reserved 1120256K
  class space    used 10379K, capacity 11031K, committed 11136K, reserved 1048576K
}
Event: 81.800 GC heap after
{Heap after GC invocations=52 (full 0):
 garbage-first heap   total 138240K, used 106496K [0x0000000080000000, 0x0000000100000000)
  region size 1024K, 2 young (2048K), 2 survivors (2048K)
 Metaspace       used 80102K, capacity 81944K, committed 82084K, reserved 1120256K
  class space    used 10379K, capacity 11031K, committed 11136K, reserved 1048576K
}
Event: 82.463 GC heap before
{Heap before GC invocations=52 (full 0):
 garbage-first heap   total 138240K, used 113664K [0x0000000080000000, 0x0000000100000000)
  region size 1024K, 9 young (9216K), 2 survivors (2048K)
 Metaspace       used 81418K, capacity 83318K, committed 83620K, reserved 1122304K
  class space    used 10654K, capacity 11337K, committed 11392K, reserved 1048576K
}
Event: 82.506 GC heap after
{Heap after GC invocations=53 (full 0):
 garbage-first heap   total 185344K, used 109415K [0x0000000080000000, 0x0000000100000000)
  region size 1024K, 2 young (2048K), 2 survivors (2048K)
 Metaspace       used 81418K, capacity 83318K, committed 83620K, reserved 1122304K
  class space    used 10654K, capacity 11337K, committed 11392K, reserved 1048576K
}
Event: 83.896 GC heap before
{Heap before GC invocations=54 (full 0):
 garbage-first heap   total 185344K, used 128871K [0x0000000080000000, 0x0000000100000000)
  region size 1024K, 22 young (22528K), 2 survivors (2048K)
 Metaspace       used 81635K, capacity 83523K, committed 83620K, reserved 1122304K
  class space    used 10675K, capacity 11340K, committed 11392K, reserved 1048576K
}
Event: 83.993 GC heap after
{Heap after GC invocations=55 (full 0):
 garbage-first heap   total 185344K, used 120896K [0x0000000080000000, 0x0000000100000000)
  region size 1024K, 3 young (3072K), 3 survivors (3072K)
 Metaspace       used 81635K, capacity 83523K, committed 83620K, reserved 1122304K
  class space    used 10675K, capacity 11340K, committed 11392K, reserved 1048576K
}
Event: 84.617 GC heap before
{Heap before GC invocations=55 (full 0):
 garbage-first heap   total 185344K, used 136256K [0x0000000080000000, 0x0000000100000000)
  region size 1024K, 19 young (19456K), 3 survivors (3072K)
 Metaspace       used 81706K, capacity 83589K, committed 83876K, reserved 1122304K
  class space    used 10675K, capacity 11340K, committed 11392K, reserved 1048576K
}
Event: 84.717 GC heap after
{Heap after GC invocations=56 (full 0):
 garbage-first heap   total 185344K, used 131072K [0x0000000080000000, 0x0000000100000000)
  region size 1024K, 3 young (3072K), 3 survivors (3072K)
 Metaspace       used 81706K, capacity 83589K, committed 83876K, reserved 1122304K
  class space    used 10675K, capacity 11340K, committed 11392K, reserved 1048576K
}
Event: 86.260 GC heap before
{Heap before GC invocations=57 (full 0):
 garbage-first heap   total 185344K, used 144384K [0x0000000080000000, 0x0000000100000000)
  region size 1024K, 16 young (16384K), 3 survivors (3072K)
 Metaspace       used 81702K, capacity 83574K, committed 83876K, reserved 1122304K
  class space    used 10672K, capacity 11334K, committed 11392K, reserved 1048576K
}
Event: 86.329 GC heap after
{Heap after GC invocations=58 (full 0):
 garbage-first heap   total 185344K, used 139264K [0x0000000080000000, 0x0000000100000000)
  region size 1024K, 2 young (2048K), 2 survivors (2048K)
 Metaspace       used 81702K, capacity 83574K, committed 83876K, reserved 1122304K
  class space    used 10672K, capacity 11334K, committed 11392K, reserved 1048576K
}
Event: 86.416 GC heap before
{Heap before GC invocations=58 (full 0):
 garbage-first heap   total 185344K, used 143360K [0x0000000080000000, 0x0000000100000000)
  region size 1024K, 7 young (7168K), 2 survivors (2048K)
 Metaspace       used 81702K, capacity 83574K, committed 83876K, reserved 1122304K
  class space    used 10672K, capacity 11334K, committed 11392K, reserved 1048576K
}

