# JRE version: OpenJDK Runtime Environment (11.0.8+10) (build 11.0.8+10-b944.6842174)
# Java VM: OpenJDK 64-Bit Server VM (11.0.8+10-b944.6842174, mixed mode, tiered, compressed oops, g1 gc, windows-amd64)
Heap:
 garbage-first heap   total 350208K, used 177664K [0x0000000080000000, 0x0000000100000000)
  region size 1024K, 2 young (2048K), 2 survivors (2048K)
 Metaspace       used 106553K, capacity 109000K, committed 109184K, reserved 1144832K
  class space    used 13454K, capacity 14373K, committed 14464K, reserved 1048576K
GC Heap History (20 events):
Event: 198.559 GC heap before
{Heap before GC invocations=83 (full 0):
 garbage-first heap   total 176128K, used 144820K [0x0000000080000000, 0x0000000100000000)
  region size 1024K, 29 young (29696K), 5 survivors (5120K)
 Metaspace       used 103008K, capacity 105339K, committed 105600K, reserved 1140736K
  class space    used 13004K, capacity 13849K, committed 13952K, reserved 1048576K
}
Event: 198.590 GC heap after
{Heap after GC invocations=84 (full 0):
 garbage-first heap   total 176128K, used 121290K [0x0000000080000000, 0x0000000100000000)
  region size 1024K, 1 young (1024K), 1 survivors (1024K)
 Metaspace       used 103008K, capacity 105339K, committed 105600K, reserved 1140736K
  class space    used 13004K, capacity 13849K, committed 13952K, reserved 1048576K
}
Event: 200.153 GC heap before
{Heap before GC invocations=84 (full 0):
 garbage-first heap   total 176128K, used 145866K [0x0000000080000000, 0x0000000100000000)
  region size 1024K, 25 young (25600K), 1 survivors (1024K)
 Metaspace       used 103533K, capacity 105823K, committed 106112K, reserved 1140736K
  class space    used 13009K, capacity 13853K, committed 13952K, reserved 1048576K
}
Event: 200.162 GC heap after
{Heap after GC invocations=85 (full 0):
 garbage-first heap   total 176128K, used 121040K [0x0000000080000000, 0x0000000100000000)
  region size 1024K, 1 young (1024K), 1 survivors (1024K)
 Metaspace       used 103533K, capacity 105823K, committed 106112K, reserved 1140736K
  class space    used 13009K, capacity 13853K, committed 13952K, reserved 1048576K
}
Event: 202.883 GC heap before
{Heap before GC invocations=85 (full 0):
 garbage-first heap   total 176128K, used 154832K [0x0000000080000000, 0x0000000100000000)
  region size 1024K, 23 young (23552K), 1 survivors (1024K)
 Metaspace       used 105454K, capacity 107865K, committed 108160K, reserved 1142784K
  class space    used 13239K, capacity 14127K, committed 14208K, reserved 1048576K
}
Event: 202.902 GC heap after
{Heap after GC invocations=86 (full 0):
 garbage-first heap   total 176128K, used 129715K [0x0000000080000000, 0x0000000100000000)
  region size 1024K, 2 young (2048K), 2 survivors (2048K)
 Metaspace       used 105454K, capacity 107865K, committed 108160K, reserved 1142784K
  class space    used 13239K, capacity 14127K, committed 14208K, reserved 1048576K
}
Event: 203.884 GC heap before
{Heap before GC invocations=87 (full 0):
 garbage-first heap   total 176128K, used 162483K [0x0000000080000000, 0x0000000100000000)
  region size 1024K, 22 young (22528K), 2 survivors (2048K)
 Metaspace       used 105497K, capacity 107934K, committed 108160K, reserved 1142784K
  class space    used 13243K, capacity 14128K, committed 14208K, reserved 1048576K
}
Event: 203.935 GC heap after
{Heap after GC invocations=88 (full 0):
 garbage-first heap   total 176128K, used 140288K [0x0000000080000000, 0x0000000100000000)
  region size 1024K, 3 young (3072K), 3 survivors (3072K)
 Metaspace       used 105497K, capacity 107934K, committed 108160K, reserved 1142784K
  class space    used 13243K, capacity 14128K, committed 14208K, reserved 1048576K
}
Event: 203.984 GC heap before
{Heap before GC invocations=88 (full 0):
 garbage-first heap   total 176128K, used 144384K [0x0000000080000000, 0x0000000100000000)
  region size 1024K, 8 young (8192K), 3 survivors (3072K)
 Metaspace       used 105497K, capacity 107934K, committed 108160K, reserved 1142784K
  class space    used 13243K, capacity 14128K, committed 14208K, reserved 1048576K
}
Event: 204.039 GC heap after
{Heap after GC invocations=89 (full 0):
 garbage-first heap   total 176128K, used 125568K [0x0000000080000000, 0x0000000100000000)
  region size 1024K, 1 young (1024K), 1 survivors (1024K)
 Metaspace       used 105497K, capacity 107934K, committed 108160K, reserved 1142784K
  class space    used 13243K, capacity 14128K, committed 14208K, reserved 1048576K
}
Event: 204.092 GC heap before
{Heap before GC invocations=89 (full 0):
 garbage-first heap   total 176128K, used 132736K [0x0000000080000000, 0x0000000100000000)
  region size 1024K, 8 young (8192K), 1 survivors (1024K)
 Metaspace       used 105497K, capacity 107934K, committed 108160K, reserved 1142784K
  class space    used 13243K, capacity 14128K, committed 14208K, reserved 1048576K
}
Event: 204.150 GC heap after
{Heap after GC invocations=90 (full 0):
 garbage-first heap   total 176128K, used 127488K [0x0000000080000000, 0x0000000100000000)
  region size 1024K, 1 young (1024K), 1 survivors (1024K)
 Metaspace       used 105497K, capacity 107934K, committed 108160K, reserved 1142784K
  class space    used 13243K, capacity 14128K, committed 14208K, reserved 1048576K
}
Event: 204.835 GC heap before
{Heap before GC invocations=90 (full 0):
 garbage-first heap   total 176128K, used 144896K [0x0000000080000000, 0x0000000100000000)
  region size 1024K, 17 young (17408K), 1 survivors (1024K)
 Metaspace       used 106486K, capacity 108934K, committed 109184K, reserved 1144832K
  class space    used 13454K, capacity 14373K, committed 14464K, reserved 1048576K
}
Event: 204.901 GC heap after
{Heap after GC invocations=91 (full 0):
 garbage-first heap   total 176128K, used 135913K [0x0000000080000000, 0x0000000100000000)
  region size 1024K, 3 young (3072K), 3 survivors (3072K)
 Metaspace       used 106486K, capacity 108934K, committed 109184K, reserved 1144832K
  class space    used 13454K, capacity 14373K, committed 14464K, reserved 1048576K
}
Event: 205.237 GC heap before
{Heap before GC invocations=91 (full 0):
 garbage-first heap   total 176128K, used 146153K [0x0000000080000000, 0x0000000100000000)
  region size 1024K, 13 young (13312K), 3 survivors (3072K)
 Metaspace       used 106516K, capacity 108998K, committed 109184K, reserved 1144832K
  class space    used 13454K, capacity 14373K, committed 14464K, reserved 1048576K
}
Event: 205.307 GC heap after
{Heap after GC invocations=92 (full 0):
 garbage-first heap   total 211968K, used 142315K [0x0000000080000000, 0x0000000100000000)
  region size 1024K, 2 young (2048K), 2 survivors (2048K)
 Metaspace       used 106516K, capacity 108998K, committed 109184K, reserved 1144832K
  class space    used 13454K, capacity 14373K, committed 14464K, reserved 1048576K
}
Event: 205.938 GC heap before
{Heap before GC invocations=92 (full 0):
 garbage-first heap   total 211968K, used 161771K [0x0000000080000000, 0x0000000100000000)
  region size 1024K, 22 young (22528K), 2 survivors (2048K)
 Metaspace       used 106541K, capacity 108999K, committed 109184K, reserved 1144832K
  class space    used 13454K, capacity 14373K, committed 14464K, reserved 1048576K
}
Event: 206.004 GC heap after
{Heap after GC invocations=93 (full 0):
 garbage-first heap   total 211968K, used 154112K [0x0000000080000000, 0x0000000100000000)
  region size 1024K, 3 young (3072K), 3 survivors (3072K)
 Metaspace       used 106541K, capacity 108999K, committed 109184K, reserved 1144832K
  class space    used 13454K, capacity 14373K, committed 14464K, reserved 1048576K
}
Event: 206.338 GC heap before
{Heap before GC invocations=93 (full 0):
 garbage-first heap   total 211968K, used 169472K [0x0000000080000000, 0x0000000100000000)
  region size 1024K, 18 young (18432K), 3 survivors (3072K)
 Metaspace       used 106550K, capacity 109000K, committed 109184K, reserved 1144832K
  class space    used 13454K, capacity 14373K, committed 14464K, reserved 1048576K
}
Event: 206.427 GC heap after
{Heap after GC invocations=94 (full 0):
 garbage-first heap   total 211968K, used 163328K [0x0000000080000000, 0x0000000100000000)
  region size 1024K, 3 young (3072K), 3 survivors (3072K)
 Metaspace       used 106550K, capacity 109000K, committed 109184K, reserved 1144832K
  class space    used 13454K, capacity 14373K, committed 14464K, reserved 1048576K
}

