# JRE version: OpenJDK Runtime Environment (11.0.8+10) (build 11.0.8+10-b944.6842174)
# Java VM: OpenJDK 64-Bit Server VM (11.0.8+10-b944.6842174, mixed mode, tiered, compressed oops, g1 gc, windows-amd64)
Heap:
 garbage-first heap   total 262144K, used 167936K [0x0000000080000000, 0x0000000100000000)
  region size 1024K, 2 young (2048K), 2 survivors (2048K)
 Metaspace       used 105755K, capacity 108245K, committed 108412K, reserved 1142784K
  class space    used 13309K, capacity 14245K, committed 14336K, reserved 1048576K
GC Heap History (20 events):
Event: 421.788 GC heap after
{Heap after GC invocations=119 (full 0):
 garbage-first heap   total 165888K, used 116332K [0x0000000080000000, 0x0000000100000000)
  region size 1024K, 1 young (1024K), 1 survivors (1024K)
 Metaspace       used 103603K, capacity 106014K, committed 106236K, reserved 1142784K
  class space    used 13051K, capacity 13916K, committed 13952K, reserved 1048576K
}
Event: 424.718 GC heap before
{Heap before GC invocations=119 (full 0):
 garbage-first heap   total 165888K, used 137836K [0x0000000080000000, 0x0000000100000000)
  region size 1024K, 20 young (20480K), 1 survivors (1024K)
 Metaspace       used 104558K, capacity 107053K, committed 107132K, reserved 1142784K
  class space    used 13146K, capacity 14052K, committed 14080K, reserved 1048576K
}
Event: 424.730 GC heap after
{Heap after GC invocations=120 (full 0):
 garbage-first heap   total 165888K, used 117608K [0x0000000080000000, 0x0000000100000000)
  region size 1024K, 2 young (2048K), 2 survivors (2048K)
 Metaspace       used 104558K, capacity 107053K, committed 107132K, reserved 1142784K
  class space    used 13146K, capacity 14052K, committed 14080K, reserved 1048576K
}
Event: 430.897 GC heap before
{Heap before GC invocations=120 (full 0):
 garbage-first heap   total 165888K, used 133992K [0x0000000080000000, 0x0000000100000000)
  region size 1024K, 10 young (10240K), 2 survivors (2048K)
 Metaspace       used 105010K, capacity 107541K, committed 107772K, reserved 1142784K
  class space    used 13196K, capacity 14123K, committed 14208K, reserved 1048576K
}
Event: 430.914 GC heap after
{Heap after GC invocations=121 (full 0):
 garbage-first heap   total 165888K, used 125287K [0x0000000080000000, 0x0000000100000000)
  region size 1024K, 2 young (2048K), 2 survivors (2048K)
 Metaspace       used 105010K, capacity 107541K, committed 107772K, reserved 1142784K
  class space    used 13196K, capacity 14123K, committed 14208K, reserved 1048576K
}
Event: 431.876 GC heap before
{Heap before GC invocations=122 (full 0):
 garbage-first heap   total 165888K, used 158055K [0x0000000080000000, 0x0000000100000000)
  region size 1024K, 18 young (18432K), 2 survivors (2048K)
 Metaspace       used 105040K, capacity 107485K, committed 107772K, reserved 1142784K
  class space    used 13188K, capacity 14102K, committed 14208K, reserved 1048576K
}
Event: 431.943 GC heap after
{Heap after GC invocations=123 (full 0):
 garbage-first heap   total 167936K, used 140188K [0x0000000080000000, 0x0000000100000000)
  region size 1024K, 3 young (3072K), 3 survivors (3072K)
 Metaspace       used 105040K, capacity 107485K, committed 107772K, reserved 1142784K
  class space    used 13188K, capacity 14102K, committed 14208K, reserved 1048576K
}
Event: 432.117 GC heap before
{Heap before GC invocations=123 (full 0):
 garbage-first heap   total 167936K, used 146332K [0x0000000080000000, 0x0000000100000000)
  region size 1024K, 8 young (8192K), 3 survivors (3072K)
 Metaspace       used 105041K, capacity 107486K, committed 107772K, reserved 1142784K
  class space    used 13188K, capacity 14102K, committed 14208K, reserved 1048576K
}
Event: 432.174 GC heap after
{Heap after GC invocations=124 (full 0):
 garbage-first heap   total 167936K, used 125753K [0x0000000080000000, 0x0000000100000000)
  region size 1024K, 1 young (1024K), 1 survivors (1024K)
 Metaspace       used 105041K, capacity 107486K, committed 107772K, reserved 1142784K
  class space    used 13188K, capacity 14102K, committed 14208K, reserved 1048576K
}
Event: 432.555 GC heap before
{Heap before GC invocations=124 (full 0):
 garbage-first heap   total 167936K, used 140089K [0x0000000080000000, 0x0000000100000000)
  region size 1024K, 15 young (15360K), 1 survivors (1024K)
 Metaspace       used 105041K, capacity 107486K, committed 107772K, reserved 1142784K
  class space    used 13188K, capacity 14102K, committed 14208K, reserved 1048576K
}
Event: 432.616 GC heap after
{Heap after GC invocations=125 (full 0):
 garbage-first heap   total 167936K, used 133632K [0x0000000080000000, 0x0000000100000000)
  region size 1024K, 2 young (2048K), 2 survivors (2048K)
 Metaspace       used 105041K, capacity 107486K, committed 107772K, reserved 1142784K
  class space    used 13188K, capacity 14102K, committed 14208K, reserved 1048576K
}
Event: 433.639 GC heap before
{Heap before GC invocations=125 (full 0):
 garbage-first heap   total 167936K, used 141824K [0x0000000080000000, 0x0000000100000000)
  region size 1024K, 10 young (10240K), 2 survivors (2048K)
 Metaspace       used 105576K, capacity 108111K, committed 108412K, reserved 1142784K
  class space    used 13310K, capacity 14246K, committed 14336K, reserved 1048576K
}
Event: 433.692 GC heap after
{Heap after GC invocations=126 (full 0):
 garbage-first heap   total 203776K, used 136960K [0x0000000080000000, 0x0000000100000000)
  region size 1024K, 2 young (2048K), 2 survivors (2048K)
 Metaspace       used 105576K, capacity 108111K, committed 108412K, reserved 1142784K
  class space    used 13310K, capacity 14246K, committed 14336K, reserved 1048576K
}
Event: 435.595 GC heap before
{Heap before GC invocations=126 (full 0):
 garbage-first heap   total 203776K, used 156416K [0x0000000080000000, 0x0000000100000000)
  region size 1024K, 21 young (21504K), 2 survivors (2048K)
 Metaspace       used 105691K, capacity 108182K, committed 108412K, reserved 1142784K
  class space    used 13310K, capacity 14246K, committed 14336K, reserved 1048576K
}
Event: 435.675 GC heap after
{Heap after GC invocations=127 (full 0):
 garbage-first heap   total 203776K, used 148814K [0x0000000080000000, 0x0000000100000000)
  region size 1024K, 3 young (3072K), 3 survivors (3072K)
 Metaspace       used 105691K, capacity 108182K, committed 108412K, reserved 1142784K
  class space    used 13310K, capacity 14246K, committed 14336K, reserved 1048576K
}
Event: 436.512 GC heap before
{Heap before GC invocations=127 (full 0):
 garbage-first heap   total 203776K, used 163150K [0x0000000080000000, 0x0000000100000000)
  region size 1024K, 17 young (17408K), 3 survivors (3072K)
 Metaspace       used 105753K, capacity 108248K, committed 108412K, reserved 1142784K
  class space    used 13310K, capacity 14246K, committed 14336K, reserved 1048576K
}
Event: 436.601 GC heap after
{Heap after GC invocations=128 (full 0):
 garbage-first heap   total 203776K, used 157184K [0x0000000080000000, 0x0000000100000000)
  region size 1024K, 3 young (3072K), 3 survivors (3072K)
 Metaspace       used 105753K, capacity 108248K, committed 108412K, reserved 1142784K
  class space    used 13310K, capacity 14246K, committed 14336K, reserved 1048576K
}
Event: 437.020 GC heap before
{Heap before GC invocations=128 (full 0):
 garbage-first heap   total 203776K, used 168448K [0x0000000080000000, 0x0000000100000000)
  region size 1024K, 14 young (14336K), 3 survivors (3072K)
 Metaspace       used 105757K, capacity 108248K, committed 108412K, reserved 1142784K
  class space    used 13310K, capacity 14246K, committed 14336K, reserved 1048576K
}
Event: 437.076 GC heap after
{Heap after GC invocations=129 (full 0):
 garbage-first heap   total 203776K, used 163840K [0x0000000080000000, 0x0000000100000000)
  region size 1024K, 2 young (2048K), 2 survivors (2048K)
 Metaspace       used 105757K, capacity 108248K, committed 108412K, reserved 1142784K
  class space    used 13310K, capacity 14246K, committed 14336K, reserved 1048576K
}
Event: 438.666 GC heap before
{Heap before GC invocations=130 (full 0):
 garbage-first heap   total 203776K, used 169984K [0x0000000080000000, 0x0000000100000000)
  region size 1024K, 10 young (10240K), 2 survivors (2048K)
 Metaspace       used 105755K, capacity 108245K, committed 108412K, reserved 1142784K
  class space    used 13309K, capacity 14245K, committed 14336K, reserved 1048576K
}

