# JRE version: OpenJDK Runtime Environment (11.0.8+10) (build 11.0.8+10-b944.6842174)
# Java VM: OpenJDK 64-Bit Server VM (11.0.8+10-b944.6842174, mixed mode, tiered, compressed oops, g1 gc, windows-amd64)
Heap:
 garbage-first heap   total 441344K, used 380846K [0x0000000080000000, 0x0000000100000000)
  region size 1024K, 53 young (54272K), 2 survivors (2048K)
 Metaspace       used 113667K, capacity 116456K, committed 116732K, reserved 1150976K
  class space    used 13849K, capacity 14862K, committed 14976K, reserved 1048576K
GC Heap History (20 events):
Event: 877.590 GC heap before
{Heap before GC invocations=221 (full 0):
 garbage-first heap   total 441344K, used 367881K [0x0000000080000000, 0x0000000100000000)
  region size 1024K, 65 young (66560K), 5 survivors (5120K)
 Metaspace       used 113529K, capacity 116244K, committed 116348K, reserved 1150976K
  class space    used 13831K, capacity 14836K, committed 14848K, reserved 1048576K
}
Event: 877.621 GC heap after
{Heap after GC invocations=222 (full 0):
 garbage-first heap   total 441344K, used 307389K [0x0000000080000000, 0x0000000100000000)
  region size 1024K, 6 young (6144K), 6 survivors (6144K)
 Metaspace       used 113529K, capacity 116244K, committed 116348K, reserved 1150976K
  class space    used 13831K, capacity 14836K, committed 14848K, reserved 1048576K
}
Event: 886.000 GC heap before
{Heap before GC invocations=222 (full 0):
 garbage-first heap   total 441344K, used 379069K [0x0000000080000000, 0x0000000100000000)
  region size 1024K, 68 young (69632K), 6 survivors (6144K)
 Metaspace       used 113584K, capacity 116366K, committed 116732K, reserved 1150976K
  class space    used 13842K, capacity 14855K, committed 14976K, reserved 1048576K
}
Event: 886.037 GC heap after
{Heap after GC invocations=223 (full 0):
 garbage-first heap   total 441344K, used 309512K [0x0000000080000000, 0x0000000100000000)
  region size 1024K, 7 young (7168K), 7 survivors (7168K)
 Metaspace       used 113584K, capacity 116366K, committed 116732K, reserved 1150976K
  class space    used 13842K, capacity 14855K, committed 14976K, reserved 1048576K
}
Event: 906.138 GC heap before
{Heap before GC invocations=223 (full 0):
 garbage-first heap   total 441344K, used 379144K [0x0000000080000000, 0x0000000100000000)
  region size 1024K, 69 young (70656K), 7 survivors (7168K)
 Metaspace       used 113599K, capacity 116369K, committed 116732K, reserved 1150976K
  class space    used 13843K, capacity 14856K, committed 14976K, reserved 1048576K
}
Event: 906.185 GC heap after
{Heap after GC invocations=224 (full 0):
 garbage-first heap   total 441344K, used 312831K [0x0000000080000000, 0x0000000100000000)
  region size 1024K, 8 young (8192K), 8 survivors (8192K)
 Metaspace       used 113599K, capacity 116369K, committed 116732K, reserved 1150976K
  class space    used 13843K, capacity 14856K, committed 14976K, reserved 1048576K
}
Event: 908.289 GC heap before
{Heap before GC invocations=224 (full 0):
 garbage-first heap   total 441344K, used 383487K [0x0000000080000000, 0x0000000100000000)
  region size 1024K, 69 young (70656K), 8 survivors (8192K)
 Metaspace       used 113618K, capacity 116372K, committed 116732K, reserved 1150976K
  class space    used 13843K, capacity 14856K, committed 14976K, reserved 1048576K
}
Event: 908.338 GC heap after
{Heap after GC invocations=225 (full 0):
 garbage-first heap   total 441344K, used 313033K [0x0000000080000000, 0x0000000100000000)
  region size 1024K, 6 young (6144K), 6 survivors (6144K)
 Metaspace       used 113618K, capacity 116372K, committed 116732K, reserved 1150976K
  class space    used 13843K, capacity 14856K, committed 14976K, reserved 1048576K
}
Event: 911.982 GC heap before
{Heap before GC invocations=225 (full 0):
 garbage-first heap   total 441344K, used 383689K [0x0000000080000000, 0x0000000100000000)
  region size 1024K, 67 young (68608K), 6 survivors (6144K)
 Metaspace       used 113622K, capacity 116372K, committed 116732K, reserved 1150976K
  class space    used 13843K, capacity 14856K, committed 14976K, reserved 1048576K
}
Event: 912.003 GC heap after
{Heap after GC invocations=226 (full 0):
 garbage-first heap   total 441344K, used 313556K [0x0000000080000000, 0x0000000100000000)
  region size 1024K, 5 young (5120K), 5 survivors (5120K)
 Metaspace       used 113622K, capacity 116372K, committed 116732K, reserved 1150976K
  class space    used 13843K, capacity 14856K, committed 14976K, reserved 1048576K
}
Event: 915.847 GC heap before
{Heap before GC invocations=226 (full 0):
 garbage-first heap   total 441344K, used 380116K [0x0000000080000000, 0x0000000100000000)
  region size 1024K, 66 young (67584K), 5 survivors (5120K)
 Metaspace       used 113646K, capacity 116383K, committed 116732K, reserved 1150976K
  class space    used 13847K, capacity 14859K, committed 14976K, reserved 1048576K
}
Event: 915.886 GC heap after
{Heap after GC invocations=227 (full 0):
 garbage-first heap   total 441344K, used 321981K [0x0000000080000000, 0x0000000100000000)
  region size 1024K, 9 young (9216K), 9 survivors (9216K)
 Metaspace       used 113646K, capacity 116383K, committed 116732K, reserved 1150976K
  class space    used 13847K, capacity 14859K, committed 14976K, reserved 1048576K
}
Event: 917.003 GC heap before
{Heap before GC invocations=227 (full 0):
 garbage-first heap   total 441344K, used 375229K [0x0000000080000000, 0x0000000100000000)
  region size 1024K, 61 young (62464K), 9 survivors (9216K)
 Metaspace       used 113649K, capacity 116383K, committed 116732K, reserved 1150976K
  class space    used 13847K, capacity 14859K, committed 14976K, reserved 1048576K
}
Event: 917.072 GC heap after
{Heap after GC invocations=228 (full 0):
 garbage-first heap   total 441344K, used 327331K [0x0000000080000000, 0x0000000100000000)
  region size 1024K, 8 young (8192K), 8 survivors (8192K)
 Metaspace       used 113649K, capacity 116383K, committed 116732K, reserved 1150976K
  class space    used 13847K, capacity 14859K, committed 14976K, reserved 1048576K
}
Event: 919.202 GC heap before
{Heap before GC invocations=228 (full 0):
 garbage-first heap   total 441344K, used 375459K [0x0000000080000000, 0x0000000100000000)
  region size 1024K, 55 young (56320K), 8 survivors (8192K)
 Metaspace       used 113661K, capacity 116392K, committed 116732K, reserved 1150976K
  class space    used 13849K, capacity 14862K, committed 14976K, reserved 1048576K
}
Event: 919.239 GC heap after
{Heap after GC invocations=229 (full 0):
 garbage-first heap   total 441344K, used 328704K [0x0000000080000000, 0x0000000100000000)
  region size 1024K, 1 young (1024K), 1 survivors (1024K)
 Metaspace       used 113661K, capacity 116392K, committed 116732K, reserved 1150976K
  class space    used 13849K, capacity 14862K, committed 14976K, reserved 1048576K
}
Event: 920.771 GC heap before
{Heap before GC invocations=229 (full 0):
 garbage-first heap   total 441344K, used 378880K [0x0000000080000000, 0x0000000100000000)
  region size 1024K, 50 young (51200K), 1 survivors (1024K)
 Metaspace       used 113661K, capacity 116392K, committed 116732K, reserved 1150976K
  class space    used 13849K, capacity 14862K, committed 14976K, reserved 1048576K
}
Event: 920.787 GC heap after
{Heap after GC invocations=230 (full 0):
 garbage-first heap   total 441344K, used 329178K [0x0000000080000000, 0x0000000100000000)
  region size 1024K, 2 young (2048K), 2 survivors (2048K)
 Metaspace       used 113661K, capacity 116392K, committed 116732K, reserved 1150976K
  class space    used 13849K, capacity 14862K, committed 14976K, reserved 1048576K
}
Event: 926.184 GC heap before
{Heap before GC invocations=230 (full 0):
 garbage-first heap   total 441344K, used 380378K [0x0000000080000000, 0x0000000100000000)
  region size 1024K, 52 young (53248K), 2 survivors (2048K)
 Metaspace       used 113665K, capacity 116456K, committed 116732K, reserved 1150976K
  class space    used 13849K, capacity 14862K, committed 14976K, reserved 1048576K
}
Event: 926.199 GC heap after
{Heap after GC invocations=231 (full 0):
 garbage-first heap   total 441344K, used 329646K [0x0000000080000000, 0x0000000100000000)
  region size 1024K, 2 young (2048K), 2 survivors (2048K)
 Metaspace       used 113665K, capacity 116456K, committed 116732K, reserved 1150976K
  class space    used 13849K, capacity 14862K, committed 14976K, reserved 1048576K
}

