# JRE version: OpenJDK Runtime Environment (11.0.8+10) (build 11.0.8+10-b944.6842174)
# Java VM: OpenJDK 64-Bit Server VM (11.0.8+10-b944.6842174, mixed mode, tiered, compressed oops, g1 gc, windows-amd64)
Heap:
 garbage-first heap   total 733184K, used 217186K [0x0000000080000000, 0x0000000100000000)
  region size 1024K, 2 young (2048K), 2 survivors (2048K)
 Metaspace       used 118786K, capacity 122012K, committed 122112K, reserved 1155072K
  class space    used 15146K, capacity 16296K, committed 16384K, reserved 1048576K
GC Heap History (20 events):
Event: 940.463 GC heap after
{Heap after GC invocations=112 (full 0):
 garbage-first heap   total 174080K, used 146432K [0x0000000080000000, 0x0000000100000000)
  region size 1024K, 1 young (1024K), 1 survivors (1024K)
 Metaspace       used 117473K, capacity 120691K, committed 120832K, reserved 1155072K
  class space    used 14956K, capacity 16084K, committed 16128K, reserved 1048576K
}
Event: 940.768 GC heap before
{Heap before GC invocations=112 (full 0):
 garbage-first heap   total 174080K, used 153600K [0x0000000080000000, 0x0000000100000000)
  region size 1024K, 8 young (8192K), 1 survivors (1024K)
 Metaspace       used 117473K, capacity 120691K, committed 120832K, reserved 1155072K
  class space    used 14956K, capacity 16084K, committed 16128K, reserved 1048576K
}
Event: 940.801 GC heap after
{Heap after GC invocations=113 (full 0):
 garbage-first heap   total 174080K, used 150938K [0x0000000080000000, 0x0000000100000000)
  region size 1024K, 1 young (1024K), 1 survivors (1024K)
 Metaspace       used 117473K, capacity 120691K, committed 120832K, reserved 1155072K
  class space    used 14956K, capacity 16084K, committed 16128K, reserved 1048576K
}
Event: 941.446 GC heap before
{Heap before GC invocations=114 (full 0):
 garbage-first heap   total 174080K, used 157082K [0x0000000080000000, 0x0000000100000000)
  region size 1024K, 8 young (8192K), 1 survivors (1024K)
 Metaspace       used 117769K, capacity 120979K, committed 121216K, reserved 1155072K
  class space    used 15036K, capacity 16160K, committed 16256K, reserved 1048576K
}
Event: 941.492 GC heap after
{Heap after GC invocations=115 (full 0):
 garbage-first heap   total 208896K, used 153922K [0x0000000080000000, 0x0000000100000000)
  region size 1024K, 1 young (1024K), 1 survivors (1024K)
 Metaspace       used 117769K, capacity 120979K, committed 121216K, reserved 1155072K
  class space    used 15036K, capacity 16160K, committed 16256K, reserved 1048576K
}
Event: 942.112 GC heap before
{Heap before GC invocations=115 (full 0):
 garbage-first heap   total 208896K, used 163138K [0x0000000080000000, 0x0000000100000000)
  region size 1024K, 10 young (10240K), 1 survivors (1024K)
 Metaspace       used 118399K, capacity 121643K, committed 121856K, reserved 1155072K
  class space    used 15139K, capacity 16291K, committed 16384K, reserved 1048576K
}
Event: 942.151 GC heap after
{Heap after GC invocations=116 (full 0):
 garbage-first heap   total 208896K, used 158504K [0x0000000080000000, 0x0000000100000000)
  region size 1024K, 2 young (2048K), 2 survivors (2048K)
 Metaspace       used 118399K, capacity 121643K, committed 121856K, reserved 1155072K
  class space    used 15139K, capacity 16291K, committed 16384K, reserved 1048576K
}
Event: 942.463 GC heap before
{Heap before GC invocations=116 (full 0):
 garbage-first heap   total 208896K, used 168744K [0x0000000080000000, 0x0000000100000000)
  region size 1024K, 13 young (13312K), 2 survivors (2048K)
 Metaspace       used 118421K, capacity 121643K, committed 121856K, reserved 1155072K
  class space    used 15139K, capacity 16291K, committed 16384K, reserved 1048576K
}
Event: 942.518 GC heap after
{Heap after GC invocations=117 (full 0):
 garbage-first heap   total 208896K, used 165655K [0x0000000080000000, 0x0000000100000000)
  region size 1024K, 2 young (2048K), 2 survivors (2048K)
 Metaspace       used 118421K, capacity 121643K, committed 121856K, reserved 1155072K
  class space    used 15139K, capacity 16291K, committed 16384K, reserved 1048576K
}
Event: 943.756 GC heap before
{Heap before GC invocations=118 (full 0):
 garbage-first heap   total 208896K, used 172823K [0x0000000080000000, 0x0000000100000000)
  region size 1024K, 10 young (10240K), 2 survivors (2048K)
 Metaspace       used 118428K, capacity 121643K, committed 121856K, reserved 1155072K
  class space    used 15139K, capacity 16291K, committed 16384K, reserved 1048576K
}
Event: 943.798 GC heap after
{Heap after GC invocations=119 (full 0):
 garbage-first heap   total 208896K, used 170496K [0x0000000080000000, 0x0000000100000000)
  region size 1024K, 2 young (2048K), 2 survivors (2048K)
 Metaspace       used 118428K, capacity 121643K, committed 121856K, reserved 1155072K
  class space    used 15139K, capacity 16291K, committed 16384K, reserved 1048576K
}
Event: 944.229 GC heap before
{Heap before GC invocations=119 (full 0):
 garbage-first heap   total 208896K, used 178688K [0x0000000080000000, 0x0000000100000000)
  region size 1024K, 10 young (10240K), 2 survivors (2048K)
 Metaspace       used 118446K, capacity 121710K, committed 121856K, reserved 1155072K
  class space    used 15139K, capacity 16291K, committed 16384K, reserved 1048576K
}
Event: 944.311 GC heap after
{Heap after GC invocations=120 (full 0):
 garbage-first heap   total 330752K, used 174010K [0x0000000080000000, 0x0000000100000000)
  region size 1024K, 2 young (2048K), 2 survivors (2048K)
 Metaspace       used 118446K, capacity 121710K, committed 121856K, reserved 1155072K
  class space    used 15139K, capacity 16291K, committed 16384K, reserved 1048576K
}
Event: 945.762 GC heap before
{Heap before GC invocations=120 (full 0):
 garbage-first heap   total 330752K, used 217018K [0x0000000080000000, 0x0000000100000000)
  region size 1024K, 42 young (43008K), 2 survivors (2048K)
 Metaspace       used 118589K, capacity 121855K, committed 122112K, reserved 1155072K
  class space    used 15144K, capacity 16293K, committed 16384K, reserved 1048576K
}
Event: 945.919 GC heap after
{Heap after GC invocations=121 (full 0):
 garbage-first heap   total 330752K, used 198656K [0x0000000080000000, 0x0000000100000000)
  region size 1024K, 6 young (6144K), 6 survivors (6144K)
 Metaspace       used 118589K, capacity 121855K, committed 122112K, reserved 1155072K
  class space    used 15144K, capacity 16293K, committed 16384K, reserved 1048576K
}
Event: 947.084 GC heap before
{Heap before GC invocations=121 (full 0):
 garbage-first heap   total 330752K, used 229376K [0x0000000080000000, 0x0000000100000000)
  region size 1024K, 35 young (35840K), 6 survivors (6144K)
 Metaspace       used 118773K, capacity 122012K, committed 122112K, reserved 1155072K
  class space    used 15146K, capacity 16296K, committed 16384K, reserved 1048576K
}
Event: 947.200 GC heap after
{Heap after GC invocations=122 (full 0):
 garbage-first heap   total 330752K, used 207872K [0x0000000080000000, 0x0000000100000000)
  region size 1024K, 5 young (5120K), 5 survivors (5120K)
 Metaspace       used 118773K, capacity 122012K, committed 122112K, reserved 1155072K
  class space    used 15146K, capacity 16296K, committed 16384K, reserved 1048576K
}
Event: 948.062 GC heap before
{Heap before GC invocations=122 (full 0):
 garbage-first heap   total 330752K, used 230400K [0x0000000080000000, 0x0000000100000000)
  region size 1024K, 26 young (26624K), 5 survivors (5120K)
 Metaspace       used 118784K, capacity 122012K, committed 122112K, reserved 1155072K
  class space    used 15146K, capacity 16296K, committed 16384K, reserved 1048576K
}
Event: 948.195 GC heap after
{Heap after GC invocations=123 (full 0):
 garbage-first heap   total 330752K, used 215040K [0x0000000080000000, 0x0000000100000000)
  region size 1024K, 4 young (4096K), 4 survivors (4096K)
 Metaspace       used 118784K, capacity 122012K, committed 122112K, reserved 1155072K
  class space    used 15146K, capacity 16296K, committed 16384K, reserved 1048576K
}
Event: 948.389 GC heap before
{Heap before GC invocations=123 (full 0):
 garbage-first heap   total 330752K, used 221184K [0x0000000080000000, 0x0000000100000000)
  region size 1024K, 11 young (11264K), 4 survivors (4096K)
 Metaspace       used 118786K, capacity 122012K, committed 122112K, reserved 1155072K
  class space    used 15146K, capacity 16296K, committed 16384K, reserved 1048576K
}

