# JRE version: OpenJDK Runtime Environment (11.0.8+10) (build 11.0.8+10-b944.6842174)
# Java VM: OpenJDK 64-Bit Server VM (11.0.8+10-b944.6842174, mixed mode, tiered, compressed oops, g1 gc, windows-amd64)
Heap:
 garbage-first heap   total 512000K, used 197280K [0x0000000080000000, 0x0000000100000000)
  region size 1024K, 2 young (2048K), 2 survivors (2048K)
 Metaspace       used 107324K, capacity 109964K, committed 110208K, reserved 1144832K
  class space    used 13611K, capacity 14593K, committed 14720K, reserved 1048576K
GC Heap History (20 events):
Event: 186.782 GC heap after
{Heap after GC invocations=93 (full 0):
 garbage-first heap   total 212992K, used 158720K [0x0000000080000000, 0x0000000100000000)
  region size 1024K, 4 young (4096K), 4 survivors (4096K)
 Metaspace       used 106943K, capacity 109531K, committed 109824K, reserved 1144832K
  class space    used 13599K, capacity 14549K, committed 14592K, reserved 1048576K
}
Event: 186.968 GC heap before
{Heap before GC invocations=93 (full 0):
 garbage-first heap   total 212992K, used 164864K [0x0000000080000000, 0x0000000100000000)
  region size 1024K, 10 young (10240K), 4 survivors (4096K)
 Metaspace       used 106955K, capacity 109596K, committed 109824K, reserved 1144832K
  class space    used 13599K, capacity 14549K, committed 14592K, reserved 1048576K
}
Event: 187.072 GC heap after
{Heap after GC invocations=94 (full 0):
 garbage-first heap   total 212992K, used 150016K [0x0000000080000000, 0x0000000100000000)
  region size 1024K, 2 young (2048K), 2 survivors (2048K)
 Metaspace       used 106955K, capacity 109596K, committed 109824K, reserved 1144832K
  class space    used 13599K, capacity 14549K, committed 14592K, reserved 1048576K
}
Event: 187.553 GC heap before
{Heap before GC invocations=94 (full 0):
 garbage-first heap   total 212992K, used 169472K [0x0000000080000000, 0x0000000100000000)
  region size 1024K, 22 young (22528K), 2 survivors (2048K)
 Metaspace       used 106964K, capacity 109597K, committed 109824K, reserved 1144832K
  class space    used 13599K, capacity 14549K, committed 14592K, reserved 1048576K
}
Event: 187.629 GC heap after
{Heap after GC invocations=95 (full 0):
 garbage-first heap   total 212992K, used 162048K [0x0000000080000000, 0x0000000100000000)
  region size 1024K, 3 young (3072K), 3 survivors (3072K)
 Metaspace       used 106964K, capacity 109597K, committed 109824K, reserved 1144832K
  class space    used 13599K, capacity 14549K, committed 14592K, reserved 1048576K
}
Event: 187.859 GC heap before
{Heap before GC invocations=95 (full 0):
 garbage-first heap   total 212992K, used 176384K [0x0000000080000000, 0x0000000100000000)
  region size 1024K, 15 young (15360K), 3 survivors (3072K)
 Metaspace       used 106966K, capacity 109597K, committed 109824K, reserved 1144832K
  class space    used 13599K, capacity 14549K, committed 14592K, reserved 1048576K
}
Event: 187.935 GC heap after
{Heap after GC invocations=96 (full 0):
 garbage-first heap   total 212992K, used 171520K [0x0000000080000000, 0x0000000100000000)
  region size 1024K, 2 young (2048K), 2 survivors (2048K)
 Metaspace       used 106966K, capacity 109597K, committed 109824K, reserved 1144832K
  class space    used 13599K, capacity 14549K, committed 14592K, reserved 1048576K
}
Event: 188.343 GC heap before
{Heap before GC invocations=96 (full 0):
 garbage-first heap   total 212992K, used 178688K [0x0000000080000000, 0x0000000100000000)
  region size 1024K, 10 young (10240K), 2 survivors (2048K)
 Metaspace       used 107092K, capacity 109719K, committed 109824K, reserved 1144832K
  class space    used 13604K, capacity 14583K, committed 14592K, reserved 1048576K
}
Event: 188.400 GC heap after
{Heap after GC invocations=97 (full 0):
 garbage-first heap   total 212992K, used 175104K [0x0000000080000000, 0x0000000100000000)
  region size 1024K, 2 young (2048K), 2 survivors (2048K)
 Metaspace       used 107092K, capacity 109719K, committed 109824K, reserved 1144832K
  class space    used 13604K, capacity 14583K, committed 14592K, reserved 1048576K
}
Event: 190.016 GC heap before
{Heap before GC invocations=98 (full 0):
 garbage-first heap   total 212992K, used 169984K [0x0000000080000000, 0x0000000100000000)
  region size 1024K, 10 young (10240K), 2 survivors (2048K)
 Metaspace       used 107093K, capacity 109719K, committed 109824K, reserved 1144832K
  class space    used 13604K, capacity 14583K, committed 14592K, reserved 1048576K
}
Event: 190.064 GC heap after
{Heap after GC invocations=99 (full 0):
 garbage-first heap   total 212992K, used 164285K [0x0000000080000000, 0x0000000100000000)
  region size 1024K, 2 young (2048K), 2 survivors (2048K)
 Metaspace       used 107093K, capacity 109719K, committed 109824K, reserved 1144832K
  class space    used 13604K, capacity 14583K, committed 14592K, reserved 1048576K
}
Event: 190.518 GC heap before
{Heap before GC invocations=99 (full 0):
 garbage-first heap   total 212992K, used 172477K [0x0000000080000000, 0x0000000100000000)
  region size 1024K, 10 young (10240K), 2 survivors (2048K)
 Metaspace       used 107140K, capacity 109732K, committed 109824K, reserved 1144832K
  class space    used 13607K, capacity 14586K, committed 14592K, reserved 1048576K
}
Event: 190.628 GC heap after
{Heap after GC invocations=100 (full 0):
 garbage-first heap   total 256000K, used 158531K [0x0000000080000000, 0x0000000100000000)
  region size 1024K, 2 young (2048K), 2 survivors (2048K)
 Metaspace       used 107140K, capacity 109732K, committed 109824K, reserved 1144832K
  class space    used 13607K, capacity 14586K, committed 14592K, reserved 1048576K
}
Event: 191.674 GC heap before
{Heap before GC invocations=100 (full 0):
 garbage-first heap   total 256000K, used 183107K [0x0000000080000000, 0x0000000100000000)
  region size 1024K, 27 young (27648K), 2 survivors (2048K)
 Metaspace       used 107212K, capacity 109866K, committed 110080K, reserved 1144832K
  class space    used 13607K, capacity 14586K, committed 14592K, reserved 1048576K
}
Event: 191.769 GC heap after
{Heap after GC invocations=101 (full 0):
 garbage-first heap   total 256000K, used 166400K [0x0000000080000000, 0x0000000100000000)
  region size 1024K, 4 young (4096K), 4 survivors (4096K)
 Metaspace       used 107212K, capacity 109866K, committed 110080K, reserved 1144832K
  class space    used 13607K, capacity 14586K, committed 14592K, reserved 1048576K
}
Event: 192.573 GC heap before
{Heap before GC invocations=101 (full 0):
 garbage-first heap   total 256000K, used 190976K [0x0000000080000000, 0x0000000100000000)
  region size 1024K, 21 young (21504K), 4 survivors (4096K)
 Metaspace       used 107220K, capacity 109869K, committed 110080K, reserved 1144832K
  class space    used 13607K, capacity 14586K, committed 14592K, reserved 1048576K
}
Event: 192.683 GC heap after
{Heap after GC invocations=102 (full 0):
 garbage-first heap   total 256000K, used 178688K [0x0000000080000000, 0x0000000100000000)
  region size 1024K, 3 young (3072K), 3 survivors (3072K)
 Metaspace       used 107220K, capacity 109869K, committed 110080K, reserved 1144832K
  class space    used 13607K, capacity 14586K, committed 14592K, reserved 1048576K
}
Event: 194.308 GC heap before
{Heap before GC invocations=102 (full 0):
 garbage-first heap   total 256000K, used 211456K [0x0000000080000000, 0x0000000100000000)
  region size 1024K, 24 young (24576K), 3 survivors (3072K)
 Metaspace       used 107309K, capacity 109943K, committed 110080K, reserved 1144832K
  class space    used 13607K, capacity 14586K, committed 14592K, reserved 1048576K
}
Event: 194.346 GC heap after
{Heap after GC invocations=103 (full 0):
 garbage-first heap   total 256000K, used 194351K [0x0000000080000000, 0x0000000100000000)
  region size 1024K, 3 young (3072K), 3 survivors (3072K)
 Metaspace       used 107309K, capacity 109943K, committed 110080K, reserved 1144832K
  class space    used 13607K, capacity 14586K, committed 14592K, reserved 1048576K
}
Event: 194.625 GC heap before
{Heap before GC invocations=103 (full 0):
 garbage-first heap   total 256000K, used 211759K [0x0000000080000000, 0x0000000100000000)
  region size 1024K, 20 young (20480K), 3 survivors (3072K)
 Metaspace       used 107324K, capacity 109964K, committed 110208K, reserved 1144832K
  class space    used 13611K, capacity 14593K, committed 14720K, reserved 1048576K
}

