# JRE version: OpenJDK Runtime Environment (11.0.8+10) (build 11.0.8+10-b944.6842174)
# Java VM: OpenJDK 64-Bit Server VM (11.0.8+10-b944.6842174, mixed mode, tiered, compressed oops, g1 gc, windows-amd64)
Heap:
 garbage-first heap   total 292864K, used 160853K [0x0000000080000000, 0x0000000100000000)
  region size 1024K, 2 young (2048K), 2 survivors (2048K)
 Metaspace       used 138495K, capacity 141558K, committed 141776K, reserved 1173504K
  class space    used 16828K, capacity 17892K, committed 17920K, reserved 1048576K
GC Heap History (20 events):
Event: 10458.042 GC heap after
{Heap after GC invocations=221 (full 0):
 garbage-first heap   total 199680K, used 136991K [0x0000000080000000, 0x0000000100000000)
  region size 1024K, 7 young (7168K), 7 survivors (7168K)
 Metaspace       used 138303K, capacity 141327K, committed 141520K, reserved 1173504K
  class space    used 16817K, capacity 17882K, committed 17920K, reserved 1048576K
}
Event: 10458.113 GC heap before
{Heap before GC invocations=221 (full 0):
 garbage-first heap   total 199680K, used 139039K [0x0000000080000000, 0x0000000100000000)
  region size 1024K, 9 young (9216K), 7 survivors (7168K)
 Metaspace       used 138303K, capacity 141327K, committed 141520K, reserved 1173504K
  class space    used 16817K, capacity 17882K, committed 17920K, reserved 1048576K
}
Event: 10458.205 GC heap after
{Heap after GC invocations=222 (full 0):
 garbage-first heap   total 199680K, used 137683K [0x0000000080000000, 0x0000000100000000)
  region size 1024K, 2 young (2048K), 2 survivors (2048K)
 Metaspace       used 138303K, capacity 141327K, committed 141520K, reserved 1173504K
  class space    used 16817K, capacity 17882K, committed 17920K, reserved 1048576K
}
Event: 10458.764 GC heap before
{Heap before GC invocations=222 (full 0):
 garbage-first heap   total 199680K, used 160211K [0x0000000080000000, 0x0000000100000000)
  region size 1024K, 25 young (25600K), 2 survivors (2048K)
 Metaspace       used 138321K, capacity 141393K, committed 141520K, reserved 1173504K
  class space    used 16817K, capacity 17882K, committed 17920K, reserved 1048576K
}
Event: 10458.843 GC heap after
{Heap after GC invocations=223 (full 0):
 garbage-first heap   total 199680K, used 151040K [0x0000000080000000, 0x0000000100000000)
  region size 1024K, 4 young (4096K), 4 survivors (4096K)
 Metaspace       used 138321K, capacity 141393K, committed 141520K, reserved 1173504K
  class space    used 16817K, capacity 17882K, committed 17920K, reserved 1048576K
}
Event: 10460.799 GC heap before
{Heap before GC invocations=224 (full 0):
 garbage-first heap   total 199680K, used 162304K [0x0000000080000000, 0x0000000100000000)
  region size 1024K, 17 young (17408K), 4 survivors (4096K)
 Metaspace       used 138383K, capacity 141408K, committed 141520K, reserved 1173504K
  class space    used 16823K, capacity 17886K, committed 17920K, reserved 1048576K
}
Event: 10460.877 GC heap after
{Heap after GC invocations=225 (full 0):
 garbage-first heap   total 199680K, used 154624K [0x0000000080000000, 0x0000000100000000)
  region size 1024K, 3 young (3072K), 3 survivors (3072K)
 Metaspace       used 138383K, capacity 141408K, committed 141520K, reserved 1173504K
  class space    used 16823K, capacity 17886K, committed 17920K, reserved 1048576K
}
Event: 10461.237 GC heap before
{Heap before GC invocations=225 (full 0):
 garbage-first heap   total 199680K, used 160768K [0x0000000080000000, 0x0000000100000000)
  region size 1024K, 9 young (9216K), 3 survivors (3072K)
 Metaspace       used 138431K, capacity 141472K, committed 141520K, reserved 1173504K
  class space    used 16823K, capacity 17886K, committed 17920K, reserved 1048576K
}
Event: 10461.319 GC heap after
{Heap after GC invocations=226 (full 0):
 garbage-first heap   total 199680K, used 148480K [0x0000000080000000, 0x0000000100000000)
  region size 1024K, 2 young (2048K), 2 survivors (2048K)
 Metaspace       used 138431K, capacity 141472K, committed 141520K, reserved 1173504K
  class space    used 16823K, capacity 17886K, committed 17920K, reserved 1048576K
}
Event: 10461.780 GC heap before
{Heap before GC invocations=226 (full 0):
 garbage-first heap   total 199680K, used 161792K [0x0000000080000000, 0x0000000100000000)
  region size 1024K, 16 young (16384K), 2 survivors (2048K)
 Metaspace       used 138446K, capacity 141472K, committed 141520K, reserved 1173504K
  class space    used 16823K, capacity 17886K, committed 17920K, reserved 1048576K
}
Event: 10461.840 GC heap after
{Heap after GC invocations=227 (full 0):
 garbage-first heap   total 243712K, used 152576K [0x0000000080000000, 0x0000000100000000)
  region size 1024K, 2 young (2048K), 2 survivors (2048K)
 Metaspace       used 138446K, capacity 141472K, committed 141520K, reserved 1173504K
  class space    used 16823K, capacity 17886K, committed 17920K, reserved 1048576K
}
Event: 10464.274 GC heap before
{Heap before GC invocations=228 (full 0):
 garbage-first heap   total 243712K, used 180224K [0x0000000080000000, 0x0000000100000000)
  region size 1024K, 29 young (29696K), 2 survivors (2048K)
 Metaspace       used 138485K, capacity 141558K, committed 141776K, reserved 1173504K
  class space    used 16828K, capacity 17892K, committed 17920K, reserved 1048576K
}
Event: 10464.332 GC heap after
{Heap after GC invocations=229 (full 0):
 garbage-first heap   total 243712K, used 160167K [0x0000000080000000, 0x0000000100000000)
  region size 1024K, 4 young (4096K), 4 survivors (4096K)
 Metaspace       used 138485K, capacity 141558K, committed 141776K, reserved 1173504K
  class space    used 16828K, capacity 17892K, committed 17920K, reserved 1048576K
}
Event: 10464.407 GC heap before
{Heap before GC invocations=229 (full 0):
 garbage-first heap   total 243712K, used 166311K [0x0000000080000000, 0x0000000100000000)
  region size 1024K, 11 young (11264K), 4 survivors (4096K)
 Metaspace       used 138487K, capacity 141558K, committed 141776K, reserved 1173504K
  class space    used 16828K, capacity 17892K, committed 17920K, reserved 1048576K
}
Event: 10464.463 GC heap after
{Heap after GC invocations=230 (full 0):
 garbage-first heap   total 243712K, used 158806K [0x0000000080000000, 0x0000000100000000)
  region size 1024K, 1 young (1024K), 1 survivors (1024K)
 Metaspace       used 138487K, capacity 141558K, committed 141776K, reserved 1173504K
  class space    used 16828K, capacity 17892K, committed 17920K, reserved 1048576K
}
Event: 10464.625 GC heap before
{Heap before GC invocations=230 (full 0):
 garbage-first heap   total 243712K, used 164950K [0x0000000080000000, 0x0000000100000000)
  region size 1024K, 9 young (9216K), 1 survivors (1024K)
 Metaspace       used 138490K, capacity 141558K, committed 141776K, reserved 1173504K
  class space    used 16828K, capacity 17892K, committed 17920K, reserved 1048576K
}
Event: 10464.638 GC heap after
{Heap after GC invocations=231 (full 0):
 garbage-first heap   total 243712K, used 160772K [0x0000000080000000, 0x0000000100000000)
  region size 1024K, 3 young (3072K), 3 survivors (3072K)
 Metaspace       used 138490K, capacity 141558K, committed 141776K, reserved 1173504K
  class space    used 16828K, capacity 17892K, committed 17920K, reserved 1048576K
}
Event: 10465.867 GC heap before
{Heap before GC invocations=232 (full 0):
 garbage-first heap   total 243712K, used 185348K [0x0000000080000000, 0x0000000100000000)
  region size 1024K, 27 young (27648K), 3 survivors (3072K)
 Metaspace       used 138495K, capacity 141558K, committed 141776K, reserved 1173504K
  class space    used 16828K, capacity 17892K, committed 17920K, reserved 1048576K
}
Event: 10465.893 GC heap after
{Heap after GC invocations=233 (full 0):
 garbage-first heap   total 243712K, used 164701K [0x0000000080000000, 0x0000000100000000)
  region size 1024K, 4 young (4096K), 4 survivors (4096K)
 Metaspace       used 138495K, capacity 141558K, committed 141776K, reserved 1173504K
  class space    used 16828K, capacity 17892K, committed 17920K, reserved 1048576K
}
Event: 10465.938 GC heap before
{Heap before GC invocations=233 (full 0):
 garbage-first heap   total 243712K, used 172893K [0x0000000080000000, 0x0000000100000000)
  region size 1024K, 11 young (11264K), 4 survivors (4096K)
 Metaspace       used 138495K, capacity 141558K, committed 141776K, reserved 1173504K
  class space    used 16828K, capacity 17892K, committed 17920K, reserved 1048576K
}

