# JRE version: OpenJDK Runtime Environment (11.0.8+10) (build 11.0.8+10-b944.6842174)
# Java VM: OpenJDK 64-Bit Server VM (11.0.8+10-b944.6842174, mixed mode, tiered, compressed oops, g1 gc, windows-amd64)
Heap:
 garbage-first heap   total 731136K, used 206427K [0x0000000080000000, 0x0000000100000000)
  region size 1024K, 4 young (4096K), 4 survivors (4096K)
 Metaspace       used 108040K, capacity 110566K, committed 110716K, reserved 1144832K
  class space    used 13554K, capacity 14528K, committed 14592K, reserved 1048576K
GC Heap History (20 events):
Event: 195.205 GC heap after
{Heap after GC invocations=88 (full 0):
 garbage-first heap   total 179200K, used 149504K [0x0000000080000000, 0x0000000100000000)
  region size 1024K, 2 young (2048K), 2 survivors (2048K)
 Metaspace       used 107827K, capacity 110341K, committed 110460K, reserved 1144832K
  class space    used 13547K, capacity 14519K, committed 14592K, reserved 1048576K
}
Event: 196.276 GC heap before
{Heap before GC invocations=89 (full 0):
 garbage-first heap   total 179200K, used 150528K [0x0000000080000000, 0x0000000100000000)
  region size 1024K, 8 young (8192K), 2 survivors (2048K)
 Metaspace       used 107834K, capacity 110341K, committed 110460K, reserved 1144832K
  class space    used 13547K, capacity 14519K, committed 14592K, reserved 1048576K
}
Event: 196.310 GC heap after
{Heap after GC invocations=90 (full 0):
 garbage-first heap   total 179200K, used 148480K [0x0000000080000000, 0x0000000100000000)
  region size 1024K, 1 young (1024K), 1 survivors (1024K)
 Metaspace       used 107834K, capacity 110341K, committed 110460K, reserved 1144832K
  class space    used 13547K, capacity 14519K, committed 14592K, reserved 1048576K
}
Event: 196.499 GC heap before
{Heap before GC invocations=90 (full 0):
 garbage-first heap   total 179200K, used 155648K [0x0000000080000000, 0x0000000100000000)
  region size 1024K, 8 young (8192K), 1 survivors (1024K)
 Metaspace       used 107844K, capacity 110342K, committed 110460K, reserved 1144832K
  class space    used 13547K, capacity 14519K, committed 14592K, reserved 1048576K
}
Event: 196.557 GC heap after
{Heap after GC invocations=91 (full 0):
 garbage-first heap   total 228352K, used 141312K [0x0000000080000000, 0x0000000100000000)
  region size 1024K, 1 young (1024K), 1 survivors (1024K)
 Metaspace       used 107844K, capacity 110342K, committed 110460K, reserved 1144832K
  class space    used 13547K, capacity 14519K, committed 14592K, reserved 1048576K
}
Event: 197.195 GC heap before
{Heap before GC invocations=91 (full 0):
 garbage-first heap   total 228352K, used 162816K [0x0000000080000000, 0x0000000100000000)
  region size 1024K, 23 young (23552K), 1 survivors (1024K)
 Metaspace       used 107865K, capacity 110407K, committed 110716K, reserved 1144832K
  class space    used 13547K, capacity 14519K, committed 14592K, reserved 1048576K
}
Event: 197.267 GC heap after
{Heap after GC invocations=92 (full 0):
 garbage-first heap   total 228352K, used 155136K [0x0000000080000000, 0x0000000100000000)
  region size 1024K, 3 young (3072K), 3 survivors (3072K)
 Metaspace       used 107865K, capacity 110407K, committed 110716K, reserved 1144832K
  class space    used 13547K, capacity 14519K, committed 14592K, reserved 1048576K
}
Event: 197.910 GC heap before
{Heap before GC invocations=92 (full 0):
 garbage-first heap   total 228352K, used 175616K [0x0000000080000000, 0x0000000100000000)
  region size 1024K, 21 young (21504K), 3 survivors (3072K)
 Metaspace       used 107909K, capacity 110407K, committed 110716K, reserved 1144832K
  class space    used 13547K, capacity 14519K, committed 14592K, reserved 1048576K
}
Event: 197.986 GC heap after
{Heap after GC invocations=93 (full 0):
 garbage-first heap   total 228352K, used 167936K [0x0000000080000000, 0x0000000100000000)
  region size 1024K, 3 young (3072K), 3 survivors (3072K)
 Metaspace       used 107909K, capacity 110407K, committed 110716K, reserved 1144832K
  class space    used 13547K, capacity 14519K, committed 14592K, reserved 1048576K
}
Event: 198.485 GC heap before
{Heap before GC invocations=93 (full 0):
 garbage-first heap   total 228352K, used 182272K [0x0000000080000000, 0x0000000100000000)
  region size 1024K, 17 young (17408K), 3 survivors (3072K)
 Metaspace       used 107943K, capacity 110472K, committed 110716K, reserved 1144832K
  class space    used 13548K, capacity 14519K, committed 14592K, reserved 1048576K
}
Event: 198.547 GC heap after
{Heap after GC invocations=94 (full 0):
 garbage-first heap   total 228352K, used 174080K [0x0000000080000000, 0x0000000100000000)
  region size 1024K, 3 young (3072K), 3 survivors (3072K)
 Metaspace       used 107943K, capacity 110472K, committed 110716K, reserved 1144832K
  class space    used 13548K, capacity 14519K, committed 14592K, reserved 1048576K
}
Event: 198.696 GC heap before
{Heap before GC invocations=94 (full 0):
 garbage-first heap   total 228352K, used 179200K [0x0000000080000000, 0x0000000100000000)
  region size 1024K, 9 young (9216K), 3 survivors (3072K)
 Metaspace       used 107951K, capacity 110479K, committed 110716K, reserved 1144832K
  class space    used 13549K, capacity 14521K, committed 14592K, reserved 1048576K
}
Event: 198.748 GC heap after
{Heap after GC invocations=95 (full 0):
 garbage-first heap   total 389120K, used 176251K [0x0000000080000000, 0x0000000100000000)
  region size 1024K, 2 young (2048K), 2 survivors (2048K)
 Metaspace       used 107951K, capacity 110479K, committed 110716K, reserved 1144832K
  class space    used 13549K, capacity 14521K, committed 14592K, reserved 1048576K
}
Event: 201.110 GC heap before
{Heap before GC invocations=96 (full 0):
 garbage-first heap   total 389120K, used 192635K [0x0000000080000000, 0x0000000100000000)
  region size 1024K, 28 young (28672K), 2 survivors (2048K)
 Metaspace       used 107999K, capacity 110543K, committed 110716K, reserved 1144832K
  class space    used 13549K, capacity 14521K, committed 14592K, reserved 1048576K
}
Event: 201.220 GC heap after
{Heap after GC invocations=97 (full 0):
 garbage-first heap   total 389120K, used 173450K [0x0000000080000000, 0x0000000100000000)
  region size 1024K, 4 young (4096K), 4 survivors (4096K)
 Metaspace       used 107999K, capacity 110543K, committed 110716K, reserved 1144832K
  class space    used 13549K, capacity 14521K, committed 14592K, reserved 1048576K
}
Event: 201.818 GC heap before
{Heap before GC invocations=97 (full 0):
 garbage-first heap   total 389120K, used 189834K [0x0000000080000000, 0x0000000100000000)
  region size 1024K, 19 young (19456K), 4 survivors (4096K)
 Metaspace       used 108004K, capacity 110543K, committed 110716K, reserved 1144832K
  class space    used 13549K, capacity 14521K, committed 14592K, reserved 1048576K
}
Event: 201.915 GC heap after
{Heap after GC invocations=98 (full 0):
 garbage-first heap   total 389120K, used 178619K [0x0000000080000000, 0x0000000100000000)
  region size 1024K, 3 young (3072K), 3 survivors (3072K)
 Metaspace       used 108004K, capacity 110543K, committed 110716K, reserved 1144832K
  class space    used 13549K, capacity 14521K, committed 14592K, reserved 1048576K
}
Event: 203.202 GC heap before
{Heap before GC invocations=98 (full 0):
 garbage-first heap   total 389120K, used 212411K [0x0000000080000000, 0x0000000100000000)
  region size 1024K, 23 young (23552K), 3 survivors (3072K)
 Metaspace       used 108013K, capacity 110544K, committed 110716K, reserved 1144832K
  class space    used 13549K, capacity 14521K, committed 14592K, reserved 1048576K
}
Event: 203.262 GC heap after
{Heap after GC invocations=99 (full 0):
 garbage-first heap   total 389120K, used 196580K [0x0000000080000000, 0x0000000100000000)
  region size 1024K, 3 young (3072K), 3 survivors (3072K)
 Metaspace       used 108013K, capacity 110544K, committed 110716K, reserved 1144832K
  class space    used 13549K, capacity 14521K, committed 14592K, reserved 1048576K
}
Event: 203.951 GC heap before
{Heap before GC invocations=99 (full 0):
 garbage-first heap   total 389120K, used 232420K [0x0000000080000000, 0x0000000100000000)
  region size 1024K, 33 young (33792K), 3 survivors (3072K)
 Metaspace       used 108040K, capacity 110566K, committed 110716K, reserved 1144832K
  class space    used 13554K, capacity 14528K, committed 14592K, reserved 1048576K
}

