# JRE version: OpenJDK Runtime Environment (11.0.8+10) (build 11.0.8+10-b944.6842174)
# Java VM: OpenJDK 64-Bit Server VM (11.0.8+10-b944.6842174, mixed mode, tiered, compressed oops, g1 gc, windows-amd64)
Heap:
 garbage-first heap   total 202752K, used 100676K [0x0000000080000000, 0x0000000100000000)
  region size 1024K, 1 young (1024K), 1 survivors (1024K)
 Metaspace       used 77168K, capacity 79047K, committed 79396K, reserved 1118208K
  class space    used 9979K, capacity 10633K, committed 10752K, reserved 1048576K
GC Heap History (20 events):
Event: 89.822 GC heap after
{Heap after GC invocations=46 (full 0):
 garbage-first heap   total 96256K, used 84523K [0x0000000080000000, 0x0000000100000000)
  region size 1024K, 1 young (1024K), 1 survivors (1024K)
 Metaspace       used 76701K, capacity 78569K, committed 78756K, reserved 1118208K
  class space    used 9941K, capacity 10562K, committed 10624K, reserved 1048576K
}
Event: 90.009 GC heap before
{Heap before GC invocations=46 (full 0):
 garbage-first heap   total 96256K, used 87595K [0x0000000080000000, 0x0000000100000000)
  region size 1024K, 4 young (4096K), 1 survivors (1024K)
 Metaspace       used 76739K, capacity 78584K, committed 78756K, reserved 1118208K
  class space    used 9943K, capacity 10565K, committed 10624K, reserved 1048576K
}
Event: 90.024 GC heap after
{Heap after GC invocations=47 (full 0):
 garbage-first heap   total 115712K, used 85030K [0x0000000080000000, 0x0000000100000000)
  region size 1024K, 1 young (1024K), 1 survivors (1024K)
 Metaspace       used 76739K, capacity 78584K, committed 78756K, reserved 1118208K
  class space    used 9943K, capacity 10565K, committed 10624K, reserved 1048576K
}
Event: 91.009 GC heap before
{Heap before GC invocations=48 (full 0):
 garbage-first heap   total 115712K, used 91174K [0x0000000080000000, 0x0000000100000000)
  region size 1024K, 7 young (7168K), 1 survivors (1024K)
 Metaspace       used 76932K, capacity 78849K, committed 79140K, reserved 1118208K
  class space    used 9962K, capacity 10632K, committed 10752K, reserved 1048576K
}
Event: 91.024 GC heap after
{Heap after GC invocations=49 (full 0):
 garbage-first heap   total 115712K, used 86115K [0x0000000080000000, 0x0000000100000000)
  region size 1024K, 1 young (1024K), 1 survivors (1024K)
 Metaspace       used 76932K, capacity 78849K, committed 79140K, reserved 1118208K
  class space    used 9962K, capacity 10632K, committed 10752K, reserved 1048576K
}
Event: 91.263 GC heap before
{Heap before GC invocations=49 (full 0):
 garbage-first heap   total 115712K, used 91235K [0x0000000080000000, 0x0000000100000000)
  region size 1024K, 7 young (7168K), 1 survivors (1024K)
 Metaspace       used 77022K, capacity 78913K, committed 79140K, reserved 1118208K
  class space    used 9971K, capacity 10632K, committed 10752K, reserved 1048576K
}
Event: 91.270 GC heap after
{Heap after GC invocations=50 (full 0):
 garbage-first heap   total 115712K, used 86326K [0x0000000080000000, 0x0000000100000000)
  region size 1024K, 1 young (1024K), 1 survivors (1024K)
 Metaspace       used 77022K, capacity 78913K, committed 79140K, reserved 1118208K
  class space    used 9971K, capacity 10632K, committed 10752K, reserved 1048576K
}
Event: 92.323 GC heap before
{Heap before GC invocations=51 (full 0):
 garbage-first heap   total 115712K, used 92470K [0x0000000080000000, 0x0000000100000000)
  region size 1024K, 7 young (7168K), 1 survivors (1024K)
 Metaspace       used 77124K, capacity 78977K, committed 79140K, reserved 1118208K
  class space    used 9976K, capacity 10632K, committed 10752K, reserved 1048576K
}
Event: 92.344 GC heap after
{Heap after GC invocations=52 (full 0):
 garbage-first heap   total 115712K, used 87578K [0x0000000080000000, 0x0000000100000000)
  region size 1024K, 1 young (1024K), 1 survivors (1024K)
 Metaspace       used 77124K, capacity 78977K, committed 79140K, reserved 1118208K
  class space    used 9976K, capacity 10632K, committed 10752K, reserved 1048576K
}
Event: 92.648 GC heap before
{Heap before GC invocations=52 (full 0):
 garbage-first heap   total 115712K, used 91674K [0x0000000080000000, 0x0000000100000000)
  region size 1024K, 5 young (5120K), 1 survivors (1024K)
 Metaspace       used 77125K, capacity 78977K, committed 79140K, reserved 1118208K
  class space    used 9976K, capacity 10632K, committed 10752K, reserved 1048576K
}
Event: 92.683 GC heap after
{Heap after GC invocations=53 (full 0):
 garbage-first heap   total 139264K, used 89605K [0x0000000080000000, 0x0000000100000000)
  region size 1024K, 1 young (1024K), 1 survivors (1024K)
 Metaspace       used 77125K, capacity 78977K, committed 79140K, reserved 1118208K
  class space    used 9976K, capacity 10632K, committed 10752K, reserved 1048576K
}
Event: 93.002 GC heap before
{Heap before GC invocations=53 (full 0):
 garbage-first heap   total 139264K, used 92677K [0x0000000080000000, 0x0000000100000000)
  region size 1024K, 6 young (6144K), 1 survivors (1024K)
 Metaspace       used 77147K, capacity 79041K, committed 79396K, reserved 1118208K
  class space    used 9976K, capacity 10632K, committed 10752K, reserved 1048576K
}
Event: 93.033 GC heap after
{Heap after GC invocations=54 (full 0):
 garbage-first heap   total 139264K, used 93805K [0x0000000080000000, 0x0000000100000000)
  region size 1024K, 2 young (2048K), 2 survivors (2048K)
 Metaspace       used 77147K, capacity 79041K, committed 79396K, reserved 1118208K
  class space    used 9976K, capacity 10632K, committed 10752K, reserved 1048576K
}
Event: 93.756 GC heap before
{Heap before GC invocations=55 (full 0):
 garbage-first heap   total 139264K, used 93805K [0x0000000080000000, 0x0000000100000000)
  region size 1024K, 3 young (3072K), 2 survivors (2048K)
 Metaspace       used 77154K, capacity 79047K, committed 79396K, reserved 1118208K
  class space    used 9977K, capacity 10633K, committed 10752K, reserved 1048576K
}
Event: 93.771 GC heap after
{Heap after GC invocations=56 (full 0):
 garbage-first heap   total 139264K, used 93771K [0x0000000080000000, 0x0000000100000000)
  region size 1024K, 1 young (1024K), 1 survivors (1024K)
 Metaspace       used 77154K, capacity 79047K, committed 79396K, reserved 1118208K
  class space    used 9977K, capacity 10633K, committed 10752K, reserved 1048576K
}
Event: 94.566 GC heap before
{Heap before GC invocations=57 (full 0):
 garbage-first heap   total 139264K, used 95819K [0x0000000080000000, 0x0000000100000000)
  region size 1024K, 2 young (2048K), 1 survivors (1024K)
 Metaspace       used 77155K, capacity 79047K, committed 79396K, reserved 1118208K
  class space    used 9977K, capacity 10633K, committed 10752K, reserved 1048576K
}
Event: 94.571 GC heap after
{Heap after GC invocations=58 (full 0):
 garbage-first heap   total 139264K, used 94585K [0x0000000080000000, 0x0000000100000000)
  region size 1024K, 1 young (1024K), 1 survivors (1024K)
 Metaspace       used 77155K, capacity 79047K, committed 79396K, reserved 1118208K
  class space    used 9977K, capacity 10633K, committed 10752K, reserved 1048576K
}
Event: 95.621 GC heap before
{Heap before GC invocations=59 (full 0):
 garbage-first heap   total 139264K, used 98681K [0x0000000080000000, 0x0000000100000000)
  region size 1024K, 2 young (2048K), 1 survivors (1024K)
 Metaspace       used 77155K, capacity 79047K, committed 79396K, reserved 1118208K
  class space    used 9977K, capacity 10633K, committed 10752K, reserved 1048576K
}
Event: 95.630 GC heap after
{Heap after GC invocations=60 (full 0):
 garbage-first heap   total 139264K, used 96581K [0x0000000080000000, 0x0000000100000000)
  region size 1024K, 1 young (1024K), 1 survivors (1024K)
 Metaspace       used 77155K, capacity 79047K, committed 79396K, reserved 1118208K
  class space    used 9977K, capacity 10633K, committed 10752K, reserved 1048576K
}
Event: 96.355 GC heap before
{Heap before GC invocations=61 (full 0):
 garbage-first heap   total 139264K, used 102725K [0x0000000080000000, 0x0000000100000000)
  region size 1024K, 2 young (2048K), 1 survivors (1024K)
 Metaspace       used 77168K, capacity 79047K, committed 79396K, reserved 1118208K
  class space    used 9979K, capacity 10633K, committed 10752K, reserved 1048576K
}

